#
# There is insufficient memory for the Java Runtime Environment to continue.
# Native memory allocation (malloc) failed to allocate 1564320 bytes for Chunk::new
# Possible reasons:
#   The system is out of physical RAM or swap space
#   The process is running with CompressedOops enabled, and the Java Heap may be blocking the growth of the native heap
# Possible solutions:
#   Reduce memory load on the system
#   Increase physical memory or swap space
#   Check if swap backing store is full
#   Decrease Java heap size (-Xmx/-Xms)
#   Decrease number of Java threads
#   Decrease Java thread stack sizes (-Xss)
#   Set larger code cache with -XX:ReservedCodeCacheSize=
#   JVM is running with Unscaled Compressed Oops mode in which the Java heap is
#     placed in the first 4GB address space. The Java Heap base address is the
#     maximum limit for the native heap growth. Please use -XX:HeapBaseMinAddress
#     to set the Java Heap base and to place the Java Heap above 4GB virtual address.
# This output file may be truncated or incomplete.
#
#  Out of Memory Error (allocation.cpp:389), pid=5360, tid=0x0000000000003e4c
#
# JRE version: OpenJDK Runtime Environment (8.0_242-b01) (build 1.8.0_242-release-1644-b01)
# Java VM: OpenJDK 64-Bit Server VM (25.242-b01 mixed mode windows-amd64 compressed oops)
# Failed to write core dump. Minidumps are not enabled by default on client versions of Windows
#

---------------  T H R E A D  ---------------

Current thread (0x0000000017c2c000):  JavaThread "C2 CompilerThread1" daemon [_thread_in_native, id=15948, stack(0x000000001a410000,0x000000001a510000)]

Stack: [0x000000001a410000,0x000000001a510000]
[error occurred during error reporting (printing stack bounds), id 0xc0000005]

Native frames: (J=compiled Java code, j=interpreted, Vv=VM code, C=native code)


Current CompileTask:
C2:   4224 2519       4       groovy.lang.MetaClassImpl$1MOPIter::methodNameAction (325 bytes)


---------------  P R O C E S S  ---------------

Java Threads: ( => current thread )
  0x000000001fa39800 JavaThread "Build operations Thread 8" [_thread_blocked, id=1820, stack(0x0000000024740000,0x0000000024840000)]
  0x000000001fa38000 JavaThread "Build operations Thread 7" [_thread_blocked, id=5556, stack(0x0000000024640000,0x0000000024740000)]
  0x000000001fa31000 JavaThread "Build operations Thread 6" [_thread_blocked, id=5976, stack(0x0000000024540000,0x0000000024640000)]
  0x000000001fa36800 JavaThread "Build operations Thread 5" [_thread_blocked, id=14776, stack(0x0000000024440000,0x0000000024540000)]
  0x000000001fa34000 JavaThread "Build operations Thread 4" [_thread_blocked, id=15600, stack(0x0000000024340000,0x0000000024440000)]
  0x000000001fa33800 JavaThread "Build operations Thread 3" [_thread_blocked, id=17052, stack(0x0000000024240000,0x0000000024340000)]
  0x000000001fa30800 JavaThread "Build operations Thread 2" [_thread_blocked, id=5848, stack(0x0000000023ee0000,0x0000000023fe0000)]
  0x000000001fa32000 JavaThread "Build operations" [_thread_blocked, id=11956, stack(0x0000000023de0000,0x0000000023ee0000)]
  0x000000001c8a1800 JavaThread "Cache worker for execution history cache (C:\Users\ty\.gradle\caches\6.1.1\executionHistory)" [_thread_blocked, id=16560, stack(0x0000000022310000,0x0000000022410000)]
  0x000000001c8a0000 JavaThread "Cache worker for cache directory md-rule (C:\Users\ty\.gradle\caches\6.1.1\md-rule)" [_thread_blocked, id=16888, stack(0x0000000020f70000,0x0000000021070000)]
  0x000000001c8a3000 JavaThread "Cache worker for cache directory md-supplier (C:\Users\ty\.gradle\caches\6.1.1\md-supplier)" [_thread_blocked, id=16004, stack(0x0000000020bd0000,0x0000000020cd0000)]
  0x000000001c8a6800 JavaThread "Cache worker for file hash cache (C:\Users\ty\rp_07\Frontend\Android_Frontend\.gradle\6.1.1\fileHashes)" [_thread_blocked, id=2840, stack(0x0000000020e70000,0x0000000020f70000)]
  0x000000001c8a3800 JavaThread "Cache worker for checksums cache (C:\Users\ty\rp_07\Frontend\Android_Frontend\.gradle\checksums)" [_thread_blocked, id=15504, stack(0x0000000020d70000,0x0000000020e70000)]
  0x000000001c8a2000 JavaThread "Cache worker for file hash cache (C:\Users\ty\.gradle\caches\6.1.1\fileHashes)" [_thread_blocked, id=3292, stack(0x000000001e730000,0x000000001e830000)]
  0x000000001c8a6000 JavaThread "File lock request listener" [_thread_in_native, id=6188, stack(0x000000001e630000,0x000000001e730000)]
  0x000000001c659800 JavaThread "Cache worker for journal cache (C:\Users\ty\.gradle\caches\journal-1)" [_thread_blocked, id=11196, stack(0x000000001e530000,0x000000001e630000)]
  0x000000001c539800 JavaThread "Thread-9" [_thread_blocked, id=11192, stack(0x000000001e230000,0x000000001e330000)]
  0x000000001c53d000 JavaThread "Stdin handler" [_thread_blocked, id=6156, stack(0x000000001e130000,0x000000001e230000)]
  0x000000001c53c000 JavaThread "Asynchronous log dispatcher for DefaultDaemonConnection: socket connection from /127.0.0.1:59410 to /127.0.0.1:59411" [_thread_blocked, id=5468, stack(0x000000001e030000,0x000000001e130000)]
  0x000000001c53a800 JavaThread "Daemon worker" [_thread_in_Java, id=5192, stack(0x000000001df30000,0x000000001e030000)]
  0x000000001c53e000 JavaThread "Cancel handler" [_thread_blocked, id=9252, stack(0x000000001de30000,0x000000001df30000)]
  0x000000001c506800 JavaThread "Handler for socket connection from /127.0.0.1:59410 to /127.0.0.1:59411" [_thread_in_native, id=17324, stack(0x000000001db30000,0x000000001dc30000)]
  0x000000001c43e800 JavaThread "Daemon" [_thread_blocked, id=16960, stack(0x000000001da30000,0x000000001db30000)]
  0x000000001c461800 JavaThread "Daemon periodic checks" [_thread_blocked, id=17032, stack(0x000000001d930000,0x000000001da30000)]
  0x000000001c460800 JavaThread "Incoming local TCP Connector on port 59410" [_thread_in_native, id=11880, stack(0x000000001d6f0000,0x000000001d7f0000)]
  0x000000001c3a3800 JavaThread "Daemon health stats" [_thread_blocked, id=13876, stack(0x000000001d0b0000,0x000000001d1b0000)]
  0x0000000019ad8800 JavaThread "Service Thread" daemon [_thread_blocked, id=10044, stack(0x000000001a710000,0x000000001a810000)]
  0x0000000019a4d000 JavaThread "C1 CompilerThread3" daemon [_thread_blocked, id=16264, stack(0x000000001a610000,0x000000001a710000)]
  0x0000000017c2e000 JavaThread "C2 CompilerThread2" daemon [_thread_in_native, id=8040, stack(0x000000001a510000,0x000000001a610000)]
=>0x0000000017c2c000 JavaThread "C2 CompilerThread1" daemon [_thread_in_native, id=15948, stack(0x000000001a410000,0x000000001a510000)]
  0x0000000019a46000 JavaThread "C2 CompilerThread0" daemon [_thread_in_native, id=7668, stack(0x000000001a310000,0x000000001a410000)]
  0x0000000019a44800 JavaThread "Attach Listener" daemon [_thread_blocked, id=11980, stack(0x000000001a210000,0x000000001a310000)]
  0x0000000019a43800 JavaThread "Signal Dispatcher" daemon [_thread_blocked, id=14084, stack(0x000000001a110000,0x000000001a210000)]
  0x0000000002bae000 JavaThread "Finalizer" daemon [_thread_blocked, id=6704, stack(0x0000000019f10000,0x000000001a010000)]
  0x0000000017c1c800 JavaThread "Reference Handler" daemon [_thread_blocked, id=1340, stack(0x0000000019e10000,0x0000000019f10000)]
  0x0000000002aad800 JavaThread "main" [_thread_blocked, id=15412, stack(0x0000000002900000,0x0000000002a00000)]

Other Threads:
  0x0000000017c18000 VMThread [stack: 0x0000000019910000,0x0000000019a10000] [id=6840]
  0x0000000019ad9800 WatcherThread [stack: 0x000000001a810000,0x000000001a910000] [id=11172]

VM state:not at safepoint (normal execution)

VM Mutex/Monitor currently owned by a thread: None

heap address: 0x0000000080000000, size: 2048 MB, Compressed Oops mode: 32-bit
Narrow klass base: 0x0000000000000000, Narrow klass shift: 3
Compressed class space size: 1073741824 Address: 0x0000000100000000

Heap:
 PSYoungGen      total 138240K, used 52501K [0x00000000d5580000, 0x00000000de180000, 0x0000000100000000)
  eden space 133120K, 39% used [0x00000000d5580000,0x00000000d88c5428,0x00000000dd780000)
  from space 5120K, 0% used [0x00000000dd780000,0x00000000dd780000,0x00000000ddc80000)
  to   space 5120K, 0% used [0x00000000ddc80000,0x00000000ddc80000,0x00000000de180000)
 ParOldGen       total 88064K, used 15487K [0x0000000080000000, 0x0000000085600000, 0x00000000d5580000)
  object space 88064K, 17% used [0x0000000080000000,0x0000000080f1fca0,0x0000000085600000)
 Metaspace       used 37038K, capacity 38392K, committed 38576K, reserved 1083392K
  class space    used 5119K, capacity 5453K, committed 5552K, reserved 1048576K

Card table byte_map: [0x0000000011f70000,0x0000000012380000] byte_map_base: 0x0000000011b70000

Marking Bits: (ParMarkBitMap*) 0x0000000061b7f030
 Begin Bits: [0x0000000012e30000, 0x0000000014e30000)
 End Bits:   [0x0000000014e30000, 0x0000000016e30000)

Polling page: 0x0000000001120000

CodeCache: size=245760Kb used=12166Kb max_used=12166Kb free=233593Kb
 bounds [0x0000000002bb0000, 0x00000000037a0000, 0x0000000011bb0000]
 total_blobs=4200 nmethods=3494 adapters=618
 compilation: enabled

Compilation events (10 events):
Event: 4.204 Thread 0x0000000019a4d000 3499       3       com.google.common.collect.MapMakerInternalMap::putIfAbsent (29 bytes)
Event: 4.205 Thread 0x0000000019a4d000 nmethod 3499 0x0000000003793e90 code [0x0000000003794080, 0x0000000003794888]
Event: 4.205 Thread 0x0000000019a4d000 3501       1       com.android.build.gradle.options.Stage::getStatus (5 bytes)
Event: 4.205 Thread 0x0000000019a4d000 nmethod 3501 0x0000000003794cd0 code [0x0000000003794e20, 0x0000000003794f30]
Event: 4.205 Thread 0x0000000019a4d000 3502       3       kotlin.jvm.internal.Intrinsics::checkParameterIsNotNull (9 bytes)
Event: 4.205 Thread 0x0000000019a4d000 nmethod 3502 0x0000000003794f90 code [0x0000000003795100, 0x00000000037952a8]
Event: 4.206 Thread 0x0000000019a4d000 3503       3       com.google.common.collect.MapMakerInternalMap$StrongKeyWeakValueSegment::maybeDrainReferenceQueues (9 bytes)
Event: 4.207 Thread 0x0000000019a4d000 nmethod 3503 0x0000000003795350 code [0x00000000037954c0, 0x00000000037956c8]
Event: 4.207 Thread 0x0000000019a4d000 3504       3       com.google.common.collect.MapMakerInternalMap$Segment::drainValueReferenceQueue (42 bytes)
Event: 4.207 Thread 0x0000000019a4d000 nmethod 3504 0x0000000003795750 code [0x0000000003795940, 0x0000000003796428]

GC Heap History (10 events):
Event: 2.301 GC heap before
{Heap before GC invocations=5 (full 0):
 PSYoungGen      total 138240K, used 8555K [0x00000000d5580000, 0x00000000de180000, 0x0000000100000000)
  eden space 133120K, 2% used [0x00000000d5580000,0x00000000d58dec38,0x00000000dd780000)
  from space 5120K, 99% used [0x00000000ddc80000,0x00000000de17c030,0x00000000de180000)
  to   space 5120K, 0% used [0x00000000dd780000,0x00000000dd780000,0x00000000ddc80000)
 ParOldGen       total 87552K, used 11257K [0x0000000080000000, 0x0000000085580000, 0x00000000d5580000)
  object space 87552K, 12% used [0x0000000080000000,0x0000000080afe7e0,0x0000000085580000)
 Metaspace       used 20618K, capacity 21244K, committed 21296K, reserved 1067008K
  class space    used 2894K, capacity 3116K, committed 3120K, reserved 1048576K
Event: 2.305 GC heap after
Heap after GC invocations=5 (full 0):
 PSYoungGen      total 138240K, used 5104K [0x00000000d5580000, 0x00000000de180000, 0x0000000100000000)
  eden space 133120K, 0% used [0x00000000d5580000,0x00000000d5580000,0x00000000dd780000)
  from space 5120K, 99% used [0x00000000dd780000,0x00000000ddc7c030,0x00000000ddc80000)
  to   space 5120K, 0% used [0x00000000ddc80000,0x00000000ddc80000,0x00000000de180000)
 ParOldGen       total 87552K, used 11441K [0x0000000080000000, 0x0000000085580000, 0x00000000d5580000)
  object space 87552K, 13% used [0x0000000080000000,0x0000000080b2c490,0x0000000085580000)
 Metaspace       used 20618K, capacity 21244K, committed 21296K, reserved 1067008K
  class space    used 2894K, capacity 3116K, committed 3120K, reserved 1048576K
}
Event: 2.305 GC heap before
{Heap before GC invocations=6 (full 1):
 PSYoungGen      total 138240K, used 5104K [0x00000000d5580000, 0x00000000de180000, 0x0000000100000000)
  eden space 133120K, 0% used [0x00000000d5580000,0x00000000d5580000,0x00000000dd780000)
  from space 5120K, 99% used [0x00000000dd780000,0x00000000ddc7c030,0x00000000ddc80000)
  to   space 5120K, 0% used [0x00000000ddc80000,0x00000000ddc80000,0x00000000de180000)
 ParOldGen       total 87552K, used 11441K [0x0000000080000000, 0x0000000085580000, 0x00000000d5580000)
  object space 87552K, 13% used [0x0000000080000000,0x0000000080b2c490,0x0000000085580000)
 Metaspace       used 20618K, capacity 21244K, committed 21296K, reserved 1067008K
  class space    used 2894K, capacity 3116K, committed 3120K, reserved 1048576K
Event: 2.352 GC heap after
Heap after GC invocations=6 (full 1):
 PSYoungGen      total 138240K, used 0K [0x00000000d5580000, 0x00000000de180000, 0x0000000100000000)
  eden space 133120K, 0% used [0x00000000d5580000,0x00000000d5580000,0x00000000dd780000)
  from space 5120K, 0% used [0x00000000dd780000,0x00000000dd780000,0x00000000ddc80000)
  to   space 5120K, 0% used [0x00000000ddc80000,0x00000000ddc80000,0x00000000de180000)
 ParOldGen       total 57344K, used 6913K [0x0000000080000000, 0x0000000083800000, 0x00000000d5580000)
  object space 57344K, 12% used [0x0000000080000000,0x00000000806c0658,0x0000000083800000)
 Metaspace       used 20618K, capacity 21244K, committed 21296K, reserved 1067008K
  class space    used 2894K, capacity 3116K, committed 3120K, reserved 1048576K
}
Event: 3.357 GC heap before
{Heap before GC invocations=7 (full 1):
 PSYoungGen      total 138240K, used 133120K [0x00000000d5580000, 0x00000000de180000, 0x0000000100000000)
  eden space 133120K, 100% used [0x00000000d5580000,0x00000000dd780000,0x00000000dd780000)
  from space 5120K, 0% used [0x00000000dd780000,0x00000000dd780000,0x00000000ddc80000)
  to   space 5120K, 0% used [0x00000000ddc80000,0x00000000ddc80000,0x00000000de180000)
 ParOldGen       total 57344K, used 6913K [0x0000000080000000, 0x0000000083800000, 0x00000000d5580000)
  object space 57344K, 12% used [0x0000000080000000,0x00000000806c0658,0x0000000083800000)
 Metaspace       used 32372K, capacity 33168K, committed 33456K, reserved 1077248K
  class space    used 4429K, capacity 4673K, committed 4784K, reserved 1048576K
Event: 3.369 GC heap after
Heap after GC invocations=7 (full 1):
 PSYoungGen      total 138240K, used 5120K [0x00000000d5580000, 0x00000000de180000, 0x0000000100000000)
  eden space 133120K, 0% used [0x00000000d5580000,0x00000000d5580000,0x00000000dd780000)
  from space 5120K, 100% used [0x00000000ddc80000,0x00000000de180000,0x00000000de180000)
  to   space 5120K, 0% used [0x00000000dd780000,0x00000000dd780000,0x00000000ddc80000)
 ParOldGen       total 57344K, used 15111K [0x0000000080000000, 0x0000000083800000, 0x00000000d5580000)
  object space 57344K, 26% used [0x0000000080000000,0x0000000080ec1f48,0x0000000083800000)
 Metaspace       used 32372K, capacity 33168K, committed 33456K, reserved 1077248K
  class space    used 4429K, capacity 4673K, committed 4784K, reserved 1048576K
}
Event: 3.639 GC heap before
{Heap before GC invocations=8 (full 1):
 PSYoungGen      total 138240K, used 51613K [0x00000000d5580000, 0x00000000de180000, 0x0000000100000000)
  eden space 133120K, 34% used [0x00000000d5580000,0x00000000d82e7750,0x00000000dd780000)
  from space 5120K, 100% used [0x00000000ddc80000,0x00000000de180000,0x00000000de180000)
  to   space 5120K, 0% used [0x00000000dd780000,0x00000000dd780000,0x00000000ddc80000)
 ParOldGen       total 57344K, used 15111K [0x0000000080000000, 0x0000000083800000, 0x00000000d5580000)
  object space 57344K, 26% used [0x0000000080000000,0x0000000080ec1f48,0x0000000083800000)
 Metaspace       used 34551K, capacity 35394K, committed 35496K, reserved 1079296K
  class space    used 4746K, capacity 4972K, committed 5040K, reserved 1048576K
Event: 3.644 GC heap after
Heap after GC invocations=8 (full 1):
 PSYoungGen      total 138240K, used 5104K [0x00000000d5580000, 0x00000000de180000, 0x0000000100000000)
  eden space 133120K, 0% used [0x00000000d5580000,0x00000000d5580000,0x00000000dd780000)
  from space 5120K, 99% used [0x00000000dd780000,0x00000000ddc7c010,0x00000000ddc80000)
  to   space 5120K, 0% used [0x00000000ddc80000,0x00000000ddc80000,0x00000000de180000)
 ParOldGen       total 57344K, used 18104K [0x0000000080000000, 0x0000000083800000, 0x00000000d5580000)
  object space 57344K, 31% used [0x0000000080000000,0x00000000811ae278,0x0000000083800000)
 Metaspace       used 34551K, capacity 35394K, committed 35496K, reserved 1079296K
  class space    used 4746K, capacity 4972K, committed 5040K, reserved 1048576K
}
Event: 3.644 GC heap before
{Heap before GC invocations=9 (full 2):
 PSYoungGen      total 138240K, used 5104K [0x00000000d5580000, 0x00000000de180000, 0x0000000100000000)
  eden space 133120K, 0% used [0x00000000d5580000,0x00000000d5580000,0x00000000dd780000)
  from space 5120K, 99% used [0x00000000dd780000,0x00000000ddc7c010,0x00000000ddc80000)
  to   space 5120K, 0% used [0x00000000ddc80000,0x00000000ddc80000,0x00000000de180000)
 ParOldGen       total 57344K, used 18104K [0x0000000080000000, 0x0000000083800000, 0x00000000d5580000)
  object space 57344K, 31% used [0x0000000080000000,0x00000000811ae278,0x0000000083800000)
 Metaspace       used 34551K, capacity 35394K, committed 35496K, reserved 1079296K
  class space    used 4746K, capacity 4972K, committed 5040K, reserved 1048576K
Event: 3.707 GC heap after
Heap after GC invocations=9 (full 2):
 PSYoungGen      total 138240K, used 0K [0x00000000d5580000, 0x00000000de180000, 0x0000000100000000)
  eden space 133120K, 0% used [0x00000000d5580000,0x00000000d5580000,0x00000000dd780000)
  from space 5120K, 0% used [0x00000000dd780000,0x00000000dd780000,0x00000000ddc80000)
  to   space 5120K, 0% used [0x00000000ddc80000,0x00000000ddc80000,0x00000000de180000)
 ParOldGen       total 88064K, used 15487K [0x0000000080000000, 0x0000000085600000, 0x00000000d5580000)
  object space 88064K, 17% used [0x0000000080000000,0x0000000080f1fca0,0x0000000085600000)
 Metaspace       used 34551K, capacity 35394K, committed 35496K, reserved 1079296K
  class space    used 4746K, capacity 4972K, committed 5040K, reserved 1048576K
}

Deoptimization events (10 events):
Event: 3.268 Thread 0x000000001c53a800 Uncommon trap: reason=unstable_if action=reinterpret pc=0x00000000032ece14 method=java.util.WeakHashMap.put(Ljava/lang/Object;Ljava/lang/Object;)Ljava/lang/Object; @ 59
Event: 3.370 Thread 0x0000000017c1c800 Uncommon trap: reason=unstable_if action=reinterpret pc=0x00000000030c1a3c method=java.lang.ref.Reference.tryHandlePending(Z)Z @ 104
Event: 3.535 Thread 0x000000001c53a800 Uncommon trap: reason=unstable_if action=reinterpret pc=0x000000000344ddbc method=jdk.internal.org.objectweb.asm.Type.getArgumentsAndReturnSizes(Ljava/lang/String;)I @ 88
Event: 3.858 Thread 0x000000001fa33800 Uncommon trap: reason=unstable_if action=reinterpret pc=0x000000000311fd10 method=java.util.concurrent.ConcurrentHashMap.addCount(JI)V @ 34
Event: 3.878 Thread 0x000000001fa39800 Uncommon trap: reason=unstable_if action=reinterpret pc=0x000000000307779c method=java.util.concurrent.ConcurrentHashMap.addCount(JI)V @ 34
Event: 3.878 Thread 0x000000001fa33800 Uncommon trap: reason=unstable_if action=reinterpret pc=0x0000000003077778 method=java.util.concurrent.ConcurrentHashMap.addCount(JI)V @ 7
Event: 3.878 Thread 0x000000001fa34000 Uncommon trap: reason=unstable_if action=reinterpret pc=0x0000000003077778 method=java.util.concurrent.ConcurrentHashMap.addCount(JI)V @ 7
Event: 3.993 Thread 0x000000001c53a800 Uncommon trap: reason=unstable_if action=reinterpret pc=0x0000000002f13c2c method=java.util.jar.JarFile.match([C[B[I[I)Z @ 29
Event: 4.054 Thread 0x000000001c53a800 Uncommon trap: reason=range_check action=make_not_entrant pc=0x00000000035c5870 method=java.lang.String.charAt(I)C @ 27
Event: 4.109 Thread 0x000000001c53a800 Uncommon trap: reason=unstable_if action=reinterpret pc=0x0000000002f140d0 method=java.util.regex.Pattern.has(I)Z @ 6

Classes redefined (0 events):
No events

Internal exceptions (10 events):
Event: 4.112 Thread 0x000000001c539800 Exception <a 'java/lang/NoSuchMethodError': <clinit>> (0x00000000d69f26a0) thrown at [C:\src\AOSP-openjdk-git\hotspot\src\share\vm\prims\jni.cpp, line 1615]
Event: 4.112 Thread 0x000000001c539800 Exception <a 'java/lang/NoSuchMethodError': <clinit>> (0x00000000d69f3f98) thrown at [C:\src\AOSP-openjdk-git\hotspot\src\share\vm\prims\jni.cpp, line 1615]
Event: 4.112 Thread 0x000000001c539800 Exception <a 'java/lang/NoSuchMethodError': <clinit>> (0x00000000d69f54c0) thrown at [C:\src\AOSP-openjdk-git\hotspot\src\share\vm\prims\jni.cpp, line 1615]
Event: 4.113 Thread 0x000000001c539800 Exception <a 'java/lang/NoSuchMethodError': <clinit>> (0x00000000d69ff730) thrown at [C:\src\AOSP-openjdk-git\hotspot\src\share\vm\prims\jni.cpp, line 1615]
Event: 4.114 Thread 0x000000001c539800 Exception <a 'java/lang/NoSuchMethodError': <clinit>> (0x00000000d6a0a650) thrown at [C:\src\AOSP-openjdk-git\hotspot\src\share\vm\prims\jni.cpp, line 1615]
Event: 4.115 Thread 0x000000001c539800 Exception <a 'java/lang/NoSuchMethodError': <clinit>> (0x00000000d6a1da70) thrown at [C:\src\AOSP-openjdk-git\hotspot\src\share\vm\prims\jni.cpp, line 1615]
Event: 4.121 Thread 0x000000001c53a800 Exception <a 'java/lang/ClassNotFoundException': build_7bdi8ys40lq4prwl05diacz2lBeanInfo> (0x00000000d7f21a90) thrown at [C:\src\AOSP-openjdk-git\hotspot\src\share\vm\classfile\systemDictionary.cpp, line 210]
Event: 4.121 Thread 0x000000001c53a800 Exception <a 'java/lang/ClassNotFoundException': build_7bdi8ys40lq4prwl05diacz2lCustomizer> (0x00000000d7f2ebf0) thrown at [C:\src\AOSP-openjdk-git\hotspot\src\share\vm\classfile\systemDictionary.cpp, line 210]
Event: 4.125 Thread 0x000000001c53a800 Exception <a 'java/lang/ClassNotFoundException': org/gradle/api/internal/plugins/DefaultObjectConfigurationActionBeanInfo> (0x00000000d7fa9910) thrown at [C:\src\AOSP-openjdk-git\hotspot\src\share\vm\classfile\systemDictionary.cpp, line 210]
Event: 4.126 Thread 0x000000001c53a800 Exception <a 'java/lang/ClassNotFoundException': org/gradle/api/internal/plugins/DefaultObjectConfigurationActionCustomizer> (0x00000000d7feeae0) thrown at [C:\src\AOSP-openjdk-git\hotspot\src\share\vm\classfile\systemDictionary.cpp, line 210]

Events (10 events):
Event: 4.220 loading class com/android/build/gradle/TestedAndroidConfig
Event: 4.220 loading class com/android/build/gradle/TestedAndroidConfig done
Event: 4.220 loading class com/android/build/api/dsl/TestedExtension
Event: 4.220 loading class com/android/build/api/dsl/TestedExtension done
Event: 4.221 loading class org/gradle/tooling/provider/model/ToolingModelBuilderRegistry
Event: 4.221 loading class org/gradle/tooling/provider/model/ToolingModelBuilderRegistry done
Event: 4.222 loading class com/android/build/gradle/internal/scope/GlobalScope
Event: 4.222 loading class com/android/build/gradle/internal/scope/GlobalScope done
Event: 4.222 loading class com/android/build/gradle/internal/scope/TransformGlobalScope
Event: 4.222 loading class com/android/build/gradle/internal/scope/TransformGlobalScope done


Dynamic libraries:
0x00007ff715950000 - 0x00007ff715981000 	C:\Program Files\Android\Android Studio\jre\bin\java.exe
0x00007ffd4fc70000 - 0x00007ffd4fe65000 	C:\WINDOWS\SYSTEM32\ntdll.dll
0x00007ffd4f610000 - 0x00007ffd4f6cd000 	C:\WINDOWS\System32\KERNEL32.DLL
0x00007ffd4d6a0000 - 0x00007ffd4d967000 	C:\WINDOWS\System32\KERNELBASE.dll
0x00007ffd4fb80000 - 0x00007ffd4fc2a000 	C:\WINDOWS\System32\ADVAPI32.dll
0x00007ffd4e850000 - 0x00007ffd4e8ee000 	C:\WINDOWS\System32\msvcrt.dll
0x00007ffd4dd40000 - 0x00007ffd4dddb000 	C:\WINDOWS\System32\sechost.dll
0x00007ffd4f4e0000 - 0x00007ffd4f603000 	C:\WINDOWS\System32\RPCRT4.dll
0x00007ffd4dde0000 - 0x00007ffd4df80000 	C:\WINDOWS\System32\USER32.dll
0x00007ffd4dbb0000 - 0x00007ffd4dbd2000 	C:\WINDOWS\System32\win32u.dll
0x00007ffd4e610000 - 0x00007ffd4e63a000 	C:\WINDOWS\System32\GDI32.dll
0x00007ffd4d3f0000 - 0x00007ffd4d4fa000 	C:\WINDOWS\System32\gdi32full.dll
0x00007ffd4d5b0000 - 0x00007ffd4d64d000 	C:\WINDOWS\System32\msvcp_win.dll
0x00007ffd4dbe0000 - 0x00007ffd4dce0000 	C:\WINDOWS\System32\ucrtbase.dll
0x00007ffd334d0000 - 0x00007ffd3376a000 	C:\WINDOWS\WinSxS\amd64_microsoft.windows.common-controls_6595b64144ccf1df_6.0.19041.1_none_b555e41d4684ddec\COMCTL32.dll
0x00007ffd4fb40000 - 0x00007ffd4fb70000 	C:\WINDOWS\System32\IMM32.DLL
0x00000000611f0000 - 0x00000000612c2000 	C:\Program Files\Android\Android Studio\jre\jre\bin\msvcr100.dll
0x00000000613b0000 - 0x0000000061bfb000 	C:\Program Files\Android\Android Studio\jre\jre\bin\server\jvm.dll
0x00007ffd4fb70000 - 0x00007ffd4fb78000 	C:\WINDOWS\System32\PSAPI.DLL
0x00007ffd36540000 - 0x00007ffd36549000 	C:\WINDOWS\SYSTEM32\WSOCK32.dll
0x00007ffd31430000 - 0x00007ffd31457000 	C:\WINDOWS\SYSTEM32\WINMM.dll
0x00007ffd4c260000 - 0x00007ffd4c26a000 	C:\WINDOWS\SYSTEM32\VERSION.dll
0x00007ffd4e6c0000 - 0x00007ffd4e72b000 	C:\WINDOWS\System32\WS2_32.dll
0x00007ffd48a90000 - 0x00007ffd48a9f000 	C:\Program Files\Android\Android Studio\jre\jre\bin\verify.dll
0x00007ffd46150000 - 0x00007ffd46179000 	C:\Program Files\Android\Android Studio\jre\jre\bin\java.dll
0x00007ffd45e30000 - 0x00007ffd45e46000 	C:\Program Files\Android\Android Studio\jre\jre\bin\zip.dll
0x00007ffd4ecf0000 - 0x00007ffd4f430000 	C:\WINDOWS\System32\SHELL32.dll
0x00007ffd4ba80000 - 0x00007ffd4c211000 	C:\WINDOWS\SYSTEM32\windows.storage.dll
0x00007ffd4df80000 - 0x00007ffd4e2d3000 	C:\WINDOWS\System32\combase.dll
0x00007ffd4ce40000 - 0x00007ffd4ce6c000 	C:\WINDOWS\SYSTEM32\Wldp.dll
0x00007ffd4e7a0000 - 0x00007ffd4e84e000 	C:\WINDOWS\System32\SHCORE.dll
0x00007ffd4e490000 - 0x00007ffd4e4e5000 	C:\WINDOWS\System32\shlwapi.dll
0x00007ffd4d300000 - 0x00007ffd4d31f000 	C:\WINDOWS\SYSTEM32\profapi.dll
0x00007ffd45db0000 - 0x00007ffd45dca000 	C:\Program Files\Android\Android Studio\jre\jre\bin\net.dll
0x00007ffd4cbc0000 - 0x00007ffd4cc2a000 	C:\WINDOWS\system32\mswsock.dll
0x00007ffd40880000 - 0x00007ffd40893000 	C:\Program Files\Android\Android Studio\jre\jre\bin\nio.dll
0x00007ffd3e3b0000 - 0x00007ffd3e3d6000 	C:\Users\ty\.gradle\native\31\windows-amd64\native-platform.dll
0x00007ffd48100000 - 0x00007ffd4810d000 	C:\Program Files\Android\Android Studio\jre\jre\bin\management.dll
0x00007ffd4cda0000 - 0x00007ffd4cdb8000 	C:\WINDOWS\SYSTEM32\CRYPTSP.dll
0x00007ffd4c4e0000 - 0x00007ffd4c514000 	C:\WINDOWS\system32\rsaenh.dll
0x00007ffd4d3c0000 - 0x00007ffd4d3e7000 	C:\WINDOWS\System32\bcrypt.dll
0x00007ffd4d2c0000 - 0x00007ffd4d2ee000 	C:\WINDOWS\SYSTEM32\USERENV.dll
0x00007ffd4d9d0000 - 0x00007ffd4da4f000 	C:\WINDOWS\System32\bcryptprimitives.dll
0x00007ffd4cd90000 - 0x00007ffd4cd9c000 	C:\WINDOWS\SYSTEM32\CRYPTBASE.dll
0x00007ffd4c860000 - 0x00007ffd4c89b000 	C:\WINDOWS\SYSTEM32\IPHLPAPI.DLL
0x00007ffd4e9a0000 - 0x00007ffd4e9a9000 	C:\WINDOWS\System32\NSI.dll
0x00007ffd41550000 - 0x00007ffd41567000 	C:\WINDOWS\SYSTEM32\dhcpcsvc6.DLL
0x00007ffd45340000 - 0x00007ffd4535d000 	C:\WINDOWS\SYSTEM32\dhcpcsvc.DLL
0x00007ffd4c8a0000 - 0x00007ffd4c96a000 	C:\WINDOWS\SYSTEM32\DNSAPI.dll

VM Arguments:
jvm_args: -Xmx2048m -Dfile.encoding=windows-1252 -Duser.country=US -Duser.language=en -Duser.variant 
java_command: org.gradle.launcher.daemon.bootstrap.GradleDaemon 6.1.1
java_class_path (initial): C:\Users\ty\.gradle\wrapper\dists\gradle-6.1.1-all\cfmwm155h49vnt3hynmlrsdst\gradle-6.1.1\lib\gradle-launcher-6.1.1.jar
Launcher Type: SUN_STANDARD

Environment Variables:
JAVA_HOME=C:\Program Files\Java\jdk1.8.0_261
PATH=C:\Program Files (x86)\Common Files\Oracle\Java\javapath;C:\WINDOWS\system32;C:\WINDOWS;C:\WINDOWS\System32\Wbem;C:\WINDOWS\System32\WindowsPowerShell\v1.0\;C:\WINDOWS\System32\OpenSSH\;C:\Program Files\Git\cmd;C:\Program Files\Java\jdk-14.0.2\bin;C:\Users\ty\AppData\Local\Microsoft\WindowsApps;C:\Users\ty\AppData\Local\atom\bin;C:\Users\ty\AppData\Local\Programs\Microsoft VS Code\bin;C:\Users\ty\Documents\coms309\apache-maven-3.6.3\bin;
USERNAME=ty
OS=Windows_NT
PROCESSOR_IDENTIFIER=Intel64 Family 6 Model 142 Stepping 10, GenuineIntel



---------------  S Y S T E M  ---------------

OS: Windows 10.0 , 64 bit Build 19041 (10.0.19041.292)

CPU:total 8 (initial active 8) (4 cores per cpu, 2 threads per core) family 6 model 142 stepping 10, cmov, cx8, fxsr, mmx, sse, sse2, sse3, ssse3, sse4.1, sse4.2, popcnt, avx, avx2, aes, clmul, erms, 3dnowpref, lzcnt, ht, tsc, tscinvbit, bmi1, bmi2, adx

Memory: 4k page, physical 8298360k(1242668k free), swap 10447836k(6368k free)

vm_info: OpenJDK 64-Bit Server VM (25.242-b01) for windows-amd64 JRE (1.8.0_242-release-1644-b01), built by "builder" with MS VC++ 10.0 (VS2010)

time: Mon Sep 21 16:08:29 2020
timezone: Central Daylight Time
elapsed time: 4 seconds (0d 0h 0m 4s)

