#
# There is insufficient memory for the Java Runtime Environment to continue.
# Native memory allocation (malloc) failed to allocate 147520 bytes for Chunk::new
# Possible reasons:
#   The system is out of physical RAM or swap space
#   The process is running with CompressedOops enabled, and the Java Heap may be blocking the growth of the native heap
# Possible solutions:
#   Reduce memory load on the system
#   Increase physical memory or swap space
#   Check if swap backing store is full
#   Decrease Java heap size (-Xmx/-Xms)
#   Decrease number of Java threads
#   Decrease Java thread stack sizes (-Xss)
#   Set larger code cache with -XX:ReservedCodeCacheSize=
#   JVM is running with Unscaled Compressed Oops mode in which the Java heap is
#     placed in the first 4GB address space. The Java Heap base address is the
#     maximum limit for the native heap growth. Please use -XX:HeapBaseMinAddress
#     to set the Java Heap base and to place the Java Heap above 4GB virtual address.
# This output file may be truncated or incomplete.
#
#  Out of Memory Error (allocation.cpp:389), pid=3464, tid=0x0000000000000fb4
#
# JRE version: OpenJDK Runtime Environment (8.0_242-b01) (build 1.8.0_242-release-1644-b01)
# Java VM: OpenJDK 64-Bit Server VM (25.242-b01 mixed mode windows-amd64 compressed oops)
# Failed to write core dump. Minidumps are not enabled by default on client versions of Windows
#

---------------  T H R E A D  ---------------

Current thread (0x0000000019572000):  JavaThread "C2 CompilerThread1" daemon [_thread_in_native, id=4020, stack(0x0000000019f40000,0x000000001a040000)]

Stack: [0x0000000019f40000,0x000000001a040000]
[error occurred during error reporting (printing stack bounds), id 0xc0000005]

Native frames: (J=compiled Java code, j=interpreted, Vv=VM code, C=native code)


Current CompileTask:
C2:   2187 1687   !   4       java.lang.ClassLoader::getPackage (118 bytes)


---------------  P R O C E S S  ---------------

Java Threads: ( => current thread )
  0x000000001c07d800 JavaThread "Cache worker for file hash cache (C:\Users\ty\rp_07\Frontend\Android_Frontend\.gradle\6.1.1\fileHashes)" [_thread_blocked, id=7968, stack(0x0000000020a10000,0x0000000020b10000)]
  0x000000001c079800 JavaThread "Cache worker for checksums cache (C:\Users\ty\rp_07\Frontend\Android_Frontend\.gradle\checksums)" [_thread_blocked, id=6884, stack(0x000000001f330000,0x000000001f430000)]
  0x000000001c079000 JavaThread "Cache worker for file hash cache (C:\Users\ty\.gradle\caches\6.1.1\fileHashes)" [_thread_in_Java, id=2560, stack(0x000000001e260000,0x000000001e360000)]
  0x000000001b5a8800 JavaThread "File lock request listener" [_thread_in_native, id=13580, stack(0x000000001e160000,0x000000001e260000)]
  0x000000001a978800 JavaThread "Cache worker for journal cache (C:\Users\ty\.gradle\caches\journal-1)" [_thread_in_Java, id=10856, stack(0x000000001e060000,0x000000001e160000)]
  0x000000001bf72000 JavaThread "Thread-9" [_thread_blocked, id=12056, stack(0x000000001dd60000,0x000000001de60000)]
  0x000000001bf58000 JavaThread "Stdin handler" [_thread_blocked, id=15288, stack(0x000000001dc60000,0x000000001dd60000)]
  0x000000001bf57000 JavaThread "Asynchronous log dispatcher for DefaultDaemonConnection: socket connection from /127.0.0.1:59317 to /127.0.0.1:59318" [_thread_blocked, id=17320, stack(0x000000001db60000,0x000000001dc60000)]
  0x000000001bf75800 JavaThread "Daemon worker" [_thread_blocked, id=13860, stack(0x000000001da60000,0x000000001db60000)]
  0x000000001bf75000 JavaThread "Cancel handler" [_thread_blocked, id=14736, stack(0x000000001d960000,0x000000001da60000)]
  0x000000001bf22000 JavaThread "Handler for socket connection from /127.0.0.1:59317 to /127.0.0.1:59318" [_thread_in_native, id=5680, stack(0x000000001d660000,0x000000001d760000)]
  0x000000001bf1e800 JavaThread "Daemon" [_thread_blocked, id=3868, stack(0x000000001d560000,0x000000001d660000)]
  0x000000001bebf000 JavaThread "Daemon periodic checks" [_thread_blocked, id=1820, stack(0x000000001d460000,0x000000001d560000)]
  0x000000001bebe000 JavaThread "Incoming local TCP Connector on port 59317" [_thread_in_native, id=8948, stack(0x000000001d220000,0x000000001d320000)]
  0x000000001a551000 JavaThread "Daemon health stats" [_thread_blocked, id=5976, stack(0x000000001cbe0000,0x000000001cce0000)]
  0x0000000019608800 JavaThread "Service Thread" daemon [_thread_blocked, id=15600, stack(0x000000001a240000,0x000000001a340000)]
  0x0000000019581000 JavaThread "C1 CompilerThread3" daemon [_thread_in_native, id=17052, stack(0x000000001a140000,0x000000001a240000)]
  0x0000000019574800 JavaThread "C2 CompilerThread2" daemon [_thread_in_native, id=5848, stack(0x000000001a040000,0x000000001a140000)]
=>0x0000000019572000 JavaThread "C2 CompilerThread1" daemon [_thread_in_native, id=4020, stack(0x0000000019f40000,0x000000001a040000)]
  0x000000001956f800 JavaThread "C2 CompilerThread0" daemon [_thread_in_native, id=11956, stack(0x0000000019e40000,0x0000000019f40000)]
  0x000000001956f000 JavaThread "Attach Listener" daemon [_thread_blocked, id=13220, stack(0x0000000019d40000,0x0000000019e40000)]
  0x000000001956e000 JavaThread "Signal Dispatcher" daemon [_thread_blocked, id=11096, stack(0x0000000019c40000,0x0000000019d40000)]
  0x0000000019561000 JavaThread "Finalizer" daemon [_thread_blocked, id=16560, stack(0x0000000019a40000,0x0000000019b40000)]
  0x0000000019560800 JavaThread "Reference Handler" daemon [_thread_blocked, id=16888, stack(0x0000000019940000,0x0000000019a40000)]
  0x000000000270d800 JavaThread "main" [_thread_blocked, id=5556, stack(0x0000000002380000,0x0000000002480000)]

Other Threads:
  0x0000000017778000 VMThread [stack: 0x0000000019440000,0x0000000019540000] [id=16004]
  0x0000000019609800 WatcherThread [stack: 0x000000001a340000,0x000000001a440000] [id=14776]

VM state:not at safepoint (normal execution)

VM Mutex/Monitor currently owned by a thread: None

heap address: 0x0000000080000000, size: 2048 MB, Compressed Oops mode: 32-bit
Narrow klass base: 0x0000000000000000, Narrow klass shift: 3
Compressed class space size: 1073741824 Address: 0x0000000100000000

Heap:
 PSYoungGen      total 71680K, used 59546K [0x00000000d5580000, 0x00000000da080000, 0x0000000100000000)
  eden space 66560K, 81% used [0x00000000d5580000,0x00000000d8aaea38,0x00000000d9680000)
  from space 5120K, 99% used [0x00000000d9b80000,0x00000000da078020,0x00000000da080000)
  to   space 5120K, 0% used [0x00000000d9680000,0x00000000d9680000,0x00000000d9b80000)
 ParOldGen       total 87552K, used 4087K [0x0000000080000000, 0x0000000085580000, 0x00000000d5580000)
  object space 87552K, 4% used [0x0000000080000000,0x00000000803fdda0,0x0000000085580000)
 Metaspace       used 19915K, capacity 20458K, committed 20736K, reserved 1067008K
  class space    used 2792K, capacity 2969K, committed 3072K, reserved 1048576K

Card table byte_map: [0x0000000011ad0000,0x0000000011ee0000] byte_map_base: 0x00000000116d0000

Marking Bits: (ParMarkBitMap*) 0x0000000061b7f030
 Begin Bits: [0x0000000012990000, 0x0000000014990000)
 End Bits:   [0x0000000014990000, 0x0000000016990000)

Polling page: 0x0000000000b10000

CodeCache: size=245760Kb used=5787Kb max_used=5787Kb free=239972Kb
 bounds [0x0000000002710000, 0x0000000002cc0000, 0x0000000011710000]
 total_blobs=2115 nmethods=1691 adapters=337
 compilation: enabled

Compilation events (10 events):
Event: 2.182 Thread 0x0000000019581000 nmethod 1691 0x0000000002cb6a10 code [0x0000000002cb6c20, 0x0000000002cb7518]
Event: 2.183 Thread 0x0000000019581000 1694       3       java.io.DataInputStream::readLong (128 bytes)
Event: 2.183 Thread 0x0000000019581000 nmethod 1694 0x0000000002cb7910 code [0x0000000002cb7a80, 0x0000000002cb7e28]
Event: 2.183 Thread 0x0000000019581000 1696       3       org.gradle.cache.internal.btree.BlockPointer::pos (56 bytes)
Event: 2.183 Thread 0x0000000019581000 nmethod 1696 0x0000000002cb7fd0 code [0x0000000002cb81c0, 0x0000000002cb8b78]
Event: 2.183 Thread 0x0000000019581000 1695       3       com.google.common.io.CountingInputStream::read (33 bytes)
Event: 2.183 Thread 0x0000000019581000 nmethod 1695 0x0000000002cb8fd0 code [0x0000000002cb9140, 0x0000000002cb93a8]
Event: 2.184 Thread 0x0000000019581000 1697       3       org.gradle.cache.internal.btree.BlockPointer::<init> (10 bytes)
Event: 2.184 Thread 0x0000000019581000 nmethod 1697 0x0000000002cb9490 code [0x0000000002cb95e0, 0x0000000002cb9790]
Event: 2.185 Thread 0x0000000019581000 1698       3       java.lang.ThreadLocal$ThreadLocalMap::nextIndex (15 bytes)

GC Heap History (8 events):
Event: 0.598 GC heap before
{Heap before GC invocations=1 (full 0):
 PSYoungGen      total 38400K, used 33280K [0x00000000d5580000, 0x00000000d8000000, 0x0000000100000000)
  eden space 33280K, 100% used [0x00000000d5580000,0x00000000d7600000,0x00000000d7600000)
  from space 5120K, 0% used [0x00000000d7b00000,0x00000000d7b00000,0x00000000d8000000)
  to   space 5120K, 0% used [0x00000000d7600000,0x00000000d7600000,0x00000000d7b00000)
 ParOldGen       total 87552K, used 0K [0x0000000080000000, 0x0000000085580000, 0x00000000d5580000)
  object space 87552K, 0% used [0x0000000080000000,0x0000000080000000,0x0000000085580000)
 Metaspace       used 7180K, capacity 7368K, committed 7424K, reserved 1056768K
  class space    used 883K, capacity 968K, committed 1024K, reserved 1048576K
Event: 0.604 GC heap after
Heap after GC invocations=1 (full 0):
 PSYoungGen      total 38400K, used 4358K [0x00000000d5580000, 0x00000000d8000000, 0x0000000100000000)
  eden space 33280K, 0% used [0x00000000d5580000,0x00000000d5580000,0x00000000d7600000)
  from space 5120K, 85% used [0x00000000d7600000,0x00000000d7a41a68,0x00000000d7b00000)
  to   space 5120K, 0% used [0x00000000d7b00000,0x00000000d7b00000,0x00000000d8000000)
 ParOldGen       total 87552K, used 16K [0x0000000080000000, 0x0000000085580000, 0x00000000d5580000)
  object space 87552K, 0% used [0x0000000080000000,0x0000000080004000,0x0000000085580000)
 Metaspace       used 7180K, capacity 7368K, committed 7424K, reserved 1056768K
  class space    used 883K, capacity 968K, committed 1024K, reserved 1048576K
}
Event: 0.849 GC heap before
{Heap before GC invocations=2 (full 0):
 PSYoungGen      total 38400K, used 37638K [0x00000000d5580000, 0x00000000d8000000, 0x0000000100000000)
  eden space 33280K, 100% used [0x00000000d5580000,0x00000000d7600000,0x00000000d7600000)
  from space 5120K, 85% used [0x00000000d7600000,0x00000000d7a41a68,0x00000000d7b00000)
  to   space 5120K, 0% used [0x00000000d7b00000,0x00000000d7b00000,0x00000000d8000000)
 ParOldGen       total 87552K, used 16K [0x0000000080000000, 0x0000000085580000, 0x00000000d5580000)
  object space 87552K, 0% used [0x0000000080000000,0x0000000080004000,0x0000000085580000)
 Metaspace       used 7432K, capacity 7680K, committed 7936K, reserved 1056768K
  class space    used 915K, capacity 1008K, committed 1024K, reserved 1048576K
Event: 0.853 GC heap after
Heap after GC invocations=2 (full 0):
 PSYoungGen      total 38400K, used 3329K [0x00000000d5580000, 0x00000000da080000, 0x0000000100000000)
  eden space 33280K, 0% used [0x00000000d5580000,0x00000000d5580000,0x00000000d7600000)
  from space 5120K, 65% used [0x00000000d7b00000,0x00000000d7e40578,0x00000000d8000000)
  to   space 5120K, 0% used [0x00000000d7600000,0x00000000d7600000,0x00000000d7b00000)
 ParOldGen       total 87552K, used 24K [0x0000000080000000, 0x0000000085580000, 0x00000000d5580000)
  object space 87552K, 0% used [0x0000000080000000,0x0000000080006000,0x0000000085580000)
 Metaspace       used 7432K, capacity 7680K, committed 7936K, reserved 1056768K
  class space    used 915K, capacity 1008K, committed 1024K, reserved 1048576K
}
Event: 1.550 GC heap before
{Heap before GC invocations=3 (full 0):
 PSYoungGen      total 38400K, used 36609K [0x00000000d5580000, 0x00000000da080000, 0x0000000100000000)
  eden space 33280K, 100% used [0x00000000d5580000,0x00000000d7600000,0x00000000d7600000)
  from space 5120K, 65% used [0x00000000d7b00000,0x00000000d7e40578,0x00000000d8000000)
  to   space 5120K, 0% used [0x00000000d7600000,0x00000000d7600000,0x00000000d7b00000)
 ParOldGen       total 87552K, used 24K [0x0000000080000000, 0x0000000085580000, 0x00000000d5580000)
  object space 87552K, 0% used [0x0000000080000000,0x0000000080006000,0x0000000085580000)
 Metaspace       used 12342K, capacity 12660K, committed 12800K, reserved 1060864K
  class space    used 1659K, capacity 1788K, committed 1792K, reserved 1048576K
Event: 1.556 GC heap after
Heap after GC invocations=3 (full 0):
 PSYoungGen      total 38400K, used 5120K [0x00000000d5580000, 0x00000000da080000, 0x0000000100000000)
  eden space 33280K, 0% used [0x00000000d5580000,0x00000000d5580000,0x00000000d7600000)
  from space 5120K, 100% used [0x00000000d7600000,0x00000000d7b00000,0x00000000d7b00000)
  to   space 5120K, 0% used [0x00000000d9b80000,0x00000000d9b80000,0x00000000da080000)
 ParOldGen       total 87552K, used 1444K [0x0000000080000000, 0x0000000085580000, 0x00000000d5580000)
  object space 87552K, 1% used [0x0000000080000000,0x0000000080169300,0x0000000085580000)
 Metaspace       used 12342K, capacity 12660K, committed 12800K, reserved 1060864K
  class space    used 1659K, capacity 1788K, committed 1792K, reserved 1048576K
}
Event: 1.786 GC heap before
{Heap before GC invocations=4 (full 0):
 PSYoungGen      total 38400K, used 38400K [0x00000000d5580000, 0x00000000da080000, 0x0000000100000000)
  eden space 33280K, 100% used [0x00000000d5580000,0x00000000d7600000,0x00000000d7600000)
  from space 5120K, 100% used [0x00000000d7600000,0x00000000d7b00000,0x00000000d7b00000)
  to   space 5120K, 0% used [0x00000000d9b80000,0x00000000d9b80000,0x00000000da080000)
 ParOldGen       total 87552K, used 1444K [0x0000000080000000, 0x0000000085580000, 0x00000000d5580000)
  object space 87552K, 1% used [0x0000000080000000,0x0000000080169300,0x0000000085580000)
 Metaspace       used 15413K, capacity 15782K, committed 16128K, reserved 1062912K
  class space    used 2068K, capacity 2187K, committed 2304K, reserved 1048576K
Event: 1.801 GC heap after
Heap after GC invocations=4 (full 0):
 PSYoungGen      total 71680K, used 5088K [0x00000000d5580000, 0x00000000da080000, 0x0000000100000000)
  eden space 66560K, 0% used [0x00000000d5580000,0x00000000d5580000,0x00000000d9680000)
  from space 5120K, 99% used [0x00000000d9b80000,0x00000000da078020,0x00000000da080000)
  to   space 5120K, 0% used [0x00000000d9680000,0x00000000d9680000,0x00000000d9b80000)
 ParOldGen       total 87552K, used 4087K [0x0000000080000000, 0x0000000085580000, 0x00000000d5580000)
  object space 87552K, 4% used [0x0000000080000000,0x00000000803fdda0,0x0000000085580000)
 Metaspace       used 15413K, capacity 15782K, committed 16128K, reserved 1062912K
  class space    used 2068K, capacity 2187K, committed 2304K, reserved 1048576K
}

Deoptimization events (10 events):
Event: 1.503 Thread 0x000000001bf75800 Uncommon trap: reason=bimorphic action=maybe_recompile pc=0x00000000029e034c method=java.util.HashMap.putVal(ILjava/lang/Object;Ljava/lang/Object;ZZ)Ljava/lang/Object; @ 253
Event: 1.504 Thread 0x000000001bf75800 Uncommon trap: reason=bimorphic action=maybe_recompile pc=0x00000000029e034c method=java.util.HashMap.putVal(ILjava/lang/Object;Ljava/lang/Object;ZZ)Ljava/lang/Object; @ 253
Event: 1.504 Thread 0x000000001bf75800 Uncommon trap: reason=bimorphic action=maybe_recompile pc=0x00000000029e034c method=java.util.HashMap.putVal(ILjava/lang/Object;Ljava/lang/Object;ZZ)Ljava/lang/Object; @ 253
Event: 1.676 Thread 0x000000001bf75800 Uncommon trap: reason=class_check action=maybe_recompile pc=0x0000000002a30f58 method=java.util.regex.Matcher.match(II)Z @ 86
Event: 1.685 Thread 0x000000001bf75800 Uncommon trap: reason=class_check action=maybe_recompile pc=0x0000000002a30f58 method=java.util.regex.Matcher.match(II)Z @ 86
Event: 1.686 Thread 0x000000001bf75800 Uncommon trap: reason=class_check action=maybe_recompile pc=0x0000000002a30f58 method=java.util.regex.Matcher.match(II)Z @ 86
Event: 1.686 Thread 0x000000001bf75800 Uncommon trap: reason=class_check action=maybe_recompile pc=0x00000000028c4ddc method=java.util.regex.Matcher.match(II)Z @ 86
Event: 1.854 Thread 0x000000001bf75800 Uncommon trap: reason=unstable_if action=reinterpret pc=0x0000000002a3410c method=java.io.File.getName()Ljava/lang/String; @ 16
Event: 2.077 Thread 0x000000001bf75800 Uncommon trap: reason=unstable_if action=reinterpret pc=0x00000000028d85c8 method=java.net.URI.match(CJJ)Z @ 19
Event: 2.077 Thread 0x000000001bf75800 Uncommon trap: reason=unstable_if action=reinterpret pc=0x00000000029a01c0 method=java.net.URI.match(CJJ)Z @ 19

Classes redefined (0 events):
No events

Internal exceptions (10 events):
Event: 1.463 Thread 0x000000001bf22000 Exception <a 'java/lang/NoSuchMethodError': <clinit>> (0x00000000d70eade0) thrown at [C:\src\AOSP-openjdk-git\hotspot\src\share\vm\prims\jni.cpp, line 1615]
Event: 1.463 Thread 0x000000001bf22000 Exception <a 'java/lang/NoSuchMethodError': <clinit>> (0x00000000d70f3980) thrown at [C:\src\AOSP-openjdk-git\hotspot\src\share\vm\prims\jni.cpp, line 1615]
Event: 1.465 Thread 0x000000001bf22000 Exception <a 'java/lang/NoSuchMethodError': <clinit>> (0x00000000d7109cd0) thrown at [C:\src\AOSP-openjdk-git\hotspot\src\share\vm\prims\jni.cpp, line 1615]
Event: 1.471 Thread 0x000000001bf22000 Exception <a 'java/lang/NoSuchMethodError': <clinit>> (0x00000000d7164378) thrown at [C:\src\AOSP-openjdk-git\hotspot\src\share\vm\prims\jni.cpp, line 1615]
Event: 1.474 Thread 0x000000001bf22000 Exception <a 'java/lang/NoSuchMethodError': <clinit>> (0x00000000d7190cb8) thrown at [C:\src\AOSP-openjdk-git\hotspot\src\share\vm\prims\jni.cpp, line 1615]
Event: 1.478 Thread 0x000000001bf22000 Exception <a 'java/lang/NoSuchMethodError': <clinit>> (0x00000000d71bde68) thrown at [C:\src\AOSP-openjdk-git\hotspot\src\share\vm\prims\jni.cpp, line 1615]
Event: 1.478 Thread 0x000000001bf22000 Exception <a 'java/lang/NoSuchMethodError': <clinit>> (0x00000000d71c8ef0) thrown at [C:\src\AOSP-openjdk-git\hotspot\src\share\vm\prims\jni.cpp, line 1615]
Event: 1.878 Thread 0x000000001bf75800 Exception <a 'java/lang/NoSuchMethodError': java.lang.Object.lambda$and$0(Ljava/util/function/Predicate;Ljava/lang/Object;)Z> (0x00000000d6384810) thrown at [C:\src\AOSP-openjdk-git\hotspot\src\share\vm\interpreter\linkResolver.cpp, line 620]
Event: 1.880 Thread 0x000000001bf75800 Exception <a 'java/lang/IncompatibleClassChangeError': Found class java.lang.Object, but interface was expected> (0x00000000d6395000) thrown at [C:\src\AOSP-openjdk-git\hotspot\src\share\vm\interpreter\linkResolver.cpp, line 653]
Event: 1.882 Thread 0x000000001bf75800 Exception <a 'java/lang/NoSuchMethodError': java.lang.Object.lambda$or$2(Ljava/util/function/Predicate;Ljava/lang/Object;)Z> (0x00000000d6399f50) thrown at [C:\src\AOSP-openjdk-git\hotspot\src\share\vm\interpreter\linkResolver.cpp, line 620]

Events (10 events):
Event: 2.184 loading class com/google/common/util/concurrent/AbstractFuture$SetFuture
Event: 2.184 loading class com/google/common/util/concurrent/AbstractFuture$SetFuture done
Event: 2.184 loading class com/google/common/util/concurrent/AbstractFuture$Cancellation
Event: 2.184 loading class com/google/common/util/concurrent/AbstractFuture$Cancellation done
Event: 2.184 loading class com/google/common/util/concurrent/AbstractFuture$Failure
Event: 2.184 loading class com/google/common/util/concurrent/AbstractFuture$Failure done
Event: 2.185 loading class sun/nio/fs/WindowsPath$1
Event: 2.185 loading class sun/nio/fs/WindowsPath$1 done
Event: 2.185 loading class org/gradle/cache/internal/AsyncCacheAccessDecoratedCache$2
Event: 2.185 loading class org/gradle/cache/internal/AsyncCacheAccessDecoratedCache$2 done


Dynamic libraries:
0x00007ff715950000 - 0x00007ff715981000 	C:\Program Files\Android\Android Studio\jre\bin\java.exe
0x00007ffd4fc70000 - 0x00007ffd4fe65000 	C:\WINDOWS\SYSTEM32\ntdll.dll
0x00007ffd4f610000 - 0x00007ffd4f6cd000 	C:\WINDOWS\System32\KERNEL32.DLL
0x00007ffd4d6a0000 - 0x00007ffd4d967000 	C:\WINDOWS\System32\KERNELBASE.dll
0x00007ffd4fb80000 - 0x00007ffd4fc2a000 	C:\WINDOWS\System32\ADVAPI32.dll
0x00007ffd4e850000 - 0x00007ffd4e8ee000 	C:\WINDOWS\System32\msvcrt.dll
0x00007ffd4dd40000 - 0x00007ffd4dddb000 	C:\WINDOWS\System32\sechost.dll
0x00007ffd4f4e0000 - 0x00007ffd4f603000 	C:\WINDOWS\System32\RPCRT4.dll
0x00007ffd4dde0000 - 0x00007ffd4df80000 	C:\WINDOWS\System32\USER32.dll
0x00007ffd4dbb0000 - 0x00007ffd4dbd2000 	C:\WINDOWS\System32\win32u.dll
0x00007ffd4e610000 - 0x00007ffd4e63a000 	C:\WINDOWS\System32\GDI32.dll
0x00007ffd4d3f0000 - 0x00007ffd4d4fa000 	C:\WINDOWS\System32\gdi32full.dll
0x00007ffd4d5b0000 - 0x00007ffd4d64d000 	C:\WINDOWS\System32\msvcp_win.dll
0x00007ffd4dbe0000 - 0x00007ffd4dce0000 	C:\WINDOWS\System32\ucrtbase.dll
0x00007ffd334d0000 - 0x00007ffd3376a000 	C:\WINDOWS\WinSxS\amd64_microsoft.windows.common-controls_6595b64144ccf1df_6.0.19041.1_none_b555e41d4684ddec\COMCTL32.dll
0x00007ffd4fb40000 - 0x00007ffd4fb70000 	C:\WINDOWS\System32\IMM32.DLL
0x00000000611f0000 - 0x00000000612c2000 	C:\Program Files\Android\Android Studio\jre\jre\bin\msvcr100.dll
0x00000000613b0000 - 0x0000000061bfb000 	C:\Program Files\Android\Android Studio\jre\jre\bin\server\jvm.dll
0x00007ffd4fb70000 - 0x00007ffd4fb78000 	C:\WINDOWS\System32\PSAPI.DLL
0x00007ffd36540000 - 0x00007ffd36549000 	C:\WINDOWS\SYSTEM32\WSOCK32.dll
0x00007ffd31430000 - 0x00007ffd31457000 	C:\WINDOWS\SYSTEM32\WINMM.dll
0x00007ffd4c260000 - 0x00007ffd4c26a000 	C:\WINDOWS\SYSTEM32\VERSION.dll
0x00007ffd4e6c0000 - 0x00007ffd4e72b000 	C:\WINDOWS\System32\WS2_32.dll
0x00007ffd48a90000 - 0x00007ffd48a9f000 	C:\Program Files\Android\Android Studio\jre\jre\bin\verify.dll
0x00007ffd46150000 - 0x00007ffd46179000 	C:\Program Files\Android\Android Studio\jre\jre\bin\java.dll
0x00007ffd45e30000 - 0x00007ffd45e46000 	C:\Program Files\Android\Android Studio\jre\jre\bin\zip.dll
0x00007ffd4ecf0000 - 0x00007ffd4f430000 	C:\WINDOWS\System32\SHELL32.dll
0x00007ffd4ba80000 - 0x00007ffd4c211000 	C:\WINDOWS\SYSTEM32\windows.storage.dll
0x00007ffd4df80000 - 0x00007ffd4e2d3000 	C:\WINDOWS\System32\combase.dll
0x00007ffd4ce40000 - 0x00007ffd4ce6c000 	C:\WINDOWS\SYSTEM32\Wldp.dll
0x00007ffd4e7a0000 - 0x00007ffd4e84e000 	C:\WINDOWS\System32\SHCORE.dll
0x00007ffd4e490000 - 0x00007ffd4e4e5000 	C:\WINDOWS\System32\shlwapi.dll
0x00007ffd4d300000 - 0x00007ffd4d31f000 	C:\WINDOWS\SYSTEM32\profapi.dll
0x00007ffd45db0000 - 0x00007ffd45dca000 	C:\Program Files\Android\Android Studio\jre\jre\bin\net.dll
0x00007ffd4cbc0000 - 0x00007ffd4cc2a000 	C:\WINDOWS\system32\mswsock.dll
0x00007ffd40880000 - 0x00007ffd40893000 	C:\Program Files\Android\Android Studio\jre\jre\bin\nio.dll
0x00007ffd24bf0000 - 0x00007ffd24c16000 	C:\Users\ty\.gradle\native\31\windows-amd64\native-platform.dll
0x00007ffd48100000 - 0x00007ffd4810d000 	C:\Program Files\Android\Android Studio\jre\jre\bin\management.dll
0x00007ffd4cda0000 - 0x00007ffd4cdb8000 	C:\WINDOWS\SYSTEM32\CRYPTSP.dll
0x00007ffd4c4e0000 - 0x00007ffd4c514000 	C:\WINDOWS\system32\rsaenh.dll
0x00007ffd4d3c0000 - 0x00007ffd4d3e7000 	C:\WINDOWS\System32\bcrypt.dll
0x00007ffd4d2c0000 - 0x00007ffd4d2ee000 	C:\WINDOWS\SYSTEM32\USERENV.dll
0x00007ffd4d9d0000 - 0x00007ffd4da4f000 	C:\WINDOWS\System32\bcryptprimitives.dll
0x00007ffd4cd90000 - 0x00007ffd4cd9c000 	C:\WINDOWS\SYSTEM32\CRYPTBASE.dll
0x00007ffd4c860000 - 0x00007ffd4c89b000 	C:\WINDOWS\SYSTEM32\IPHLPAPI.DLL
0x00007ffd4e9a0000 - 0x00007ffd4e9a9000 	C:\WINDOWS\System32\NSI.dll
0x00007ffd41550000 - 0x00007ffd41567000 	C:\WINDOWS\SYSTEM32\dhcpcsvc6.DLL
0x00007ffd45340000 - 0x00007ffd4535d000 	C:\WINDOWS\SYSTEM32\dhcpcsvc.DLL
0x00007ffd4c8a0000 - 0x00007ffd4c96a000 	C:\WINDOWS\SYSTEM32\DNSAPI.dll

VM Arguments:
jvm_args: -Xmx2048m -Dfile.encoding=windows-1252 -Duser.country=US -Duser.language=en -Duser.variant 
java_command: org.gradle.launcher.daemon.bootstrap.GradleDaemon 6.1.1
java_class_path (initial): C:\Users\ty\.gradle\wrapper\dists\gradle-6.1.1-all\cfmwm155h49vnt3hynmlrsdst\gradle-6.1.1\lib\gradle-launcher-6.1.1.jar
Launcher Type: SUN_STANDARD

Environment Variables:
JAVA_HOME=C:\Program Files\Java\jdk1.8.0_261
PATH=C:\Program Files (x86)\Common Files\Oracle\Java\javapath;C:\WINDOWS\system32;C:\WINDOWS;C:\WINDOWS\System32\Wbem;C:\WINDOWS\System32\WindowsPowerShell\v1.0\;C:\WINDOWS\System32\OpenSSH\;C:\Program Files\Git\cmd;C:\Program Files\Java\jdk-14.0.2\bin;C:\Users\ty\AppData\Local\Microsoft\WindowsApps;C:\Users\ty\AppData\Local\atom\bin;C:\Users\ty\AppData\Local\Programs\Microsoft VS Code\bin;C:\Users\ty\Documents\coms309\apache-maven-3.6.3\bin;
USERNAME=ty
OS=Windows_NT
PROCESSOR_IDENTIFIER=Intel64 Family 6 Model 142 Stepping 10, GenuineIntel



---------------  S Y S T E M  ---------------

OS: Windows 10.0 , 64 bit Build 19041 (10.0.19041.292)

CPU:total 8 (initial active 8) (4 cores per cpu, 2 threads per core) family 6 model 142 stepping 10, cmov, cx8, fxsr, mmx, sse, sse2, sse3, ssse3, sse4.1, sse4.2, popcnt, avx, avx2, aes, clmul, erms, 3dnowpref, lzcnt, ht, tsc, tscinvbit, bmi1, bmi2, adx

Memory: 4k page, physical 8298360k(1237972k free), swap 10447836k(5124k free)

vm_info: OpenJDK 64-Bit Server VM (25.242-b01) for windows-amd64 JRE (1.8.0_242-release-1644-b01), built by "builder" with MS VC++ 10.0 (VS2010)

time: Mon Sep 21 16:05:22 2020
timezone: Central Daylight Time
elapsed time: 2 seconds (0d 0h 0m 2s)

