#
# There is insufficient memory for the Java Runtime Environment to continue.
# Native memory allocation (malloc) failed to allocate 1361296 bytes for Chunk::new
# Possible reasons:
#   The system is out of physical RAM or swap space
#   The process is running with CompressedOops enabled, and the Java Heap may be blocking the growth of the native heap
# Possible solutions:
#   Reduce memory load on the system
#   Increase physical memory or swap space
#   Check if swap backing store is full
#   Decrease Java heap size (-Xmx/-Xms)
#   Decrease number of Java threads
#   Decrease Java thread stack sizes (-Xss)
#   Set larger code cache with -XX:ReservedCodeCacheSize=
#   JVM is running with Unscaled Compressed Oops mode in which the Java heap is
#     placed in the first 4GB address space. The Java Heap base address is the
#     maximum limit for the native heap growth. Please use -XX:HeapBaseMinAddress
#     to set the Java Heap base and to place the Java Heap above 4GB virtual address.
# This output file may be truncated or incomplete.
#
#  Out of Memory Error (allocation.cpp:389), pid=14616, tid=0x00000000000037dc
#
# JRE version: OpenJDK Runtime Environment (8.0_242-b01) (build 1.8.0_242-release-1644-b01)
# Java VM: OpenJDK 64-Bit Server VM (25.242-b01 mixed mode windows-amd64 compressed oops)
# Failed to write core dump. Minidumps are not enabled by default on client versions of Windows
#

---------------  T H R E A D  ---------------

Current thread (0x0000000019446000):  JavaThread "C2 CompilerThread0" daemon [_thread_in_native, id=14300, stack(0x0000000019d10000,0x0000000019e10000)]

Stack: [0x0000000019d10000,0x0000000019e10000]
[error occurred during error reporting (printing stack bounds), id 0xc0000005]

Native frames: (J=compiled Java code, j=interpreted, Vv=VM code, C=native code)


Current CompileTask:
C2:   3836 2574       4       java.security.SecureClassLoader::defineClass (16 bytes)


---------------  P R O C E S S  ---------------

Java Threads: ( => current thread )
  0x000000001b6f5000 JavaThread "Cache worker for execution history cache (C:\Users\ty\.gradle\caches\6.1.1\executionHistory)" [_thread_blocked, id=7052, stack(0x0000000021d80000,0x0000000021e80000)]
  0x000000001b6f4800 JavaThread "Cache worker for cache directory md-rule (C:\Users\ty\.gradle\caches\6.1.1\md-rule)" [_thread_blocked, id=9440, stack(0x0000000020be0000,0x0000000020ce0000)]
  0x000000001b6f3800 JavaThread "Cache worker for cache directory md-supplier (C:\Users\ty\.gradle\caches\6.1.1\md-supplier)" [_thread_blocked, id=17124, stack(0x0000000020730000,0x0000000020830000)]
  0x000000001b6fa800 JavaThread "Cache worker for file hash cache (C:\Users\ty\rp_07\Frontend\Android_Frontend\.gradle\6.1.1\fileHashes)" [_thread_blocked, id=7712, stack(0x00000000208e0000,0x00000000209e0000)]
  0x000000001b6f9800 JavaThread "Cache worker for checksums cache (C:\Users\ty\rp_07\Frontend\Android_Frontend\.gradle\checksums)" [_thread_blocked, id=12804, stack(0x000000001f400000,0x000000001f500000)]
  0x000000001b6f9000 JavaThread "Cache worker for file hash cache (C:\Users\ty\.gradle\caches\6.1.1\fileHashes)" [_thread_blocked, id=2896, stack(0x000000001e130000,0x000000001e230000)]
  0x000000001b6f6800 JavaThread "File lock request listener" [_thread_in_native, id=12324, stack(0x000000001e030000,0x000000001e130000)]
  0x000000001bf3a800 JavaThread "Cache worker for journal cache (C:\Users\ty\.gradle\caches\journal-1)" [_thread_blocked, id=7504, stack(0x000000001df30000,0x000000001e030000)]
  0x000000001be64800 JavaThread "Thread-9" [_thread_blocked, id=9264, stack(0x000000001dc30000,0x000000001dd30000)]
  0x000000001be86000 JavaThread "Stdin handler" [_thread_blocked, id=14900, stack(0x000000001db30000,0x000000001dc30000)]
  0x000000001bea6000 JavaThread "Asynchronous log dispatcher for DefaultDaemonConnection: socket connection from /127.0.0.1:59403 to /127.0.0.1:59404" [_thread_blocked, id=7144, stack(0x000000001da30000,0x000000001db30000)]
  0x000000001bea3000 JavaThread "Daemon worker" [_thread_in_Java, id=11488, stack(0x000000001d930000,0x000000001da30000)]
  0x000000001be9a000 JavaThread "Cancel handler" [_thread_blocked, id=16792, stack(0x000000001d830000,0x000000001d930000)]
  0x000000001bddf000 JavaThread "Handler for socket connection from /127.0.0.1:59403 to /127.0.0.1:59404" [_thread_in_native, id=14460, stack(0x000000001d530000,0x000000001d630000)]
  0x000000001bdde000 JavaThread "Daemon" [_thread_blocked, id=8160, stack(0x000000001d430000,0x000000001d530000)]
  0x000000001be4b800 JavaThread "Daemon periodic checks" [_thread_blocked, id=3504, stack(0x000000001d330000,0x000000001d430000)]
  0x000000001bdba800 JavaThread "Incoming local TCP Connector on port 59403" [_thread_in_native, id=13892, stack(0x000000001d0f0000,0x000000001d1f0000)]
  0x000000001a3cf800 JavaThread "Daemon health stats" [_thread_blocked, id=11788, stack(0x000000001cab0000,0x000000001cbb0000)]
  0x00000000194d8800 JavaThread "Service Thread" daemon [_thread_blocked, id=15936, stack(0x000000001a110000,0x000000001a210000)]
  0x0000000019453000 JavaThread "C1 CompilerThread3" daemon [_thread_in_native, id=8880, stack(0x000000001a010000,0x000000001a110000)]
  0x000000001944b000 JavaThread "C2 CompilerThread2" daemon [_thread_blocked, id=8956, stack(0x0000000019f10000,0x000000001a010000)]
  0x000000001763c800 JavaThread "C2 CompilerThread1" daemon [_thread_in_native, id=1064, stack(0x0000000019e10000,0x0000000019f10000)]
=>0x0000000019446000 JavaThread "C2 CompilerThread0" daemon [_thread_in_native, id=14300, stack(0x0000000019d10000,0x0000000019e10000)]
  0x0000000019444800 JavaThread "Attach Listener" daemon [_thread_blocked, id=15644, stack(0x0000000019c10000,0x0000000019d10000)]
  0x0000000019443800 JavaThread "Signal Dispatcher" daemon [_thread_blocked, id=12428, stack(0x0000000019b10000,0x0000000019c10000)]
  0x00000000024de000 JavaThread "Finalizer" daemon [_thread_blocked, id=17368, stack(0x0000000019910000,0x0000000019a10000)]
  0x000000001762c800 JavaThread "Reference Handler" daemon [_thread_blocked, id=1000, stack(0x0000000019810000,0x0000000019910000)]
  0x00000000025bd800 JavaThread "main" [_thread_blocked, id=11948, stack(0x0000000002270000,0x0000000002370000)]

Other Threads:
  0x0000000017628000 VMThread [stack: 0x0000000019310000,0x0000000019410000] [id=13444]
  0x000000001948b800 WatcherThread [stack: 0x000000001a210000,0x000000001a310000] [id=14676]

VM state:not at safepoint (normal execution)

VM Mutex/Monitor currently owned by a thread:  ([mutex/lock_event])
[0x00000000025bc120] CodeCache_lock - owner thread: 0x0000000000000000

heap address: 0x0000000080000000, size: 2048 MB, Compressed Oops mode: 32-bit
Narrow klass base: 0x0000000000000000, Narrow klass shift: 3
Compressed class space size: 1073741824 Address: 0x0000000100000000

Heap:
 PSYoungGen      total 115712K, used 1802K [0x00000000d5580000, 0x00000000ded00000, 0x0000000100000000)
  eden space 106496K, 1% used [0x00000000d5580000,0x00000000d57428f0,0x00000000dbd80000)
  from space 9216K, 0% used [0x00000000de400000,0x00000000de400000,0x00000000ded00000)
  to   space 13312K, 0% used [0x00000000dd300000,0x00000000dd300000,0x00000000de000000)
 ParOldGen       total 88576K, used 13492K [0x0000000080000000, 0x0000000085680000, 0x00000000d5580000)
  object space 88576K, 15% used [0x0000000080000000,0x0000000080d2d3f0,0x0000000085680000)
 Metaspace       used 34569K, capacity 35398K, committed 35496K, reserved 1079296K
  class space    used 4746K, capacity 4972K, committed 5040K, reserved 1048576K

Card table byte_map: [0x0000000011980000,0x0000000011d90000] byte_map_base: 0x0000000011580000

Marking Bits: (ParMarkBitMap*) 0x0000000061b7f030
 Begin Bits: [0x0000000012840000, 0x0000000014840000)
 End Bits:   [0x0000000014840000, 0x0000000016840000)

Polling page: 0x0000000000a30000

CodeCache: size=245760Kb used=10395Kb max_used=10395Kb free=235365Kb
 bounds [0x00000000025c0000, 0x0000000002ff0000, 0x00000000115c0000]
 total_blobs=3420 nmethods=2721 adapters=612
 compilation: enabled

Compilation events (10 events):
Event: 3.733 Thread 0x0000000019453000 2705       1       org.gradle.cache.internal.DefaultCacheFactory$DirCacheReference::access$600 (5 bytes)
Event: 3.734 Thread 0x0000000019453000 nmethod 2705 0x0000000002fe2d50 code [0x0000000002fe2ea0, 0x0000000002fe2f90]
Event: 3.734 Thread 0x0000000019453000 2706       3       com.google.common.collect.Maps::newHashMap (8 bytes)
Event: 3.734 Thread 0x0000000019453000 nmethod 2706 0x0000000002fe2810 code [0x0000000002fe2980, 0x0000000002fe2c30]
Event: 3.734 Thread 0x0000000019453000 2707       1       org.gradle.api.internal.artifacts.ivyservice.modulecache.ModuleComponentAtRepositoryKey::hashCode (5 bytes)
Event: 3.734 Thread 0x0000000019453000 nmethod 2707 0x0000000002fe2550 code [0x0000000002fe26a0, 0x0000000002fe27b0]
Event: 3.734 Thread 0x0000000019453000 2708       1       com.google.common.cache.LocalCache$StrongEntry::getHash (5 bytes)
Event: 3.734 Thread 0x0000000019453000 nmethod 2708 0x0000000002fe2290 code [0x0000000002fe23e0, 0x0000000002fe24f0]
Event: 3.734 Thread 0x0000000019453000 2709       3       org.gradle.api.internal.artifacts.ivyservice.resolveengine.result.DesugaredAttributeContainerSerializer::read (155 bytes)
Event: 3.833 Thread 0x000000001944b000 nmethod 2699 0x0000000002fe8710 code [0x0000000002fe8860, 0x0000000002fe8a48]

GC Heap History (10 events):
Event: 2.208 GC heap before
{Heap before GC invocations=6 (full 1):
 PSYoungGen      total 71680K, used 5088K [0x00000000d5580000, 0x00000000df080000, 0x0000000100000000)
  eden space 66560K, 0% used [0x00000000d5580000,0x00000000d5580000,0x00000000d9680000)
  from space 5120K, 99% used [0x00000000d9680000,0x00000000d9b78020,0x00000000d9b80000)
  to   space 12800K, 0% used [0x00000000de400000,0x00000000de400000,0x00000000df080000)
 ParOldGen       total 87552K, used 10691K [0x0000000080000000, 0x0000000085580000, 0x00000000d5580000)
  object space 87552K, 12% used [0x0000000080000000,0x0000000080a70d68,0x0000000085580000)
 Metaspace       used 20585K, capacity 21212K, committed 21296K, reserved 1067008K
  class space    used 2887K, capacity 3084K, committed 3120K, reserved 1048576K
Event: 2.243 GC heap after
Heap after GC invocations=6 (full 1):
 PSYoungGen      total 71680K, used 0K [0x00000000d5580000, 0x00000000df080000, 0x0000000100000000)
  eden space 66560K, 0% used [0x00000000d5580000,0x00000000d5580000,0x00000000d9680000)
  from space 5120K, 0% used [0x00000000d9680000,0x00000000d9680000,0x00000000d9b80000)
  to   space 12800K, 0% used [0x00000000de400000,0x00000000de400000,0x00000000df080000)
 ParOldGen       total 63488K, used 11236K [0x0000000080000000, 0x0000000083e00000, 0x00000000d5580000)
  object space 63488K, 17% used [0x0000000080000000,0x0000000080af9348,0x0000000083e00000)
 Metaspace       used 20585K, capacity 21212K, committed 21296K, reserved 1067008K
  class space    used 2887K, capacity 3084K, committed 3120K, reserved 1048576K
}
Event: 2.815 GC heap before
{Heap before GC invocations=7 (full 1):
 PSYoungGen      total 71680K, used 65995K [0x00000000d5580000, 0x00000000df080000, 0x0000000100000000)
  eden space 66560K, 99% used [0x00000000d5580000,0x00000000d95f2fe0,0x00000000d9680000)
  from space 5120K, 0% used [0x00000000d9680000,0x00000000d9680000,0x00000000d9b80000)
  to   space 12800K, 0% used [0x00000000de400000,0x00000000de400000,0x00000000df080000)
 ParOldGen       total 63488K, used 11236K [0x0000000080000000, 0x0000000083e00000, 0x00000000d5580000)
  object space 63488K, 17% used [0x0000000080000000,0x0000000080af9348,0x0000000083e00000)
 Metaspace       used 28220K, capacity 28964K, committed 29232K, reserved 1075200K
  class space    used 3895K, capacity 4127K, committed 4144K, reserved 1048576K
Event: 2.823 GC heap after
Heap after GC invocations=7 (full 1):
 PSYoungGen      total 115712K, used 9178K [0x00000000d5580000, 0x00000000ded00000, 0x0000000100000000)
  eden space 106496K, 0% used [0x00000000d5580000,0x00000000d5580000,0x00000000dbd80000)
  from space 9216K, 99% used [0x00000000de400000,0x00000000decf6bc8,0x00000000ded00000)
  to   space 13312K, 0% used [0x00000000dd300000,0x00000000dd300000,0x00000000de000000)
 ParOldGen       total 63488K, used 11244K [0x0000000080000000, 0x0000000083e00000, 0x00000000d5580000)
  object space 63488K, 17% used [0x0000000080000000,0x0000000080afb348,0x0000000083e00000)
 Metaspace       used 28220K, capacity 28964K, committed 29232K, reserved 1075200K
  class space    used 3895K, capacity 4127K, committed 4144K, reserved 1048576K
}
Event: 3.646 GC heap before
{Heap before GC invocations=8 (full 1):
 PSYoungGen      total 115712K, used 115674K [0x00000000d5580000, 0x00000000ded00000, 0x0000000100000000)
  eden space 106496K, 100% used [0x00000000d5580000,0x00000000dbd80000,0x00000000dbd80000)
  from space 9216K, 99% used [0x00000000de400000,0x00000000decf6bc8,0x00000000ded00000)
  to   space 13312K, 0% used [0x00000000dd300000,0x00000000dd300000,0x00000000de000000)
 ParOldGen       total 63488K, used 11244K [0x0000000080000000, 0x0000000083e00000, 0x00000000d5580000)
  object space 63488K, 17% used [0x0000000080000000,0x0000000080afb348,0x0000000083e00000)
 Metaspace       used 34332K, capacity 35134K, committed 35248K, reserved 1079296K
  class space    used 4713K, capacity 4934K, committed 5040K, reserved 1048576K
Event: 3.658 GC heap after
Heap after GC invocations=8 (full 1):
 PSYoungGen      total 119808K, used 11388K [0x00000000d5580000, 0x00000000ded00000, 0x0000000100000000)
  eden space 106496K, 0% used [0x00000000d5580000,0x00000000d5580000,0x00000000dbd80000)
  from space 13312K, 85% used [0x00000000dd300000,0x00000000dde1f018,0x00000000de000000)
  to   space 9216K, 0% used [0x00000000de400000,0x00000000de400000,0x00000000ded00000)
 ParOldGen       total 63488K, used 11252K [0x0000000080000000, 0x0000000083e00000, 0x00000000d5580000)
  object space 63488K, 17% used [0x0000000080000000,0x0000000080afd348,0x0000000083e00000)
 Metaspace       used 34332K, capacity 35134K, committed 35248K, reserved 1079296K
  class space    used 4713K, capacity 4934K, committed 5040K, reserved 1048576K
}
Event: 3.735 GC heap before
{Heap before GC invocations=9 (full 1):
 PSYoungGen      total 119808K, used 18681K [0x00000000d5580000, 0x00000000ded00000, 0x0000000100000000)
  eden space 106496K, 6% used [0x00000000d5580000,0x00000000d5c9f5c8,0x00000000dbd80000)
  from space 13312K, 85% used [0x00000000dd300000,0x00000000dde1f018,0x00000000de000000)
  to   space 9216K, 0% used [0x00000000de400000,0x00000000de400000,0x00000000ded00000)
 ParOldGen       total 63488K, used 11252K [0x0000000080000000, 0x0000000083e00000, 0x00000000d5580000)
  object space 63488K, 17% used [0x0000000080000000,0x0000000080afd348,0x0000000083e00000)
 Metaspace       used 34569K, capacity 35398K, committed 35496K, reserved 1079296K
  class space    used 4746K, capacity 4972K, committed 5040K, reserved 1048576K
Event: 3.741 GC heap after
Heap after GC invocations=9 (full 1):
 PSYoungGen      total 115712K, used 6928K [0x00000000d5580000, 0x00000000ded00000, 0x0000000100000000)
  eden space 106496K, 0% used [0x00000000d5580000,0x00000000d5580000,0x00000000dbd80000)
  from space 9216K, 75% used [0x00000000de400000,0x00000000deac4010,0x00000000ded00000)
  to   space 13312K, 0% used [0x00000000dd300000,0x00000000dd300000,0x00000000de000000)
 ParOldGen       total 63488K, used 11252K [0x0000000080000000, 0x0000000083e00000, 0x00000000d5580000)
  object space 63488K, 17% used [0x0000000080000000,0x0000000080afd348,0x0000000083e00000)
 Metaspace       used 34569K, capacity 35398K, committed 35496K, reserved 1079296K
  class space    used 4746K, capacity 4972K, committed 5040K, reserved 1048576K
}
Event: 3.741 GC heap before
{Heap before GC invocations=10 (full 2):
 PSYoungGen      total 115712K, used 6928K [0x00000000d5580000, 0x00000000ded00000, 0x0000000100000000)
  eden space 106496K, 0% used [0x00000000d5580000,0x00000000d5580000,0x00000000dbd80000)
  from space 9216K, 75% used [0x00000000de400000,0x00000000deac4010,0x00000000ded00000)
  to   space 13312K, 0% used [0x00000000dd300000,0x00000000dd300000,0x00000000de000000)
 ParOldGen       total 63488K, used 11252K [0x0000000080000000, 0x0000000083e00000, 0x00000000d5580000)
  object space 63488K, 17% used [0x0000000080000000,0x0000000080afd348,0x0000000083e00000)
 Metaspace       used 34569K, capacity 35398K, committed 35496K, reserved 1079296K
  class space    used 4746K, capacity 4972K, committed 5040K, reserved 1048576K
Event: 3.833 GC heap after
Heap after GC invocations=10 (full 2):
 PSYoungGen      total 115712K, used 0K [0x00000000d5580000, 0x00000000ded00000, 0x0000000100000000)
  eden space 106496K, 0% used [0x00000000d5580000,0x00000000d5580000,0x00000000dbd80000)
  from space 9216K, 0% used [0x00000000de400000,0x00000000de400000,0x00000000ded00000)
  to   space 13312K, 0% used [0x00000000dd300000,0x00000000dd300000,0x00000000de000000)
 ParOldGen       total 88576K, used 13492K [0x0000000080000000, 0x0000000085680000, 0x00000000d5580000)
  object space 88576K, 15% used [0x0000000080000000,0x0000000080d2d3f0,0x0000000085680000)
 Metaspace       used 34569K, capacity 35398K, committed 35496K, reserved 1079296K
  class space    used 4746K, capacity 4972K, committed 5040K, reserved 1048576K
}

Deoptimization events (10 events):
Event: 2.823 Thread 0x000000001762c800 Uncommon trap: reason=unstable_if action=reinterpret pc=0x0000000002ac5e7c method=java.lang.ref.Reference.tryHandlePending(Z)Z @ 104
Event: 2.993 Thread 0x000000001bea3000 Uncommon trap: reason=unstable_if action=reinterpret pc=0x000000000280cd4c method=java.util.HashMap.getNode(ILjava/lang/Object;)Ljava/util/HashMap$Node; @ 53
Event: 2.993 Thread 0x000000001bea3000 Uncommon trap: reason=unstable_if action=reinterpret pc=0x0000000002a45c40 method=java.util.HashMap.hash(Ljava/lang/Object;)I @ 1
Event: 3.067 Thread 0x000000001bea3000 Uncommon trap: reason=unstable_if action=reinterpret pc=0x0000000002e5e9b8 method=org.gradle.internal.reflect.PropertyAccessorType.isGetGetterName(Ljava/lang/String;)Z @ 14
Event: 3.090 Thread 0x000000001bea3000 Uncommon trap: reason=unstable_if action=reinterpret pc=0x0000000002cf28c0 method=org.objectweb.asm.ByteVector.putShort(I)Lorg/objectweb/asm/ByteVector; @ 13
Event: 3.161 Thread 0x000000001bea3000 Uncommon trap: reason=class_check action=maybe_recompile pc=0x0000000002cb5bac method=sun.misc.URLClassPath.getLoader(I)Lsun/misc/URLClassPath$Loader; @ 94
Event: 3.165 Thread 0x000000001bea3000 Uncommon trap: reason=class_check action=maybe_recompile pc=0x0000000002cc49cc method=sun.misc.URLClassPath.getLoader(I)Lsun/misc/URLClassPath$Loader; @ 239
Event: 3.236 Thread 0x000000001bea3000 Uncommon trap: reason=unstable_if action=reinterpret pc=0x0000000002eeb104 method=org.codehaus.groovy.runtime.metaclass.MetaMethodIndex.addMethodToList(Ljava/lang/Object;Lgroovy/lang/MetaMethod;)Ljava/lang/Object; @ 226
Event: 3.381 Thread 0x000000001bea3000 Uncommon trap: reason=unstable_if action=reinterpret pc=0x0000000002ea93e0 method=java.net.URI.match(CJJ)Z @ 45
Event: 3.574 Thread 0x000000001bea3000 Uncommon trap: reason=unstable_if action=reinterpret pc=0x0000000002e5567c method=jdk.internal.org.objectweb.asm.Type.getArgumentsAndReturnSizes(Ljava/lang/String;)I @ 88

Classes redefined (0 events):
No events

Internal exceptions (10 events):
Event: 3.255 Thread 0x000000001bea3000 Exception <a 'java/lang/ClassNotFoundException': org/gradle/api/internal/artifacts/dsl/DefaultRepositoryHandlerCustomizer> (0x00000000d8a9b9e0) thrown at [C:\src\AOSP-openjdk-git\hotspot\src\share\vm\classfile\systemDictionary.cpp, line 210]
Event: 3.257 Thread 0x000000001bea3000 Exception <a 'java/lang/ClassNotFoundException': org/gradle/api/internal/artifacts/dsl/DefaultRepositoryHandler_DecoratedCustomizer> (0x00000000d8b1a108) thrown at [C:\src\AOSP-openjdk-git\hotspot\src\share\vm\classfile\systemDictionary.cpp, line 210]
Event: 3.360 Thread 0x000000001bea3000 Exception <a 'java/lang/ClassNotFoundException': org/gradle/api/internal/artifacts/dsl/dependencies/DefaultDependencyHandler_DecoratedBeanInfo> (0x00000000d99a97e0) thrown at [C:\src\AOSP-openjdk-git\hotspot\src\share\vm\classfile\systemDictionary.cpp, li
Event: 3.360 Thread 0x000000001bea3000 Exception <a 'java/lang/ClassNotFoundException': org/gradle/api/internal/artifacts/dsl/dependencies/DefaultDependencyHandlerBeanInfo> (0x00000000d9a04b90) thrown at [C:\src\AOSP-openjdk-git\hotspot\src\share\vm\classfile\systemDictionary.cpp, line 210]
Event: 3.361 Thread 0x000000001bea3000 Exception <a 'java/lang/ClassNotFoundException': org/gradle/api/internal/artifacts/dsl/dependencies/DefaultDependencyHandlerCustomizer> (0x00000000d9a60d08) thrown at [C:\src\AOSP-openjdk-git\hotspot\src\share\vm\classfile\systemDictionary.cpp, line 210]
Event: 3.362 Thread 0x000000001bea3000 Exception <a 'java/lang/ClassNotFoundException': org/gradle/api/internal/artifacts/dsl/dependencies/DefaultDependencyHandler_DecoratedCustomizer> (0x00000000d9aee688) thrown at [C:\src\AOSP-openjdk-git\hotspot\src\share\vm\classfile\systemDictionary.cpp, 
Event: 3.571 Thread 0x000000001bea3000 Exception <a 'java/lang/IncompatibleClassChangeError': Found class java.lang.Object, but interface was expected> (0x00000000db52a190) thrown at [C:\src\AOSP-openjdk-git\hotspot\src\share\vm\interpreter\linkResolver.cpp, line 653]
Event: 3.573 Thread 0x000000001bea3000 Exception <a 'java/lang/NoSuchMethodError': java.lang.Object.lambda$comparing$77a9974f$1(Ljava/util/function/Function;Ljava/lang/Object;Ljava/lang/Object;)I> (0x00000000db535630) thrown at [C:\src\AOSP-openjdk-git\hotspot\src\share\vm\interpreter\linkReso
Event: 3.575 Thread 0x000000001bea3000 Exception <a 'java/lang/NoSuchMethodError': java.lang.Object.lambda$thenComparing$36697e65$1(Ljava/util/Comparator;Ljava/lang/Object;Ljava/lang/Object;)I> (0x00000000db549798) thrown at [C:\src\AOSP-openjdk-git\hotspot\src\share\vm\interpreter\linkResolve
Event: 3.577 Thread 0x000000001bea3000 Exception <a 'java/lang/NoSuchMethodError': java.lang.Object.lambda$comparing$ea9a8b3a$1(Ljava/util/Comparator;Ljava/util/function/Function;Ljava/lang/Object;Ljava/lang/Object;)I> (0x00000000db560828) thrown at [C:\src\AOSP-openjdk-git\hotspot\src\share\v

Events (10 events):
Event: 3.692 loading class org/gradle/api/internal/artifacts/ivyservice/resolveengine/excludes/factories/Optimizations
Event: 3.692 loading class org/gradle/api/internal/artifacts/ivyservice/resolveengine/excludes/factories/Optimizations done
Event: 3.693 loading class org/gradle/internal/component/external/model/ConfigurationBoundExternalDependencyMetadata
Event: 3.693 loading class org/gradle/internal/component/external/model/ConfigurationBoundExternalDependencyMetadata done
Event: 3.708 loading class org/gradle/internal/component/external/descriptor/DefaultExclude
Event: 3.708 loading class org/gradle/internal/component/external/descriptor/DefaultExclude done
Event: 3.708 loading class org/gradle/internal/component/model/Exclude
Event: 3.708 loading class org/gradle/internal/component/model/Exclude done
Event: 3.735 Executing VM operation: CollectForMetadataAllocation
Event: 3.833 Executing VM operation: CollectForMetadataAllocation done


Dynamic libraries:
0x00007ff715950000 - 0x00007ff715981000 	C:\Program Files\Android\Android Studio\jre\bin\java.exe
0x00007ffd4fc70000 - 0x00007ffd4fe65000 	C:\WINDOWS\SYSTEM32\ntdll.dll
0x00007ffd4f610000 - 0x00007ffd4f6cd000 	C:\WINDOWS\System32\KERNEL32.DLL
0x00007ffd4d6a0000 - 0x00007ffd4d967000 	C:\WINDOWS\System32\KERNELBASE.dll
0x00007ffd4fb80000 - 0x00007ffd4fc2a000 	C:\WINDOWS\System32\ADVAPI32.dll
0x00007ffd4e850000 - 0x00007ffd4e8ee000 	C:\WINDOWS\System32\msvcrt.dll
0x00007ffd4dd40000 - 0x00007ffd4dddb000 	C:\WINDOWS\System32\sechost.dll
0x00007ffd4f4e0000 - 0x00007ffd4f603000 	C:\WINDOWS\System32\RPCRT4.dll
0x00007ffd4dde0000 - 0x00007ffd4df80000 	C:\WINDOWS\System32\USER32.dll
0x00007ffd4dbb0000 - 0x00007ffd4dbd2000 	C:\WINDOWS\System32\win32u.dll
0x00007ffd4e610000 - 0x00007ffd4e63a000 	C:\WINDOWS\System32\GDI32.dll
0x00007ffd4d3f0000 - 0x00007ffd4d4fa000 	C:\WINDOWS\System32\gdi32full.dll
0x00007ffd4d5b0000 - 0x00007ffd4d64d000 	C:\WINDOWS\System32\msvcp_win.dll
0x00007ffd4dbe0000 - 0x00007ffd4dce0000 	C:\WINDOWS\System32\ucrtbase.dll
0x00007ffd334d0000 - 0x00007ffd3376a000 	C:\WINDOWS\WinSxS\amd64_microsoft.windows.common-controls_6595b64144ccf1df_6.0.19041.1_none_b555e41d4684ddec\COMCTL32.dll
0x00007ffd4fb40000 - 0x00007ffd4fb70000 	C:\WINDOWS\System32\IMM32.DLL
0x00000000611f0000 - 0x00000000612c2000 	C:\Program Files\Android\Android Studio\jre\jre\bin\msvcr100.dll
0x00000000613b0000 - 0x0000000061bfb000 	C:\Program Files\Android\Android Studio\jre\jre\bin\server\jvm.dll
0x00007ffd4fb70000 - 0x00007ffd4fb78000 	C:\WINDOWS\System32\PSAPI.DLL
0x00007ffd36540000 - 0x00007ffd36549000 	C:\WINDOWS\SYSTEM32\WSOCK32.dll
0x00007ffd31430000 - 0x00007ffd31457000 	C:\WINDOWS\SYSTEM32\WINMM.dll
0x00007ffd4c260000 - 0x00007ffd4c26a000 	C:\WINDOWS\SYSTEM32\VERSION.dll
0x00007ffd4e6c0000 - 0x00007ffd4e72b000 	C:\WINDOWS\System32\WS2_32.dll
0x00007ffd48a90000 - 0x00007ffd48a9f000 	C:\Program Files\Android\Android Studio\jre\jre\bin\verify.dll
0x00007ffd46150000 - 0x00007ffd46179000 	C:\Program Files\Android\Android Studio\jre\jre\bin\java.dll
0x00007ffd45e30000 - 0x00007ffd45e46000 	C:\Program Files\Android\Android Studio\jre\jre\bin\zip.dll
0x00007ffd4ecf0000 - 0x00007ffd4f430000 	C:\WINDOWS\System32\SHELL32.dll
0x00007ffd4ba80000 - 0x00007ffd4c211000 	C:\WINDOWS\SYSTEM32\windows.storage.dll
0x00007ffd4df80000 - 0x00007ffd4e2d3000 	C:\WINDOWS\System32\combase.dll
0x00007ffd4ce40000 - 0x00007ffd4ce6c000 	C:\WINDOWS\SYSTEM32\Wldp.dll
0x00007ffd4e7a0000 - 0x00007ffd4e84e000 	C:\WINDOWS\System32\SHCORE.dll
0x00007ffd4e490000 - 0x00007ffd4e4e5000 	C:\WINDOWS\System32\shlwapi.dll
0x00007ffd4d300000 - 0x00007ffd4d31f000 	C:\WINDOWS\SYSTEM32\profapi.dll
0x00007ffd45db0000 - 0x00007ffd45dca000 	C:\Program Files\Android\Android Studio\jre\jre\bin\net.dll
0x00007ffd4cbc0000 - 0x00007ffd4cc2a000 	C:\WINDOWS\system32\mswsock.dll
0x00007ffd40880000 - 0x00007ffd40893000 	C:\Program Files\Android\Android Studio\jre\jre\bin\nio.dll
0x00007ffd3e3b0000 - 0x00007ffd3e3d6000 	C:\Users\ty\.gradle\native\31\windows-amd64\native-platform.dll
0x00007ffd48100000 - 0x00007ffd4810d000 	C:\Program Files\Android\Android Studio\jre\jre\bin\management.dll
0x00007ffd4cda0000 - 0x00007ffd4cdb8000 	C:\WINDOWS\SYSTEM32\CRYPTSP.dll
0x00007ffd4c4e0000 - 0x00007ffd4c514000 	C:\WINDOWS\system32\rsaenh.dll
0x00007ffd4d3c0000 - 0x00007ffd4d3e7000 	C:\WINDOWS\System32\bcrypt.dll
0x00007ffd4d2c0000 - 0x00007ffd4d2ee000 	C:\WINDOWS\SYSTEM32\USERENV.dll
0x00007ffd4d9d0000 - 0x00007ffd4da4f000 	C:\WINDOWS\System32\bcryptprimitives.dll
0x00007ffd4cd90000 - 0x00007ffd4cd9c000 	C:\WINDOWS\SYSTEM32\CRYPTBASE.dll
0x00007ffd4c860000 - 0x00007ffd4c89b000 	C:\WINDOWS\SYSTEM32\IPHLPAPI.DLL
0x00007ffd4e9a0000 - 0x00007ffd4e9a9000 	C:\WINDOWS\System32\NSI.dll
0x00007ffd41550000 - 0x00007ffd41567000 	C:\WINDOWS\SYSTEM32\dhcpcsvc6.DLL
0x00007ffd45340000 - 0x00007ffd4535d000 	C:\WINDOWS\SYSTEM32\dhcpcsvc.DLL
0x00007ffd4c8a0000 - 0x00007ffd4c96a000 	C:\WINDOWS\SYSTEM32\DNSAPI.dll

VM Arguments:
jvm_args: -Xmx2048m -Dfile.encoding=windows-1252 -Duser.country=US -Duser.language=en -Duser.variant 
java_command: org.gradle.launcher.daemon.bootstrap.GradleDaemon 6.1.1
java_class_path (initial): C:\Users\ty\.gradle\wrapper\dists\gradle-6.1.1-all\cfmwm155h49vnt3hynmlrsdst\gradle-6.1.1\lib\gradle-launcher-6.1.1.jar
Launcher Type: SUN_STANDARD

Environment Variables:
JAVA_HOME=C:\Program Files\Java\jdk1.8.0_261
PATH=C:\Program Files (x86)\Common Files\Oracle\Java\javapath;C:\WINDOWS\system32;C:\WINDOWS;C:\WINDOWS\System32\Wbem;C:\WINDOWS\System32\WindowsPowerShell\v1.0\;C:\WINDOWS\System32\OpenSSH\;C:\Program Files\Git\cmd;C:\Program Files\Java\jdk-14.0.2\bin;C:\Users\ty\AppData\Local\Microsoft\WindowsApps;C:\Users\ty\AppData\Local\atom\bin;C:\Users\ty\AppData\Local\Programs\Microsoft VS Code\bin;C:\Users\ty\Documents\coms309\apache-maven-3.6.3\bin;
USERNAME=ty
OS=Windows_NT
PROCESSOR_IDENTIFIER=Intel64 Family 6 Model 142 Stepping 10, GenuineIntel



---------------  S Y S T E M  ---------------

OS: Windows 10.0 , 64 bit Build 19041 (10.0.19041.292)

CPU:total 8 (initial active 8) (4 cores per cpu, 2 threads per core) family 6 model 142 stepping 10, cmov, cx8, fxsr, mmx, sse, sse2, sse3, ssse3, sse4.1, sse4.2, popcnt, avx, avx2, aes, clmul, erms, 3dnowpref, lzcnt, ht, tsc, tscinvbit, bmi1, bmi2, adx

Memory: 4k page, physical 8298360k(1267280k free), swap 10447836k(6212k free)

vm_info: OpenJDK 64-Bit Server VM (25.242-b01) for windows-amd64 JRE (1.8.0_242-release-1644-b01), built by "builder" with MS VC++ 10.0 (VS2010)

time: Mon Sep 21 16:07:59 2020
timezone: Central Daylight Time
elapsed time: 3 seconds (0d 0h 0m 3s)

