#
# There is insufficient memory for the Java Runtime Environment to continue.
# Native memory allocation (malloc) failed to allocate 2157136 bytes for Chunk::new
# Possible reasons:
#   The system is out of physical RAM or swap space
#   The process is running with CompressedOops enabled, and the Java Heap may be blocking the growth of the native heap
# Possible solutions:
#   Reduce memory load on the system
#   Increase physical memory or swap space
#   Check if swap backing store is full
#   Decrease Java heap size (-Xmx/-Xms)
#   Decrease number of Java threads
#   Decrease Java thread stack sizes (-Xss)
#   Set larger code cache with -XX:ReservedCodeCacheSize=
#   JVM is running with Unscaled Compressed Oops mode in which the Java heap is
#     placed in the first 4GB address space. The Java Heap base address is the
#     maximum limit for the native heap growth. Please use -XX:HeapBaseMinAddress
#     to set the Java Heap base and to place the Java Heap above 4GB virtual address.
# This output file may be truncated or incomplete.
#
#  Out of Memory Error (allocation.cpp:389), pid=16092, tid=0x0000000000001cd0
#
# JRE version: OpenJDK Runtime Environment (8.0_242-b01) (build 1.8.0_242-release-1644-b01)
# Java VM: OpenJDK 64-Bit Server VM (25.242-b01 mixed mode windows-amd64 compressed oops)
# Failed to write core dump. Minidumps are not enabled by default on client versions of Windows
#

---------------  T H R E A D  ---------------

Current thread (0x000000001790c000):  JavaThread "C2 CompilerThread1" daemon [_thread_in_native, id=7376, stack(0x000000001a0e0000,0x000000001a1e0000)]

Stack: [0x000000001a0e0000,0x000000001a1e0000]
[error occurred during error reporting (printing stack bounds), id 0xc0000005]

Native frames: (J=compiled Java code, j=interpreted, Vv=VM code, C=native code)


Current CompileTask:
C2:   7124 4402       4       com.sun.beans.TypeResolver::resolve (37 bytes)


---------------  P R O C E S S  ---------------

Java Threads: ( => current thread )
  0x000000001c59e800 JavaThread "Cache worker for Build Output Cleanup Cache (C:\Users\ty\rp_07\Frontend\Android_Frontend\.gradle\buildOutputCleanup)" [_thread_blocked, id=7228, stack(0x0000000024560000,0x0000000024660000)]
  0x000000001c59e000 JavaThread "Build operations Thread 8" [_thread_blocked, id=12188, stack(0x0000000024260000,0x0000000024360000)]
  0x000000001c59f800 JavaThread "Build operations Thread 7" [_thread_blocked, id=12600, stack(0x0000000024160000,0x0000000024260000)]
  0x000000001c598000 JavaThread "Build operations Thread 6" [_thread_blocked, id=16592, stack(0x0000000024060000,0x0000000024160000)]
  0x000000001c597000 JavaThread "Build operations Thread 5" [_thread_blocked, id=12000, stack(0x0000000023f60000,0x0000000024060000)]
  0x000000001c59d000 JavaThread "Build operations Thread 4" [_thread_blocked, id=17036, stack(0x0000000023e60000,0x0000000023f60000)]
  0x000000001c599800 JavaThread "Build operations Thread 3" [_thread_blocked, id=3448, stack(0x0000000023d60000,0x0000000023e60000)]
  0x000000001c598800 JavaThread "Build operations Thread 2" [_thread_blocked, id=12960, stack(0x0000000023c60000,0x0000000023d60000)]
  0x000000001c59c800 JavaThread "Build operations" [_thread_blocked, id=13884, stack(0x0000000023b60000,0x0000000023c60000)]
  0x000000001c41f800 JavaThread "Cache worker for execution history cache (C:\Users\ty\.gradle\caches\6.1.1\executionHistory)" [_thread_blocked, id=392, stack(0x0000000020ea0000,0x0000000020fa0000)]
  0x000000001c41a800 JavaThread "Cache worker for cache directory md-rule (C:\Users\ty\.gradle\caches\6.1.1\md-rule)" [_thread_blocked, id=16996, stack(0x0000000020da0000,0x0000000020ea0000)]
  0x000000001c419000 JavaThread "Cache worker for cache directory md-supplier (C:\Users\ty\.gradle\caches\6.1.1\md-supplier)" [_thread_blocked, id=1448, stack(0x0000000020ca0000,0x0000000020da0000)]
  0x000000001c41d800 JavaThread "Cache worker for file hash cache (C:\Users\ty\rp_07\Frontend\Android_Frontend\.gradle\6.1.1\fileHashes)" [_thread_blocked, id=10868, stack(0x00000000207a0000,0x00000000208a0000)]
  0x000000001c41f000 JavaThread "Cache worker for checksums cache (C:\Users\ty\rp_07\Frontend\Android_Frontend\.gradle\checksums)" [_thread_blocked, id=13660, stack(0x00000000206a0000,0x00000000207a0000)]
  0x000000001c41b000 JavaThread "Cache worker for file hash cache (C:\Users\ty\.gradle\caches\6.1.1\fileHashes)" [_thread_blocked, id=15880, stack(0x000000001e400000,0x000000001e500000)]
  0x000000001c419800 JavaThread "File lock request listener" [_thread_in_native, id=396, stack(0x000000001e300000,0x000000001e400000)]
  0x000000001c297800 JavaThread "Cache worker for journal cache (C:\Users\ty\.gradle\caches\journal-1)" [_thread_blocked, id=9016, stack(0x000000001e200000,0x000000001e300000)]
  0x000000001c1f3800 JavaThread "Thread-9" [_thread_blocked, id=7096, stack(0x000000001df00000,0x000000001e000000)]
  0x000000001c1f1000 JavaThread "Stdin handler" [_thread_blocked, id=15996, stack(0x000000001de00000,0x000000001df00000)]
  0x000000001c1f0000 JavaThread "Asynchronous log dispatcher for DefaultDaemonConnection: socket connection from /127.0.0.1:59385 to /127.0.0.1:59386" [_thread_blocked, id=14672, stack(0x000000001dd00000,0x000000001de00000)]
  0x000000001c189800 JavaThread "Daemon worker" [_thread_in_Java, id=8828, stack(0x000000001dc00000,0x000000001dd00000)]
  0x000000001c189000 JavaThread "Cancel handler" [_thread_blocked, id=12264, stack(0x000000001db00000,0x000000001dc00000)]
  0x000000001c19b800 JavaThread "Handler for socket connection from /127.0.0.1:59385 to /127.0.0.1:59386" [_thread_in_native, id=6312, stack(0x000000001d800000,0x000000001d900000)]
  0x000000001c19b000 JavaThread "Daemon" [_thread_blocked, id=15776, stack(0x000000001d700000,0x000000001d800000)]
  0x000000001c1a4800 JavaThread "Daemon periodic checks" [_thread_blocked, id=12280, stack(0x000000001d600000,0x000000001d700000)]
  0x000000001c1a3800 JavaThread "Incoming local TCP Connector on port 59385" [_thread_in_native, id=15908, stack(0x000000001d3c0000,0x000000001d4c0000)]
  0x000000001988b800 JavaThread "Daemon health stats" [_thread_blocked, id=1292, stack(0x000000001cd80000,0x000000001ce80000)]
  0x00000000197a8800 JavaThread "Service Thread" daemon [_thread_blocked, id=5020, stack(0x000000001a3e0000,0x000000001a4e0000)]
  0x000000001971d000 JavaThread "C1 CompilerThread3" daemon [_thread_in_vm, id=12592, stack(0x000000001a2e0000,0x000000001a3e0000)]
  0x0000000019719000 JavaThread "C2 CompilerThread2" daemon [_thread_in_native, id=8944, stack(0x000000001a1e0000,0x000000001a2e0000)]
=>0x000000001790c000 JavaThread "C2 CompilerThread1" daemon [_thread_in_native, id=7376, stack(0x000000001a0e0000,0x000000001a1e0000)]
  0x0000000019716000 JavaThread "C2 CompilerThread0" daemon [_thread_in_native, id=8096, stack(0x0000000019fe0000,0x000000001a0e0000)]
  0x0000000019714800 JavaThread "Attach Listener" daemon [_thread_blocked, id=8876, stack(0x0000000019ee0000,0x0000000019fe0000)]
  0x0000000019713800 JavaThread "Signal Dispatcher" daemon [_thread_blocked, id=14440, stack(0x0000000019de0000,0x0000000019ee0000)]
  0x000000000288e000 JavaThread "Finalizer" daemon [_thread_blocked, id=11876, stack(0x0000000019be0000,0x0000000019ce0000)]
  0x00000000178fc800 JavaThread "Reference Handler" daemon [_thread_blocked, id=8388, stack(0x0000000019ae0000,0x0000000019be0000)]
  0x000000000278d800 JavaThread "main" [_thread_blocked, id=2660, stack(0x0000000002670000,0x0000000002770000)]

Other Threads:
  0x00000000178f8000 VMThread [stack: 0x00000000195e0000,0x00000000196e0000] [id=8444]
  0x00000000197a9800 WatcherThread [stack: 0x000000001a4e0000,0x000000001a5e0000] [id=17044]

VM state:not at safepoint (normal execution)

VM Mutex/Monitor currently owned by a thread: None

heap address: 0x0000000080000000, size: 2048 MB, Compressed Oops mode: 32-bit
Narrow klass base: 0x0000000000000000, Narrow klass shift: 3
Compressed class space size: 1073741824 Address: 0x0000000100000000

Heap:
 PSYoungGen      total 255488K, used 207939K [0x00000000d5580000, 0x00000000e7380000, 0x0000000100000000)
  eden space 239616K, 86% used [0x00000000d5580000,0x00000000e2090ec0,0x00000000e3f80000)
  from space 15872K, 0% used [0x00000000e5480000,0x00000000e5480000,0x00000000e6400000)
  to   space 13312K, 0% used [0x00000000e6680000,0x00000000e6680000,0x00000000e7380000)
 ParOldGen       total 77312K, used 15199K [0x0000000080000000, 0x0000000084b80000, 0x00000000d5580000)
  object space 77312K, 19% used [0x0000000080000000,0x0000000080ed7e88,0x0000000084b80000)
 Metaspace       used 52373K, capacity 54262K, committed 54448K, reserved 1095680K
  class space    used 7123K, capacity 7558K, committed 7600K, reserved 1048576K

Card table byte_map: [0x0000000011c50000,0x0000000012060000] byte_map_base: 0x0000000011850000

Marking Bits: (ParMarkBitMap*) 0x0000000061b7f030
 Begin Bits: [0x0000000012b10000, 0x0000000014b10000)
 End Bits:   [0x0000000014b10000, 0x0000000016b10000)

Polling page: 0x00000000025f0000

CodeCache: size=245760Kb used=14328Kb max_used=14340Kb free=231431Kb
 bounds [0x0000000002890000, 0x00000000036a0000, 0x0000000011890000]
 total_blobs=4952 nmethods=4182 adapters=683
 compilation: enabled

Compilation events (10 events):
Event: 7.094 Thread 0x000000001971d000 nmethod 4585 0x000000000368d710 code [0x000000000368d980, 0x000000000368e888]
Event: 7.094 Thread 0x000000001971d000 4584       3       org.gradle.api.internal.DefaultNamedDomainObjectCollection$AbstractDomainObjectCreatingProvider::configure (83 bytes)
Event: 7.095 Thread 0x000000001971d000 nmethod 4584 0x000000000368ef90 code [0x000000000368f1e0, 0x0000000003690028]
Event: 7.097 Thread 0x000000001971d000 4586   !   3       java.lang.invoke.MethodHandles$Lookup::canBeCached (146 bytes)
Event: 7.103 Thread 0x000000001971d000 nmethod 4586 0x0000000003690550 code [0x00000000036909c0, 0x0000000003693b08]
Event: 7.115 Thread 0x0000000019716000 4587       4       java.util.ArrayList::toArray (60 bytes)
Event: 7.116 Thread 0x000000001971d000 4588       1       com.google.common.collect.ImmutableEntry::getValue (5 bytes)
Event: 7.116 Thread 0x000000001971d000 nmethod 4588 0x0000000003695350 code [0x00000000036954a0, 0x00000000036955b0]
Event: 7.117 Thread 0x000000001971d000 4590       3       java.util.regex.Matcher::start (22 bytes)
Event: 7.117 Thread 0x000000001971d000 nmethod 4590 0x0000000003695610 code [0x0000000003695780, 0x00000000036959e8]

GC Heap History (10 events):
Event: 2.687 GC heap before
{Heap before GC invocations=5 (full 0):
 PSYoungGen      total 138240K, used 8537K [0x00000000d5580000, 0x00000000de180000, 0x0000000100000000)
  eden space 133120K, 2% used [0x00000000d5580000,0x00000000d58de540,0x00000000dd780000)
  from space 5120K, 99% used [0x00000000ddc80000,0x00000000de178030,0x00000000de180000)
  to   space 5120K, 0% used [0x00000000dd780000,0x00000000dd780000,0x00000000ddc80000)
 ParOldGen       total 87552K, used 11271K [0x0000000080000000, 0x0000000085580000, 0x00000000d5580000)
  object space 87552K, 12% used [0x0000000080000000,0x0000000080b01c28,0x0000000085580000)
 Metaspace       used 20625K, capacity 21244K, committed 21296K, reserved 1067008K
  class space    used 2896K, capacity 3116K, committed 3120K, reserved 1048576K
Event: 2.696 GC heap after
Heap after GC invocations=5 (full 0):
 PSYoungGen      total 138240K, used 5108K [0x00000000d5580000, 0x00000000e7380000, 0x0000000100000000)
  eden space 133120K, 0% used [0x00000000d5580000,0x00000000d5580000,0x00000000dd780000)
  from space 5120K, 99% used [0x00000000dd780000,0x00000000ddc7d060,0x00000000ddc80000)
  to   space 13312K, 0% used [0x00000000e6680000,0x00000000e6680000,0x00000000e7380000)
 ParOldGen       total 87552K, used 11418K [0x0000000080000000, 0x0000000085580000, 0x00000000d5580000)
  object space 87552K, 13% used [0x0000000080000000,0x0000000080b26888,0x0000000085580000)
 Metaspace       used 20625K, capacity 21244K, committed 21296K, reserved 1067008K
  class space    used 2896K, capacity 3116K, committed 3120K, reserved 1048576K
}
Event: 2.696 GC heap before
{Heap before GC invocations=6 (full 1):
 PSYoungGen      total 138240K, used 5108K [0x00000000d5580000, 0x00000000e7380000, 0x0000000100000000)
  eden space 133120K, 0% used [0x00000000d5580000,0x00000000d5580000,0x00000000dd780000)
  from space 5120K, 99% used [0x00000000dd780000,0x00000000ddc7d060,0x00000000ddc80000)
  to   space 13312K, 0% used [0x00000000e6680000,0x00000000e6680000,0x00000000e7380000)
 ParOldGen       total 87552K, used 11418K [0x0000000080000000, 0x0000000085580000, 0x00000000d5580000)
  object space 87552K, 13% used [0x0000000080000000,0x0000000080b26888,0x0000000085580000)
 Metaspace       used 20625K, capacity 21244K, committed 21296K, reserved 1067008K
  class space    used 2896K, capacity 3116K, committed 3120K, reserved 1048576K
Event: 2.736 GC heap after
Heap after GC invocations=6 (full 1):
 PSYoungGen      total 138240K, used 0K [0x00000000d5580000, 0x00000000e7380000, 0x0000000100000000)
  eden space 133120K, 0% used [0x00000000d5580000,0x00000000d5580000,0x00000000dd780000)
  from space 5120K, 0% used [0x00000000dd780000,0x00000000dd780000,0x00000000ddc80000)
  to   space 13312K, 0% used [0x00000000e6680000,0x00000000e6680000,0x00000000e7380000)
 ParOldGen       total 53760K, used 6919K [0x0000000080000000, 0x0000000083480000, 0x00000000d5580000)
  object space 53760K, 12% used [0x0000000080000000,0x00000000806c1f28,0x0000000083480000)
 Metaspace       used 20625K, capacity 21244K, committed 21296K, reserved 1067008K
  class space    used 2896K, capacity 3116K, committed 3120K, reserved 1048576K
}
Event: 3.876 GC heap before
{Heap before GC invocations=7 (full 1):
 PSYoungGen      total 138240K, used 133120K [0x00000000d5580000, 0x00000000e7380000, 0x0000000100000000)
  eden space 133120K, 100% used [0x00000000d5580000,0x00000000dd780000,0x00000000dd780000)
  from space 5120K, 0% used [0x00000000dd780000,0x00000000dd780000,0x00000000ddc80000)
  to   space 13312K, 0% used [0x00000000e6680000,0x00000000e6680000,0x00000000e7380000)
 ParOldGen       total 53760K, used 6919K [0x0000000080000000, 0x0000000083480000, 0x00000000d5580000)
  object space 53760K, 12% used [0x0000000080000000,0x00000000806c1f28,0x0000000083480000)
 Metaspace       used 32381K, capacity 33168K, committed 33456K, reserved 1077248K
  class space    used 4431K, capacity 4673K, committed 4784K, reserved 1048576K
Event: 3.892 GC heap after
Heap after GC invocations=7 (full 1):
 PSYoungGen      total 252928K, used 13306K [0x00000000d5580000, 0x00000000e7380000, 0x0000000100000000)
  eden space 239616K, 0% used [0x00000000d5580000,0x00000000d5580000,0x00000000e3f80000)
  from space 13312K, 99% used [0x00000000e6680000,0x00000000e737e958,0x00000000e7380000)
  to   space 15872K, 0% used [0x00000000e5480000,0x00000000e5480000,0x00000000e6400000)
 ParOldGen       total 53760K, used 7030K [0x0000000080000000, 0x0000000083480000, 0x00000000d5580000)
  object space 53760K, 13% used [0x0000000080000000,0x00000000806dd898,0x0000000083480000)
 Metaspace       used 32381K, capacity 33168K, committed 33456K, reserved 1077248K
  class space    used 4431K, capacity 4673K, committed 4784K, reserved 1048576K
}
Event: 4.197 GC heap before
{Heap before GC invocations=8 (full 1):
 PSYoungGen      total 252928K, used 61297K [0x00000000d5580000, 0x00000000e7380000, 0x0000000100000000)
  eden space 239616K, 20% used [0x00000000d5580000,0x00000000d845de88,0x00000000e3f80000)
  from space 13312K, 99% used [0x00000000e6680000,0x00000000e737e958,0x00000000e7380000)
  to   space 15872K, 0% used [0x00000000e5480000,0x00000000e5480000,0x00000000e6400000)
 ParOldGen       total 53760K, used 7030K [0x0000000080000000, 0x0000000083480000, 0x00000000d5580000)
  object space 53760K, 13% used [0x0000000080000000,0x00000000806dd898,0x0000000083480000)
 Metaspace       used 34545K, capacity 35394K, committed 35496K, reserved 1079296K
  class space    used 4747K, capacity 4972K, committed 5040K, reserved 1048576K
Event: 4.207 GC heap after
Heap after GC invocations=8 (full 1):
 PSYoungGen      total 255488K, used 8693K [0x00000000d5580000, 0x00000000e7380000, 0x0000000100000000)
  eden space 239616K, 0% used [0x00000000d5580000,0x00000000d5580000,0x00000000e3f80000)
  from space 15872K, 54% used [0x00000000e5480000,0x00000000e5cfd490,0x00000000e6400000)
  to   space 13312K, 0% used [0x00000000e6680000,0x00000000e6680000,0x00000000e7380000)
 ParOldGen       total 53760K, used 7038K [0x0000000080000000, 0x0000000083480000, 0x00000000d5580000)
  object space 53760K, 13% used [0x0000000080000000,0x00000000806df898,0x0000000083480000)
 Metaspace       used 34545K, capacity 35394K, committed 35496K, reserved 1079296K
  class space    used 4747K, capacity 4972K, committed 5040K, reserved 1048576K
}
Event: 4.207 GC heap before
{Heap before GC invocations=9 (full 2):
 PSYoungGen      total 255488K, used 8693K [0x00000000d5580000, 0x00000000e7380000, 0x0000000100000000)
  eden space 239616K, 0% used [0x00000000d5580000,0x00000000d5580000,0x00000000e3f80000)
  from space 15872K, 54% used [0x00000000e5480000,0x00000000e5cfd490,0x00000000e6400000)
  to   space 13312K, 0% used [0x00000000e6680000,0x00000000e6680000,0x00000000e7380000)
 ParOldGen       total 53760K, used 7038K [0x0000000080000000, 0x0000000083480000, 0x00000000d5580000)
  object space 53760K, 13% used [0x0000000080000000,0x00000000806df898,0x0000000083480000)
 Metaspace       used 34545K, capacity 35394K, committed 35496K, reserved 1079296K
  class space    used 4747K, capacity 4972K, committed 5040K, reserved 1048576K
Event: 4.289 GC heap after
Heap after GC invocations=9 (full 2):
 PSYoungGen      total 255488K, used 0K [0x00000000d5580000, 0x00000000e7380000, 0x0000000100000000)
  eden space 239616K, 0% used [0x00000000d5580000,0x00000000d5580000,0x00000000e3f80000)
  from space 15872K, 0% used [0x00000000e5480000,0x00000000e5480000,0x00000000e6400000)
  to   space 13312K, 0% used [0x00000000e6680000,0x00000000e6680000,0x00000000e7380000)
 ParOldGen       total 77312K, used 15199K [0x0000000080000000, 0x0000000084b80000, 0x00000000d5580000)
  object space 77312K, 19% used [0x0000000080000000,0x0000000080ed7e88,0x0000000084b80000)
 Metaspace       used 34545K, capacity 35394K, committed 35496K, reserved 1079296K
  class space    used 4747K, capacity 4972K, committed 5040K, reserved 1048576K
}

Deoptimization events (10 events):
Event: 5.671 Thread 0x000000001c189800 Uncommon trap: reason=unstable_if action=reinterpret pc=0x0000000002d886b0 method=java.util.jar.JarFile.maybeInstantiateVerifier()V @ 4
Event: 5.672 Thread 0x000000001c189800 Uncommon trap: reason=unstable_if action=reinterpret pc=0x000000000341f214 method=java.util.jar.JarFile.maybeInstantiateVerifier()V @ 4
Event: 5.672 Thread 0x000000001c189800 Uncommon trap: reason=unstable_if action=reinterpret pc=0x00000000032ba830 method=java.security.CodeSource.<init>(Ljava/net/URL;[Ljava/security/CodeSigner;)V @ 25
Event: 5.673 Thread 0x000000001c189800 Uncommon trap: reason=unstable_if action=reinterpret pc=0x0000000002e113ac method=java.security.CodeSource.getCertificates()[Ljava/security/cert/Certificate; @ 22
Event: 5.674 Thread 0x000000001c189800 Uncommon trap: reason=unstable_if action=reinterpret pc=0x0000000003236a64 method=java.util.jar.JarFile.maybeInstantiateVerifier()V @ 4
Event: 5.703 Thread 0x000000001c189800 Uncommon trap: reason=unstable_if action=reinterpret pc=0x0000000002a01c60 method=java.util.LinkedHashMap.get(Ljava/lang/Object;)Ljava/lang/Object; @ 20
Event: 5.833 Thread 0x000000001c189800 Uncommon trap: reason=unstable_if action=reinterpret pc=0x0000000002efd3e8 method=org.objectweb.asm.ByteVector.putUTF8(Ljava/lang/String;)Lorg/objectweb/asm/ByteVector; @ 93
Event: 6.249 Thread 0x000000001c189800 Uncommon trap: reason=unstable_if action=reinterpret pc=0x000000000324fdb0 method=org.gradle.internal.reflect.PropertyAccessorType.of(Ljava/lang/reflect/Method;)Lorg/gradle/internal/reflect/PropertyAccessorType; @ 56
Event: 6.460 Thread 0x000000001c189800 Uncommon trap: reason=unstable_if action=reinterpret pc=0x00000000035c9d70 method=org.gradle.internal.instantiation.generator.AbstractClassGenerator$InjectionAnnotationValidator.validateMethod(Ljava/lang/reflect/Method;Lorg/gradle/internal/reflect/Propert
Event: 6.461 Thread 0x000000001c189800 Uncommon trap: reason=unstable_if action=reinterpret pc=0x00000000035cc9b4 method=org.gradle.internal.instantiation.generator.AbstractClassGenerator$InjectionAnnotationValidator.validateMethod(Ljava/lang/reflect/Method;Lorg/gradle/internal/reflect/Propert

Classes redefined (0 events):
No events

Internal exceptions (10 events):
Event: 6.606 Thread 0x000000001c189800 Exception <a 'java/lang/ClassNotFoundException': org/gradle/api/internal/file/AbstractFileCollectionBeanInfo> (0x00000000e0892fa0) thrown at [C:\src\AOSP-openjdk-git\hotspot\src\share\vm\classfile\systemDictionary.cpp, line 210]
Event: 6.607 Thread 0x000000001c189800 Exception <a 'java/lang/ClassNotFoundException': org/gradle/api/internal/file/AbstractFileCollectionCustomizer> (0x00000000e08d25e8) thrown at [C:\src\AOSP-openjdk-git\hotspot\src\share\vm\classfile\systemDictionary.cpp, line 210]
Event: 6.609 Thread 0x000000001c189800 Exception <a 'java/lang/ClassNotFoundException': org/gradle/api/internal/file/CompositeFileCollectionCustomizer> (0x00000000e0922e08) thrown at [C:\src\AOSP-openjdk-git\hotspot\src\share\vm\classfile\systemDictionary.cpp, line 210]
Event: 6.610 Thread 0x000000001c189800 Exception <a 'java/lang/ClassNotFoundException': org/gradle/api/internal/file/CompositeFileTreeCustomizer> (0x00000000e096d408) thrown at [C:\src\AOSP-openjdk-git\hotspot\src\share\vm\classfile\systemDictionary.cpp, line 210]
Event: 6.612 Thread 0x000000001c189800 Exception <a 'java/lang/ClassNotFoundException': org/gradle/api/internal/file/collections/DefaultConfigurableFileTreeCustomizer> (0x00000000e09c4010) thrown at [C:\src\AOSP-openjdk-git\hotspot\src\share\vm\classfile\systemDictionary.cpp, line 210]
Event: 6.743 Thread 0x000000001c189800 Exception <a 'java/lang/ClassNotFoundException': org/gradle/api/plugins/internal/DefaultBasePluginConventionBeanInfo> (0x00000000e1113718) thrown at [C:\src\AOSP-openjdk-git\hotspot\src\share\vm\classfile\systemDictionary.cpp, line 210]
Event: 6.743 Thread 0x000000001c189800 Exception <a 'java/lang/ClassNotFoundException': org/gradle/api/plugins/BasePluginConventionBeanInfo> (0x00000000e113f180) thrown at [C:\src\AOSP-openjdk-git\hotspot\src\share\vm\classfile\systemDictionary.cpp, line 210]
Event: 6.744 Thread 0x000000001c189800 Exception <a 'java/lang/ClassNotFoundException': org/gradle/api/plugins/BasePluginConventionCustomizer> (0x00000000e116b320) thrown at [C:\src\AOSP-openjdk-git\hotspot\src\share\vm\classfile\systemDictionary.cpp, line 210]
Event: 6.745 Thread 0x000000001c189800 Exception <a 'java/lang/ClassNotFoundException': org/gradle/api/plugins/internal/DefaultBasePluginConventionCustomizer> (0x00000000e11b4b80) thrown at [C:\src\AOSP-openjdk-git\hotspot\src\share\vm\classfile\systemDictionary.cpp, line 210]
Event: 6.753 Thread 0x000000001c189800 Exception <a 'java/lang/NoSuchMethodError': java.lang.Object.lambda$comparingInt$7b0bb60$1(Ljava/util/function/ToIntFunction;Ljava/lang/Object;Ljava/lang/Object;)I> (0x00000000e1225a58) thrown at [C:\src\AOSP-openjdk-git\hotspot\src\share\vm\interpreter\l

Events (10 events):
Event: 7.119 loading class com/android/build/gradle/internal/tasks/DeviceProviderInstrumentTestTask
Event: 7.119 loading class com/android/build/gradle/internal/tasks/DeviceProviderInstrumentTestTask done
Event: 7.120 loading class com/android/build/gradle/internal/tasks/AndroidTestTask
Event: 7.120 loading class com/android/build/gradle/internal/tasks/AndroidTestTask done
Event: 7.120 loading class org/gradle/api/tasks/VerificationTask
Event: 7.120 loading class org/gradle/api/tasks/VerificationTask done
Event: 7.121 loading class org/gradle/api/file/DirectoryProperty
Event: 7.121 loading class org/gradle/api/file/DirectoryProperty done
Event: 7.122 loading class com/android/ide/common/workers/ExecutorServiceAdapter
Event: 7.122 loading class com/android/ide/common/workers/ExecutorServiceAdapter done


Dynamic libraries:
0x00007ff715950000 - 0x00007ff715981000 	C:\Program Files\Android\Android Studio\jre\bin\java.exe
0x00007ffd4fc70000 - 0x00007ffd4fe65000 	C:\WINDOWS\SYSTEM32\ntdll.dll
0x00007ffd4f610000 - 0x00007ffd4f6cd000 	C:\WINDOWS\System32\KERNEL32.DLL
0x00007ffd4d6a0000 - 0x00007ffd4d967000 	C:\WINDOWS\System32\KERNELBASE.dll
0x00007ffd4fb80000 - 0x00007ffd4fc2a000 	C:\WINDOWS\System32\ADVAPI32.dll
0x00007ffd4e850000 - 0x00007ffd4e8ee000 	C:\WINDOWS\System32\msvcrt.dll
0x00007ffd4dd40000 - 0x00007ffd4dddb000 	C:\WINDOWS\System32\sechost.dll
0x00007ffd4f4e0000 - 0x00007ffd4f603000 	C:\WINDOWS\System32\RPCRT4.dll
0x00007ffd4dde0000 - 0x00007ffd4df80000 	C:\WINDOWS\System32\USER32.dll
0x00007ffd4dbb0000 - 0x00007ffd4dbd2000 	C:\WINDOWS\System32\win32u.dll
0x00007ffd4e610000 - 0x00007ffd4e63a000 	C:\WINDOWS\System32\GDI32.dll
0x00007ffd4d3f0000 - 0x00007ffd4d4fa000 	C:\WINDOWS\System32\gdi32full.dll
0x00007ffd4d5b0000 - 0x00007ffd4d64d000 	C:\WINDOWS\System32\msvcp_win.dll
0x00007ffd4dbe0000 - 0x00007ffd4dce0000 	C:\WINDOWS\System32\ucrtbase.dll
0x00007ffd334d0000 - 0x00007ffd3376a000 	C:\WINDOWS\WinSxS\amd64_microsoft.windows.common-controls_6595b64144ccf1df_6.0.19041.1_none_b555e41d4684ddec\COMCTL32.dll
0x00007ffd4fb40000 - 0x00007ffd4fb70000 	C:\WINDOWS\System32\IMM32.DLL
0x00000000611f0000 - 0x00000000612c2000 	C:\Program Files\Android\Android Studio\jre\jre\bin\msvcr100.dll
0x00000000613b0000 - 0x0000000061bfb000 	C:\Program Files\Android\Android Studio\jre\jre\bin\server\jvm.dll
0x00007ffd4fb70000 - 0x00007ffd4fb78000 	C:\WINDOWS\System32\PSAPI.DLL
0x00007ffd31430000 - 0x00007ffd31457000 	C:\WINDOWS\SYSTEM32\WINMM.dll
0x00007ffd4c260000 - 0x00007ffd4c26a000 	C:\WINDOWS\SYSTEM32\VERSION.dll
0x00007ffd36540000 - 0x00007ffd36549000 	C:\WINDOWS\SYSTEM32\WSOCK32.dll
0x00007ffd4e6c0000 - 0x00007ffd4e72b000 	C:\WINDOWS\System32\WS2_32.dll
0x00007ffd48a90000 - 0x00007ffd48a9f000 	C:\Program Files\Android\Android Studio\jre\jre\bin\verify.dll
0x00007ffd46150000 - 0x00007ffd46179000 	C:\Program Files\Android\Android Studio\jre\jre\bin\java.dll
0x00007ffd45e30000 - 0x00007ffd45e46000 	C:\Program Files\Android\Android Studio\jre\jre\bin\zip.dll
0x00007ffd4ecf0000 - 0x00007ffd4f430000 	C:\WINDOWS\System32\SHELL32.dll
0x00007ffd4ba80000 - 0x00007ffd4c211000 	C:\WINDOWS\SYSTEM32\windows.storage.dll
0x00007ffd4df80000 - 0x00007ffd4e2d3000 	C:\WINDOWS\System32\combase.dll
0x00007ffd4ce40000 - 0x00007ffd4ce6c000 	C:\WINDOWS\SYSTEM32\Wldp.dll
0x00007ffd4e7a0000 - 0x00007ffd4e84e000 	C:\WINDOWS\System32\SHCORE.dll
0x00007ffd4e490000 - 0x00007ffd4e4e5000 	C:\WINDOWS\System32\shlwapi.dll
0x00007ffd4d300000 - 0x00007ffd4d31f000 	C:\WINDOWS\SYSTEM32\profapi.dll
0x00007ffd45db0000 - 0x00007ffd45dca000 	C:\Program Files\Android\Android Studio\jre\jre\bin\net.dll
0x00007ffd4cbc0000 - 0x00007ffd4cc2a000 	C:\WINDOWS\system32\mswsock.dll
0x00007ffd40880000 - 0x00007ffd40893000 	C:\Program Files\Android\Android Studio\jre\jre\bin\nio.dll
0x00007ffd3e3b0000 - 0x00007ffd3e3d6000 	C:\Users\ty\.gradle\native\31\windows-amd64\native-platform.dll
0x00007ffd48100000 - 0x00007ffd4810d000 	C:\Program Files\Android\Android Studio\jre\jre\bin\management.dll
0x00007ffd4cda0000 - 0x00007ffd4cdb8000 	C:\WINDOWS\SYSTEM32\CRYPTSP.dll
0x00007ffd4c4e0000 - 0x00007ffd4c514000 	C:\WINDOWS\system32\rsaenh.dll
0x00007ffd4d3c0000 - 0x00007ffd4d3e7000 	C:\WINDOWS\System32\bcrypt.dll
0x00007ffd4d2c0000 - 0x00007ffd4d2ee000 	C:\WINDOWS\SYSTEM32\USERENV.dll
0x00007ffd4d9d0000 - 0x00007ffd4da4f000 	C:\WINDOWS\System32\bcryptprimitives.dll
0x00007ffd4cd90000 - 0x00007ffd4cd9c000 	C:\WINDOWS\SYSTEM32\CRYPTBASE.dll
0x00007ffd4c860000 - 0x00007ffd4c89b000 	C:\WINDOWS\SYSTEM32\IPHLPAPI.DLL
0x00007ffd4e9a0000 - 0x00007ffd4e9a9000 	C:\WINDOWS\System32\NSI.dll
0x00007ffd41550000 - 0x00007ffd41567000 	C:\WINDOWS\SYSTEM32\dhcpcsvc6.DLL
0x00007ffd45340000 - 0x00007ffd4535d000 	C:\WINDOWS\SYSTEM32\dhcpcsvc.DLL
0x00007ffd4c8a0000 - 0x00007ffd4c96a000 	C:\WINDOWS\SYSTEM32\DNSAPI.dll

VM Arguments:
jvm_args: -Xmx2048m -Dfile.encoding=windows-1252 -Duser.country=US -Duser.language=en -Duser.variant 
java_command: org.gradle.launcher.daemon.bootstrap.GradleDaemon 6.1.1
java_class_path (initial): C:\Users\ty\.gradle\wrapper\dists\gradle-6.1.1-all\cfmwm155h49vnt3hynmlrsdst\gradle-6.1.1\lib\gradle-launcher-6.1.1.jar
Launcher Type: SUN_STANDARD

Environment Variables:
JAVA_HOME=C:\Program Files\Java\jdk1.8.0_261
PATH=C:\Program Files (x86)\Common Files\Oracle\Java\javapath;C:\WINDOWS\system32;C:\WINDOWS;C:\WINDOWS\System32\Wbem;C:\WINDOWS\System32\WindowsPowerShell\v1.0\;C:\WINDOWS\System32\OpenSSH\;C:\Program Files\Git\cmd;C:\Program Files\Java\jdk-14.0.2\bin;C:\Users\ty\AppData\Local\Microsoft\WindowsApps;C:\Users\ty\AppData\Local\atom\bin;C:\Users\ty\AppData\Local\Programs\Microsoft VS Code\bin;C:\Users\ty\Documents\coms309\apache-maven-3.6.3\bin;
USERNAME=ty
OS=Windows_NT
PROCESSOR_IDENTIFIER=Intel64 Family 6 Model 142 Stepping 10, GenuineIntel



---------------  S Y S T E M  ---------------

OS: Windows 10.0 , 64 bit Build 19041 (10.0.19041.292)

CPU:total 8 (initial active 8) (4 cores per cpu, 2 threads per core) family 6 model 142 stepping 10, cmov, cx8, fxsr, mmx, sse, sse2, sse3, ssse3, sse4.1, sse4.2, popcnt, avx, avx2, aes, clmul, erms, 3dnowpref, lzcnt, ht, tsc, tscinvbit, bmi1, bmi2, adx

Memory: 4k page, physical 8298360k(1241160k free), swap 10447836k(5328k free)

vm_info: OpenJDK 64-Bit Server VM (25.242-b01) for windows-amd64 JRE (1.8.0_242-release-1644-b01), built by "builder" with MS VC++ 10.0 (VS2010)

time: Mon Sep 21 16:07:07 2020
timezone: Central Daylight Time
elapsed time: 7 seconds (0d 0h 0m 7s)

