#
# There is insufficient memory for the Java Runtime Environment to continue.
# Native memory allocation (malloc) failed to allocate 2117936 bytes for Chunk::new
# Possible reasons:
#   The system is out of physical RAM or swap space
#   The process is running with CompressedOops enabled, and the Java Heap may be blocking the growth of the native heap
# Possible solutions:
#   Reduce memory load on the system
#   Increase physical memory or swap space
#   Check if swap backing store is full
#   Decrease Java heap size (-Xmx/-Xms)
#   Decrease number of Java threads
#   Decrease Java thread stack sizes (-Xss)
#   Set larger code cache with -XX:ReservedCodeCacheSize=
#   JVM is running with Unscaled Compressed Oops mode in which the Java heap is
#     placed in the first 4GB address space. The Java Heap base address is the
#     maximum limit for the native heap growth. Please use -XX:HeapBaseMinAddress
#     to set the Java Heap base and to place the Java Heap above 4GB virtual address.
# This output file may be truncated or incomplete.
#
#  Out of Memory Error (allocation.cpp:389), pid=1000, tid=0x00000000000041a0
#
# JRE version: OpenJDK Runtime Environment (8.0_242-b01) (build 1.8.0_242-release-1644-b01)
# Java VM: OpenJDK 64-Bit Server VM (25.242-b01 mixed mode windows-amd64 compressed oops)
# Failed to write core dump. Minidumps are not enabled by default on client versions of Windows
#

---------------  T H R E A D  ---------------

Current thread (0x0000000019458000):  JavaThread "C2 CompilerThread2" daemon [_thread_in_native, id=16800, stack(0x0000000019f10000,0x000000001a010000)]

Stack: [0x0000000019f10000,0x000000001a010000]
[error occurred during error reporting (printing stack bounds), id 0xc0000005]

Native frames: (J=compiled Java code, j=interpreted, Vv=VM code, C=native code)


Current CompileTask:
C2:   2242 1479   !   4       java.net.URLClassLoader$1::run (63 bytes)


---------------  P R O C E S S  ---------------

Java Threads: ( => current thread )
  0x0000000019455000 JavaThread "Cache worker for file hash cache (C:\Users\ty\rp_07\Frontend\Android_Frontend\.gradle\6.1.1\fileHashes)" [_thread_blocked, id=10924, stack(0x00000000208e0000,0x00000000209e0000)]
  0x000000001945a800 JavaThread "Cache worker for checksums cache (C:\Users\ty\rp_07\Frontend\Android_Frontend\.gradle\checksums)" [_thread_blocked, id=16164, stack(0x000000001e230000,0x000000001e330000)]
  0x000000001945b000 JavaThread "Cache worker for file hash cache (C:\Users\ty\.gradle\caches\6.1.1\fileHashes)" [_thread_blocked, id=4116, stack(0x000000001e130000,0x000000001e230000)]
  0x0000000019456000 JavaThread "File lock request listener" [_thread_in_native, id=12452, stack(0x000000001e030000,0x000000001e130000)]
  0x000000001bfce800 JavaThread "Cache worker for journal cache (C:\Users\ty\.gradle\caches\journal-1)" [_thread_blocked, id=11948, stack(0x000000001df30000,0x000000001e030000)]
  0x000000001be03000 JavaThread "Thread-9" [_thread_blocked, id=13792, stack(0x000000001dc30000,0x000000001dd30000)]
  0x000000001be02000 JavaThread "Stdin handler" [_thread_blocked, id=13424, stack(0x000000001db30000,0x000000001dc30000)]
  0x000000001be01000 JavaThread "Asynchronous log dispatcher for DefaultDaemonConnection: socket connection from /127.0.0.1:59311 to /127.0.0.1:59312" [_thread_blocked, id=13476, stack(0x000000001da30000,0x000000001db30000)]
  0x000000001bdfb800 JavaThread "Daemon worker" [_thread_in_vm, id=12476, stack(0x000000001d930000,0x000000001da30000)]
  0x000000001bf22800 JavaThread "Cancel handler" [_thread_blocked, id=15064, stack(0x000000001d830000,0x000000001d930000)]
  0x000000001bdea800 JavaThread "Handler for socket connection from /127.0.0.1:59311 to /127.0.0.1:59312" [_thread_in_native, id=6696, stack(0x000000001d530000,0x000000001d630000)]
  0x000000001bde8800 JavaThread "Daemon" [_thread_blocked, id=15832, stack(0x000000001d430000,0x000000001d530000)]
  0x000000001be4c800 JavaThread "Daemon periodic checks" [_thread_blocked, id=11588, stack(0x000000001d330000,0x000000001d430000)]
  0x000000001bdbe000 JavaThread "Incoming local TCP Connector on port 59311" [_thread_in_native, id=1252, stack(0x000000001d0f0000,0x000000001d1f0000)]
  0x000000001bd06000 JavaThread "Daemon health stats" [_thread_blocked, id=16500, stack(0x000000001cab0000,0x000000001cbb0000)]
  0x00000000194e4800 JavaThread "Service Thread" daemon [_thread_blocked, id=15056, stack(0x000000001a110000,0x000000001a210000)]
  0x0000000019459800 JavaThread "C1 CompilerThread3" daemon [_thread_blocked, id=12928, stack(0x000000001a010000,0x000000001a110000)]
=>0x0000000019458000 JavaThread "C2 CompilerThread2" daemon [_thread_in_native, id=16800, stack(0x0000000019f10000,0x000000001a010000)]
  0x000000001763c800 JavaThread "C2 CompilerThread1" daemon [_thread_blocked, id=11860, stack(0x0000000019e10000,0x0000000019f10000)]
  0x0000000019444000 JavaThread "C2 CompilerThread0" daemon [_thread_in_native, id=14616, stack(0x0000000019d10000,0x0000000019e10000)]
  0x0000000019443000 JavaThread "Attach Listener" daemon [_thread_blocked, id=17004, stack(0x0000000019c10000,0x0000000019d10000)]
  0x0000000019445800 JavaThread "Signal Dispatcher" daemon [_thread_blocked, id=15844, stack(0x0000000019b10000,0x0000000019c10000)]
  0x000000000258e000 JavaThread "Finalizer" daemon [_thread_blocked, id=4244, stack(0x0000000019910000,0x0000000019a10000)]
  0x000000001762c800 JavaThread "Reference Handler" daemon [_thread_blocked, id=10992, stack(0x0000000019810000,0x0000000019910000)]
  0x000000000238d800 JavaThread "main" [_thread_blocked, id=1416, stack(0x0000000002390000,0x0000000002490000)]

Other Threads:
  0x0000000017628000 VMThread [stack: 0x0000000019310000,0x0000000019410000] [id=16708]
  0x00000000194a7800 WatcherThread [stack: 0x000000001a210000,0x000000001a310000] [id=3864]

VM state:not at safepoint (normal execution)

VM Mutex/Monitor currently owned by a thread: None

heap address: 0x0000000080000000, size: 2048 MB, Compressed Oops mode: 32-bit
Narrow klass base: 0x0000000000000000, Narrow klass shift: 3
Compressed class space size: 1073741824 Address: 0x0000000100000000

Heap:
 PSYoungGen      total 71680K, used 49306K [0x00000000d5580000, 0x00000000da080000, 0x0000000100000000)
  eden space 66560K, 66% used [0x00000000d5580000,0x00000000d80ae8b0,0x00000000d9680000)
  from space 5120K, 99% used [0x00000000d9680000,0x00000000d9b78040,0x00000000d9b80000)
  to   space 5120K, 0% used [0x00000000d9b80000,0x00000000d9b80000,0x00000000da080000)
 ParOldGen       total 87552K, used 4636K [0x0000000080000000, 0x0000000085580000, 0x00000000d5580000)
  object space 87552K, 5% used [0x0000000080000000,0x00000000804871a0,0x0000000085580000)
 Metaspace       used 18751K, capacity 19384K, committed 19712K, reserved 1067008K
  class space    used 2597K, capacity 2804K, committed 2816K, reserved 1048576K

Card table byte_map: [0x0000000011950000,0x0000000011d60000] byte_map_base: 0x0000000011550000

Marking Bits: (ParMarkBitMap*) 0x0000000061b7f030
 Begin Bits: [0x0000000012810000, 0x0000000014810000)
 End Bits:   [0x0000000014810000, 0x0000000016810000)

Polling page: 0x00000000022b0000

CodeCache: size=245760Kb used=5738Kb max_used=5738Kb free=240021Kb
 bounds [0x0000000002590000, 0x0000000002b30000, 0x0000000011590000]
 total_blobs=2083 nmethods=1669 adapters=327
 compilation: enabled

Compilation events (10 events):
Event: 2.229 Thread 0x000000001763c800 1667  s!   4       java.net.URLStreamHandler::getHostAddress (54 bytes)
Event: 2.231 Thread 0x000000001763c800 nmethod 1667 0x0000000002b23fd0 code [0x0000000002b24120, 0x0000000002b24458]
Event: 2.233 Thread 0x0000000019459800 1668       3       java.lang.invoke.MethodType$ConcurrentWeakInternSet$WeakEntry::<init> (15 bytes)
Event: 2.233 Thread 0x0000000019459800 nmethod 1668 0x0000000002b25090 code [0x0000000002b25220, 0x0000000002b25608]
Event: 2.235 Thread 0x0000000019459800 1670       3       sun.reflect.NativeMethodAccessorImpl::invoke (104 bytes)
Event: 2.237 Thread 0x0000000019459800 nmethod 1670 0x0000000002b2ca50 code [0x0000000002b2ccc0, 0x0000000002b2e158]
Event: 2.238 Thread 0x0000000019459800 1672       3       java.net.URI::match (56 bytes)
Event: 2.238 Thread 0x0000000019459800 nmethod 1672 0x0000000002b24790 code [0x0000000002b24900, 0x0000000002b24c10]
Event: 2.238 Thread 0x0000000019459800 1673       3       java.net.URI$Parser::scan (73 bytes)
Event: 2.239 Thread 0x0000000019459800 nmethod 1673 0x0000000002b2bd10 code [0x0000000002b2bee0, 0x0000000002b2c5e8]

GC Heap History (6 events):
Event: 0.662 GC heap before
{Heap before GC invocations=1 (full 0):
 PSYoungGen      total 38400K, used 33280K [0x00000000d5580000, 0x00000000d8000000, 0x0000000100000000)
  eden space 33280K, 100% used [0x00000000d5580000,0x00000000d7600000,0x00000000d7600000)
  from space 5120K, 0% used [0x00000000d7b00000,0x00000000d7b00000,0x00000000d8000000)
  to   space 5120K, 0% used [0x00000000d7600000,0x00000000d7600000,0x00000000d7b00000)
 ParOldGen       total 87552K, used 0K [0x0000000080000000, 0x0000000085580000, 0x00000000d5580000)
  object space 87552K, 0% used [0x0000000080000000,0x0000000080000000,0x0000000085580000)
 Metaspace       used 7186K, capacity 7372K, committed 7680K, reserved 1056768K
  class space    used 883K, capacity 968K, committed 1024K, reserved 1048576K
Event: 0.669 GC heap after
Heap after GC invocations=1 (full 0):
 PSYoungGen      total 38400K, used 4444K [0x00000000d5580000, 0x00000000da080000, 0x0000000100000000)
  eden space 33280K, 0% used [0x00000000d5580000,0x00000000d5580000,0x00000000d7600000)
  from space 5120K, 86% used [0x00000000d7600000,0x00000000d7a572f8,0x00000000d7b00000)
  to   space 5120K, 0% used [0x00000000d9b80000,0x00000000d9b80000,0x00000000da080000)
 ParOldGen       total 87552K, used 16K [0x0000000080000000, 0x0000000085580000, 0x00000000d5580000)
  object space 87552K, 0% used [0x0000000080000000,0x0000000080004000,0x0000000085580000)
 Metaspace       used 7186K, capacity 7372K, committed 7680K, reserved 1056768K
  class space    used 883K, capacity 968K, committed 1024K, reserved 1048576K
}
Event: 0.889 GC heap before
{Heap before GC invocations=2 (full 0):
 PSYoungGen      total 38400K, used 37724K [0x00000000d5580000, 0x00000000da080000, 0x0000000100000000)
  eden space 33280K, 100% used [0x00000000d5580000,0x00000000d7600000,0x00000000d7600000)
  from space 5120K, 86% used [0x00000000d7600000,0x00000000d7a572f8,0x00000000d7b00000)
  to   space 5120K, 0% used [0x00000000d9b80000,0x00000000d9b80000,0x00000000da080000)
 ParOldGen       total 87552K, used 16K [0x0000000080000000, 0x0000000085580000, 0x00000000d5580000)
  object space 87552K, 0% used [0x0000000080000000,0x0000000080004000,0x0000000085580000)
 Metaspace       used 7438K, capacity 7684K, committed 7936K, reserved 1056768K
  class space    used 915K, capacity 1008K, committed 1024K, reserved 1048576K
Event: 0.893 GC heap after
Heap after GC invocations=2 (full 0):
 PSYoungGen      total 71680K, used 3329K [0x00000000d5580000, 0x00000000da080000, 0x0000000100000000)
  eden space 66560K, 0% used [0x00000000d5580000,0x00000000d5580000,0x00000000d9680000)
  from space 5120K, 65% used [0x00000000d9b80000,0x00000000d9ec0578,0x00000000da080000)
  to   space 5120K, 0% used [0x00000000d9680000,0x00000000d9680000,0x00000000d9b80000)
 ParOldGen       total 87552K, used 24K [0x0000000080000000, 0x0000000085580000, 0x00000000d5580000)
  object space 87552K, 0% used [0x0000000080000000,0x0000000080006000,0x0000000085580000)
 Metaspace       used 7438K, capacity 7684K, committed 7936K, reserved 1056768K
  class space    used 915K, capacity 1008K, committed 1024K, reserved 1048576K
}
Event: 1.827 GC heap before
{Heap before GC invocations=3 (full 0):
 PSYoungGen      total 71680K, used 69889K [0x00000000d5580000, 0x00000000da080000, 0x0000000100000000)
  eden space 66560K, 100% used [0x00000000d5580000,0x00000000d9680000,0x00000000d9680000)
  from space 5120K, 65% used [0x00000000d9b80000,0x00000000d9ec0578,0x00000000da080000)
  to   space 5120K, 0% used [0x00000000d9680000,0x00000000d9680000,0x00000000d9b80000)
 ParOldGen       total 87552K, used 24K [0x0000000080000000, 0x0000000085580000, 0x00000000d5580000)
  object space 87552K, 0% used [0x0000000080000000,0x0000000080006000,0x0000000085580000)
 Metaspace       used 15227K, capacity 15656K, committed 15872K, reserved 1062912K
  class space    used 2036K, capacity 2186K, committed 2304K, reserved 1048576K
Event: 1.848 GC heap after
Heap after GC invocations=3 (full 0):
 PSYoungGen      total 71680K, used 5088K [0x00000000d5580000, 0x00000000da080000, 0x0000000100000000)
  eden space 66560K, 0% used [0x00000000d5580000,0x00000000d5580000,0x00000000d9680000)
  from space 5120K, 99% used [0x00000000d9680000,0x00000000d9b78040,0x00000000d9b80000)
  to   space 5120K, 0% used [0x00000000d9b80000,0x00000000d9b80000,0x00000000da080000)
 ParOldGen       total 87552K, used 4636K [0x0000000080000000, 0x0000000085580000, 0x00000000d5580000)
  object space 87552K, 5% used [0x0000000080000000,0x00000000804871a0,0x0000000085580000)
 Metaspace       used 15227K, capacity 15656K, committed 15872K, reserved 1062912K
  class space    used 2036K, capacity 2186K, committed 2304K, reserved 1048576K
}

Deoptimization events (10 events):
Event: 1.579 Thread 0x000000001bdfb800 Uncommon trap: reason=bimorphic action=maybe_recompile pc=0x0000000002869014 method=java.util.HashMap.putVal(ILjava/lang/Object;Ljava/lang/Object;ZZ)Ljava/lang/Object; @ 253
Event: 1.579 Thread 0x000000001bdfb800 Uncommon trap: reason=bimorphic action=maybe_recompile pc=0x000000000285fa94 method=java.util.HashMap.putVal(ILjava/lang/Object;Ljava/lang/Object;ZZ)Ljava/lang/Object; @ 253
Event: 1.741 Thread 0x000000001bdfb800 Uncommon trap: reason=class_check action=maybe_recompile pc=0x00000000028cb498 method=java.util.regex.Matcher.match(II)Z @ 86
Event: 1.751 Thread 0x000000001bdfb800 Uncommon trap: reason=class_check action=maybe_recompile pc=0x00000000028cb498 method=java.util.regex.Matcher.match(II)Z @ 86
Event: 1.752 Thread 0x000000001bdfb800 Uncommon trap: reason=class_check action=maybe_recompile pc=0x00000000028cb498 method=java.util.regex.Matcher.match(II)Z @ 86
Event: 1.752 Thread 0x000000001bdfb800 Uncommon trap: reason=class_check action=maybe_recompile pc=0x000000000274b49c method=java.util.regex.Matcher.match(II)Z @ 86
Event: 1.942 Thread 0x000000001bdfb800 Uncommon trap: reason=unstable_if action=reinterpret pc=0x00000000028ca05c method=java.io.File.getName()Ljava/lang/String; @ 16
Event: 2.074 Thread 0x000000001bdfb800 Uncommon trap: reason=unstable_if action=reinterpret pc=0x0000000002a2bde8 method=java.util.HashMap.putVal(ILjava/lang/Object;Ljava/lang/Object;ZZ)Ljava/lang/Object; @ 236
Event: 2.238 Thread 0x000000001bdfb800 Uncommon trap: reason=unstable_if action=reinterpret pc=0x000000000275d208 method=java.net.URI.match(CJJ)Z @ 19
Event: 2.238 Thread 0x000000001bdfb800 Uncommon trap: reason=unstable_if action=reinterpret pc=0x0000000002831a00 method=java.net.URI.match(CJJ)Z @ 19

Classes redefined (0 events):
No events

Internal exceptions (10 events):
Event: 1.545 Thread 0x000000001bdea800 Exception <a 'java/lang/NoSuchMethodError': <clinit>> (0x00000000d72a8448) thrown at [C:\src\AOSP-openjdk-git\hotspot\src\share\vm\prims\jni.cpp, line 1615]
Event: 1.545 Thread 0x000000001bdea800 Exception <a 'java/lang/NoSuchMethodError': <clinit>> (0x00000000d72b0fe8) thrown at [C:\src\AOSP-openjdk-git\hotspot\src\share\vm\prims\jni.cpp, line 1615]
Event: 1.547 Thread 0x000000001bdea800 Exception <a 'java/lang/NoSuchMethodError': <clinit>> (0x00000000d72c7378) thrown at [C:\src\AOSP-openjdk-git\hotspot\src\share\vm\prims\jni.cpp, line 1615]
Event: 1.553 Thread 0x000000001bdea800 Exception <a 'java/lang/NoSuchMethodError': <clinit>> (0x00000000d7321a00) thrown at [C:\src\AOSP-openjdk-git\hotspot\src\share\vm\prims\jni.cpp, line 1615]
Event: 1.556 Thread 0x000000001bdea800 Exception <a 'java/lang/NoSuchMethodError': <clinit>> (0x00000000d734e360) thrown at [C:\src\AOSP-openjdk-git\hotspot\src\share\vm\prims\jni.cpp, line 1615]
Event: 1.559 Thread 0x000000001bdea800 Exception <a 'java/lang/NoSuchMethodError': <clinit>> (0x00000000d737b510) thrown at [C:\src\AOSP-openjdk-git\hotspot\src\share\vm\prims\jni.cpp, line 1615]
Event: 1.560 Thread 0x000000001bdea800 Exception <a 'java/lang/NoSuchMethodError': <clinit>> (0x00000000d7386598) thrown at [C:\src\AOSP-openjdk-git\hotspot\src\share\vm\prims\jni.cpp, line 1615]
Event: 1.972 Thread 0x000000001bdfb800 Exception <a 'java/lang/NoSuchMethodError': java.lang.Object.lambda$and$0(Ljava/util/function/Predicate;Ljava/lang/Object;)Z> (0x00000000d6714f68) thrown at [C:\src\AOSP-openjdk-git\hotspot\src\share\vm\interpreter\linkResolver.cpp, line 620]
Event: 1.975 Thread 0x000000001bdfb800 Exception <a 'java/lang/IncompatibleClassChangeError': Found class java.lang.Object, but interface was expected> (0x00000000d6725758) thrown at [C:\src\AOSP-openjdk-git\hotspot\src\share\vm\interpreter\linkResolver.cpp, line 653]
Event: 1.977 Thread 0x000000001bdfb800 Exception <a 'java/lang/NoSuchMethodError': java.lang.Object.lambda$or$2(Ljava/util/function/Predicate;Ljava/lang/Object;)Z> (0x00000000d672a678) thrown at [C:\src\AOSP-openjdk-git\hotspot\src\share\vm\interpreter\linkResolver.cpp, line 620]

Events (10 events):
Event: 2.238 Thread 0x000000001bdfb800 Uncommon trap: trap_request=0xffffff65 fr.pc=0x000000000275d208
Event: 2.238 Thread 0x000000001bdfb800 DEOPT PACKING pc=0x000000000275d208 sp=0x000000001da2bb20
Event: 2.238 Thread 0x000000001bdfb800 DEOPT UNPACKING pc=0x00000000025d557b sp=0x000000001da2bab0 mode 2
Event: 2.238 Thread 0x000000001bdfb800 Uncommon trap: trap_request=0xffffff65 fr.pc=0x0000000002831a00
Event: 2.238 Thread 0x000000001bdfb800 DEOPT PACKING pc=0x0000000002831a00 sp=0x000000001da2bc30
Event: 2.238 Thread 0x000000001bdfb800 DEOPT UNPACKING pc=0x00000000025d557b sp=0x000000001da2bab8 mode 2
Event: 2.238 loading class org/gradle/language/java/internal/JavaLanguagePluginServiceRegistry$JavaGradleScopeServices
Event: 2.238 loading class org/gradle/language/java/internal/JavaLanguagePluginServiceRegistry$JavaGradleScopeServices done
Event: 2.240 loading class org/gradle/api/internal/tasks/compile/processing/AnnotationProcessorDetector
Event: 2.240 loading class org/gradle/api/internal/tasks/compile/processing/AnnotationProcessorDetector done


Dynamic libraries:
0x00007ff715950000 - 0x00007ff715981000 	C:\Program Files\Android\Android Studio\jre\bin\java.exe
0x00007ffd4fc70000 - 0x00007ffd4fe65000 	C:\WINDOWS\SYSTEM32\ntdll.dll
0x00007ffd4f610000 - 0x00007ffd4f6cd000 	C:\WINDOWS\System32\KERNEL32.DLL
0x00007ffd4d6a0000 - 0x00007ffd4d967000 	C:\WINDOWS\System32\KERNELBASE.dll
0x00007ffd4fb80000 - 0x00007ffd4fc2a000 	C:\WINDOWS\System32\ADVAPI32.dll
0x00007ffd4e850000 - 0x00007ffd4e8ee000 	C:\WINDOWS\System32\msvcrt.dll
0x00007ffd4dd40000 - 0x00007ffd4dddb000 	C:\WINDOWS\System32\sechost.dll
0x00007ffd4f4e0000 - 0x00007ffd4f603000 	C:\WINDOWS\System32\RPCRT4.dll
0x00007ffd4dde0000 - 0x00007ffd4df80000 	C:\WINDOWS\System32\USER32.dll
0x00007ffd4dbb0000 - 0x00007ffd4dbd2000 	C:\WINDOWS\System32\win32u.dll
0x00007ffd4e610000 - 0x00007ffd4e63a000 	C:\WINDOWS\System32\GDI32.dll
0x00007ffd4d3f0000 - 0x00007ffd4d4fa000 	C:\WINDOWS\System32\gdi32full.dll
0x00007ffd4d5b0000 - 0x00007ffd4d64d000 	C:\WINDOWS\System32\msvcp_win.dll
0x00007ffd4dbe0000 - 0x00007ffd4dce0000 	C:\WINDOWS\System32\ucrtbase.dll
0x00007ffd334d0000 - 0x00007ffd3376a000 	C:\WINDOWS\WinSxS\amd64_microsoft.windows.common-controls_6595b64144ccf1df_6.0.19041.1_none_b555e41d4684ddec\COMCTL32.dll
0x00007ffd4fb40000 - 0x00007ffd4fb70000 	C:\WINDOWS\System32\IMM32.DLL
0x00000000611f0000 - 0x00000000612c2000 	C:\Program Files\Android\Android Studio\jre\jre\bin\msvcr100.dll
0x00000000613b0000 - 0x0000000061bfb000 	C:\Program Files\Android\Android Studio\jre\jre\bin\server\jvm.dll
0x00007ffd4fb70000 - 0x00007ffd4fb78000 	C:\WINDOWS\System32\PSAPI.DLL
0x00007ffd31430000 - 0x00007ffd31457000 	C:\WINDOWS\SYSTEM32\WINMM.dll
0x00007ffd4c260000 - 0x00007ffd4c26a000 	C:\WINDOWS\SYSTEM32\VERSION.dll
0x00007ffd36540000 - 0x00007ffd36549000 	C:\WINDOWS\SYSTEM32\WSOCK32.dll
0x00007ffd4e6c0000 - 0x00007ffd4e72b000 	C:\WINDOWS\System32\WS2_32.dll
0x00007ffd48a90000 - 0x00007ffd48a9f000 	C:\Program Files\Android\Android Studio\jre\jre\bin\verify.dll
0x00007ffd46150000 - 0x00007ffd46179000 	C:\Program Files\Android\Android Studio\jre\jre\bin\java.dll
0x00007ffd45e30000 - 0x00007ffd45e46000 	C:\Program Files\Android\Android Studio\jre\jre\bin\zip.dll
0x00007ffd4ecf0000 - 0x00007ffd4f430000 	C:\WINDOWS\System32\SHELL32.dll
0x00007ffd4ba80000 - 0x00007ffd4c211000 	C:\WINDOWS\SYSTEM32\windows.storage.dll
0x00007ffd4df80000 - 0x00007ffd4e2d3000 	C:\WINDOWS\System32\combase.dll
0x00007ffd4ce40000 - 0x00007ffd4ce6c000 	C:\WINDOWS\SYSTEM32\Wldp.dll
0x00007ffd4e7a0000 - 0x00007ffd4e84e000 	C:\WINDOWS\System32\SHCORE.dll
0x00007ffd4e490000 - 0x00007ffd4e4e5000 	C:\WINDOWS\System32\shlwapi.dll
0x00007ffd4d300000 - 0x00007ffd4d31f000 	C:\WINDOWS\SYSTEM32\profapi.dll
0x00007ffd45db0000 - 0x00007ffd45dca000 	C:\Program Files\Android\Android Studio\jre\jre\bin\net.dll
0x00007ffd4cbc0000 - 0x00007ffd4cc2a000 	C:\WINDOWS\system32\mswsock.dll
0x00007ffd40880000 - 0x00007ffd40893000 	C:\Program Files\Android\Android Studio\jre\jre\bin\nio.dll
0x00007ffd24bf0000 - 0x00007ffd24c16000 	C:\Users\ty\.gradle\native\31\windows-amd64\native-platform.dll
0x00007ffd48100000 - 0x00007ffd4810d000 	C:\Program Files\Android\Android Studio\jre\jre\bin\management.dll
0x00007ffd4cda0000 - 0x00007ffd4cdb8000 	C:\WINDOWS\SYSTEM32\CRYPTSP.dll
0x00007ffd4c4e0000 - 0x00007ffd4c514000 	C:\WINDOWS\system32\rsaenh.dll
0x00007ffd4d3c0000 - 0x00007ffd4d3e7000 	C:\WINDOWS\System32\bcrypt.dll
0x00007ffd4d2c0000 - 0x00007ffd4d2ee000 	C:\WINDOWS\SYSTEM32\USERENV.dll
0x00007ffd4d9d0000 - 0x00007ffd4da4f000 	C:\WINDOWS\System32\bcryptprimitives.dll
0x00007ffd4cd90000 - 0x00007ffd4cd9c000 	C:\WINDOWS\SYSTEM32\CRYPTBASE.dll
0x00007ffd4c860000 - 0x00007ffd4c89b000 	C:\WINDOWS\SYSTEM32\IPHLPAPI.DLL
0x00007ffd4e9a0000 - 0x00007ffd4e9a9000 	C:\WINDOWS\System32\NSI.dll
0x00007ffd41550000 - 0x00007ffd41567000 	C:\WINDOWS\SYSTEM32\dhcpcsvc6.DLL
0x00007ffd45340000 - 0x00007ffd4535d000 	C:\WINDOWS\SYSTEM32\dhcpcsvc.DLL
0x00007ffd4c8a0000 - 0x00007ffd4c96a000 	C:\WINDOWS\SYSTEM32\DNSAPI.dll

VM Arguments:
jvm_args: -Xmx2048m -Dfile.encoding=windows-1252 -Duser.country=US -Duser.language=en -Duser.variant 
java_command: org.gradle.launcher.daemon.bootstrap.GradleDaemon 6.1.1
java_class_path (initial): C:\Users\ty\.gradle\wrapper\dists\gradle-6.1.1-all\cfmwm155h49vnt3hynmlrsdst\gradle-6.1.1\lib\gradle-launcher-6.1.1.jar
Launcher Type: SUN_STANDARD

Environment Variables:
JAVA_HOME=C:\Program Files\Java\jdk1.8.0_261
PATH=C:\Program Files (x86)\Common Files\Oracle\Java\javapath;C:\WINDOWS\system32;C:\WINDOWS;C:\WINDOWS\System32\Wbem;C:\WINDOWS\System32\WindowsPowerShell\v1.0\;C:\WINDOWS\System32\OpenSSH\;C:\Program Files\Git\cmd;C:\Program Files\Java\jdk-14.0.2\bin;C:\Users\ty\AppData\Local\Microsoft\WindowsApps;C:\Users\ty\AppData\Local\atom\bin;C:\Users\ty\AppData\Local\Programs\Microsoft VS Code\bin;C:\Users\ty\Documents\coms309\apache-maven-3.6.3\bin;
USERNAME=ty
OS=Windows_NT
PROCESSOR_IDENTIFIER=Intel64 Family 6 Model 142 Stepping 10, GenuineIntel



---------------  S Y S T E M  ---------------

OS: Windows 10.0 , 64 bit Build 19041 (10.0.19041.292)

CPU:total 8 (initial active 8) (4 cores per cpu, 2 threads per core) family 6 model 142 stepping 10, cmov, cx8, fxsr, mmx, sse, sse2, sse3, ssse3, sse4.1, sse4.2, popcnt, avx, avx2, aes, clmul, erms, 3dnowpref, lzcnt, ht, tsc, tscinvbit, bmi1, bmi2, adx

Memory: 4k page, physical 8298360k(1234856k free), swap 10447836k(5132k free)

vm_info: OpenJDK 64-Bit Server VM (25.242-b01) for windows-amd64 JRE (1.8.0_242-release-1644-b01), built by "builder" with MS VC++ 10.0 (VS2010)

time: Mon Sep 21 16:04:05 2020
timezone: Central Daylight Time
elapsed time: 2 seconds (0d 0h 0m 2s)

