#
# There is insufficient memory for the Java Runtime Environment to continue.
# Native memory allocation (malloc) failed to allocate 1268192 bytes for Chunk::new
# Possible reasons:
#   The system is out of physical RAM or swap space
#   The process is running with CompressedOops enabled, and the Java Heap may be blocking the growth of the native heap
# Possible solutions:
#   Reduce memory load on the system
#   Increase physical memory or swap space
#   Check if swap backing store is full
#   Decrease Java heap size (-Xmx/-Xms)
#   Decrease number of Java threads
#   Decrease Java thread stack sizes (-Xss)
#   Set larger code cache with -XX:ReservedCodeCacheSize=
#   JVM is running with Unscaled Compressed Oops mode in which the Java heap is
#     placed in the first 4GB address space. The Java Heap base address is the
#     maximum limit for the native heap growth. Please use -XX:HeapBaseMinAddress
#     to set the Java Heap base and to place the Java Heap above 4GB virtual address.
# This output file may be truncated or incomplete.
#
#  Out of Memory Error (allocation.cpp:389), pid=15340, tid=0x0000000000000104
#
# JRE version: OpenJDK Runtime Environment (8.0_242-b01) (build 1.8.0_242-release-1644-b01)
# Java VM: OpenJDK 64-Bit Server VM (25.242-b01 mixed mode windows-amd64 compressed oops)
# Failed to write core dump. Minidumps are not enabled by default on client versions of Windows
#

---------------  T H R E A D  ---------------

Current thread (0x0000000019f2b000):  JavaThread "C2 CompilerThread2" daemon [_thread_in_native, id=260, stack(0x000000001a9f0000,0x000000001aaf0000)]

Stack: [0x000000001a9f0000,0x000000001aaf0000]
[error occurred during error reporting (printing stack bounds), id 0xc0000005]

Native frames: (J=compiled Java code, j=interpreted, Vv=VM code, C=native code)


Current CompileTask:
C2:   4411 2392       4       java.net.URLClassLoader$1::run (5 bytes)


---------------  P R O C E S S  ---------------

Java Threads: ( => current thread )
  0x000000001c9ca000 JavaThread "Cache worker for execution history cache (C:\Users\ty\.gradle\caches\6.1.1\executionHistory)" [_thread_blocked, id=6612, stack(0x0000000022510000,0x0000000022610000)]
  0x000000001c9cf800 JavaThread "Cache worker for cache directory md-rule (C:\Users\ty\.gradle\caches\6.1.1\md-rule)" [_thread_blocked, id=5340, stack(0x00000000212e0000,0x00000000213e0000)]
  0x000000001c9c9800 JavaThread "Cache worker for cache directory md-supplier (C:\Users\ty\.gradle\caches\6.1.1\md-supplier)" [_thread_blocked, id=8164, stack(0x00000000211e0000,0x00000000212e0000)]
  0x000000001c9cf000 JavaThread "Cache worker for file hash cache (C:\Users\ty\rp_07\Frontend\Android_Frontend\.gradle\6.1.1\fileHashes)" [_thread_blocked, id=14784, stack(0x0000000022410000,0x0000000022510000)]
  0x000000001c9cc800 JavaThread "Cache worker for checksums cache (C:\Users\ty\rp_07\Frontend\Android_Frontend\.gradle\checksums)" [_thread_blocked, id=14432, stack(0x000000001fee0000,0x000000001ffe0000)]
  0x000000001c9cb000 JavaThread "Cache worker for file hash cache (C:\Users\ty\.gradle\caches\6.1.1\fileHashes)" [_thread_blocked, id=14876, stack(0x000000001ec10000,0x000000001ed10000)]
  0x000000001c9cb800 JavaThread "File lock request listener" [_thread_in_native, id=15364, stack(0x000000001eb10000,0x000000001ec10000)]
  0x000000001c0af000 JavaThread "Cache worker for journal cache (C:\Users\ty\.gradle\caches\journal-1)" [_thread_blocked, id=7924, stack(0x000000001ea10000,0x000000001eb10000)]
  0x000000001c835000 JavaThread "Thread-9" [_thread_blocked, id=7720, stack(0x000000001e710000,0x000000001e810000)]
  0x000000001c8ce800 JavaThread "Stdin handler" [_thread_blocked, id=1180, stack(0x000000001e610000,0x000000001e710000)]
  0x000000001c8cc000 JavaThread "Asynchronous log dispatcher for DefaultDaemonConnection: socket connection from /127.0.0.1:59162 to /127.0.0.1:59163" [_thread_blocked, id=14756, stack(0x000000001e510000,0x000000001e610000)]
  0x000000001c826000 JavaThread "Daemon worker" [_thread_in_vm, id=2792, stack(0x000000001e410000,0x000000001e510000)]
  0x000000001c838800 JavaThread "Cancel handler" [_thread_blocked, id=14312, stack(0x000000001e310000,0x000000001e410000)]
  0x000000001c791000 JavaThread "Handler for socket connection from /127.0.0.1:59162 to /127.0.0.1:59163" [_thread_in_native, id=14316, stack(0x000000001e010000,0x000000001e110000)]
  0x000000001afb6800 JavaThread "Daemon" [_thread_blocked, id=14256, stack(0x000000001df10000,0x000000001e010000)]
  0x000000001aeb3800 JavaThread "Daemon periodic checks" [_thread_blocked, id=1592, stack(0x000000001de10000,0x000000001df10000)]
  0x000000001aeb2800 JavaThread "Incoming local TCP Connector on port 59162" [_thread_in_native, id=16500, stack(0x000000001dbd0000,0x000000001dcd0000)]
  0x000000001bb41000 JavaThread "Daemon health stats" [_thread_blocked, id=15252, stack(0x000000001d590000,0x000000001d690000)]
  0x0000000019f47000 JavaThread "Service Thread" daemon [_thread_blocked, id=14344, stack(0x000000001abf0000,0x000000001acf0000)]
  0x0000000019f37800 JavaThread "C1 CompilerThread3" daemon [_thread_blocked, id=11444, stack(0x000000001aaf0000,0x000000001abf0000)]
=>0x0000000019f2b000 JavaThread "C2 CompilerThread2" daemon [_thread_in_native, id=260, stack(0x000000001a9f0000,0x000000001aaf0000)]
  0x0000000019f24000 JavaThread "C2 CompilerThread1" daemon [_thread_in_native, id=12784, stack(0x000000001a8f0000,0x000000001a9f0000)]
  0x0000000019f21000 JavaThread "C2 CompilerThread0" daemon [_thread_in_native, id=15568, stack(0x000000001a7f0000,0x000000001a8f0000)]
  0x0000000019f20000 JavaThread "Attach Listener" daemon [_thread_blocked, id=10768, stack(0x000000001a6f0000,0x000000001a7f0000)]
  0x0000000019f1f000 JavaThread "Signal Dispatcher" daemon [_thread_blocked, id=15604, stack(0x000000001a5f0000,0x000000001a6f0000)]
  0x00000000030a7800 JavaThread "Finalizer" daemon [_thread_blocked, id=9248, stack(0x000000001a3f0000,0x000000001a4f0000)]
  0x0000000019f10800 JavaThread "Reference Handler" daemon [_thread_blocked, id=14444, stack(0x000000001a2f0000,0x000000001a3f0000)]
  0x0000000002e1d800 JavaThread "main" [_thread_blocked, id=11076, stack(0x0000000002eb0000,0x0000000002fb0000)]

Other Threads:
  0x0000000018118000 VMThread [stack: 0x0000000019df0000,0x0000000019ef0000] [id=1020]
  0x0000000019f47800 WatcherThread [stack: 0x000000001acf0000,0x000000001adf0000] [id=16168]

VM state:not at safepoint (normal execution)

VM Mutex/Monitor currently owned by a thread: None

heap address: 0x0000000080000000, size: 2048 MB, Compressed Oops mode: 32-bit
Narrow klass base: 0x0000000000000000, Narrow klass shift: 3
Compressed class space size: 1073741824 Address: 0x0000000100000000

Heap:
 PSYoungGen      total 111104K, used 74883K [0x00000000d5580000, 0x00000000dec00000, 0x0000000100000000)
  eden space 102912K, 64% used [0x00000000d5580000,0x00000000d96ac4b8,0x00000000dba00000)
  from space 8192K, 99% used [0x00000000de400000,0x00000000debf47d0,0x00000000dec00000)
  to   space 12800K, 0% used [0x00000000dd300000,0x00000000dd300000,0x00000000ddf80000)
 ParOldGen       total 65536K, used 11391K [0x0000000080000000, 0x0000000084000000, 0x00000000d5580000)
  object space 65536K, 17% used [0x0000000080000000,0x0000000080b1fca0,0x0000000084000000)
 Metaspace       used 32499K, capacity 33308K, committed 33456K, reserved 1077248K
  class space    used 4459K, capacity 4673K, committed 4784K, reserved 1048576K

Card table byte_map: [0x0000000012470000,0x0000000012880000] byte_map_base: 0x0000000012070000

Marking Bits: (ParMarkBitMap*) 0x0000000061b7f030
 Begin Bits: [0x0000000013330000, 0x0000000015330000)
 End Bits:   [0x0000000015330000, 0x0000000017330000)

Polling page: 0x0000000001550000

CodeCache: size=245760Kb used=9743Kb max_used=9751Kb free=236016Kb
 bounds [0x00000000030b0000, 0x0000000003a40000, 0x00000000120b0000]
 total_blobs=3187 nmethods=2505 adapters=595
 compilation: enabled

Compilation events (10 events):
Event: 4.363 Thread 0x0000000019f21000 nmethod 2427 0x0000000003a1b050 code [0x0000000003a1b220, 0x0000000003a1b948]
Event: 4.363 Thread 0x0000000019f21000 2504       4       java.util.HashMap::putVal (300 bytes)
Event: 4.372 Thread 0x0000000019f21000 nmethod 2504 0x0000000003a3a490 code [0x0000000003a3a620, 0x0000000003a3ab48]
Event: 4.372 Thread 0x0000000019f21000 2501       4       org.objectweb.asm.ByteVector::putShort (52 bytes)
Event: 4.374 Thread 0x0000000019f21000 nmethod 2501 0x0000000003a22f90 code [0x0000000003a230e0, 0x0000000003a23248]
Event: 4.374 Thread 0x0000000019f21000 2499       4       org.objectweb.asm.Frame::execute (2318 bytes)
Event: 4.408 Thread 0x0000000019f37800 2511       3       java.lang.AbstractStringBuilder::append (54 bytes)
Event: 4.408 Thread 0x0000000019f37800 nmethod 2511 0x0000000003a39850 code [0x0000000003a39a20, 0x0000000003a3a328]
Event: 4.408 Thread 0x0000000019f37800 2512       3       java.lang.reflect.Array::newInstance (6 bytes)
Event: 4.409 Thread 0x0000000019f37800 nmethod 2512 0x0000000003a394d0 code [0x0000000003a39640, 0x0000000003a397a8]

GC Heap History (10 events):
Event: 1.955 GC heap before
{Heap before GC invocations=3 (full 0):
 PSYoungGen      total 38400K, used 36657K [0x00000000d5580000, 0x00000000da080000, 0x0000000100000000)
  eden space 33280K, 100% used [0x00000000d5580000,0x00000000d7600000,0x00000000d7600000)
  from space 5120K, 65% used [0x00000000d7b00000,0x00000000d7e4c588,0x00000000d8000000)
  to   space 5120K, 0% used [0x00000000d7600000,0x00000000d7600000,0x00000000d7b00000)
 ParOldGen       total 87552K, used 24K [0x0000000080000000, 0x0000000085580000, 0x00000000d5580000)
  object space 87552K, 0% used [0x0000000080000000,0x0000000080006000,0x0000000085580000)
 Metaspace       used 12338K, capacity 12664K, committed 12800K, reserved 1060864K
  class space    used 1660K, capacity 1788K, committed 1792K, reserved 1048576K
Event: 1.962 GC heap after
Heap after GC invocations=3 (full 0):
 PSYoungGen      total 38400K, used 5104K [0x00000000d5580000, 0x00000000da080000, 0x0000000100000000)
  eden space 33280K, 0% used [0x00000000d5580000,0x00000000d5580000,0x00000000d7600000)
  from space 5120K, 99% used [0x00000000d7600000,0x00000000d7afc2f8,0x00000000d7b00000)
  to   space 5120K, 0% used [0x00000000d9b80000,0x00000000d9b80000,0x00000000da080000)
 ParOldGen       total 87552K, used 1570K [0x0000000080000000, 0x0000000085580000, 0x00000000d5580000)
  object space 87552K, 1% used [0x0000000080000000,0x0000000080188858,0x0000000085580000)
 Metaspace       used 12338K, capacity 12664K, committed 12800K, reserved 1060864K
  class space    used 1660K, capacity 1788K, committed 1792K, reserved 1048576K
}
Event: 2.225 GC heap before
{Heap before GC invocations=4 (full 0):
 PSYoungGen      total 38400K, used 38384K [0x00000000d5580000, 0x00000000da080000, 0x0000000100000000)
  eden space 33280K, 100% used [0x00000000d5580000,0x00000000d7600000,0x00000000d7600000)
  from space 5120K, 99% used [0x00000000d7600000,0x00000000d7afc2f8,0x00000000d7b00000)
  to   space 5120K, 0% used [0x00000000d9b80000,0x00000000d9b80000,0x00000000da080000)
 ParOldGen       total 87552K, used 1570K [0x0000000080000000, 0x0000000085580000, 0x00000000d5580000)
  object space 87552K, 1% used [0x0000000080000000,0x0000000080188858,0x0000000085580000)
 Metaspace       used 15407K, capacity 15722K, committed 15872K, reserved 1062912K
  class space    used 2068K, capacity 2187K, committed 2304K, reserved 1048576K
Event: 2.234 GC heap after
Heap after GC invocations=4 (full 0):
 PSYoungGen      total 71680K, used 5088K [0x00000000d5580000, 0x00000000da080000, 0x0000000100000000)
  eden space 66560K, 0% used [0x00000000d5580000,0x00000000d5580000,0x00000000d9680000)
  from space 5120K, 99% used [0x00000000d9b80000,0x00000000da078020,0x00000000da080000)
  to   space 5120K, 0% used [0x00000000d9680000,0x00000000d9680000,0x00000000d9b80000)
 ParOldGen       total 87552K, used 4252K [0x0000000080000000, 0x0000000085580000, 0x00000000d5580000)
  object space 87552K, 4% used [0x0000000080000000,0x0000000080427170,0x0000000085580000)
 Metaspace       used 15407K, capacity 15722K, committed 15872K, reserved 1062912K
  class space    used 2068K, capacity 2187K, committed 2304K, reserved 1048576K
}
Event: 2.883 GC heap before
{Heap before GC invocations=5 (full 0):
 PSYoungGen      total 71680K, used 70528K [0x00000000d5580000, 0x00000000da080000, 0x0000000100000000)
  eden space 66560K, 98% used [0x00000000d5580000,0x00000000d9568220,0x00000000d9680000)
  from space 5120K, 99% used [0x00000000d9b80000,0x00000000da078020,0x00000000da080000)
  to   space 5120K, 0% used [0x00000000d9680000,0x00000000d9680000,0x00000000d9b80000)
 ParOldGen       total 87552K, used 4252K [0x0000000080000000, 0x0000000085580000, 0x00000000d5580000)
  object space 87552K, 4% used [0x0000000080000000,0x0000000080427170,0x0000000085580000)
 Metaspace       used 20694K, capacity 21256K, committed 21296K, reserved 1067008K
  class space    used 2907K, capacity 3116K, committed 3120K, reserved 1048576K
Event: 2.902 GC heap after
Heap after GC invocations=5 (full 0):
 PSYoungGen      total 71680K, used 5088K [0x00000000d5580000, 0x00000000df080000, 0x0000000100000000)
  eden space 66560K, 0% used [0x00000000d5580000,0x00000000d5580000,0x00000000d9680000)
  from space 5120K, 99% used [0x00000000d9680000,0x00000000d9b78030,0x00000000d9b80000)
  to   space 12800K, 0% used [0x00000000de400000,0x00000000de400000,0x00000000df080000)
 ParOldGen       total 87552K, used 10930K [0x0000000080000000, 0x0000000085580000, 0x00000000d5580000)
  object space 87552K, 12% used [0x0000000080000000,0x0000000080aacb80,0x0000000085580000)
 Metaspace       used 20694K, capacity 21256K, committed 21296K, reserved 1067008K
  class space    used 2907K, capacity 3116K, committed 3120K, reserved 1048576K
}
Event: 2.902 GC heap before
{Heap before GC invocations=6 (full 1):
 PSYoungGen      total 71680K, used 5088K [0x00000000d5580000, 0x00000000df080000, 0x0000000100000000)
  eden space 66560K, 0% used [0x00000000d5580000,0x00000000d5580000,0x00000000d9680000)
  from space 5120K, 99% used [0x00000000d9680000,0x00000000d9b78030,0x00000000d9b80000)
  to   space 12800K, 0% used [0x00000000de400000,0x00000000de400000,0x00000000df080000)
 ParOldGen       total 87552K, used 10930K [0x0000000080000000, 0x0000000085580000, 0x00000000d5580000)
  object space 87552K, 12% used [0x0000000080000000,0x0000000080aacb80,0x0000000085580000)
 Metaspace       used 20694K, capacity 21256K, committed 21296K, reserved 1067008K
  class space    used 2907K, capacity 3116K, committed 3120K, reserved 1048576K
Event: 2.949 GC heap after
Heap after GC invocations=6 (full 1):
 PSYoungGen      total 71680K, used 0K [0x00000000d5580000, 0x00000000df080000, 0x0000000100000000)
  eden space 66560K, 0% used [0x00000000d5580000,0x00000000d5580000,0x00000000d9680000)
  from space 5120K, 0% used [0x00000000d9680000,0x00000000d9680000,0x00000000d9b80000)
  to   space 12800K, 0% used [0x00000000de400000,0x00000000de400000,0x00000000df080000)
 ParOldGen       total 65536K, used 11383K [0x0000000080000000, 0x0000000084000000, 0x00000000d5580000)
  object space 65536K, 17% used [0x0000000080000000,0x0000000080b1dca0,0x0000000084000000)
 Metaspace       used 20694K, capacity 21256K, committed 21296K, reserved 1067008K
  class space    used 2907K, capacity 3116K, committed 3120K, reserved 1048576K
}
Event: 3.651 GC heap before
{Heap before GC invocations=7 (full 1):
 PSYoungGen      total 71680K, used 66560K [0x00000000d5580000, 0x00000000df080000, 0x0000000100000000)
  eden space 66560K, 100% used [0x00000000d5580000,0x00000000d9680000,0x00000000d9680000)
  from space 5120K, 0% used [0x00000000d9680000,0x00000000d9680000,0x00000000d9b80000)
  to   space 12800K, 0% used [0x00000000de400000,0x00000000de400000,0x00000000df080000)
 ParOldGen       total 65536K, used 11383K [0x0000000080000000, 0x0000000084000000, 0x00000000d5580000)
  object space 65536K, 17% used [0x0000000080000000,0x0000000080b1dca0,0x0000000084000000)
 Metaspace       used 28839K, capacity 29488K, committed 29744K, reserved 1075200K
  class space    used 3910K, capacity 4127K, committed 4144K, reserved 1048576K
Event: 3.660 GC heap after
Heap after GC invocations=7 (full 1):
 PSYoungGen      total 111104K, used 8145K [0x00000000d5580000, 0x00000000dec00000, 0x0000000100000000)
  eden space 102912K, 0% used [0x00000000d5580000,0x00000000d5580000,0x00000000dba00000)
  from space 8192K, 99% used [0x00000000de400000,0x00000000debf47d0,0x00000000dec00000)
  to   space 12800K, 0% used [0x00000000dd300000,0x00000000dd300000,0x00000000ddf80000)
 ParOldGen       total 65536K, used 11391K [0x0000000080000000, 0x0000000084000000, 0x00000000d5580000)
  object space 65536K, 17% used [0x0000000080000000,0x0000000080b1fca0,0x0000000084000000)
 Metaspace       used 28839K, capacity 29488K, committed 29744K, reserved 1075200K
  class space    used 3910K, capacity 4127K, committed 4144K, reserved 1048576K
}

Deoptimization events (10 events):
Event: 3.600 Thread 0x000000001c826000 Uncommon trap: reason=class_check action=maybe_recompile pc=0x00000000037ad5c0 method=sun.misc.URLClassPath.getLoader(I)Lsun/misc/URLClassPath$Loader; @ 239
Event: 3.600 Thread 0x000000001c826000 Uncommon trap: reason=unstable_if action=reinterpret pc=0x000000000358f878 method=java.lang.String.regionMatches(ZILjava/lang/String;II)Z @ 41
Event: 3.608 Thread 0x000000001c826000 Uncommon trap: reason=class_check action=maybe_recompile pc=0x00000000037ad5c0 method=sun.misc.URLClassPath.getLoader(I)Lsun/misc/URLClassPath$Loader; @ 239
Event: 3.661 Thread 0x0000000019f10800 Uncommon trap: reason=unstable_if action=reinterpret pc=0x00000000035d387c method=java.lang.ref.Reference.tryHandlePending(Z)Z @ 104
Event: 3.901 Thread 0x000000001c826000 Uncommon trap: reason=unstable_if action=reinterpret pc=0x000000000331418c method=java.util.HashMap.getNode(ILjava/lang/Object;)Ljava/util/HashMap$Node; @ 53
Event: 3.901 Thread 0x000000001c826000 Uncommon trap: reason=unstable_if action=reinterpret pc=0x000000000355f838 method=java.util.HashMap.hash(Ljava/lang/Object;)I @ 1
Event: 4.018 Thread 0x000000001c826000 Uncommon trap: reason=unstable_if action=reinterpret pc=0x0000000003964cf8 method=org.gradle.internal.reflect.PropertyAccessorType.isGetGetterName(Ljava/lang/String;)Z @ 14
Event: 4.047 Thread 0x000000001c826000 Uncommon trap: reason=unstable_if action=reinterpret pc=0x0000000003778c00 method=org.objectweb.asm.ByteVector.putShort(I)Lorg/objectweb/asm/ByteVector; @ 13
Event: 4.114 Thread 0x000000001c826000 Uncommon trap: reason=class_check action=maybe_recompile pc=0x00000000037ad28c method=sun.misc.URLClassPath.getLoader(I)Lsun/misc/URLClassPath$Loader; @ 94
Event: 4.118 Thread 0x000000001c826000 Uncommon trap: reason=class_check action=maybe_recompile pc=0x00000000037b7774 method=sun.misc.URLClassPath.getLoader(I)Lsun/misc/URLClassPath$Loader; @ 239

Classes redefined (0 events):
No events

Internal exceptions (10 events):
Event: 4.178 Thread 0x000000001c826000 Exception <a 'java/lang/ClassNotFoundException': org/gradle/api/internal/DefaultNamedDomainObjectCollectionBeanInfo> (0x00000000d85122a0) thrown at [C:\src\AOSP-openjdk-git\hotspot\src\share\vm\classfile\systemDictionary.cpp, line 210]
Event: 4.179 Thread 0x000000001c826000 Exception <a 'java/lang/ClassNotFoundException': org/gradle/api/internal/DefaultDomainObjectCollectionBeanInfo> (0x00000000d8547ce0) thrown at [C:\src\AOSP-openjdk-git\hotspot\src\share\vm\classfile\systemDictionary.cpp, line 210]
Event: 4.180 Thread 0x000000001c826000 Exception <a 'java/lang/ClassNotFoundException': java/util/AbstractCollectionBeanInfo> (0x00000000d854c438) thrown at [C:\src\AOSP-openjdk-git\hotspot\src\share\vm\classfile\systemDictionary.cpp, line 210]
Event: 4.181 Thread 0x000000001c826000 Exception <a 'java/lang/ClassNotFoundException': java/util/AbstractCollectionCustomizer> (0x00000000d8550ba0) thrown at [C:\src\AOSP-openjdk-git\hotspot\src\share\vm\classfile\systemDictionary.cpp, line 210]
Event: 4.186 Thread 0x000000001c826000 Exception <a 'java/lang/ClassNotFoundException': org/gradle/api/internal/DefaultDomainObjectCollectionCustomizer> (0x00000000d8591f08) thrown at [C:\src\AOSP-openjdk-git\hotspot\src\share\vm\classfile\systemDictionary.cpp, line 210]
Event: 4.189 Thread 0x000000001c826000 Exception <a 'java/lang/ClassNotFoundException': org/gradle/api/internal/DefaultNamedDomainObjectCollectionCustomizer> (0x00000000d85f1860) thrown at [C:\src\AOSP-openjdk-git\hotspot\src\share\vm\classfile\systemDictionary.cpp, line 210]
Event: 4.197 Thread 0x000000001c826000 Exception <a 'java/lang/ClassNotFoundException': org/gradle/api/internal/DefaultNamedDomainObjectListCustomizer> (0x00000000d8667b20) thrown at [C:\src\AOSP-openjdk-git\hotspot\src\share\vm\classfile\systemDictionary.cpp, line 210]
Event: 4.202 Thread 0x000000001c826000 Exception <a 'java/lang/ClassNotFoundException': org/gradle/api/internal/artifacts/DefaultArtifactRepositoryContainerCustomizer> (0x00000000d86df798) thrown at [C:\src\AOSP-openjdk-git\hotspot\src\share\vm\classfile\systemDictionary.cpp, line 210]
Event: 4.207 Thread 0x000000001c826000 Exception <a 'java/lang/ClassNotFoundException': org/gradle/api/internal/artifacts/dsl/DefaultRepositoryHandlerCustomizer> (0x00000000d8747520) thrown at [C:\src\AOSP-openjdk-git\hotspot\src\share\vm\classfile\systemDictionary.cpp, line 210]
Event: 4.214 Thread 0x000000001c826000 Exception <a 'java/lang/ClassNotFoundException': org/gradle/api/internal/artifacts/dsl/DefaultRepositoryHandler_DecoratedCustomizer> (0x00000000d87c5a88) thrown at [C:\src\AOSP-openjdk-git\hotspot\src\share\vm\classfile\systemDictionary.cpp, line 210]

Events (10 events):
Event: 4.405 loading class org/gradle/api/internal/artifacts/dsl/dependencies/DefaultDependencyConstraintHandler
Event: 4.405 loading class org/gradle/api/internal/artifacts/dsl/dependencies/DefaultDependencyConstraintHandler done
Event: 4.406 loading class org/gradle/api/internal/artifacts/dsl/dependencies/DynamicAddDependencyMethods$DependencyAdder
Event: 4.406 loading class org/gradle/api/internal/artifacts/dsl/dependencies/DynamicAddDependencyMethods$DependencyAdder done
Event: 4.407 loading class org/gradle/api/internal/artifacts/dsl/dependencies/DynamicAddDependencyMethods
Event: 4.407 loading class org/gradle/api/internal/artifacts/dsl/dependencies/DynamicAddDependencyMethods done
Event: 4.409 loading class org/gradle/api/internal/artifacts/dsl/dependencies/DefaultDependencyConstraintHandler$DependencyConstraintAdder
Event: 4.409 loading class org/gradle/api/internal/artifacts/dsl/dependencies/DefaultDependencyConstraintHandler$DependencyConstraintAdder done
Event: 4.410 loading class org/gradle/api/internal/artifacts/query/DefaultArtifactResolutionQueryFactory
Event: 4.410 loading class org/gradle/api/internal/artifacts/query/DefaultArtifactResolutionQueryFactory done


Dynamic libraries:
0x00007ff715950000 - 0x00007ff715981000 	C:\Program Files\Android\Android Studio\jre\bin\java.exe
0x00007ffd4fc70000 - 0x00007ffd4fe65000 	C:\WINDOWS\SYSTEM32\ntdll.dll
0x00007ffd4f610000 - 0x00007ffd4f6cd000 	C:\WINDOWS\System32\KERNEL32.DLL
0x00007ffd4d6a0000 - 0x00007ffd4d967000 	C:\WINDOWS\System32\KERNELBASE.dll
0x00007ffd4fb80000 - 0x00007ffd4fc2a000 	C:\WINDOWS\System32\ADVAPI32.dll
0x00007ffd4e850000 - 0x00007ffd4e8ee000 	C:\WINDOWS\System32\msvcrt.dll
0x00007ffd4dd40000 - 0x00007ffd4dddb000 	C:\WINDOWS\System32\sechost.dll
0x00007ffd4f4e0000 - 0x00007ffd4f603000 	C:\WINDOWS\System32\RPCRT4.dll
0x00007ffd4dde0000 - 0x00007ffd4df80000 	C:\WINDOWS\System32\USER32.dll
0x00007ffd4dbb0000 - 0x00007ffd4dbd2000 	C:\WINDOWS\System32\win32u.dll
0x00007ffd4e610000 - 0x00007ffd4e63a000 	C:\WINDOWS\System32\GDI32.dll
0x00007ffd4d3f0000 - 0x00007ffd4d4fa000 	C:\WINDOWS\System32\gdi32full.dll
0x00007ffd4d5b0000 - 0x00007ffd4d64d000 	C:\WINDOWS\System32\msvcp_win.dll
0x00007ffd4dbe0000 - 0x00007ffd4dce0000 	C:\WINDOWS\System32\ucrtbase.dll
0x00007ffd334d0000 - 0x00007ffd3376a000 	C:\WINDOWS\WinSxS\amd64_microsoft.windows.common-controls_6595b64144ccf1df_6.0.19041.1_none_b555e41d4684ddec\COMCTL32.dll
0x00007ffd4fb40000 - 0x00007ffd4fb70000 	C:\WINDOWS\System32\IMM32.DLL
0x0000000060860000 - 0x0000000060932000 	C:\Program Files\Android\Android Studio\jre\jre\bin\msvcr100.dll
0x00000000613b0000 - 0x0000000061bfb000 	C:\Program Files\Android\Android Studio\jre\jre\bin\server\jvm.dll
0x00007ffd4fb70000 - 0x00007ffd4fb78000 	C:\WINDOWS\System32\PSAPI.DLL
0x00007ffd36540000 - 0x00007ffd36549000 	C:\WINDOWS\SYSTEM32\WSOCK32.dll
0x00007ffd31430000 - 0x00007ffd31457000 	C:\WINDOWS\SYSTEM32\WINMM.dll
0x00007ffd4c260000 - 0x00007ffd4c26a000 	C:\WINDOWS\SYSTEM32\VERSION.dll
0x00007ffd4e6c0000 - 0x00007ffd4e72b000 	C:\WINDOWS\System32\WS2_32.dll
0x00007ffd48a90000 - 0x00007ffd48a9f000 	C:\Program Files\Android\Android Studio\jre\jre\bin\verify.dll
0x00007ffd46150000 - 0x00007ffd46179000 	C:\Program Files\Android\Android Studio\jre\jre\bin\java.dll
0x00007ffd45e30000 - 0x00007ffd45e46000 	C:\Program Files\Android\Android Studio\jre\jre\bin\zip.dll
0x00007ffd4ecf0000 - 0x00007ffd4f430000 	C:\WINDOWS\System32\SHELL32.dll
0x00007ffd4ba80000 - 0x00007ffd4c211000 	C:\WINDOWS\SYSTEM32\windows.storage.dll
0x00007ffd4df80000 - 0x00007ffd4e2d3000 	C:\WINDOWS\System32\combase.dll
0x00007ffd4ce40000 - 0x00007ffd4ce6c000 	C:\WINDOWS\SYSTEM32\Wldp.dll
0x00007ffd4e7a0000 - 0x00007ffd4e84e000 	C:\WINDOWS\System32\SHCORE.dll
0x00007ffd4e490000 - 0x00007ffd4e4e5000 	C:\WINDOWS\System32\shlwapi.dll
0x00007ffd4d300000 - 0x00007ffd4d31f000 	C:\WINDOWS\SYSTEM32\profapi.dll
0x00007ffd45db0000 - 0x00007ffd45dca000 	C:\Program Files\Android\Android Studio\jre\jre\bin\net.dll
0x00007ffd4cbc0000 - 0x00007ffd4cc2a000 	C:\WINDOWS\system32\mswsock.dll
0x00007ffd40880000 - 0x00007ffd40893000 	C:\Program Files\Android\Android Studio\jre\jre\bin\nio.dll
0x00007ffd046a0000 - 0x00007ffd046c6000 	C:\Users\ty\.gradle\native\31\windows-amd64\native-platform.dll
0x00007ffd48100000 - 0x00007ffd4810d000 	C:\Program Files\Android\Android Studio\jre\jre\bin\management.dll
0x00007ffd4cda0000 - 0x00007ffd4cdb8000 	C:\WINDOWS\SYSTEM32\CRYPTSP.dll
0x00007ffd4c4e0000 - 0x00007ffd4c514000 	C:\WINDOWS\system32\rsaenh.dll
0x00007ffd4d3c0000 - 0x00007ffd4d3e7000 	C:\WINDOWS\System32\bcrypt.dll
0x00007ffd4d2c0000 - 0x00007ffd4d2ee000 	C:\WINDOWS\SYSTEM32\USERENV.dll
0x00007ffd4d9d0000 - 0x00007ffd4da4f000 	C:\WINDOWS\System32\bcryptprimitives.dll
0x00007ffd4cd90000 - 0x00007ffd4cd9c000 	C:\WINDOWS\SYSTEM32\CRYPTBASE.dll
0x00007ffd4c860000 - 0x00007ffd4c89b000 	C:\WINDOWS\SYSTEM32\IPHLPAPI.DLL
0x00007ffd4e9a0000 - 0x00007ffd4e9a9000 	C:\WINDOWS\System32\NSI.dll
0x00007ffd41550000 - 0x00007ffd41567000 	C:\WINDOWS\SYSTEM32\dhcpcsvc6.DLL
0x00007ffd45340000 - 0x00007ffd4535d000 	C:\WINDOWS\SYSTEM32\dhcpcsvc.DLL
0x00007ffd4c8a0000 - 0x00007ffd4c96a000 	C:\WINDOWS\SYSTEM32\DNSAPI.dll

VM Arguments:
jvm_args: -Xmx2048m -Dfile.encoding=windows-1252 -Duser.country=US -Duser.language=en -Duser.variant 
java_command: org.gradle.launcher.daemon.bootstrap.GradleDaemon 6.1.1
java_class_path (initial): C:\Users\ty\.gradle\wrapper\dists\gradle-6.1.1-all\cfmwm155h49vnt3hynmlrsdst\gradle-6.1.1\lib\gradle-launcher-6.1.1.jar
Launcher Type: SUN_STANDARD

Environment Variables:
JAVA_HOME=C:\Program Files\Java\jdk1.8.0_261
PATH=C:\Program Files (x86)\Common Files\Oracle\Java\javapath;C:\WINDOWS\system32;C:\WINDOWS;C:\WINDOWS\System32\Wbem;C:\WINDOWS\System32\WindowsPowerShell\v1.0\;C:\WINDOWS\System32\OpenSSH\;C:\Program Files\Git\cmd;C:\Program Files\Java\jdk-14.0.2\bin;C:\Users\ty\AppData\Local\Microsoft\WindowsApps;C:\Users\ty\AppData\Local\atom\bin;C:\Users\ty\AppData\Local\Programs\Microsoft VS Code\bin;C:\Users\ty\Documents\coms309\apache-maven-3.6.3\bin;
USERNAME=ty
OS=Windows_NT
PROCESSOR_IDENTIFIER=Intel64 Family 6 Model 142 Stepping 10, GenuineIntel



---------------  S Y S T E M  ---------------

OS: Windows 10.0 , 64 bit Build 19041 (10.0.19041.292)

CPU:total 8 (initial active 8) (4 cores per cpu, 2 threads per core) family 6 model 142 stepping 10, cmov, cx8, fxsr, mmx, sse, sse2, sse3, ssse3, sse4.1, sse4.2, popcnt, avx, avx2, aes, clmul, erms, 3dnowpref, lzcnt, ht, tsc, tscinvbit, bmi1, bmi2, adx

Memory: 4k page, physical 8298360k(1107324k free), swap 10447836k(4972k free)

vm_info: OpenJDK 64-Bit Server VM (25.242-b01) for windows-amd64 JRE (1.8.0_242-release-1644-b01), built by "builder" with MS VC++ 10.0 (VS2010)

time: Mon Sep 21 15:41:35 2020
timezone: Central Daylight Time
elapsed time: 4 seconds (0d 0h 0m 4s)

