#
# There is insufficient memory for the Java Runtime Environment to continue.
# Native memory allocation (malloc) failed to allocate 1745856 bytes for Chunk::new
# Possible reasons:
#   The system is out of physical RAM or swap space
#   The process is running with CompressedOops enabled, and the Java Heap may be blocking the growth of the native heap
# Possible solutions:
#   Reduce memory load on the system
#   Increase physical memory or swap space
#   Check if swap backing store is full
#   Decrease Java heap size (-Xmx/-Xms)
#   Decrease number of Java threads
#   Decrease Java thread stack sizes (-Xss)
#   Set larger code cache with -XX:ReservedCodeCacheSize=
#   JVM is running with Unscaled Compressed Oops mode in which the Java heap is
#     placed in the first 4GB address space. The Java Heap base address is the
#     maximum limit for the native heap growth. Please use -XX:HeapBaseMinAddress
#     to set the Java Heap base and to place the Java Heap above 4GB virtual address.
# This output file may be truncated or incomplete.
#
#  Out of Memory Error (allocation.cpp:389), pid=16776, tid=0x00000000000025bc
#
# JRE version: OpenJDK Runtime Environment (8.0_242-b01) (build 1.8.0_242-release-1644-b01)
# Java VM: OpenJDK 64-Bit Server VM (25.242-b01 mixed mode windows-amd64 compressed oops)
# Failed to write core dump. Minidumps are not enabled by default on client versions of Windows
#

---------------  T H R E A D  ---------------

Current thread (0x000000001a162000):  JavaThread "C2 CompilerThread1" daemon [_thread_in_native, id=9660, stack(0x000000001ab30000,0x000000001ac30000)]

Stack: [0x000000001ab30000,0x000000001ac30000]
[error occurred during error reporting (printing stack bounds), id 0xc0000005]

Native frames: (J=compiled Java code, j=interpreted, Vv=VM code, C=native code)


Current CompileTask:
C2:   5628 2528       4       groovy.lang.MetaClassImpl$1MOPIter::methodNameAction (325 bytes)


---------------  P R O C E S S  ---------------

Java Threads: ( => current thread )
  0x000000001fd5c800 JavaThread "Build operations Thread 8" [_thread_blocked, id=11220, stack(0x0000000024ec0000,0x0000000024fc0000)]
  0x000000001fd5c000 JavaThread "Build operations Thread 7" [_thread_blocked, id=12700, stack(0x0000000024dc0000,0x0000000024ec0000)]
  0x000000001fd54800 JavaThread "Build operations Thread 6" [_thread_blocked, id=14396, stack(0x0000000024cc0000,0x0000000024dc0000)]
  0x000000001fd58000 JavaThread "Build operations Thread 5" [_thread_blocked, id=17392, stack(0x0000000024bc0000,0x0000000024cc0000)]
  0x000000001fd5a800 JavaThread "Build operations Thread 4" [_thread_blocked, id=10196, stack(0x0000000024ac0000,0x0000000024bc0000)]
  0x000000001fd59800 JavaThread "Build operations Thread 3" [_thread_blocked, id=15096, stack(0x00000000249c0000,0x0000000024ac0000)]
  0x000000001fd55000 JavaThread "Build operations Thread 2" [_thread_blocked, id=7784, stack(0x0000000024650000,0x0000000024750000)]
  0x000000001fd56800 JavaThread "Build operations" [_thread_blocked, id=2608, stack(0x0000000023530000,0x0000000023630000)]
  0x000000001cd3e800 JavaThread "Cache worker for execution history cache (C:\Users\ty\.gradle\caches\6.1.1\executionHistory)" [_thread_blocked, id=16052, stack(0x0000000022a30000,0x0000000022b30000)]
  0x000000001cd3e000 JavaThread "Cache worker for cache directory md-rule (C:\Users\ty\.gradle\caches\6.1.1\md-rule)" [_thread_blocked, id=3604, stack(0x0000000021690000,0x0000000021790000)]
  0x000000001cd3d000 JavaThread "Cache worker for cache directory md-supplier (C:\Users\ty\.gradle\caches\6.1.1\md-supplier)" [_thread_blocked, id=15760, stack(0x00000000212f0000,0x00000000213f0000)]
  0x000000001cd3b800 JavaThread "Cache worker for file hash cache (C:\Users\ty\rp_07\Frontend\Android_Frontend\.gradle\6.1.1\fileHashes)" [_thread_blocked, id=2872, stack(0x0000000021590000,0x0000000021690000)]
  0x000000001cd3c800 JavaThread "Cache worker for checksums cache (C:\Users\ty\rp_07\Frontend\Android_Frontend\.gradle\checksums)" [_thread_blocked, id=6820, stack(0x0000000021490000,0x0000000021590000)]
  0x000000001cd42800 JavaThread "Cache worker for file hash cache (C:\Users\ty\.gradle\caches\6.1.1\fileHashes)" [_thread_blocked, id=5860, stack(0x000000001ee50000,0x000000001ef50000)]
  0x000000001cd40000 JavaThread "File lock request listener" [_thread_in_native, id=11324, stack(0x000000001ed50000,0x000000001ee50000)]
  0x000000001ccbe000 JavaThread "Cache worker for journal cache (C:\Users\ty\.gradle\caches\journal-1)" [_thread_blocked, id=2996, stack(0x000000001ec50000,0x000000001ed50000)]
  0x000000001cb6a800 JavaThread "Thread-9" [_thread_blocked, id=15916, stack(0x000000001e950000,0x000000001ea50000)]
  0x000000001cb7c000 JavaThread "Stdin handler" [_thread_blocked, id=2180, stack(0x000000001e850000,0x000000001e950000)]
  0x000000001cb59000 JavaThread "Asynchronous log dispatcher for DefaultDaemonConnection: socket connection from /127.0.0.1:59397 to /127.0.0.1:59398" [_thread_blocked, id=16920, stack(0x000000001e750000,0x000000001e850000)]
  0x000000001cb7f000 JavaThread "Daemon worker" [_thread_in_native, id=972, stack(0x000000001e650000,0x000000001e750000)]
  0x000000001cb51000 JavaThread "Cancel handler" [_thread_blocked, id=15452, stack(0x000000001e550000,0x000000001e650000)]
  0x000000001c7fa000 JavaThread "Handler for socket connection from /127.0.0.1:59397 to /127.0.0.1:59398" [_thread_in_native, id=10048, stack(0x000000001e250000,0x000000001e350000)]
  0x000000001cb23800 JavaThread "Daemon" [_thread_blocked, id=15024, stack(0x000000001e150000,0x000000001e250000)]
  0x000000001cacc000 JavaThread "Daemon periodic checks" [_thread_blocked, id=14656, stack(0x000000001e050000,0x000000001e150000)]
  0x000000001caca800 JavaThread "Incoming local TCP Connector on port 59397" [_thread_in_native, id=9980, stack(0x000000001de10000,0x000000001df10000)]
  0x000000001b07e800 JavaThread "Daemon health stats" [_thread_blocked, id=3880, stack(0x000000001d7d0000,0x000000001d8d0000)]
  0x000000001a1ee000 JavaThread "Service Thread" daemon [_thread_blocked, id=1680, stack(0x000000001ae30000,0x000000001af30000)]
  0x000000001a16d000 JavaThread "C1 CompilerThread3" daemon [_thread_blocked, id=12380, stack(0x000000001ad30000,0x000000001ae30000)]
  0x000000001a168800 JavaThread "C2 CompilerThread2" daemon [_thread_in_native, id=10568, stack(0x000000001ac30000,0x000000001ad30000)]
=>0x000000001a162000 JavaThread "C2 CompilerThread1" daemon [_thread_in_native, id=9660, stack(0x000000001ab30000,0x000000001ac30000)]
  0x000000001a15f000 JavaThread "C2 CompilerThread0" daemon [_thread_in_native, id=15520, stack(0x000000001aa30000,0x000000001ab30000)]
  0x000000001a15e000 JavaThread "Attach Listener" daemon [_thread_blocked, id=10228, stack(0x000000001a930000,0x000000001aa30000)]
  0x000000001835e000 JavaThread "Signal Dispatcher" daemon [_thread_blocked, id=14936, stack(0x000000001a830000,0x000000001a930000)]
  0x000000001a151000 JavaThread "Finalizer" daemon [_thread_blocked, id=4144, stack(0x000000001a630000,0x000000001a730000)]
  0x000000001a150800 JavaThread "Reference Handler" daemon [_thread_blocked, id=2392, stack(0x000000001a530000,0x000000001a630000)]
  0x0000000002fdd800 JavaThread "main" [_thread_blocked, id=9844, stack(0x00000000030e0000,0x00000000031e0000)]

Other Threads:
  0x0000000018348000 VMThread [stack: 0x000000001a030000,0x000000001a130000] [id=11952]
  0x000000001a182000 WatcherThread [stack: 0x000000001af30000,0x000000001b030000] [id=14880]

VM state:not at safepoint (normal execution)

VM Mutex/Monitor currently owned by a thread: None

heap address: 0x0000000080000000, size: 2048 MB, Compressed Oops mode: 32-bit
Narrow klass base: 0x0000000000000000, Narrow klass shift: 3
Compressed class space size: 1073741824 Address: 0x0000000100000000

Heap:
 PSYoungGen      total 112128K, used 27127K [0x00000000d5580000, 0x00000000df280000, 0x0000000100000000)
  eden space 100352K, 27% used [0x00000000d5580000,0x00000000d6ffdf48,0x00000000db780000)
  from space 11776K, 0% used [0x00000000db780000,0x00000000db780000,0x00000000dc300000)
  to   space 12288K, 0% used [0x00000000de680000,0x00000000de680000,0x00000000df280000)
 ParOldGen       total 97280K, used 15840K [0x0000000080000000, 0x0000000085f00000, 0x00000000d5580000)
  object space 97280K, 16% used [0x0000000080000000,0x0000000080f780a0,0x0000000085f00000)
 Metaspace       used 35437K, capacity 36554K, committed 36784K, reserved 1081344K
  class space    used 4879K, capacity 5172K, committed 5296K, reserved 1048576K

Card table byte_map: [0x00000000126a0000,0x0000000012ab0000] byte_map_base: 0x00000000122a0000

Marking Bits: (ParMarkBitMap*) 0x0000000061b7f030
 Begin Bits: [0x0000000013560000, 0x0000000015560000)
 End Bits:   [0x0000000015560000, 0x0000000017560000)

Polling page: 0x0000000002ee0000

CodeCache: size=245760Kb used=11370Kb max_used=11370Kb free=234389Kb
 bounds [0x00000000032e0000, 0x0000000003e10000, 0x00000000122e0000]
 total_blobs=3983 nmethods=3283 adapters=613
 compilation: enabled

Compilation events (10 events):
Event: 5.618 Thread 0x000000001a16d000 3338   !   3       org.gradle.cache.internal.LockOnDemandCrossProcessCacheAccess::decrementLockCount (86 bytes)
Event: 5.619 Thread 0x000000001a16d000 nmethod 3338 0x0000000003df66d0 code [0x0000000003df68a0, 0x0000000003df6e88]
Event: 5.619 Thread 0x000000001a16d000 3343       3       java.net.URI::checkPath (37 bytes)
Event: 5.620 Thread 0x000000001a15f000 nmethod 3342 0x0000000003dc4790 code [0x0000000003dc48c0, 0x0000000003dc4978]
Event: 5.620 Thread 0x000000001a15f000 3344       4       java.net.URI::quote (208 bytes)
Event: 5.620 Thread 0x000000001a16d000 nmethod 3343 0x0000000003df9390 code [0x0000000003df9540, 0x0000000003df9b38]
Event: 5.620 Thread 0x000000001a16d000 3327       3       org.gradle.cache.internal.btree.BTreePersistentIndexedCache$IndexBlock::get (38 bytes)
Event: 5.621 Thread 0x000000001a16d000 nmethod 3327 0x0000000003df84d0 code [0x0000000003df86c0, 0x0000000003df8de8]
Event: 5.621 Thread 0x000000001a16d000 3345       3       java.net.URI::appendSchemeSpecificPart (183 bytes)
Event: 5.623 Thread 0x000000001a16d000 nmethod 3345 0x0000000003df9dd0 code [0x0000000003dfa100, 0x0000000003dfc328]

GC Heap History (10 events):
Event: 3.222 GC heap before
{Heap before GC invocations=7 (full 1):
 PSYoungGen      total 75776K, used 8391K [0x00000000d5580000, 0x00000000dac80000, 0x0000000100000000)
  eden space 65536K, 0% used [0x00000000d5580000,0x00000000d5580000,0x00000000d9580000)
  from space 10240K, 81% used [0x00000000da080000,0x00000000da8b1e48,0x00000000daa80000)
  to   space 11264K, 0% used [0x00000000d9580000,0x00000000d9580000,0x00000000da080000)
 ParOldGen       total 87552K, used 7427K [0x0000000080000000, 0x0000000085580000, 0x00000000d5580000)
  object space 87552K, 8% used [0x0000000080000000,0x0000000080740cf8,0x0000000085580000)
 Metaspace       used 20590K, capacity 21220K, committed 21296K, reserved 1067008K
  class space    used 2886K, capacity 3084K, committed 3120K, reserved 1048576K
Event: 3.265 GC heap after
Heap after GC invocations=7 (full 1):
 PSYoungGen      total 75776K, used 0K [0x00000000d5580000, 0x00000000dac80000, 0x0000000100000000)
  eden space 65536K, 0% used [0x00000000d5580000,0x00000000d5580000,0x00000000d9580000)
  from space 10240K, 0% used [0x00000000da080000,0x00000000da080000,0x00000000daa80000)
  to   space 11264K, 0% used [0x00000000d9580000,0x00000000d9580000,0x00000000da080000)
 ParOldGen       total 61952K, used 9250K [0x0000000080000000, 0x0000000083c80000, 0x00000000d5580000)
  object space 61952K, 14% used [0x0000000080000000,0x0000000080908a08,0x0000000083c80000)
 Metaspace       used 20590K, capacity 21220K, committed 21296K, reserved 1067008K
  class space    used 2886K, capacity 3084K, committed 3120K, reserved 1048576K
}
Event: 4.035 GC heap before
{Heap before GC invocations=8 (full 1):
 PSYoungGen      total 75776K, used 65243K [0x00000000d5580000, 0x00000000dac80000, 0x0000000100000000)
  eden space 65536K, 99% used [0x00000000d5580000,0x00000000d9536d80,0x00000000d9580000)
  from space 10240K, 0% used [0x00000000da080000,0x00000000da080000,0x00000000daa80000)
  to   space 11264K, 0% used [0x00000000d9580000,0x00000000d9580000,0x00000000da080000)
 ParOldGen       total 61952K, used 9250K [0x0000000080000000, 0x0000000083c80000, 0x00000000d5580000)
  object space 61952K, 14% used [0x0000000080000000,0x0000000080908a08,0x0000000083c80000)
 Metaspace       used 28223K, capacity 28908K, committed 29232K, reserved 1075200K
  class space    used 3895K, capacity 4127K, committed 4144K, reserved 1048576K
Event: 4.044 GC heap after
Heap after GC invocations=8 (full 1):
 PSYoungGen      total 76800K, used 8721K [0x00000000d5580000, 0x00000000dce80000, 0x0000000100000000)
  eden space 65536K, 0% used [0x00000000d5580000,0x00000000d5580000,0x00000000d9580000)
  from space 11264K, 77% used [0x00000000d9580000,0x00000000d9e04658,0x00000000da080000)
  to   space 11776K, 0% used [0x00000000dc300000,0x00000000dc300000,0x00000000dce80000)
 ParOldGen       total 61952K, used 9258K [0x0000000080000000, 0x0000000083c80000, 0x00000000d5580000)
  object space 61952K, 14% used [0x0000000080000000,0x000000008090aa08,0x0000000083c80000)
 Metaspace       used 28223K, capacity 28908K, committed 29232K, reserved 1075200K
  class space    used 3895K, capacity 4127K, committed 4144K, reserved 1048576K
}
Event: 4.640 GC heap before
{Heap before GC invocations=9 (full 1):
 PSYoungGen      total 76800K, used 74257K [0x00000000d5580000, 0x00000000dce80000, 0x0000000100000000)
  eden space 65536K, 100% used [0x00000000d5580000,0x00000000d9580000,0x00000000d9580000)
  from space 11264K, 77% used [0x00000000d9580000,0x00000000d9e04658,0x00000000da080000)
  to   space 11776K, 0% used [0x00000000dc300000,0x00000000dc300000,0x00000000dce80000)
 ParOldGen       total 61952K, used 9258K [0x0000000080000000, 0x0000000083c80000, 0x00000000d5580000)
  object space 61952K, 14% used [0x0000000080000000,0x000000008090aa08,0x0000000083c80000)
 Metaspace       used 32322K, capacity 33112K, committed 33456K, reserved 1077248K
  class space    used 4421K, capacity 4673K, committed 4784K, reserved 1048576K
Event: 4.649 GC heap after
Heap after GC invocations=9 (full 1):
 PSYoungGen      total 112128K, used 8745K [0x00000000d5580000, 0x00000000dce80000, 0x0000000100000000)
  eden space 100352K, 0% used [0x00000000d5580000,0x00000000d5580000,0x00000000db780000)
  from space 11776K, 74% used [0x00000000dc300000,0x00000000dcb8a7a0,0x00000000dce80000)
  to   space 11776K, 0% used [0x00000000db780000,0x00000000db780000,0x00000000dc300000)
 ParOldGen       total 61952K, used 9266K [0x0000000080000000, 0x0000000083c80000, 0x00000000d5580000)
  object space 61952K, 14% used [0x0000000080000000,0x000000008090ca08,0x0000000083c80000)
 Metaspace       used 32322K, capacity 33112K, committed 33456K, reserved 1077248K
  class space    used 4421K, capacity 4673K, committed 4784K, reserved 1048576K
}
Event: 5.096 GC heap before
{Heap before GC invocations=10 (full 1):
 PSYoungGen      total 112128K, used 55006K [0x00000000d5580000, 0x00000000dce80000, 0x0000000100000000)
  eden space 100352K, 46% used [0x00000000d5580000,0x00000000d82ad420,0x00000000db780000)
  from space 11776K, 74% used [0x00000000dc300000,0x00000000dcb8a7a0,0x00000000dce80000)
  to   space 11776K, 0% used [0x00000000db780000,0x00000000db780000,0x00000000dc300000)
 ParOldGen       total 61952K, used 9266K [0x0000000080000000, 0x0000000083c80000, 0x00000000d5580000)
  object space 61952K, 14% used [0x0000000080000000,0x000000008090ca08,0x0000000083c80000)
 Metaspace       used 34563K, capacity 35402K, committed 35496K, reserved 1079296K
  class space    used 4746K, capacity 4972K, committed 5040K, reserved 1048576K
Event: 5.111 GC heap after
Heap after GC invocations=10 (full 1):
 PSYoungGen      total 112128K, used 8971K [0x00000000d5580000, 0x00000000df280000, 0x0000000100000000)
  eden space 100352K, 0% used [0x00000000d5580000,0x00000000d5580000,0x00000000db780000)
  from space 11776K, 76% used [0x00000000db780000,0x00000000dc042f20,0x00000000dc300000)
  to   space 12288K, 0% used [0x00000000de680000,0x00000000de680000,0x00000000df280000)
 ParOldGen       total 61952K, used 9274K [0x0000000080000000, 0x0000000083c80000, 0x00000000d5580000)
  object space 61952K, 14% used [0x0000000080000000,0x000000008090ea08,0x0000000083c80000)
 Metaspace       used 34563K, capacity 35402K, committed 35496K, reserved 1079296K
  class space    used 4746K, capacity 4972K, committed 5040K, reserved 1048576K
}
Event: 5.111 GC heap before
{Heap before GC invocations=11 (full 2):
 PSYoungGen      total 112128K, used 8971K [0x00000000d5580000, 0x00000000df280000, 0x0000000100000000)
  eden space 100352K, 0% used [0x00000000d5580000,0x00000000d5580000,0x00000000db780000)
  from space 11776K, 76% used [0x00000000db780000,0x00000000dc042f20,0x00000000dc300000)
  to   space 12288K, 0% used [0x00000000de680000,0x00000000de680000,0x00000000df280000)
 ParOldGen       total 61952K, used 9274K [0x0000000080000000, 0x0000000083c80000, 0x00000000d5580000)
  object space 61952K, 14% used [0x0000000080000000,0x000000008090ea08,0x0000000083c80000)
 Metaspace       used 34563K, capacity 35402K, committed 35496K, reserved 1079296K
  class space    used 4746K, capacity 4972K, committed 5040K, reserved 1048576K
Event: 5.188 GC heap after
Heap after GC invocations=11 (full 2):
 PSYoungGen      total 112128K, used 0K [0x00000000d5580000, 0x00000000df280000, 0x0000000100000000)
  eden space 100352K, 0% used [0x00000000d5580000,0x00000000d5580000,0x00000000db780000)
  from space 11776K, 0% used [0x00000000db780000,0x00000000db780000,0x00000000dc300000)
  to   space 12288K, 0% used [0x00000000de680000,0x00000000de680000,0x00000000df280000)
 ParOldGen       total 97280K, used 15840K [0x0000000080000000, 0x0000000085f00000, 0x00000000d5580000)
  object space 97280K, 16% used [0x0000000080000000,0x0000000080f780a0,0x0000000085f00000)
 Metaspace       used 34563K, capacity 35402K, committed 35496K, reserved 1079296K
  class space    used 4746K, capacity 4972K, committed 5040K, reserved 1048576K
}

Deoptimization events (10 events):
Event: 4.440 Thread 0x000000001cb7f000 Uncommon trap: reason=class_check action=maybe_recompile pc=0x00000000039d3850 method=sun.misc.URLClassPath.getLoader(I)Lsun/misc/URLClassPath$Loader; @ 94
Event: 4.445 Thread 0x000000001cb7f000 Uncommon trap: reason=class_check action=maybe_recompile pc=0x00000000039d99f4 method=sun.misc.URLClassPath.getLoader(I)Lsun/misc/URLClassPath$Loader; @ 239
Event: 4.506 Thread 0x000000001cb7f000 Uncommon trap: reason=unstable_if action=reinterpret pc=0x0000000003c0c684 method=org.codehaus.groovy.runtime.metaclass.MetaMethodIndex.addMethodToList(Ljava/lang/Object;Lgroovy/lang/MetaMethod;)Ljava/lang/Object; @ 226
Event: 4.526 Thread 0x000000001cb7f000 Uncommon trap: reason=class_check action=maybe_recompile pc=0x0000000003a0dab4 method=java.util.WeakHashMap.eq(Ljava/lang/Object;Ljava/lang/Object;)Z @ 7
Event: 4.530 Thread 0x000000001cb7f000 Uncommon trap: reason=class_check action=maybe_recompile pc=0x0000000003a0dab4 method=java.util.WeakHashMap.eq(Ljava/lang/Object;Ljava/lang/Object;)Z @ 7
Event: 4.691 Thread 0x000000001cb7f000 Uncommon trap: reason=unstable_if action=reinterpret pc=0x000000000376e9cc method=java.util.WeakHashMap.expungeStaleEntries()V @ 66
Event: 4.716 Thread 0x000000001cb7f000 Uncommon trap: reason=unstable_if action=reinterpret pc=0x0000000003befd60 method=java.net.URI.match(CJJ)Z @ 45
Event: 4.928 Thread 0x000000001cb7f000 Uncommon trap: reason=unstable_if action=reinterpret pc=0x0000000003b7cf7c method=jdk.internal.org.objectweb.asm.Type.getArgumentsAndReturnSizes(Ljava/lang/String;)I @ 88
Event: 5.417 Thread 0x000000001fd5c800 Uncommon trap: reason=unstable_if action=reinterpret pc=0x000000000385635c method=java.util.concurrent.ConcurrentHashMap.putVal(Ljava/lang/Object;Ljava/lang/Object;Z)Ljava/lang/Object; @ 147
Event: 5.420 Thread 0x000000001fd5c800 Uncommon trap: reason=unstable_if action=reinterpret pc=0x00000000037a0014 method=java.util.concurrent.ConcurrentHashMap.addCount(JI)V @ 168

Classes redefined (0 events):
No events

Internal exceptions (10 events):
Event: 4.543 Thread 0x000000001cb7f000 Exception <a 'java/lang/ClassNotFoundException': org/gradle/api/internal/artifacts/dsl/DefaultRepositoryHandler_DecoratedCustomizer> (0x00000000d8a9d138) thrown at [C:\src\AOSP-openjdk-git\hotspot\src\share\vm\classfile\systemDictionary.cpp, line 210]
Event: 4.687 Thread 0x000000001cb7f000 Exception <a 'java/lang/ClassNotFoundException': org/gradle/api/internal/artifacts/dsl/dependencies/DefaultDependencyHandler_DecoratedBeanInfo> (0x00000000d59301c0) thrown at [C:\src\AOSP-openjdk-git\hotspot\src\share\vm\classfile\systemDictionary.cpp, li
Event: 4.689 Thread 0x000000001cb7f000 Exception <a 'java/lang/ClassNotFoundException': org/gradle/api/internal/artifacts/dsl/dependencies/DefaultDependencyHandlerBeanInfo> (0x00000000d598b450) thrown at [C:\src\AOSP-openjdk-git\hotspot\src\share\vm\classfile\systemDictionary.cpp, line 210]
Event: 4.690 Thread 0x000000001cb7f000 Exception <a 'java/lang/ClassNotFoundException': org/gradle/api/internal/artifacts/dsl/dependencies/DefaultDependencyHandlerCustomizer> (0x00000000d59e75c8) thrown at [C:\src\AOSP-openjdk-git\hotspot\src\share\vm\classfile\systemDictionary.cpp, line 210]
Event: 4.692 Thread 0x000000001cb7f000 Exception <a 'java/lang/ClassNotFoundException': org/gradle/api/internal/artifacts/dsl/dependencies/DefaultDependencyHandler_DecoratedCustomizer> (0x00000000d5a74f20) thrown at [C:\src\AOSP-openjdk-git\hotspot\src\share\vm\classfile\systemDictionary.cpp, 
Event: 4.925 Thread 0x000000001cb7f000 Exception <a 'java/lang/IncompatibleClassChangeError': Found class java.lang.Object, but interface was expected> (0x00000000d74bd840) thrown at [C:\src\AOSP-openjdk-git\hotspot\src\share\vm\interpreter\linkResolver.cpp, line 653]
Event: 4.927 Thread 0x000000001cb7f000 Exception <a 'java/lang/NoSuchMethodError': java.lang.Object.lambda$comparing$77a9974f$1(Ljava/util/function/Function;Ljava/lang/Object;Ljava/lang/Object;)I> (0x00000000d74c8ce0) thrown at [C:\src\AOSP-openjdk-git\hotspot\src\share\vm\interpreter\linkReso
Event: 4.929 Thread 0x000000001cb7f000 Exception <a 'java/lang/NoSuchMethodError': java.lang.Object.lambda$thenComparing$36697e65$1(Ljava/util/Comparator;Ljava/lang/Object;Ljava/lang/Object;)I> (0x00000000d74dce90) thrown at [C:\src\AOSP-openjdk-git\hotspot\src\share\vm\interpreter\linkResolve
Event: 4.931 Thread 0x000000001cb7f000 Exception <a 'java/lang/NoSuchMethodError': java.lang.Object.lambda$comparing$ea9a8b3a$1(Ljava/util/Comparator;Ljava/util/function/Function;Ljava/lang/Object;Ljava/lang/Object;)I> (0x00000000d74f3f20) thrown at [C:\src\AOSP-openjdk-git\hotspot\src\share\v
Event: 5.397 Thread 0x000000001cb7f000 Exception <a 'java/lang/NoSuchMethodError': java.lang.Object.lambda$static$0(Lorg/gradle/api/internal/artifacts/ivyservice/resolveengine/artifact/ArtifactVisitor;)V> (0x00000000d610bdd8) thrown at [C:\src\AOSP-openjdk-git\hotspot\src\share\vm\interpreter\

Events (10 events):
Event: 5.613 loading class org/gradle/internal/fingerprint/FingerprintHashingStrategy
Event: 5.614 loading class org/gradle/internal/fingerprint/FingerprintHashingStrategy done
Event: 5.614 loading class org/gradle/internal/fingerprint/FingerprintHashingStrategy$1
Event: 5.614 loading class org/gradle/internal/fingerprint/FingerprintHashingStrategy$1 done
Event: 5.614 loading class org/gradle/internal/fingerprint/FingerprintHashingStrategy$2
Event: 5.614 loading class org/gradle/internal/fingerprint/FingerprintHashingStrategy$2 done
Event: 5.615 loading class org/gradle/internal/fingerprint/impl/DefaultCurrentFileCollectionFingerprint$1
Event: 5.615 loading class org/gradle/internal/fingerprint/impl/DefaultCurrentFileCollectionFingerprint$1 done
Event: 5.619 Thread 0x000000001cb7f000 DEOPT PACKING pc=0x0000000003568aa8 sp=0x000000001e74adc0
Event: 5.619 Thread 0x000000001cb7f000 DEOPT UNPACKING pc=0x00000000033275d0 sp=0x000000001e74ac38 mode 0


Dynamic libraries:
0x00007ff715950000 - 0x00007ff715981000 	C:\Program Files\Android\Android Studio\jre\bin\java.exe
0x00007ffd4fc70000 - 0x00007ffd4fe65000 	C:\WINDOWS\SYSTEM32\ntdll.dll
0x00007ffd4f610000 - 0x00007ffd4f6cd000 	C:\WINDOWS\System32\KERNEL32.DLL
0x00007ffd4d6a0000 - 0x00007ffd4d967000 	C:\WINDOWS\System32\KERNELBASE.dll
0x00007ffd4fb80000 - 0x00007ffd4fc2a000 	C:\WINDOWS\System32\ADVAPI32.dll
0x00007ffd4e850000 - 0x00007ffd4e8ee000 	C:\WINDOWS\System32\msvcrt.dll
0x00007ffd4dd40000 - 0x00007ffd4dddb000 	C:\WINDOWS\System32\sechost.dll
0x00007ffd4f4e0000 - 0x00007ffd4f603000 	C:\WINDOWS\System32\RPCRT4.dll
0x00007ffd4dde0000 - 0x00007ffd4df80000 	C:\WINDOWS\System32\USER32.dll
0x00007ffd4dbb0000 - 0x00007ffd4dbd2000 	C:\WINDOWS\System32\win32u.dll
0x00007ffd4e610000 - 0x00007ffd4e63a000 	C:\WINDOWS\System32\GDI32.dll
0x00007ffd4d3f0000 - 0x00007ffd4d4fa000 	C:\WINDOWS\System32\gdi32full.dll
0x00007ffd4d5b0000 - 0x00007ffd4d64d000 	C:\WINDOWS\System32\msvcp_win.dll
0x00007ffd4dbe0000 - 0x00007ffd4dce0000 	C:\WINDOWS\System32\ucrtbase.dll
0x00007ffd334d0000 - 0x00007ffd3376a000 	C:\WINDOWS\WinSxS\amd64_microsoft.windows.common-controls_6595b64144ccf1df_6.0.19041.1_none_b555e41d4684ddec\COMCTL32.dll
0x00007ffd4fb40000 - 0x00007ffd4fb70000 	C:\WINDOWS\System32\IMM32.DLL
0x00000000611f0000 - 0x00000000612c2000 	C:\Program Files\Android\Android Studio\jre\jre\bin\msvcr100.dll
0x00000000613b0000 - 0x0000000061bfb000 	C:\Program Files\Android\Android Studio\jre\jre\bin\server\jvm.dll
0x00007ffd4fb70000 - 0x00007ffd4fb78000 	C:\WINDOWS\System32\PSAPI.DLL
0x00007ffd31430000 - 0x00007ffd31457000 	C:\WINDOWS\SYSTEM32\WINMM.dll
0x00007ffd36540000 - 0x00007ffd36549000 	C:\WINDOWS\SYSTEM32\WSOCK32.dll
0x00007ffd4c260000 - 0x00007ffd4c26a000 	C:\WINDOWS\SYSTEM32\VERSION.dll
0x00007ffd4e6c0000 - 0x00007ffd4e72b000 	C:\WINDOWS\System32\WS2_32.dll
0x00007ffd48a90000 - 0x00007ffd48a9f000 	C:\Program Files\Android\Android Studio\jre\jre\bin\verify.dll
0x00007ffd46150000 - 0x00007ffd46179000 	C:\Program Files\Android\Android Studio\jre\jre\bin\java.dll
0x00007ffd45e30000 - 0x00007ffd45e46000 	C:\Program Files\Android\Android Studio\jre\jre\bin\zip.dll
0x00007ffd4ecf0000 - 0x00007ffd4f430000 	C:\WINDOWS\System32\SHELL32.dll
0x00007ffd4ba80000 - 0x00007ffd4c211000 	C:\WINDOWS\SYSTEM32\windows.storage.dll
0x00007ffd4df80000 - 0x00007ffd4e2d3000 	C:\WINDOWS\System32\combase.dll
0x00007ffd4ce40000 - 0x00007ffd4ce6c000 	C:\WINDOWS\SYSTEM32\Wldp.dll
0x00007ffd4e7a0000 - 0x00007ffd4e84e000 	C:\WINDOWS\System32\SHCORE.dll
0x00007ffd4e490000 - 0x00007ffd4e4e5000 	C:\WINDOWS\System32\shlwapi.dll
0x00007ffd4d300000 - 0x00007ffd4d31f000 	C:\WINDOWS\SYSTEM32\profapi.dll
0x00007ffd45db0000 - 0x00007ffd45dca000 	C:\Program Files\Android\Android Studio\jre\jre\bin\net.dll
0x00007ffd4cbc0000 - 0x00007ffd4cc2a000 	C:\WINDOWS\system32\mswsock.dll
0x00007ffd40880000 - 0x00007ffd40893000 	C:\Program Files\Android\Android Studio\jre\jre\bin\nio.dll
0x00007ffd3e3b0000 - 0x00007ffd3e3d6000 	C:\Users\ty\.gradle\native\31\windows-amd64\native-platform.dll
0x00007ffd48100000 - 0x00007ffd4810d000 	C:\Program Files\Android\Android Studio\jre\jre\bin\management.dll
0x00007ffd4cda0000 - 0x00007ffd4cdb8000 	C:\WINDOWS\SYSTEM32\CRYPTSP.dll
0x00007ffd4c4e0000 - 0x00007ffd4c514000 	C:\WINDOWS\system32\rsaenh.dll
0x00007ffd4d3c0000 - 0x00007ffd4d3e7000 	C:\WINDOWS\System32\bcrypt.dll
0x00007ffd4d2c0000 - 0x00007ffd4d2ee000 	C:\WINDOWS\SYSTEM32\USERENV.dll
0x00007ffd4d9d0000 - 0x00007ffd4da4f000 	C:\WINDOWS\System32\bcryptprimitives.dll
0x00007ffd4cd90000 - 0x00007ffd4cd9c000 	C:\WINDOWS\SYSTEM32\CRYPTBASE.dll
0x00007ffd4c860000 - 0x00007ffd4c89b000 	C:\WINDOWS\SYSTEM32\IPHLPAPI.DLL
0x00007ffd4e9a0000 - 0x00007ffd4e9a9000 	C:\WINDOWS\System32\NSI.dll
0x00007ffd41550000 - 0x00007ffd41567000 	C:\WINDOWS\SYSTEM32\dhcpcsvc6.DLL
0x00007ffd45340000 - 0x00007ffd4535d000 	C:\WINDOWS\SYSTEM32\dhcpcsvc.DLL
0x00007ffd4c8a0000 - 0x00007ffd4c96a000 	C:\WINDOWS\SYSTEM32\DNSAPI.dll

VM Arguments:
jvm_args: -Xmx2048m -Dfile.encoding=windows-1252 -Duser.country=US -Duser.language=en -Duser.variant 
java_command: org.gradle.launcher.daemon.bootstrap.GradleDaemon 6.1.1
java_class_path (initial): C:\Users\ty\.gradle\wrapper\dists\gradle-6.1.1-all\cfmwm155h49vnt3hynmlrsdst\gradle-6.1.1\lib\gradle-launcher-6.1.1.jar
Launcher Type: SUN_STANDARD

Environment Variables:
JAVA_HOME=C:\Program Files\Java\jdk1.8.0_261
PATH=C:\Program Files (x86)\Common Files\Oracle\Java\javapath;C:\WINDOWS\system32;C:\WINDOWS;C:\WINDOWS\System32\Wbem;C:\WINDOWS\System32\WindowsPowerShell\v1.0\;C:\WINDOWS\System32\OpenSSH\;C:\Program Files\Git\cmd;C:\Program Files\Java\jdk-14.0.2\bin;C:\Users\ty\AppData\Local\Microsoft\WindowsApps;C:\Users\ty\AppData\Local\atom\bin;C:\Users\ty\AppData\Local\Programs\Microsoft VS Code\bin;C:\Users\ty\Documents\coms309\apache-maven-3.6.3\bin;
USERNAME=ty
OS=Windows_NT
PROCESSOR_IDENTIFIER=Intel64 Family 6 Model 142 Stepping 10, GenuineIntel



---------------  S Y S T E M  ---------------

OS: Windows 10.0 , 64 bit Build 19041 (10.0.19041.292)

CPU:total 8 (initial active 8) (4 cores per cpu, 2 threads per core) family 6 model 142 stepping 10, cmov, cx8, fxsr, mmx, sse, sse2, sse3, ssse3, sse4.1, sse4.2, popcnt, avx, avx2, aes, clmul, erms, 3dnowpref, lzcnt, ht, tsc, tscinvbit, bmi1, bmi2, adx

Memory: 4k page, physical 8298360k(1326976k free), swap 10447836k(6744k free)

vm_info: OpenJDK 64-Bit Server VM (25.242-b01) for windows-amd64 JRE (1.8.0_242-release-1644-b01), built by "builder" with MS VC++ 10.0 (VS2010)

time: Mon Sep 21 16:07:46 2020
timezone: Central Daylight Time
elapsed time: 5 seconds (0d 0h 0m 5s)

