#
# There is insufficient memory for the Java Runtime Environment to continue.
# Native memory allocation (malloc) failed to allocate 1044976 bytes for Chunk::new
# Possible reasons:
#   The system is out of physical RAM or swap space
#   The process is running with CompressedOops enabled, and the Java Heap may be blocking the growth of the native heap
# Possible solutions:
#   Reduce memory load on the system
#   Increase physical memory or swap space
#   Check if swap backing store is full
#   Decrease Java heap size (-Xmx/-Xms)
#   Decrease number of Java threads
#   Decrease Java thread stack sizes (-Xss)
#   Set larger code cache with -XX:ReservedCodeCacheSize=
#   JVM is running with Unscaled Compressed Oops mode in which the Java heap is
#     placed in the first 4GB address space. The Java Heap base address is the
#     maximum limit for the native heap growth. Please use -XX:HeapBaseMinAddress
#     to set the Java Heap base and to place the Java Heap above 4GB virtual address.
# This output file may be truncated or incomplete.
#
#  Out of Memory Error (allocation.cpp:389), pid=1840, tid=0x0000000000003b68
#
# JRE version: OpenJDK Runtime Environment (8.0_242-b01) (build 1.8.0_242-release-1644-b01)
# Java VM: OpenJDK 64-Bit Server VM (25.242-b01 mixed mode windows-amd64 compressed oops)
# Failed to write core dump. Minidumps are not enabled by default on client versions of Windows
#

---------------  T H R E A D  ---------------

Current thread (0x0000000019f9d800):  JavaThread "C2 CompilerThread2" daemon [_thread_in_native, id=15208, stack(0x000000001aa60000,0x000000001ab60000)]

Stack: [0x000000001aa60000,0x000000001ab60000]
[error occurred during error reporting (printing stack bounds), id 0xc0000005]

Native frames: (J=compiled Java code, j=interpreted, Vv=VM code, C=native code)


Current CompileTask:
C2:   4368 3369       4       groovy.lang.MetaClassImpl$1MOPIter::methodNameAction (325 bytes)


---------------  P R O C E S S  ---------------

Java Threads: ( => current thread )
  0x000000001cf0f000 JavaThread "Build operations Thread 8" [_thread_blocked, id=5280, stack(0x0000000024ca0000,0x0000000024da0000)]
  0x000000001cf16000 JavaThread "Build operations Thread 7" [_thread_blocked, id=11588, stack(0x0000000024ba0000,0x0000000024ca0000)]
  0x000000001cf14000 JavaThread "Build operations Thread 6" [_thread_blocked, id=8480, stack(0x0000000024aa0000,0x0000000024ba0000)]
  0x000000001cf0e800 JavaThread "Build operations Thread 5" [_thread_blocked, id=11744, stack(0x00000000249a0000,0x0000000024aa0000)]
  0x000000001cf14800 JavaThread "Build operations Thread 4" [_thread_blocked, id=15028, stack(0x00000000248a0000,0x00000000249a0000)]
  0x000000001cf13000 JavaThread "Build operations Thread 3" [_thread_blocked, id=15216, stack(0x00000000247a0000,0x00000000248a0000)]
  0x000000001cf11800 JavaThread "Build operations Thread 2" [_thread_blocked, id=14996, stack(0x0000000024430000,0x0000000024530000)]
  0x000000001cf12800 JavaThread "Build operations" [_thread_blocked, id=10864, stack(0x0000000024330000,0x0000000024430000)]
  0x0000000019fac000 JavaThread "Cache worker for execution history cache (C:\Users\ty\.gradle\caches\6.1.1\executionHistory)" [_thread_blocked, id=13096, stack(0x0000000022860000,0x0000000022960000)]
  0x0000000019fb0800 JavaThread "Cache worker for cache directory md-rule (C:\Users\ty\.gradle\caches\6.1.1\md-rule)" [_thread_blocked, id=11856, stack(0x00000000216c0000,0x00000000217c0000)]
  0x0000000019faf800 JavaThread "Cache worker for cache directory md-supplier (C:\Users\ty\.gradle\caches\6.1.1\md-supplier)" [_thread_blocked, id=11544, stack(0x0000000021120000,0x0000000021220000)]
  0x0000000019fae000 JavaThread "Cache worker for file hash cache (C:\Users\ty\rp_07\Frontend\Android_Frontend\.gradle\6.1.1\fileHashes)" [_thread_blocked, id=16040, stack(0x00000000213c0000,0x00000000214c0000)]
  0x0000000019fac800 JavaThread "Cache worker for checksums cache (C:\Users\ty\rp_07\Frontend\Android_Frontend\.gradle\checksums)" [_thread_blocked, id=7788, stack(0x00000000212c0000,0x00000000213c0000)]
  0x0000000019fad800 JavaThread "Cache worker for file hash cache (C:\Users\ty\.gradle\caches\6.1.1\fileHashes)" [_thread_blocked, id=13328, stack(0x000000001ec80000,0x000000001ed80000)]
  0x0000000019faf000 JavaThread "File lock request listener" [_thread_in_native, id=9776, stack(0x000000001eb80000,0x000000001ec80000)]
  0x000000001caa8800 JavaThread "Cache worker for journal cache (C:\Users\ty\.gradle\caches\journal-1)" [_thread_blocked, id=1108, stack(0x000000001ea80000,0x000000001eb80000)]
  0x000000001c9da800 JavaThread "Thread-9" [_thread_blocked, id=17388, stack(0x000000001e780000,0x000000001e880000)]
  0x000000001c9da000 JavaThread "Stdin handler" [_thread_blocked, id=11892, stack(0x000000001e680000,0x000000001e780000)]
  0x000000001c9d7800 JavaThread "Asynchronous log dispatcher for DefaultDaemonConnection: socket connection from /127.0.0.1:59168 to /127.0.0.1:59169" [_thread_blocked, id=9200, stack(0x000000001e580000,0x000000001e680000)]
  0x000000001c9dd000 JavaThread "Daemon worker" [_thread_in_native, id=10884, stack(0x000000001e480000,0x000000001e580000)]
  0x000000001c9db800 JavaThread "Cancel handler" [_thread_blocked, id=6956, stack(0x000000001e380000,0x000000001e480000)]
  0x000000001c9b1800 JavaThread "Handler for socket connection from /127.0.0.1:59168 to /127.0.0.1:59169" [_thread_in_native, id=12684, stack(0x000000001e080000,0x000000001e180000)]
  0x000000001c92d000 JavaThread "Daemon" [_thread_blocked, id=5932, stack(0x000000001df80000,0x000000001e080000)]
  0x000000001c988800 JavaThread "Daemon periodic checks" [_thread_blocked, id=11668, stack(0x000000001de80000,0x000000001df80000)]
  0x000000001c92a800 JavaThread "Incoming local TCP Connector on port 59168" [_thread_in_native, id=10876, stack(0x000000001dc40000,0x000000001dd40000)]
  0x000000001c8e6800 JavaThread "Daemon health stats" [_thread_blocked, id=15552, stack(0x000000001d600000,0x000000001d700000)]
  0x000000001a027000 JavaThread "Service Thread" daemon [_thread_blocked, id=9280, stack(0x000000001ac60000,0x000000001ad60000)]
  0x0000000019fab000 JavaThread "C1 CompilerThread3" daemon [_thread_blocked, id=8896, stack(0x000000001ab60000,0x000000001ac60000)]
=>0x0000000019f9d800 JavaThread "C2 CompilerThread2" daemon [_thread_in_native, id=15208, stack(0x000000001aa60000,0x000000001ab60000)]
  0x0000000019f96000 JavaThread "C2 CompilerThread1" daemon [_thread_in_native, id=11412, stack(0x000000001a960000,0x000000001aa60000)]
  0x0000000019f8f000 JavaThread "C2 CompilerThread0" daemon [_thread_blocked, id=15312, stack(0x000000001a860000,0x000000001a960000)]
  0x0000000019f8e000 JavaThread "Attach Listener" daemon [_thread_blocked, id=14144, stack(0x000000001a760000,0x000000001a860000)]
  0x000000001819e000 JavaThread "Signal Dispatcher" daemon [_thread_blocked, id=8448, stack(0x000000001a660000,0x000000001a760000)]
  0x0000000019f81000 JavaThread "Finalizer" daemon [_thread_blocked, id=3088, stack(0x000000001a460000,0x000000001a560000)]
  0x0000000019f80800 JavaThread "Reference Handler" daemon [_thread_blocked, id=11976, stack(0x000000001a360000,0x000000001a460000)]
  0x000000000311d800 JavaThread "main" [_thread_blocked, id=5988, stack(0x0000000002e40000,0x0000000002f40000)]

Other Threads:
  0x0000000018188000 VMThread [stack: 0x0000000019e60000,0x0000000019f60000] [id=13008]
  0x000000001a027800 WatcherThread [stack: 0x000000001ad60000,0x000000001ae60000] [id=12848]

VM state:not at safepoint (normal execution)

VM Mutex/Monitor currently owned by a thread: None

heap address: 0x0000000080000000, size: 2048 MB, Compressed Oops mode: 32-bit
Narrow klass base: 0x0000000000000000, Narrow klass shift: 3
Compressed class space size: 1073741824 Address: 0x0000000100000000

Heap:
 PSYoungGen      total 138240K, used 38763K [0x00000000d5580000, 0x00000000de180000, 0x0000000100000000)
  eden space 133120K, 29% used [0x00000000d5580000,0x00000000d7b5aeb8,0x00000000dd780000)
  from space 5120K, 0% used [0x00000000dd780000,0x00000000dd780000,0x00000000ddc80000)
  to   space 5120K, 0% used [0x00000000ddc80000,0x00000000ddc80000,0x00000000de180000)
 ParOldGen       total 82944K, used 15480K [0x0000000080000000, 0x0000000085100000, 0x00000000d5580000)
  object space 82944K, 18% used [0x0000000080000000,0x0000000080f1e298,0x0000000085100000)
 Metaspace       used 35863K, capacity 37068K, committed 37296K, reserved 1081344K
  class space    used 4948K, capacity 5253K, committed 5296K, reserved 1048576K

Card table byte_map: [0x00000000124e0000,0x00000000128f0000] byte_map_base: 0x00000000120e0000

Marking Bits: (ParMarkBitMap*) 0x0000000061b7f030
 Begin Bits: [0x00000000133a0000, 0x00000000153a0000)
 End Bits:   [0x00000000153a0000, 0x00000000173a0000)

Polling page: 0x0000000001640000

CodeCache: size=245760Kb used=12137Kb max_used=12137Kb free=233622Kb
 bounds [0x0000000003120000, 0x0000000003d10000, 0x0000000012120000]
 total_blobs=4134 nmethods=3433 adapters=614
 compilation: enabled

Compilation events (10 events):
Event: 4.345 Thread 0x0000000019f96000 nmethod 3426 0x0000000003cef190 code [0x0000000003cef2e0, 0x0000000003cef4b8]
Event: 4.345 Thread 0x0000000019f96000 3432       4       org.objectweb.asm.Frame::execute (2318 bytes)
Event: 4.359 Thread 0x0000000019fab000 3434       3       java.lang.invoke.MethodHandles$Lookup::in (125 bytes)
Event: 4.360 Thread 0x0000000019fab000 nmethod 3434 0x0000000003cf8550 code [0x0000000003cf8780, 0x0000000003cf93f8]
Event: 4.361 Thread 0x0000000019fab000 3435       3       jdk.internal.org.objectweb.asm.FieldWriter::getSize (262 bytes)
Event: 4.361 Thread 0x0000000019f8f000 nmethod 3425 0x0000000003cfe3d0 code [0x0000000003cfe5e0, 0x0000000003cff548]
Event: 4.361 Thread 0x0000000019f8f000 3428       4       sun.misc.ProxyGenerator$ConstantPool$IndirectEntry::equals (49 bytes)
Event: 4.362 Thread 0x0000000019f8f000 nmethod 3428 0x0000000003cf1950 code [0x0000000003cf1aa0, 0x0000000003cf1b58]
Event: 4.362 Thread 0x0000000019fab000 nmethod 3435 0x0000000003cfca90 code [0x0000000003cfcd20, 0x0000000003cfdc28]
Event: 4.366 Thread 0x0000000019fab000 3436       3       jdk.internal.org.objectweb.asm.FieldWriter::put (472 bytes)

GC Heap History (10 events):
Event: 2.408 GC heap before
{Heap before GC invocations=5 (full 0):
 PSYoungGen      total 138240K, used 8554K [0x00000000d5580000, 0x00000000de180000, 0x0000000100000000)
  eden space 133120K, 2% used [0x00000000d5580000,0x00000000d58e28b8,0x00000000dd780000)
  from space 5120K, 99% used [0x00000000ddc80000,0x00000000de178040,0x00000000de180000)
  to   space 5120K, 0% used [0x00000000dd780000,0x00000000dd780000,0x00000000ddc80000)
 ParOldGen       total 87552K, used 11302K [0x0000000080000000, 0x0000000085580000, 0x00000000d5580000)
  object space 87552K, 12% used [0x0000000080000000,0x0000000080b098e8,0x0000000085580000)
 Metaspace       used 20695K, capacity 21252K, committed 21296K, reserved 1067008K
  class space    used 2907K, capacity 3116K, committed 3120K, reserved 1048576K
Event: 2.415 GC heap after
Heap after GC invocations=5 (full 0):
 PSYoungGen      total 138240K, used 5104K [0x00000000d5580000, 0x00000000de180000, 0x0000000100000000)
  eden space 133120K, 0% used [0x00000000d5580000,0x00000000d5580000,0x00000000dd780000)
  from space 5120K, 99% used [0x00000000dd780000,0x00000000ddc7c030,0x00000000ddc80000)
  to   space 5120K, 0% used [0x00000000ddc80000,0x00000000ddc80000,0x00000000de180000)
 ParOldGen       total 87552K, used 11543K [0x0000000080000000, 0x0000000085580000, 0x00000000d5580000)
  object space 87552K, 13% used [0x0000000080000000,0x0000000080b45f70,0x0000000085580000)
 Metaspace       used 20695K, capacity 21252K, committed 21296K, reserved 1067008K
  class space    used 2907K, capacity 3116K, committed 3120K, reserved 1048576K
}
Event: 2.415 GC heap before
{Heap before GC invocations=6 (full 1):
 PSYoungGen      total 138240K, used 5104K [0x00000000d5580000, 0x00000000de180000, 0x0000000100000000)
  eden space 133120K, 0% used [0x00000000d5580000,0x00000000d5580000,0x00000000dd780000)
  from space 5120K, 99% used [0x00000000dd780000,0x00000000ddc7c030,0x00000000ddc80000)
  to   space 5120K, 0% used [0x00000000ddc80000,0x00000000ddc80000,0x00000000de180000)
 ParOldGen       total 87552K, used 11543K [0x0000000080000000, 0x0000000085580000, 0x00000000d5580000)
  object space 87552K, 13% used [0x0000000080000000,0x0000000080b45f70,0x0000000085580000)
 Metaspace       used 20695K, capacity 21252K, committed 21296K, reserved 1067008K
  class space    used 2907K, capacity 3116K, committed 3120K, reserved 1048576K
Event: 2.456 GC heap after
Heap after GC invocations=6 (full 1):
 PSYoungGen      total 138240K, used 0K [0x00000000d5580000, 0x00000000de180000, 0x0000000100000000)
  eden space 133120K, 0% used [0x00000000d5580000,0x00000000d5580000,0x00000000dd780000)
  from space 5120K, 0% used [0x00000000dd780000,0x00000000dd780000,0x00000000ddc80000)
  to   space 5120K, 0% used [0x00000000ddc80000,0x00000000ddc80000,0x00000000de180000)
 ParOldGen       total 58368K, used 9805K [0x0000000080000000, 0x0000000083900000, 0x00000000d5580000)
  object space 58368K, 16% used [0x0000000080000000,0x0000000080993560,0x0000000083900000)
 Metaspace       used 20695K, capacity 21252K, committed 21296K, reserved 1067008K
  class space    used 2907K, capacity 3116K, committed 3120K, reserved 1048576K
}
Event: 3.448 GC heap before
{Heap before GC invocations=7 (full 1):
 PSYoungGen      total 138240K, used 133120K [0x00000000d5580000, 0x00000000de180000, 0x0000000100000000)
  eden space 133120K, 100% used [0x00000000d5580000,0x00000000dd780000,0x00000000dd780000)
  from space 5120K, 0% used [0x00000000dd780000,0x00000000dd780000,0x00000000ddc80000)
  to   space 5120K, 0% used [0x00000000ddc80000,0x00000000ddc80000,0x00000000de180000)
 ParOldGen       total 58368K, used 9805K [0x0000000080000000, 0x0000000083900000, 0x00000000d5580000)
  object space 58368K, 16% used [0x0000000080000000,0x0000000080993560,0x0000000083900000)
 Metaspace       used 32302K, capacity 33112K, committed 33456K, reserved 1077248K
  class space    used 4420K, capacity 4673K, committed 4784K, reserved 1048576K
Event: 3.459 GC heap after
Heap after GC invocations=7 (full 1):
 PSYoungGen      total 138240K, used 5120K [0x00000000d5580000, 0x00000000de180000, 0x0000000100000000)
  eden space 133120K, 0% used [0x00000000d5580000,0x00000000d5580000,0x00000000dd780000)
  from space 5120K, 100% used [0x00000000ddc80000,0x00000000de180000,0x00000000de180000)
  to   space 5120K, 0% used [0x00000000dd780000,0x00000000dd780000,0x00000000ddc80000)
 ParOldGen       total 58368K, used 17858K [0x0000000080000000, 0x0000000083900000, 0x00000000d5580000)
  object space 58368K, 30% used [0x0000000080000000,0x00000000811708a8,0x0000000083900000)
 Metaspace       used 32302K, capacity 33112K, committed 33456K, reserved 1077248K
  class space    used 4420K, capacity 4673K, committed 4784K, reserved 1048576K
}
Event: 3.809 GC heap before
{Heap before GC invocations=8 (full 1):
 PSYoungGen      total 138240K, used 53529K [0x00000000d5580000, 0x00000000de180000, 0x0000000100000000)
  eden space 133120K, 36% used [0x00000000d5580000,0x00000000d84c67c0,0x00000000dd780000)
  from space 5120K, 100% used [0x00000000ddc80000,0x00000000de180000,0x00000000de180000)
  to   space 5120K, 0% used [0x00000000dd780000,0x00000000dd780000,0x00000000ddc80000)
 ParOldGen       total 58368K, used 17858K [0x0000000080000000, 0x0000000083900000, 0x00000000d5580000)
  object space 58368K, 30% used [0x0000000080000000,0x00000000811708a8,0x0000000083900000)
 Metaspace       used 34549K, capacity 35402K, committed 35496K, reserved 1079296K
  class space    used 4746K, capacity 4972K, committed 5040K, reserved 1048576K
Event: 3.816 GC heap after
Heap after GC invocations=8 (full 1):
 PSYoungGen      total 138240K, used 5120K [0x00000000d5580000, 0x00000000de180000, 0x0000000100000000)
  eden space 133120K, 0% used [0x00000000d5580000,0x00000000d5580000,0x00000000dd780000)
  from space 5120K, 100% used [0x00000000dd780000,0x00000000ddc80000,0x00000000ddc80000)
  to   space 5120K, 0% used [0x00000000ddc80000,0x00000000ddc80000,0x00000000de180000)
 ParOldGen       total 58368K, used 20996K [0x0000000080000000, 0x0000000083900000, 0x00000000d5580000)
  object space 58368K, 35% used [0x0000000080000000,0x00000000814810a0,0x0000000083900000)
 Metaspace       used 34549K, capacity 35402K, committed 35496K, reserved 1079296K
  class space    used 4746K, capacity 4972K, committed 5040K, reserved 1048576K
}
Event: 3.816 GC heap before
{Heap before GC invocations=9 (full 2):
 PSYoungGen      total 138240K, used 5120K [0x00000000d5580000, 0x00000000de180000, 0x0000000100000000)
  eden space 133120K, 0% used [0x00000000d5580000,0x00000000d5580000,0x00000000dd780000)
  from space 5120K, 100% used [0x00000000dd780000,0x00000000ddc80000,0x00000000ddc80000)
  to   space 5120K, 0% used [0x00000000ddc80000,0x00000000ddc80000,0x00000000de180000)
 ParOldGen       total 58368K, used 20996K [0x0000000080000000, 0x0000000083900000, 0x00000000d5580000)
  object space 58368K, 35% used [0x0000000080000000,0x00000000814810a0,0x0000000083900000)
 Metaspace       used 34549K, capacity 35402K, committed 35496K, reserved 1079296K
  class space    used 4746K, capacity 4972K, committed 5040K, reserved 1048576K
Event: 3.882 GC heap after
Heap after GC invocations=9 (full 2):
 PSYoungGen      total 138240K, used 0K [0x00000000d5580000, 0x00000000de180000, 0x0000000100000000)
  eden space 133120K, 0% used [0x00000000d5580000,0x00000000d5580000,0x00000000dd780000)
  from space 5120K, 0% used [0x00000000dd780000,0x00000000dd780000,0x00000000ddc80000)
  to   space 5120K, 0% used [0x00000000ddc80000,0x00000000ddc80000,0x00000000de180000)
 ParOldGen       total 82944K, used 15480K [0x0000000080000000, 0x0000000085100000, 0x00000000d5580000)
  object space 82944K, 18% used [0x0000000080000000,0x0000000080f1e298,0x0000000085100000)
 Metaspace       used 34549K, capacity 35402K, committed 35496K, reserved 1079296K
  class space    used 4746K, capacity 4972K, committed 5040K, reserved 1048576K
}

Deoptimization events (10 events):
Event: 3.272 Thread 0x000000001c9dd000 Uncommon trap: reason=class_check action=maybe_recompile pc=0x000000000381cc14 method=sun.misc.URLClassPath.getLoader(I)Lsun/misc/URLClassPath$Loader; @ 94
Event: 3.275 Thread 0x000000001c9dd000 Uncommon trap: reason=class_check action=maybe_recompile pc=0x0000000003815750 method=sun.misc.URLClassPath.getLoader(I)Lsun/misc/URLClassPath$Loader; @ 239
Event: 3.460 Thread 0x0000000019f80800 Uncommon trap: reason=unstable_if action=reinterpret pc=0x000000000361ed3c method=java.lang.ref.Reference.tryHandlePending(Z)Z @ 104
Event: 3.669 Thread 0x000000001c9dd000 Uncommon trap: reason=unstable_if action=reinterpret pc=0x00000000039aa17c method=jdk.internal.org.objectweb.asm.Type.getArgumentsAndReturnSizes(Ljava/lang/String;)I @ 88
Event: 4.032 Thread 0x000000001cf13000 Uncommon trap: reason=unstable_if action=reinterpret pc=0x0000000003685af4 method=java.util.concurrent.ConcurrentHashMap.putVal(Ljava/lang/Object;Ljava/lang/Object;Z)Ljava/lang/Object; @ 113
Event: 4.051 Thread 0x000000001cf14800 Uncommon trap: reason=unstable_if action=reinterpret pc=0x00000000035d79dc method=java.util.concurrent.ConcurrentHashMap.addCount(JI)V @ 34
Event: 4.174 Thread 0x000000001c9dd000 Uncommon trap: reason=unstable_if action=reinterpret pc=0x0000000003a8d980 method=org.codehaus.groovy.runtime.metaclass.MetaMethodIndex.addMethodToList(Ljava/lang/Object;Lgroovy/lang/MetaMethod;)Ljava/lang/Object; @ 226
Event: 4.220 Thread 0x000000001c9dd000 Uncommon trap: reason=unstable_if action=reinterpret pc=0x000000000347cdec method=java.util.jar.JarFile.match([C[B[I[I)Z @ 29
Event: 4.326 Thread 0x000000001c9dd000 Uncommon trap: reason=bimorphic action=maybe_recompile pc=0x0000000003ccd600 method=java.util.AbstractCollection.addAll(Ljava/util/Collection;)Z @ 29
Event: 4.344 Thread 0x000000001c9dd000 Uncommon trap: reason=range_check action=make_not_entrant pc=0x0000000003b05c08 method=java.lang.String.charAt(I)C @ 27

Classes redefined (0 events):
No events

Internal exceptions (10 events):
Event: 4.284 Thread 0x000000001c9dd000 Exception <a 'java/security/PrivilegedActionException'> (0x00000000d73940c0) thrown at [C:\src\AOSP-openjdk-git\hotspot\src\share\vm\prims\jvm.cpp, line 1502]
Event: 4.284 Thread 0x000000001c9dd000 Exception <a 'java/security/PrivilegedActionException'> (0x00000000d7394c58) thrown at [C:\src\AOSP-openjdk-git\hotspot\src\share\vm\prims\jvm.cpp, line 1502]
Event: 4.284 Thread 0x000000001c9dd000 Exception <a 'java/security/PrivilegedActionException'> (0x00000000d73978e0) thrown at [C:\src\AOSP-openjdk-git\hotspot\src\share\vm\prims\jvm.cpp, line 1502]
Event: 4.284 Thread 0x000000001c9dd000 Exception <a 'java/security/PrivilegedActionException'> (0x00000000d7398478) thrown at [C:\src\AOSP-openjdk-git\hotspot\src\share\vm\prims\jvm.cpp, line 1502]
Event: 4.284 Thread 0x000000001c9dd000 Exception <a 'java/security/PrivilegedActionException'> (0x00000000d739b1f0) thrown at [C:\src\AOSP-openjdk-git\hotspot\src\share\vm\prims\jvm.cpp, line 1502]
Event: 4.284 Thread 0x000000001c9dd000 Exception <a 'java/security/PrivilegedActionException'> (0x00000000d739bd88) thrown at [C:\src\AOSP-openjdk-git\hotspot\src\share\vm\prims\jvm.cpp, line 1502]
Event: 4.316 Thread 0x000000001c9dd000 Exception <a 'java/lang/ClassNotFoundException': org/gradle/api/internal/project/DefaultProject_DecoratedBeanInfo> (0x00000000d742b538) thrown at [C:\src\AOSP-openjdk-git\hotspot\src\share\vm\classfile\systemDictionary.cpp, line 210]
Event: 4.316 Thread 0x000000001c9dd000 Exception <a 'java/lang/ClassNotFoundException': org/gradle/api/internal/project/DefaultProjectBeanInfo> (0x00000000d7463e20) thrown at [C:\src\AOSP-openjdk-git\hotspot\src\share\vm\classfile\systemDictionary.cpp, line 210]
Event: 4.317 Thread 0x000000001c9dd000 Exception <a 'java/lang/ClassNotFoundException': org/gradle/api/internal/project/DefaultProjectCustomizer> (0x00000000d749e200) thrown at [C:\src\AOSP-openjdk-git\hotspot\src\share\vm\classfile\systemDictionary.cpp, line 210]
Event: 4.320 Thread 0x000000001c9dd000 Exception <a 'java/lang/ClassNotFoundException': org/gradle/api/internal/project/DefaultProject_DecoratedCustomizer> (0x00000000d75af100) thrown at [C:\src\AOSP-openjdk-git\hotspot\src\share\vm\classfile\systemDictionary.cpp, line 210]

Events (10 events):
Event: 4.366 loading class com/google/common/collect/SortedIterables
Event: 4.366 loading class com/google/common/collect/SortedIterables done
Event: 4.366 loading class org/gradle/internal/reflect/annotations/impl/DefaultTypeAnnotationMetadataStore$PropertyAnnotationMetadataBuilder
Event: 4.366 loading class org/gradle/internal/reflect/annotations/impl/DefaultTypeAnnotationMetadataStore$PropertyAnnotationMetadataBuilder done
Event: 4.366 loading class org/gradle/internal/reflect/annotations/impl/DefaultTypeAnnotationMetadataStore
Event: 4.366 loading class org/gradle/internal/reflect/annotations/impl/DefaultTypeAnnotationMetadataStore done
Event: 4.367 loading class org/gradle/internal/reflect/annotations/PropertyAnnotationMetadata
Event: 4.367 loading class org/gradle/internal/reflect/annotations/PropertyAnnotationMetadata done
Event: 4.367 loading class com/google/common/collect/HashMultimap
Event: 4.367 loading class com/google/common/collect/HashMultimap done


Dynamic libraries:
0x00007ff715950000 - 0x00007ff715981000 	C:\Program Files\Android\Android Studio\jre\bin\java.exe
0x00007ffd4fc70000 - 0x00007ffd4fe65000 	C:\WINDOWS\SYSTEM32\ntdll.dll
0x00007ffd4f610000 - 0x00007ffd4f6cd000 	C:\WINDOWS\System32\KERNEL32.DLL
0x00007ffd4d6a0000 - 0x00007ffd4d967000 	C:\WINDOWS\System32\KERNELBASE.dll
0x00007ffd4fb80000 - 0x00007ffd4fc2a000 	C:\WINDOWS\System32\ADVAPI32.dll
0x00007ffd4e850000 - 0x00007ffd4e8ee000 	C:\WINDOWS\System32\msvcrt.dll
0x00007ffd4dd40000 - 0x00007ffd4dddb000 	C:\WINDOWS\System32\sechost.dll
0x00007ffd4f4e0000 - 0x00007ffd4f603000 	C:\WINDOWS\System32\RPCRT4.dll
0x00007ffd4dde0000 - 0x00007ffd4df80000 	C:\WINDOWS\System32\USER32.dll
0x00007ffd4dbb0000 - 0x00007ffd4dbd2000 	C:\WINDOWS\System32\win32u.dll
0x00007ffd4e610000 - 0x00007ffd4e63a000 	C:\WINDOWS\System32\GDI32.dll
0x00007ffd4d3f0000 - 0x00007ffd4d4fa000 	C:\WINDOWS\System32\gdi32full.dll
0x00007ffd4d5b0000 - 0x00007ffd4d64d000 	C:\WINDOWS\System32\msvcp_win.dll
0x00007ffd4dbe0000 - 0x00007ffd4dce0000 	C:\WINDOWS\System32\ucrtbase.dll
0x00007ffd334d0000 - 0x00007ffd3376a000 	C:\WINDOWS\WinSxS\amd64_microsoft.windows.common-controls_6595b64144ccf1df_6.0.19041.1_none_b555e41d4684ddec\COMCTL32.dll
0x00007ffd4fb40000 - 0x00007ffd4fb70000 	C:\WINDOWS\System32\IMM32.DLL
0x0000000060860000 - 0x0000000060932000 	C:\Program Files\Android\Android Studio\jre\jre\bin\msvcr100.dll
0x00000000613b0000 - 0x0000000061bfb000 	C:\Program Files\Android\Android Studio\jre\jre\bin\server\jvm.dll
0x00007ffd4fb70000 - 0x00007ffd4fb78000 	C:\WINDOWS\System32\PSAPI.DLL
0x00007ffd31430000 - 0x00007ffd31457000 	C:\WINDOWS\SYSTEM32\WINMM.dll
0x00007ffd4c260000 - 0x00007ffd4c26a000 	C:\WINDOWS\SYSTEM32\VERSION.dll
0x00007ffd36540000 - 0x00007ffd36549000 	C:\WINDOWS\SYSTEM32\WSOCK32.dll
0x00007ffd4e6c0000 - 0x00007ffd4e72b000 	C:\WINDOWS\System32\WS2_32.dll
0x00007ffd48a90000 - 0x00007ffd48a9f000 	C:\Program Files\Android\Android Studio\jre\jre\bin\verify.dll
0x00007ffd46150000 - 0x00007ffd46179000 	C:\Program Files\Android\Android Studio\jre\jre\bin\java.dll
0x00007ffd45e30000 - 0x00007ffd45e46000 	C:\Program Files\Android\Android Studio\jre\jre\bin\zip.dll
0x00007ffd4ecf0000 - 0x00007ffd4f430000 	C:\WINDOWS\System32\SHELL32.dll
0x00007ffd4ba80000 - 0x00007ffd4c211000 	C:\WINDOWS\SYSTEM32\windows.storage.dll
0x00007ffd4df80000 - 0x00007ffd4e2d3000 	C:\WINDOWS\System32\combase.dll
0x00007ffd4ce40000 - 0x00007ffd4ce6c000 	C:\WINDOWS\SYSTEM32\Wldp.dll
0x00007ffd4e7a0000 - 0x00007ffd4e84e000 	C:\WINDOWS\System32\SHCORE.dll
0x00007ffd4e490000 - 0x00007ffd4e4e5000 	C:\WINDOWS\System32\shlwapi.dll
0x00007ffd4d300000 - 0x00007ffd4d31f000 	C:\WINDOWS\SYSTEM32\profapi.dll
0x00007ffd45db0000 - 0x00007ffd45dca000 	C:\Program Files\Android\Android Studio\jre\jre\bin\net.dll
0x00007ffd4cbc0000 - 0x00007ffd4cc2a000 	C:\WINDOWS\system32\mswsock.dll
0x00007ffd40880000 - 0x00007ffd40893000 	C:\Program Files\Android\Android Studio\jre\jre\bin\nio.dll
0x00007ffd046a0000 - 0x00007ffd046c6000 	C:\Users\ty\.gradle\native\31\windows-amd64\native-platform.dll
0x00007ffd48100000 - 0x00007ffd4810d000 	C:\Program Files\Android\Android Studio\jre\jre\bin\management.dll
0x00007ffd4cda0000 - 0x00007ffd4cdb8000 	C:\WINDOWS\SYSTEM32\CRYPTSP.dll
0x00007ffd4c4e0000 - 0x00007ffd4c514000 	C:\WINDOWS\system32\rsaenh.dll
0x00007ffd4d3c0000 - 0x00007ffd4d3e7000 	C:\WINDOWS\System32\bcrypt.dll
0x00007ffd4d2c0000 - 0x00007ffd4d2ee000 	C:\WINDOWS\SYSTEM32\USERENV.dll
0x00007ffd4d9d0000 - 0x00007ffd4da4f000 	C:\WINDOWS\System32\bcryptprimitives.dll
0x00007ffd4cd90000 - 0x00007ffd4cd9c000 	C:\WINDOWS\SYSTEM32\CRYPTBASE.dll
0x00007ffd4c860000 - 0x00007ffd4c89b000 	C:\WINDOWS\SYSTEM32\IPHLPAPI.DLL
0x00007ffd4e9a0000 - 0x00007ffd4e9a9000 	C:\WINDOWS\System32\NSI.dll
0x00007ffd41550000 - 0x00007ffd41567000 	C:\WINDOWS\SYSTEM32\dhcpcsvc6.DLL
0x00007ffd45340000 - 0x00007ffd4535d000 	C:\WINDOWS\SYSTEM32\dhcpcsvc.DLL
0x00007ffd4c8a0000 - 0x00007ffd4c96a000 	C:\WINDOWS\SYSTEM32\DNSAPI.dll

VM Arguments:
jvm_args: -Xmx2048m -Dfile.encoding=windows-1252 -Duser.country=US -Duser.language=en -Duser.variant 
java_command: org.gradle.launcher.daemon.bootstrap.GradleDaemon 6.1.1
java_class_path (initial): C:\Users\ty\.gradle\wrapper\dists\gradle-6.1.1-all\cfmwm155h49vnt3hynmlrsdst\gradle-6.1.1\lib\gradle-launcher-6.1.1.jar
Launcher Type: SUN_STANDARD

Environment Variables:
JAVA_HOME=C:\Program Files\Java\jdk1.8.0_261
PATH=C:\Program Files (x86)\Common Files\Oracle\Java\javapath;C:\WINDOWS\system32;C:\WINDOWS;C:\WINDOWS\System32\Wbem;C:\WINDOWS\System32\WindowsPowerShell\v1.0\;C:\WINDOWS\System32\OpenSSH\;C:\Program Files\Git\cmd;C:\Program Files\Java\jdk-14.0.2\bin;C:\Users\ty\AppData\Local\Microsoft\WindowsApps;C:\Users\ty\AppData\Local\atom\bin;C:\Users\ty\AppData\Local\Programs\Microsoft VS Code\bin;C:\Users\ty\Documents\coms309\apache-maven-3.6.3\bin;
USERNAME=ty
OS=Windows_NT
PROCESSOR_IDENTIFIER=Intel64 Family 6 Model 142 Stepping 10, GenuineIntel



---------------  S Y S T E M  ---------------

OS: Windows 10.0 , 64 bit Build 19041 (10.0.19041.292)

CPU:total 8 (initial active 8) (4 cores per cpu, 2 threads per core) family 6 model 142 stepping 10, cmov, cx8, fxsr, mmx, sse, sse2, sse3, ssse3, sse4.1, sse4.2, popcnt, avx, avx2, aes, clmul, erms, 3dnowpref, lzcnt, ht, tsc, tscinvbit, bmi1, bmi2, adx

Memory: 4k page, physical 8298360k(989740k free), swap 10447836k(5284k free)

vm_info: OpenJDK 64-Bit Server VM (25.242-b01) for windows-amd64 JRE (1.8.0_242-release-1644-b01), built by "builder" with MS VC++ 10.0 (VS2010)

time: Mon Sep 21 15:41:49 2020
timezone: Central Daylight Time
elapsed time: 4 seconds (0d 0h 0m 4s)

