#
# There is insufficient memory for the Java Runtime Environment to continue.
# Native memory allocation (malloc) failed to allocate 1356176 bytes for Chunk::new
# Possible reasons:
#   The system is out of physical RAM or swap space
#   The process is running with CompressedOops enabled, and the Java Heap may be blocking the growth of the native heap
# Possible solutions:
#   Reduce memory load on the system
#   Increase physical memory or swap space
#   Check if swap backing store is full
#   Decrease Java heap size (-Xmx/-Xms)
#   Decrease number of Java threads
#   Decrease Java thread stack sizes (-Xss)
#   Set larger code cache with -XX:ReservedCodeCacheSize=
#   JVM is running with Unscaled Compressed Oops mode in which the Java heap is
#     placed in the first 4GB address space. The Java Heap base address is the
#     maximum limit for the native heap growth. Please use -XX:HeapBaseMinAddress
#     to set the Java Heap base and to place the Java Heap above 4GB virtual address.
# This output file may be truncated or incomplete.
#
#  Out of Memory Error (allocation.cpp:389), pid=8892, tid=0x00000000000006a4
#
# JRE version: OpenJDK Runtime Environment (8.0_242-b01) (build 1.8.0_242-release-1644-b01)
# Java VM: OpenJDK 64-Bit Server VM (25.242-b01 mixed mode windows-amd64 compressed oops)
# Failed to write core dump. Minidumps are not enabled by default on client versions of Windows
#

---------------  T H R E A D  ---------------

Current thread (0x0000000017e4c000):  JavaThread "C2 CompilerThread1" daemon [_thread_in_native, id=1700, stack(0x000000001a630000,0x000000001a730000)]

Stack: [0x000000001a630000,0x000000001a730000]
[error occurred during error reporting (printing stack bounds), id 0xc0000005]

Native frames: (J=compiled Java code, j=interpreted, Vv=VM code, C=native code)


Current CompileTask:
C2:   8436 7398       4       com.android.utils.XmlUtils::append (639 bytes)


---------------  P R O C E S S  ---------------

Java Threads: ( => current thread )
  0x000000001ebfa800 JavaThread "stdout" [_thread_in_native, id=4660, stack(0x0000000028420000,0x0000000028520000)]
  0x000000001ebf8800 JavaThread "stderr" [_thread_in_native, id=8604, stack(0x0000000027ec0000,0x0000000027fc0000)]
  0x000000001ebf7800 JavaThread "pool-2-thread-1" [_thread_blocked, id=796, stack(0x0000000028320000,0x0000000028420000)]
  0x000000001ebf5800 JavaThread "WorkerExecutor Queue" [_thread_blocked, id=5500, stack(0x0000000028220000,0x0000000028320000)]
  0x000000001ebfa000 JavaThread "Cache worker for execution history cache (C:\Users\ty\rp_07\Frontend\Android_Frontend\.gradle\6.1.1\executionHistory)" [_thread_blocked, id=2696, stack(0x0000000026df0000,0x0000000026ef0000)]
  0x000000001ebf7000 JavaThread "Execution worker for ':' Thread 7" [_thread_blocked, id=10596, stack(0x0000000026af0000,0x0000000026bf0000)]
  0x000000001ebf9000 JavaThread "Execution worker for ':' Thread 6" [_thread_blocked, id=13476, stack(0x00000000269f0000,0x0000000026af0000)]
  0x0000000020637800 JavaThread "Execution worker for ':' Thread 5" [_thread_blocked, id=13868, stack(0x00000000268f0000,0x00000000269f0000)]
  0x0000000020633000 JavaThread "Execution worker for ':' Thread 4" [_thread_blocked, id=12724, stack(0x00000000267f0000,0x00000000268f0000)]
  0x0000000020634000 JavaThread "Execution worker for ':' Thread 3" [_thread_in_vm, id=13776, stack(0x00000000266f0000,0x00000000267f0000)]
  0x0000000020637000 JavaThread "Execution worker for ':' Thread 2" [_thread_blocked, id=12540, stack(0x00000000265f0000,0x00000000266f0000)]
  0x0000000020638800 JavaThread "Execution worker for ':'" [_thread_blocked, id=16108, stack(0x00000000264f0000,0x00000000265f0000)]
  0x0000000020635800 JavaThread "Cache worker for file content cache (C:\Users\ty\rp_07\Frontend\Android_Frontend\.gradle\6.1.1\fileContent)" [_thread_blocked, id=13668, stack(0x0000000025cb0000,0x0000000025db0000)]
  0x0000000020634800 JavaThread "Cache worker for file content cache (C:\Users\ty\.gradle\caches\6.1.1\fileContent)" [_thread_blocked, id=15232, stack(0x0000000025bb0000,0x0000000025cb0000)]
  0x000000002062b800 JavaThread "Memory manager" [_thread_blocked, id=5068, stack(0x0000000025ab0000,0x0000000025bb0000)]
  0x0000000020632800 JavaThread "Cache worker for Build Output Cleanup Cache (C:\Users\ty\rp_07\Frontend\Android_Frontend\.gradle\buildOutputCleanup)" [_thread_blocked, id=3436, stack(0x0000000024d30000,0x0000000024e30000)]
  0x0000000020631800 JavaThread "Build operations Thread 8" [_thread_blocked, id=16188, stack(0x0000000024a30000,0x0000000024b30000)]
  0x000000002062a000 JavaThread "Build operations Thread 7" [_thread_blocked, id=16904, stack(0x0000000024930000,0x0000000024a30000)]
  0x0000000020631000 JavaThread "Build operations Thread 6" [_thread_blocked, id=11152, stack(0x0000000024830000,0x0000000024930000)]
  0x000000002062e000 JavaThread "Build operations Thread 5" [_thread_blocked, id=15348, stack(0x0000000024730000,0x0000000024830000)]
  0x000000002062e800 JavaThread "Build operations Thread 4" [_thread_blocked, id=9420, stack(0x0000000024630000,0x0000000024730000)]
  0x0000000020629800 JavaThread "Build operations Thread 3" [_thread_blocked, id=5632, stack(0x0000000024530000,0x0000000024630000)]
  0x0000000020630000 JavaThread "Build operations Thread 2" [_thread_blocked, id=5384, stack(0x0000000024430000,0x0000000024530000)]
  0x000000002062f800 JavaThread "Build operations" [_thread_blocked, id=5920, stack(0x0000000024090000,0x0000000024190000)]
  0x000000001c7dd800 JavaThread "Cache worker for execution history cache (C:\Users\ty\.gradle\caches\6.1.1\executionHistory)" [_thread_blocked, id=16852, stack(0x00000000225c0000,0x00000000226c0000)]
  0x000000001c7e4800 JavaThread "Cache worker for cache directory md-rule (C:\Users\ty\.gradle\caches\6.1.1\md-rule)" [_thread_blocked, id=14768, stack(0x0000000021210000,0x0000000021310000)]
  0x000000001c7e0800 JavaThread "Cache worker for cache directory md-supplier (C:\Users\ty\.gradle\caches\6.1.1\md-supplier)" [_thread_blocked, id=9348, stack(0x0000000020f60000,0x0000000021060000)]
  0x000000001c7e0000 JavaThread "Cache worker for file hash cache (C:\Users\ty\rp_07\Frontend\Android_Frontend\.gradle\6.1.1\fileHashes)" [_thread_blocked, id=6176, stack(0x0000000021110000,0x0000000021210000)]
  0x000000001c7df000 JavaThread "Cache worker for checksums cache (C:\Users\ty\rp_07\Frontend\Android_Frontend\.gradle\checksums)" [_thread_blocked, id=15304, stack(0x000000001ea50000,0x000000001eb50000)]
  0x000000001c7e3000 JavaThread "Cache worker for file hash cache (C:\Users\ty\.gradle\caches\6.1.1\fileHashes)" [_thread_blocked, id=11324, stack(0x000000001e950000,0x000000001ea50000)]
  0x000000001c7e3800 JavaThread "File lock request listener" [_thread_in_native, id=240, stack(0x000000001e850000,0x000000001e950000)]
  0x000000001c9f1800 JavaThread "Cache worker for journal cache (C:\Users\ty\.gradle\caches\journal-1)" [_thread_blocked, id=13252, stack(0x000000001e750000,0x000000001e850000)]
  0x000000001c7da800 JavaThread "Thread-9" [_thread_blocked, id=16176, stack(0x000000001e450000,0x000000001e550000)]
  0x000000001c7d9800 JavaThread "Stdin handler" [_thread_blocked, id=12148, stack(0x000000001e350000,0x000000001e450000)]
  0x000000001c7d3800 JavaThread "Asynchronous log dispatcher for DefaultDaemonConnection: socket connection from /127.0.0.1:59220 to /127.0.0.1:59221" [_thread_blocked, id=8352, stack(0x000000001e250000,0x000000001e350000)]
  0x000000001c7d7000 JavaThread "Daemon worker" [_thread_blocked, id=15368, stack(0x000000001e150000,0x000000001e250000)]
  0x000000001c7d5000 JavaThread "Cancel handler" [_thread_blocked, id=5616, stack(0x000000001e050000,0x000000001e150000)]
  0x000000001c798800 JavaThread "Handler for socket connection from /127.0.0.1:59220 to /127.0.0.1:59221" [_thread_in_native, id=11272, stack(0x000000001dd50000,0x000000001de50000)]
  0x000000001c782800 JavaThread "Daemon" [_thread_blocked, id=14228, stack(0x000000001dc50000,0x000000001dd50000)]
  0x000000001c71b800 JavaThread "Daemon periodic checks" [_thread_blocked, id=12372, stack(0x000000001db50000,0x000000001dc50000)]
  0x000000001c6f4800 JavaThread "Incoming local TCP Connector on port 59220" [_thread_in_native, id=11220, stack(0x000000001d910000,0x000000001da10000)]
  0x0000000019dd7800 JavaThread "Daemon health stats" [_thread_blocked, id=5684, stack(0x000000001d2d0000,0x000000001d3d0000)]
  0x0000000019cec800 JavaThread "Service Thread" daemon [_thread_blocked, id=4100, stack(0x000000001a930000,0x000000001aa30000)]
  0x0000000019c6d000 JavaThread "C1 CompilerThread3" daemon [_thread_blocked, id=12220, stack(0x000000001a830000,0x000000001a930000)]
  0x0000000017e4e000 JavaThread "C2 CompilerThread2" daemon [_thread_blocked, id=9412, stack(0x000000001a730000,0x000000001a830000)]
=>0x0000000017e4c000 JavaThread "C2 CompilerThread1" daemon [_thread_in_native, id=1700, stack(0x000000001a630000,0x000000001a730000)]
  0x0000000019c66000 JavaThread "C2 CompilerThread0" daemon [_thread_blocked, id=15572, stack(0x000000001a530000,0x000000001a630000)]
  0x0000000019c64800 JavaThread "Attach Listener" daemon [_thread_blocked, id=5640, stack(0x000000001a430000,0x000000001a530000)]
  0x0000000019c63800 JavaThread "Signal Dispatcher" daemon [_thread_blocked, id=740, stack(0x000000001a330000,0x000000001a430000)]
  0x0000000002dce000 JavaThread "Finalizer" daemon [_thread_blocked, id=16088, stack(0x000000001a130000,0x000000001a230000)]
  0x0000000017e3c800 JavaThread "Reference Handler" daemon [_thread_blocked, id=16896, stack(0x000000001a030000,0x000000001a130000)]
  0x0000000002ccd800 JavaThread "main" [_thread_blocked, id=3552, stack(0x0000000002b40000,0x0000000002c40000)]

Other Threads:
  0x0000000017e38000 VMThread [stack: 0x0000000019b30000,0x0000000019c30000] [id=16948]
  0x0000000019ced800 WatcherThread [stack: 0x000000001aa30000,0x000000001ab30000] [id=8036]

VM state:not at safepoint (normal execution)

VM Mutex/Monitor currently owned by a thread: None

heap address: 0x0000000080000000, size: 2048 MB, Compressed Oops mode: 32-bit
Narrow klass base: 0x0000000000000000, Narrow klass shift: 3
Compressed class space size: 1073741824 Address: 0x0000000100000000

Heap:
 PSYoungGen      total 419840K, used 202108K [0x00000000d5580000, 0x00000000fa580000, 0x0000000100000000)
  eden space 395776K, 51% used [0x00000000d5580000,0x00000000e1adf038,0x00000000ed800000)
  from space 24064K, 0% used [0x00000000ed800000,0x00000000ed800000,0x00000000eef80000)
  to   space 24576K, 0% used [0x00000000f8d80000,0x00000000f8d80000,0x00000000fa580000)
 ParOldGen       total 110080K, used 28174K [0x0000000080000000, 0x0000000086b80000, 0x00000000d5580000)
  object space 110080K, 25% used [0x0000000080000000,0x0000000081b83b70,0x0000000086b80000)
 Metaspace       used 63821K, capacity 67306K, committed 67504K, reserved 1107968K
  class space    used 8874K, capacity 9560K, committed 9648K, reserved 1048576K

Card table byte_map: [0x0000000012190000,0x00000000125a0000] byte_map_base: 0x0000000011d90000

Marking Bits: (ParMarkBitMap*) 0x0000000061b7f030
 Begin Bits: [0x0000000013050000, 0x0000000015050000)
 End Bits:   [0x0000000015050000, 0x0000000017050000)

Polling page: 0x0000000002c40000

CodeCache: size=245760Kb used=22153Kb max_used=22168Kb free=223606Kb
 bounds [0x0000000002dd0000, 0x0000000004390000, 0x0000000011dd0000]
 total_blobs=7730 nmethods=6936 adapters=707
 compilation: enabled

Compilation events (10 events):
Event: 8.400 Thread 0x0000000019c6d000 7779       3       com.google.gson.internal.bind.TypeAdapters$32::create (20 bytes)
Event: 8.401 Thread 0x0000000019c6d000 nmethod 7779 0x0000000004379250 code [0x00000000043793c0, 0x0000000004379610]
Event: 8.401 Thread 0x0000000019c6d000 7778       1       com.google.gson.reflect.TypeToken::getType (5 bytes)
Event: 8.401 Thread 0x0000000019c6d000 nmethod 7778 0x0000000004378f90 code [0x00000000043790e0, 0x00000000043791f0]
Event: 8.401 Thread 0x0000000019c66000 nmethod 7585 0x0000000004380590 code [0x0000000004380760, 0x0000000004381188]
Event: 8.401 Thread 0x0000000019c66000 7721       4       java.io.Bits::putInt (36 bytes)
Event: 8.402 Thread 0x0000000019c66000 nmethod 7721 0x0000000004378c90 code [0x0000000004378dc0, 0x0000000004378e98]
Event: 8.418 Thread 0x0000000017e4e000 nmethod 7776 0x000000000438a290 code [0x000000000438a460, 0x000000000438b7d0]
Event: 8.431 Thread 0x0000000019c6d000 7780       1       kotlin.reflect.jvm.internal.pcollections.ConsPStack::size (5 bytes)
Event: 8.431 Thread 0x0000000019c6d000 nmethod 7780 0x0000000004378910 code [0x0000000004378a60, 0x0000000004378b70]

GC Heap History (10 events):
Event: 3.474 GC heap before
{Heap before GC invocations=8 (full 1):
 PSYoungGen      total 247296K, used 59769K [0x00000000d5580000, 0x00000000e7380000, 0x0000000100000000)
  eden space 233984K, 19% used [0x00000000d5580000,0x00000000d82de710,0x00000000e3a00000)
  from space 13312K, 99% used [0x00000000e6680000,0x00000000e737fe58,0x00000000e7380000)
  to   space 15872K, 0% used [0x00000000e5480000,0x00000000e5480000,0x00000000e6400000)
 ParOldGen       total 58368K, used 10095K [0x0000000080000000, 0x0000000083900000, 0x00000000d5580000)
  object space 58368K, 17% used [0x0000000080000000,0x00000000809dbfc8,0x0000000083900000)
 Metaspace       used 34545K, capacity 35402K, committed 35496K, reserved 1079296K
  class space    used 4746K, capacity 4972K, committed 5040K, reserved 1048576K
Event: 3.482 GC heap after
Heap after GC invocations=8 (full 1):
 PSYoungGen      total 276992K, used 8796K [0x00000000d5580000, 0x00000000efe80000, 0x0000000100000000)
  eden space 261120K, 0% used [0x00000000d5580000,0x00000000d5580000,0x00000000e5480000)
  from space 15872K, 55% used [0x00000000e5480000,0x00000000e5d172e8,0x00000000e6400000)
  to   space 15360K, 0% used [0x00000000eef80000,0x00000000eef80000,0x00000000efe80000)
 ParOldGen       total 58368K, used 10103K [0x0000000080000000, 0x0000000083900000, 0x00000000d5580000)
  object space 58368K, 17% used [0x0000000080000000,0x00000000809ddfc8,0x0000000083900000)
 Metaspace       used 34545K, capacity 35402K, committed 35496K, reserved 1079296K
  class space    used 4746K, capacity 4972K, committed 5040K, reserved 1048576K
}
Event: 3.482 GC heap before
{Heap before GC invocations=9 (full 2):
 PSYoungGen      total 276992K, used 8796K [0x00000000d5580000, 0x00000000efe80000, 0x0000000100000000)
  eden space 261120K, 0% used [0x00000000d5580000,0x00000000d5580000,0x00000000e5480000)
  from space 15872K, 55% used [0x00000000e5480000,0x00000000e5d172e8,0x00000000e6400000)
  to   space 15360K, 0% used [0x00000000eef80000,0x00000000eef80000,0x00000000efe80000)
 ParOldGen       total 58368K, used 10103K [0x0000000080000000, 0x0000000083900000, 0x00000000d5580000)
  object space 58368K, 17% used [0x0000000080000000,0x00000000809ddfc8,0x0000000083900000)
 Metaspace       used 34545K, capacity 35402K, committed 35496K, reserved 1079296K
  class space    used 4746K, capacity 4972K, committed 5040K, reserved 1048576K
Event: 3.540 GC heap after
Heap after GC invocations=9 (full 2):
 PSYoungGen      total 276992K, used 0K [0x00000000d5580000, 0x00000000efe80000, 0x0000000100000000)
  eden space 261120K, 0% used [0x00000000d5580000,0x00000000d5580000,0x00000000e5480000)
  from space 15872K, 0% used [0x00000000e5480000,0x00000000e5480000,0x00000000e6400000)
  to   space 15360K, 0% used [0x00000000eef80000,0x00000000eef80000,0x00000000efe80000)
 ParOldGen       total 78336K, used 15268K [0x0000000080000000, 0x0000000084c80000, 0x00000000d5580000)
  object space 78336K, 19% used [0x0000000080000000,0x0000000080ee91c0,0x0000000084c80000)
 Metaspace       used 34545K, capacity 35402K, committed 35496K, reserved 1079296K
  class space    used 4746K, capacity 4972K, committed 5040K, reserved 1048576K
}
Event: 6.184 GC heap before
{Heap before GC invocations=10 (full 2):
 PSYoungGen      total 276992K, used 261120K [0x00000000d5580000, 0x00000000efe80000, 0x0000000100000000)
  eden space 261120K, 100% used [0x00000000d5580000,0x00000000e5480000,0x00000000e5480000)
  from space 15872K, 0% used [0x00000000e5480000,0x00000000e5480000,0x00000000e6400000)
  to   space 15360K, 0% used [0x00000000eef80000,0x00000000eef80000,0x00000000efe80000)
 ParOldGen       total 78336K, used 15268K [0x0000000080000000, 0x0000000084c80000, 0x00000000d5580000)
  object space 78336K, 19% used [0x0000000080000000,0x0000000080ee91c0,0x0000000084c80000)
 Metaspace       used 55995K, capacity 57998K, committed 58160K, reserved 1099776K
  class space    used 7691K, capacity 8170K, committed 8240K, reserved 1048576K
Event: 6.218 GC heap after
Heap after GC invocations=10 (full 2):
 PSYoungGen      total 411136K, used 15329K [0x00000000d5580000, 0x00000000f1580000, 0x0000000100000000)
  eden space 395776K, 0% used [0x00000000d5580000,0x00000000d5580000,0x00000000ed800000)
  from space 15360K, 99% used [0x00000000eef80000,0x00000000efe787d8,0x00000000efe80000)
  to   space 24064K, 0% used [0x00000000ed800000,0x00000000ed800000,0x00000000eef80000)
 ParOldGen       total 78336K, used 29502K [0x0000000080000000, 0x0000000084c80000, 0x00000000d5580000)
  object space 78336K, 37% used [0x0000000080000000,0x0000000081ccf940,0x0000000084c80000)
 Metaspace       used 55995K, capacity 57998K, committed 58160K, reserved 1099776K
  class space    used 7691K, capacity 8170K, committed 8240K, reserved 1048576K
}
Event: 6.371 GC heap before
{Heap before GC invocations=11 (full 2):
 PSYoungGen      total 411136K, used 29946K [0x00000000d5580000, 0x00000000f1580000, 0x0000000100000000)
  eden space 395776K, 3% used [0x00000000d5580000,0x00000000d63c61d8,0x00000000ed800000)
  from space 15360K, 99% used [0x00000000eef80000,0x00000000efe787d8,0x00000000efe80000)
  to   space 24064K, 0% used [0x00000000ed800000,0x00000000ed800000,0x00000000eef80000)
 ParOldGen       total 78336K, used 29502K [0x0000000080000000, 0x0000000084c80000, 0x00000000d5580000)
  object space 78336K, 37% used [0x0000000080000000,0x0000000081ccf940,0x0000000084c80000)
 Metaspace       used 57059K, capacity 59040K, committed 59160K, reserved 1099776K
  class space    used 7834K, capacity 8291K, committed 8368K, reserved 1048576K
Event: 6.397 GC heap after
Heap after GC invocations=11 (full 2):
 PSYoungGen      total 419840K, used 16091K [0x00000000d5580000, 0x00000000fa580000, 0x0000000100000000)
  eden space 395776K, 0% used [0x00000000d5580000,0x00000000d5580000,0x00000000ed800000)
  from space 24064K, 66% used [0x00000000ed800000,0x00000000ee7b6e50,0x00000000eef80000)
  to   space 24576K, 0% used [0x00000000f8d80000,0x00000000f8d80000,0x00000000fa580000)
 ParOldGen       total 78336K, used 29510K [0x0000000080000000, 0x0000000084c80000, 0x00000000d5580000)
  object space 78336K, 37% used [0x0000000080000000,0x0000000081cd1940,0x0000000084c80000)
 Metaspace       used 57059K, capacity 59040K, committed 59160K, reserved 1099776K
  class space    used 7834K, capacity 8291K, committed 8368K, reserved 1048576K
}
Event: 6.397 GC heap before
{Heap before GC invocations=12 (full 3):
 PSYoungGen      total 419840K, used 16091K [0x00000000d5580000, 0x00000000fa580000, 0x0000000100000000)
  eden space 395776K, 0% used [0x00000000d5580000,0x00000000d5580000,0x00000000ed800000)
  from space 24064K, 66% used [0x00000000ed800000,0x00000000ee7b6e50,0x00000000eef80000)
  to   space 24576K, 0% used [0x00000000f8d80000,0x00000000f8d80000,0x00000000fa580000)
 ParOldGen       total 78336K, used 29510K [0x0000000080000000, 0x0000000084c80000, 0x00000000d5580000)
  object space 78336K, 37% used [0x0000000080000000,0x0000000081cd1940,0x0000000084c80000)
 Metaspace       used 57059K, capacity 59040K, committed 59160K, reserved 1099776K
  class space    used 7834K, capacity 8291K, committed 8368K, reserved 1048576K
Event: 6.636 GC heap after
Heap after GC invocations=12 (full 3):
 PSYoungGen      total 419840K, used 0K [0x00000000d5580000, 0x00000000fa580000, 0x0000000100000000)
  eden space 395776K, 0% used [0x00000000d5580000,0x00000000d5580000,0x00000000ed800000)
  from space 24064K, 0% used [0x00000000ed800000,0x00000000ed800000,0x00000000eef80000)
  to   space 24576K, 0% used [0x00000000f8d80000,0x00000000f8d80000,0x00000000fa580000)
 ParOldGen       total 110080K, used 28174K [0x0000000080000000, 0x0000000086b80000, 0x00000000d5580000)
  object space 110080K, 25% used [0x0000000080000000,0x0000000081b83b70,0x0000000086b80000)
 Metaspace       used 57031K, capacity 58944K, committed 59160K, reserved 1099776K
  class space    used 7825K, capacity 8275K, committed 8368K, reserved 1048576K
}

Deoptimization events (10 events):
Event: 8.011 Thread 0x0000000020634000 Uncommon trap: reason=bimorphic action=maybe_recompile pc=0x00000000041e5234 method=com.sun.org.apache.xerces.internal.dom.ElementImpl.getAttributes()Lorg/w3c/dom/NamedNodeMap; @ 8
Event: 8.013 Thread 0x0000000020634000 Uncommon trap: reason=unstable_if action=reinterpret pc=0x00000000041739d4 method=com.sun.org.apache.xerces.internal.dom.DeferredDocumentImpl.getTypeInfo(I)Ljava/lang/Object; @ 24
Event: 8.020 Thread 0x0000000020634000 Uncommon trap: reason=bimorphic action=maybe_recompile pc=0x00000000041e5234 method=com.sun.org.apache.xerces.internal.dom.ElementImpl.getAttributes()Lorg/w3c/dom/NamedNodeMap; @ 8
Event: 8.020 Thread 0x0000000020634000 Uncommon trap: reason=bimorphic action=maybe_recompile pc=0x00000000041e5234 method=com.sun.org.apache.xerces.internal.dom.ElementImpl.getAttributes()Lorg/w3c/dom/NamedNodeMap; @ 8
Event: 8.020 Thread 0x0000000020634000 Uncommon trap: reason=bimorphic action=maybe_recompile pc=0x00000000041e5234 method=com.sun.org.apache.xerces.internal.dom.ElementImpl.getAttributes()Lorg/w3c/dom/NamedNodeMap; @ 8
Event: 8.144 Thread 0x0000000020637800 Uncommon trap: reason=bimorphic action=maybe_recompile pc=0x000000000397760c method=com.google.common.base.Equivalence$Equals.doEquivalent(Ljava/lang/Object;Ljava/lang/Object;)Z @ 2
Event: 8.190 Thread 0x0000000020633000 Uncommon trap: reason=unstable_if action=reinterpret pc=0x0000000003758024 method=org.gradle.internal.snapshot.PathUtil.equalChars(CCLorg/gradle/internal/snapshot/CaseSensitivity;)Z @ 40
Event: 8.190 Thread 0x0000000020633000 Uncommon trap: reason=unstable_if action=reinterpret pc=0x00000000030a4280 method=org.gradle.internal.snapshot.PathUtil.equalChars(CCLorg/gradle/internal/snapshot/CaseSensitivity;)Z @ 40
Event: 8.351 Thread 0x000000001ebfa000 Uncommon trap: reason=unstable_if action=reinterpret pc=0x0000000004290f90 method=com.esotericsoftware.kryo.io.Output.writeString(Ljava/lang/CharSequence;)V @ 50
Event: 8.351 Thread 0x000000001ebfa000 Uncommon trap: reason=unstable_if action=reinterpret pc=0x00000000038aa254 method=com.esotericsoftware.kryo.io.Output.writeString(Ljava/lang/CharSequence;)V @ 50

Classes redefined (0 events):
No events

Internal exceptions (10 events):
Event: 8.013 Thread 0x0000000020634000 Implicit null exception at 0x0000000004173935 to 0x00000000041739b9
Event: 8.088 Thread 0x0000000020634000 Exception <a 'java/lang/NoSuchMethodError': <clinit>> (0x00000000dfa54aa8) thrown at [C:\src\AOSP-openjdk-git\hotspot\src\share\vm\prims\jni.cpp, line 1615]
Event: 8.089 Thread 0x0000000020634000 Exception <a 'java/lang/NoSuchMethodError': <clinit>> (0x00000000dfa653a8) thrown at [C:\src\AOSP-openjdk-git\hotspot\src\share\vm\prims\jni.cpp, line 1615]
Event: 8.090 Thread 0x0000000020634000 Exception <a 'java/lang/NoSuchMethodError': <clinit>> (0x00000000dfa757c8) thrown at [C:\src\AOSP-openjdk-git\hotspot\src\share\vm\prims\jni.cpp, line 1615]
Event: 8.091 Thread 0x0000000020634000 Exception <a 'java/lang/NoSuchMethodError': <clinit>> (0x00000000dfa890a0) thrown at [C:\src\AOSP-openjdk-git\hotspot\src\share\vm\prims\jni.cpp, line 1615]
Event: 8.375 Thread 0x0000000020634000 Exception <a 'java/lang/NoSuchMethodError': <clinit>> (0x00000000e117f648) thrown at [C:\src\AOSP-openjdk-git\hotspot\src\share\vm\prims\jni.cpp, line 1615]
Event: 8.375 Thread 0x0000000020634000 Exception <a 'java/lang/NoSuchMethodError': <clinit>> (0x00000000e11858d0) thrown at [C:\src\AOSP-openjdk-git\hotspot\src\share\vm\prims\jni.cpp, line 1615]
Event: 8.376 Thread 0x0000000020634000 Exception <a 'java/lang/NoSuchMethodError': <clinit>> (0x00000000e119a4d8) thrown at [C:\src\AOSP-openjdk-git\hotspot\src\share\vm\prims\jni.cpp, line 1615]
Event: 8.376 Thread 0x0000000020634000 Exception <a 'java/lang/NoSuchMethodError': <clinit>> (0x00000000e119b7f8) thrown at [C:\src\AOSP-openjdk-git\hotspot\src\share\vm\prims\jni.cpp, line 1615]
Event: 8.386 Thread 0x0000000020634000 Exception <a 'java/lang/NoSuchMethodError': java.lang.Object.lambda$comparingByKey$bbdbfea9$1(Ljava/util/Map$Entry;Ljava/util/Map$Entry;)I> (0x00000000e145a958) thrown at [C:\src\AOSP-openjdk-git\hotspot\src\share\vm\interpreter\linkResolver.cpp, line 620

Events (10 events):
Event: 8.433 loading class kotlin/reflect/jvm/internal/impl/load/java/lazy/JavaResolverComponents
Event: 8.433 loading class kotlin/reflect/jvm/internal/impl/load/java/lazy/JavaResolverComponents done
Event: 8.434 loading class kotlin/reflect/jvm/internal/impl/descriptors/runtime/components/ReflectJavaClassFinder
Event: 8.434 loading class kotlin/reflect/jvm/internal/impl/descriptors/runtime/components/ReflectJavaClassFinder done
Event: 8.434 loading class kotlin/reflect/jvm/internal/impl/load/java/JavaClassFinder
Event: 8.434 loading class kotlin/reflect/jvm/internal/impl/load/java/JavaClassFinder done
Event: 8.435 loading class kotlin/reflect/jvm/internal/impl/load/java/components/SignaturePropagator
Event: 8.435 loading class kotlin/reflect/jvm/internal/impl/load/java/components/SignaturePropagator done
Event: 8.435 loading class kotlin/reflect/jvm/internal/impl/load/java/components/SignaturePropagator$1
Event: 8.435 loading class kotlin/reflect/jvm/internal/impl/load/java/components/SignaturePropagator$1 done


Dynamic libraries:
0x00007ff715950000 - 0x00007ff715981000 	C:\Program Files\Android\Android Studio\jre\bin\java.exe
0x00007ffd4fc70000 - 0x00007ffd4fe65000 	C:\WINDOWS\SYSTEM32\ntdll.dll
0x00007ffd4f610000 - 0x00007ffd4f6cd000 	C:\WINDOWS\System32\KERNEL32.DLL
0x00007ffd4d6a0000 - 0x00007ffd4d967000 	C:\WINDOWS\System32\KERNELBASE.dll
0x00007ffd4fb80000 - 0x00007ffd4fc2a000 	C:\WINDOWS\System32\ADVAPI32.dll
0x00007ffd4e850000 - 0x00007ffd4e8ee000 	C:\WINDOWS\System32\msvcrt.dll
0x00007ffd4dd40000 - 0x00007ffd4dddb000 	C:\WINDOWS\System32\sechost.dll
0x00007ffd4f4e0000 - 0x00007ffd4f603000 	C:\WINDOWS\System32\RPCRT4.dll
0x00007ffd4dde0000 - 0x00007ffd4df80000 	C:\WINDOWS\System32\USER32.dll
0x00007ffd4dbb0000 - 0x00007ffd4dbd2000 	C:\WINDOWS\System32\win32u.dll
0x00007ffd4e610000 - 0x00007ffd4e63a000 	C:\WINDOWS\System32\GDI32.dll
0x00007ffd4d3f0000 - 0x00007ffd4d4fa000 	C:\WINDOWS\System32\gdi32full.dll
0x00007ffd4d5b0000 - 0x00007ffd4d64d000 	C:\WINDOWS\System32\msvcp_win.dll
0x00007ffd4dbe0000 - 0x00007ffd4dce0000 	C:\WINDOWS\System32\ucrtbase.dll
0x00007ffd334d0000 - 0x00007ffd3376a000 	C:\WINDOWS\WinSxS\amd64_microsoft.windows.common-controls_6595b64144ccf1df_6.0.19041.1_none_b555e41d4684ddec\COMCTL32.dll
0x00007ffd4fb40000 - 0x00007ffd4fb70000 	C:\WINDOWS\System32\IMM32.DLL
0x0000000060860000 - 0x0000000060932000 	C:\Program Files\Android\Android Studio\jre\jre\bin\msvcr100.dll
0x00000000613b0000 - 0x0000000061bfb000 	C:\Program Files\Android\Android Studio\jre\jre\bin\server\jvm.dll
0x00007ffd4fb70000 - 0x00007ffd4fb78000 	C:\WINDOWS\System32\PSAPI.DLL
0x00007ffd36540000 - 0x00007ffd36549000 	C:\WINDOWS\SYSTEM32\WSOCK32.dll
0x00007ffd4c260000 - 0x00007ffd4c26a000 	C:\WINDOWS\SYSTEM32\VERSION.dll
0x00007ffd31430000 - 0x00007ffd31457000 	C:\WINDOWS\SYSTEM32\WINMM.dll
0x00007ffd4e6c0000 - 0x00007ffd4e72b000 	C:\WINDOWS\System32\WS2_32.dll
0x00007ffd48a90000 - 0x00007ffd48a9f000 	C:\Program Files\Android\Android Studio\jre\jre\bin\verify.dll
0x00007ffd46150000 - 0x00007ffd46179000 	C:\Program Files\Android\Android Studio\jre\jre\bin\java.dll
0x00007ffd45e30000 - 0x00007ffd45e46000 	C:\Program Files\Android\Android Studio\jre\jre\bin\zip.dll
0x00007ffd4ecf0000 - 0x00007ffd4f430000 	C:\WINDOWS\System32\SHELL32.dll
0x00007ffd4ba80000 - 0x00007ffd4c211000 	C:\WINDOWS\SYSTEM32\windows.storage.dll
0x00007ffd4df80000 - 0x00007ffd4e2d3000 	C:\WINDOWS\System32\combase.dll
0x00007ffd4ce40000 - 0x00007ffd4ce6c000 	C:\WINDOWS\SYSTEM32\Wldp.dll
0x00007ffd4e7a0000 - 0x00007ffd4e84e000 	C:\WINDOWS\System32\SHCORE.dll
0x00007ffd4e490000 - 0x00007ffd4e4e5000 	C:\WINDOWS\System32\shlwapi.dll
0x00007ffd4d300000 - 0x00007ffd4d31f000 	C:\WINDOWS\SYSTEM32\profapi.dll
0x00007ffd45db0000 - 0x00007ffd45dca000 	C:\Program Files\Android\Android Studio\jre\jre\bin\net.dll
0x00007ffd4cbc0000 - 0x00007ffd4cc2a000 	C:\WINDOWS\system32\mswsock.dll
0x00007ffd40880000 - 0x00007ffd40893000 	C:\Program Files\Android\Android Studio\jre\jre\bin\nio.dll
0x00007ffd24bf0000 - 0x00007ffd24c16000 	C:\Users\ty\.gradle\native\31\windows-amd64\native-platform.dll
0x00007ffd48100000 - 0x00007ffd4810d000 	C:\Program Files\Android\Android Studio\jre\jre\bin\management.dll
0x00007ffd4cda0000 - 0x00007ffd4cdb8000 	C:\WINDOWS\SYSTEM32\CRYPTSP.dll
0x00007ffd4c4e0000 - 0x00007ffd4c514000 	C:\WINDOWS\system32\rsaenh.dll
0x00007ffd4d3c0000 - 0x00007ffd4d3e7000 	C:\WINDOWS\System32\bcrypt.dll
0x00007ffd4d2c0000 - 0x00007ffd4d2ee000 	C:\WINDOWS\SYSTEM32\USERENV.dll
0x00007ffd4d9d0000 - 0x00007ffd4da4f000 	C:\WINDOWS\System32\bcryptprimitives.dll
0x00007ffd4cd90000 - 0x00007ffd4cd9c000 	C:\WINDOWS\SYSTEM32\CRYPTBASE.dll
0x00007ffd4c860000 - 0x00007ffd4c89b000 	C:\WINDOWS\SYSTEM32\IPHLPAPI.DLL
0x00007ffd4e9a0000 - 0x00007ffd4e9a9000 	C:\WINDOWS\System32\NSI.dll
0x00007ffd41550000 - 0x00007ffd41567000 	C:\WINDOWS\SYSTEM32\dhcpcsvc6.DLL
0x00007ffd45340000 - 0x00007ffd4535d000 	C:\WINDOWS\SYSTEM32\dhcpcsvc.DLL
0x00007ffd4c8a0000 - 0x00007ffd4c96a000 	C:\WINDOWS\SYSTEM32\DNSAPI.dll

VM Arguments:
jvm_args: -Xmx2048m -Dfile.encoding=windows-1252 -Duser.country=US -Duser.language=en -Duser.variant 
java_command: org.gradle.launcher.daemon.bootstrap.GradleDaemon 6.1.1
java_class_path (initial): C:\Users\ty\.gradle\wrapper\dists\gradle-6.1.1-all\cfmwm155h49vnt3hynmlrsdst\gradle-6.1.1\lib\gradle-launcher-6.1.1.jar
Launcher Type: SUN_STANDARD

Environment Variables:
JAVA_HOME=C:\Program Files\Java\jdk1.8.0_261
PATH=C:\Program Files (x86)\Common Files\Oracle\Java\javapath;C:\WINDOWS\system32;C:\WINDOWS;C:\WINDOWS\System32\Wbem;C:\WINDOWS\System32\WindowsPowerShell\v1.0\;C:\WINDOWS\System32\OpenSSH\;C:\Program Files\Git\cmd;C:\Program Files\Java\jdk-14.0.2\bin;C:\Users\ty\AppData\Local\Microsoft\WindowsApps;C:\Users\ty\AppData\Local\atom\bin;C:\Users\ty\AppData\Local\Programs\Microsoft VS Code\bin;C:\Users\ty\Documents\coms309\apache-maven-3.6.3\bin;
USERNAME=ty
OS=Windows_NT
PROCESSOR_IDENTIFIER=Intel64 Family 6 Model 142 Stepping 10, GenuineIntel



---------------  S Y S T E M  ---------------

OS: Windows 10.0 , 64 bit Build 19041 (10.0.19041.292)

CPU:total 8 (initial active 8) (4 cores per cpu, 2 threads per core) family 6 model 142 stepping 10, cmov, cx8, fxsr, mmx, sse, sse2, sse3, ssse3, sse4.1, sse4.2, popcnt, avx, avx2, aes, clmul, erms, 3dnowpref, lzcnt, ht, tsc, tscinvbit, bmi1, bmi2, adx

Memory: 4k page, physical 8298360k(1287532k free), swap 10447836k(5420k free)

vm_info: OpenJDK 64-Bit Server VM (25.242-b01) for windows-amd64 JRE (1.8.0_242-release-1644-b01), built by "builder" with MS VC++ 10.0 (VS2010)

time: Mon Sep 21 15:44:25 2020
timezone: Central Daylight Time
elapsed time: 8 seconds (0d 0h 0m 8s)

