#
# There is insufficient memory for the Java Runtime Environment to continue.
# Native memory allocation (malloc) failed to allocate 1048576 bytes for AllocateHeap
# Possible reasons:
#   The system is out of physical RAM or swap space
#   The process is running with CompressedOops enabled, and the Java Heap may be blocking the growth of the native heap
# Possible solutions:
#   Reduce memory load on the system
#   Increase physical memory or swap space
#   Check if swap backing store is full
#   Decrease Java heap size (-Xmx/-Xms)
#   Decrease number of Java threads
#   Decrease Java thread stack sizes (-Xss)
#   Set larger code cache with -XX:ReservedCodeCacheSize=
#   JVM is running with Unscaled Compressed Oops mode in which the Java heap is
#     placed in the first 4GB address space. The Java Heap base address is the
#     maximum limit for the native heap growth. Please use -XX:HeapBaseMinAddress
#     to set the Java Heap base and to place the Java Heap above 4GB virtual address.
# This output file may be truncated or incomplete.
#
#  Out of Memory Error (./open/src/hotspot/share/memory/allocation.cpp:44), pid=7972, tid=3668
#
# JRE version:  (14.0.2+12) (build )
# Java VM: OpenJDK 64-Bit Server VM (14.0.2+12-46, mixed mode, sharing, tiered, compressed oops, g1 gc, windows-amd64)
# No core dump will be written. Minidumps are not enabled by default on client versions of Windows
#

---------------  S U M M A R Y ------------

Command Line: C:\Users\ty\AppData\Local\Temp\surefire77184374705874869\surefirebooter14107596063283118035.jar C:\Users\ty\AppData\Local\Temp\surefire77184374705874869 2020-11-15T21-47-01_333-jvmRun1 surefire7726718456384039186tmp surefire_011795501664786345889tmp

Host: Intel(R) Core(TM) i5-8250U CPU @ 1.60GHz, 8 cores, 7G,  Windows 10 , 64 bit Build 19041 (10.0.19041.292)
Time: Sun Nov 15 21:47:01 2020 Central Standard Time elapsed time: 0 seconds (0d 0h 0m 0s)

---------------  T H R E A D  ---------------

Current thread (0x00000185fa887000):  JavaThread "Unknown thread" [_thread_in_vm, id=3668, stack(0x0000004a52a00000,0x0000004a52b00000)]

Stack: [0x0000004a52a00000,0x0000004a52b00000]
Native frames: (J=compiled Java code, j=interpreted, Vv=VM code, C=native code)
V  [jvm.dll+0x5f8a9a]
V  [jvm.dll+0x74247a]
V  [jvm.dll+0x743c2f]
V  [jvm.dll+0x744273]
V  [jvm.dll+0x20d288]
V  [jvm.dll+0xa2b2f]
V  [jvm.dll+0x29c03d]
V  [jvm.dll+0x71fd38]
V  [jvm.dll+0x321c14]
V  [jvm.dll+0x70112c]
V  [jvm.dll+0x392def]
V  [jvm.dll+0x394e61]
C  [jli.dll+0x524b]
C  [ucrtbase.dll+0x214c2]
C  [KERNEL32.DLL+0x16fd4]
C  [ntdll.dll+0x4cec1]


---------------  P R O C E S S  ---------------

Threads class SMR info:
_java_thread_list=0x00007ffee99d3038, length=0, elements={
}

Java Threads: ( => current thread )

Other Threads:

[error occurred during error reporting (printing all threads), id 0xc0000005, EXCEPTION_ACCESS_VIOLATION (0xc0000005) at pc=0x00007ffee9656427]

VM state:not at safepoint (not fully initialized)

VM Mutex/Monitor currently owned by a thread: None

Heap address: 0x0000000000000000, size: 0 MB, Compressed Oops mode: 32-bit
Narrow klass base: 0x0000000000000000, Narrow klass shift: 0

GC Heap History (0 events):
No events

Deoptimization events (0 events):
No events

Classes unloaded (0 events):
No events

Classes redefined (0 events):
No events

Internal exceptions (0 events):
No events

Events (2 events):
Event: 0.008 Loaded shared library C:\Users\ty\.jdks\openjdk-14.0.2\bin\java.dll
Event: 0.009 Loaded shared library C:\Users\ty\.jdks\openjdk-14.0.2\bin\zip.dll


Dynamic libraries:
0x00007ff66ba10000 - 0x00007ff66ba1d000 	C:\Users\ty\.jdks\openjdk-14.0.2\bin\java.exe
0x00007fff0a870000 - 0x00007fff0aa65000 	C:\WINDOWS\SYSTEM32\ntdll.dll
0x00007fff0a2b0000 - 0x00007fff0a36d000 	C:\WINDOWS\System32\KERNEL32.DLL
0x00007fff07fb0000 - 0x00007fff08277000 	C:\WINDOWS\System32\KERNELBASE.dll
0x00007fff08420000 - 0x00007fff08520000 	C:\WINDOWS\System32\ucrtbase.dll
0x00007fff03690000 - 0x00007fff036a8000 	C:\Users\ty\.jdks\openjdk-14.0.2\bin\jli.dll
0x00007fff03720000 - 0x00007fff03735000 	C:\Users\ty\.jdks\openjdk-14.0.2\bin\VCRUNTIME140.dll
0x00007fff09f50000 - 0x00007fff0a0f0000 	C:\WINDOWS\System32\USER32.dll
0x00007fff08280000 - 0x00007fff082a2000 	C:\WINDOWS\System32\win32u.dll
0x00007ffef0050000 - 0x00007ffef02eb000 	C:\WINDOWS\WinSxS\amd64_microsoft.windows.common-controls_6595b64144ccf1df_6.0.19041.488_none_ca04af081b815d21\COMCTL32.dll
0x00007fff08cc0000 - 0x00007fff08cea000 	C:\WINDOWS\System32\GDI32.dll
0x00007fff0a0f0000 - 0x00007fff0a18e000 	C:\WINDOWS\System32\msvcrt.dll
0x00007fff08310000 - 0x00007fff08419000 	C:\WINDOWS\System32\gdi32full.dll
0x00007fff086d0000 - 0x00007fff0876d000 	C:\WINDOWS\System32\msvcp_win.dll
0x00007fff09dc0000 - 0x00007fff09df0000 	C:\WINDOWS\System32\IMM32.DLL
0x00007fff035f0000 - 0x00007fff0368b000 	C:\Users\ty\.jdks\openjdk-14.0.2\bin\msvcp140.dll
0x00007ffee8f50000 - 0x00007ffee9a6e000 	C:\Users\ty\.jdks\openjdk-14.0.2\bin\server\jvm.dll
0x00007fff09130000 - 0x00007fff091da000 	C:\WINDOWS\System32\ADVAPI32.dll
0x00007fff09ea0000 - 0x00007fff09f3b000 	C:\WINDOWS\System32\sechost.dll
0x00007fff08a20000 - 0x00007fff08b44000 	C:\WINDOWS\System32\RPCRT4.dll
0x00007fff091e0000 - 0x00007fff091e8000 	C:\WINDOWS\System32\PSAPI.DLL
0x00007ffef30f0000 - 0x00007ffef30f9000 	C:\WINDOWS\SYSTEM32\WSOCK32.dll
0x00007fff06e40000 - 0x00007fff06e4a000 	C:\WINDOWS\SYSTEM32\VERSION.dll
0x00007ffee53e0000 - 0x00007ffee5407000 	C:\WINDOWS\SYSTEM32\WINMM.dll
0x00007fff0a370000 - 0x00007fff0a3db000 	C:\WINDOWS\System32\WS2_32.dll
0x00007fff06e00000 - 0x00007fff06e13000 	C:\WINDOWS\SYSTEM32\kernel.appcore.dll
0x00007fff02fa0000 - 0x00007fff02faa000 	C:\Users\ty\.jdks\openjdk-14.0.2\bin\jimage.dll
0x00007fff05bd0000 - 0x00007fff05db4000 	C:\WINDOWS\SYSTEM32\DBGHELP.DLL
0x00007ffef17a0000 - 0x00007ffef17cc000 	C:\WINDOWS\SYSTEM32\dbgcore.DLL
0x00007fff08550000 - 0x00007fff085cf000 	C:\WINDOWS\System32\bcryptPrimitives.dll
0x00007fff02f60000 - 0x00007fff02f85000 	C:\Users\ty\.jdks\openjdk-14.0.2\bin\java.dll
0x00007fff02f40000 - 0x00007fff02f56000 	C:\Users\ty\.jdks\openjdk-14.0.2\bin\zip.dll

dbghelp: loaded successfully - version: 4.0.5 - missing functions: none
symbol engine: initialized successfully - sym options: 0x614 - pdb path: .;C:\Users\ty\.jdks\openjdk-14.0.2\bin;C:\WINDOWS\SYSTEM32;C:\WINDOWS\WinSxS\amd64_microsoft.windows.common-controls_6595b64144ccf1df_6.0.19041.488_none_ca04af081b815d21;C:\Users\ty\.jdks\openjdk-14.0.2\bin\server

VM Arguments:
java_command: C:\Users\ty\AppData\Local\Temp\surefire77184374705874869\surefirebooter14107596063283118035.jar C:\Users\ty\AppData\Local\Temp\surefire77184374705874869 2020-11-15T21-47-01_333-jvmRun1 surefire7726718456384039186tmp surefire_011795501664786345889tmp
java_class_path (initial): C:\Users\ty\AppData\Local\Temp\surefire77184374705874869\surefirebooter14107596063283118035.jar
Launcher Type: SUN_STANDARD

[Global flags]
     intx CICompilerCount                          = 4                                         {product} {ergonomic}
     uint G1ConcRefinementThreads                  = 8                                         {product} {ergonomic}
   size_t G1HeapRegionSize                         = 1048576                                   {product} {ergonomic}
    uintx GCDrainStackTargetSize                   = 64                                        {product} {ergonomic}
   size_t InitialHeapSize                          = 134217728                                 {product} {ergonomic}
   size_t MaxHeapSize                              = 2124414976                                {product} {ergonomic}
   size_t MinHeapDeltaBytes                        = 1048576                                   {product} {ergonomic}
   size_t MinHeapSize                              = 8388608                                   {product} {ergonomic}
    uintx NonNMethodCodeHeapSize                   = 5839372                                {pd product} {ergonomic}
    uintx NonProfiledCodeHeapSize                  = 122909434                              {pd product} {ergonomic}
    uintx ProfiledCodeHeapSize                     = 122909434                              {pd product} {ergonomic}
    uintx ReservedCodeCacheSize                    = 251658240                              {pd product} {ergonomic}
     bool SegmentedCodeCache                       = true                                      {product} {ergonomic}
   size_t SoftMaxHeapSize                          = 2124414976                             {manageable} {ergonomic}
     bool UseCompressedClassPointers               = true                                 {lp64_product} {ergonomic}
     bool UseCompressedOops                        = true                                 {lp64_product} {ergonomic}
     bool UseG1GC                                  = true                                      {product} {ergonomic}
     bool UseLargePagesIndividualAllocation        = false                                  {pd product} {ergonomic}

Logging:
Log output configuration:
 #0: stdout all=warning uptime,level,tags
 #1: stderr all=off uptime,level,tags

Environment Variables:
JAVA_HOME=C:\Program Files\Java\jdk1.8.0_261
PATH=C:\Program Files (x86)\Common Files\Oracle\Java\javapath;C:\WINDOWS\system32;C:\WINDOWS;C:\WINDOWS\System32\Wbem;C:\WINDOWS\System32\WindowsPowerShell\v1.0\;C:\WINDOWS\System32\OpenSSH\;C:\Program Files\Git\cmd;C:\Program Files\Java\jdk-14.0.2\bin;C:\Users\ty\AppData\Local\Microsoft\WindowsApps;C:\Users\ty\AppData\Local\atom\bin;C:\Users\ty\Documents\coms309\apache-maven-3.6.3\bin
USERNAME=ty
OS=Windows_NT
PROCESSOR_IDENTIFIER=Intel64 Family 6 Model 142 Stepping 10, GenuineIntel



---------------  S Y S T E M  ---------------

OS: Windows 10 , 64 bit Build 19041 (10.0.19041.292)
OS uptime: 0 days 0:27 hours

CPU:total 8 (initial active 8) (4 cores per cpu, 2 threads per core) family 6 model 142 stepping 10, cmov, cx8, fxsr, mmx, sse, sse2, sse3, ssse3, sse4.1, sse4.2, popcnt, avx, avx2, aes, clmul, erms, 3dnowpref, lzcnt, ht, tsc, tscinvbit, bmi1, bmi2, adx, fma

Memory: 4k page, system-wide physical 8103M (1137M free)
TotalPageFile size 9242M (AvailPageFile size 5M)
current process WorkingSet (physical memory assigned to process): 9M, peak: 9M
current process commit charge ("private bytes"): 16M, peak: 17M

vm_info: OpenJDK 64-Bit Server VM (14.0.2+12-46) for windows-amd64 JRE (14.0.2+12-46), built on Jul  9 2020 00:31:16 by "mach5one" with MS VC++ 15.9 (VS2017)

END.
