#
# There is insufficient memory for the Java Runtime Environment to continue.
# Native memory allocation (malloc) failed to allocate 32744 bytes for ChunkPool::allocate
# Possible reasons:
#   The system is out of physical RAM or swap space
#   The process is running with CompressedOops enabled, and the Java Heap may be blocking the growth of the native heap
# Possible solutions:
#   Reduce memory load on the system
#   Increase physical memory or swap space
#   Check if swap backing store is full
#   Decrease Java heap size (-Xmx/-Xms)
#   Decrease number of Java threads
#   Decrease Java thread stack sizes (-Xss)
#   Set larger code cache with -XX:ReservedCodeCacheSize=
#   JVM is running with Unscaled Compressed Oops mode in which the Java heap is
#     placed in the first 4GB address space. The Java Heap base address is the
#     maximum limit for the native heap growth. Please use -XX:HeapBaseMinAddress
#     to set the Java Heap base and to place the Java Heap above 4GB virtual address.
# This output file may be truncated or incomplete.
#
#  Out of Memory Error (./open/src/hotspot/share/memory/arena.cpp:79), pid=6788, tid=11880
#
# JRE version: OpenJDK Runtime Environment (14.0.2+12) (build 14.0.2+12-46)
# Java VM: OpenJDK 64-Bit Server VM (14.0.2+12-46, mixed mode, sharing, tiered, compressed oops, g1 gc, windows-amd64)
# No core dump will be written. Minidumps are not enabled by default on client versions of Windows
#

---------------  S U M M A R Y ------------

Command Line: -Dmaven.multiModuleProjectDirectory=C:\Users\ty\rp_07\Backend\SpringBootBackend -Dmaven.home=C:\Users\ty\.m2\wrapper\dists\apache-maven-3.6.3-bin\1iopthnavndlasol9gbrbg6bf2\apache-maven-3.6.3 -Dclassworlds.conf=C:\Users\ty\.m2\wrapper\dists\apache-maven-3.6.3-bin\1iopthnavndlasol9gbrbg6bf2\apache-maven-3.6.3\bin\m2.conf -Dmaven.ext.class.path=C:\Program Files\JetBrains\IntelliJ IDEA 2020.2.1.2\plugins\maven\lib\maven-event-listener.jar -javaagent:C:\Program Files\JetBrains\IntelliJ IDEA 2020.2.1.2\lib\idea_rt.jar=50378:C:\Program Files\JetBrains\IntelliJ IDEA 2020.2.1.2\bin -Dfile.encoding=UTF-8 org.codehaus.classworlds.Launcher -Didea.version=2020.2.1 package

Host: Intel(R) Core(TM) i5-8250U CPU @ 1.60GHz, 8 cores, 7G,  Windows 10 , 64 bit Build 19041 (10.0.19041.292)
Time: Sun Nov 15 21:47:01 2020 Central Standard Time elapsed time: 6 seconds (0d 0h 0m 6s)

---------------  T H R E A D  ---------------

Current thread (0x000001fb15a6c000):  JavaThread "C2 CompilerThread1" daemon [_thread_in_native, id=11880, stack(0x0000000759e00000,0x0000000759f00000)]


Current CompileTask:
C2:   6650 6346   !   4       org.codehaus.plexus.interpolation.StringSearchInterpolator::interpolate (650 bytes)

Stack: [0x0000000759e00000,0x0000000759f00000]
Native frames: (J=compiled Java code, j=interpreted, Vv=VM code, C=native code)
V  [jvm.dll+0x5f8a9a]
V  [jvm.dll+0x74247a]
V  [jvm.dll+0x743c2f]
V  [jvm.dll+0x744273]
V  [jvm.dll+0x20d288]
V  [jvm.dll+0xabea6]
V  [jvm.dll+0xabc7d]
V  [jvm.dll+0x5d997b]
V  [jvm.dll+0x621b0e]
V  [jvm.dll+0x18cecc]
V  [jvm.dll+0x1e5efa]
V  [jvm.dll+0x1e50b8]
V  [jvm.dll+0x1779cc]
V  [jvm.dll+0x1f4105]
V  [jvm.dll+0x1f22eb]
V  [jvm.dll+0x7070cd]
V  [jvm.dll+0x6ffeda]
V  [jvm.dll+0x5f78f6]
C  [ucrtbase.dll+0x214c2]
C  [KERNEL32.DLL+0x16fd4]
C  [ntdll.dll+0x4cec1]


---------------  P R O C E S S  ---------------

Threads class SMR info:
_java_thread_list=0x000001fb18aa8ab0, length=19, elements={
0x000001fb75f7a800, 0x000001fb15102800, 0x000001fb15103800, 0x000001fb1511b800,
0x000001fb1511e800, 0x000001fb1511f800, 0x000001fb15121800, 0x000001fb15128000,
0x000001fb1512b800, 0x000001fb159f1800, 0x000001fb15a6c000, 0x000001fb15b3a000,
0x000001fb15b3a800, 0x000001fb16a4e800, 0x000001fb18e4a800, 0x000001fb18e4b000,
0x000001fb18e4c000, 0x000001fb175b9000, 0x000001fb175b2800
}

Java Threads: ( => current thread )
  0x000001fb75f7a800 JavaThread "main" [_thread_in_Java, id=6644, stack(0x0000000758e00000,0x0000000758f00000)]
  0x000001fb15102800 JavaThread "Reference Handler" daemon [_thread_blocked, id=5696, stack(0x0000000759500000,0x0000000759600000)]
  0x000001fb15103800 JavaThread "Finalizer" daemon [_thread_blocked, id=1868, stack(0x0000000759600000,0x0000000759700000)]
  0x000001fb1511b800 JavaThread "Signal Dispatcher" daemon [_thread_blocked, id=2828, stack(0x0000000759700000,0x0000000759800000)]
  0x000001fb1511e800 JavaThread "Attach Listener" daemon [_thread_blocked, id=11508, stack(0x0000000759800000,0x0000000759900000)]
  0x000001fb1511f800 JavaThread "Service Thread" daemon [_thread_blocked, id=1320, stack(0x0000000759900000,0x0000000759a00000)]
  0x000001fb15121800 JavaThread "C2 CompilerThread0" daemon [_thread_in_native, id=5652, stack(0x0000000759a00000,0x0000000759b00000)]
  0x000001fb15128000 JavaThread "C1 CompilerThread0" daemon [_thread_blocked, id=4812, stack(0x0000000759b00000,0x0000000759c00000)]
  0x000001fb1512b800 JavaThread "Sweeper thread" daemon [_thread_blocked, id=10388, stack(0x0000000759c00000,0x0000000759d00000)]
  0x000001fb159f1800 JavaThread "Common-Cleaner" daemon [_thread_blocked, id=10672, stack(0x0000000759d00000,0x0000000759e00000)]
=>0x000001fb15a6c000 JavaThread "C2 CompilerThread1" daemon [_thread_in_native, id=11880, stack(0x0000000759e00000,0x0000000759f00000)]
  0x000001fb15b3a000 JavaThread "Monitor Ctrl-Break" daemon [_thread_in_native, id=3788, stack(0x0000000759f00000,0x000000075a000000)]
  0x000001fb15b3a800 JavaThread "Notification Thread" daemon [_thread_blocked, id=3448, stack(0x000000075a000000,0x000000075a100000)]
  0x000001fb16a4e800 JavaThread "C2 CompilerThread2" daemon [_thread_in_native, id=10560, stack(0x000000075a200000,0x000000075a300000)]
  0x000001fb18e4a800 JavaThread "resolver-1" daemon [_thread_blocked, id=3548, stack(0x000000075a700000,0x000000075a800000)]
  0x000001fb18e4b000 JavaThread "resolver-2" daemon [_thread_blocked, id=10136, stack(0x000000075a800000,0x000000075a900000)]
  0x000001fb18e4c000 JavaThread "resolver-3" daemon [_thread_blocked, id=12080, stack(0x000000075a900000,0x000000075aa00000)]
  0x000001fb175b9000 JavaThread "resolver-4" daemon [_thread_blocked, id=8188, stack(0x000000075ab00000,0x000000075ac00000)]
  0x000001fb175b2800 JavaThread "resolver-5" daemon [_thread_blocked, id=11660, stack(0x000000075ac00000,0x000000075ad00000)]

Other Threads:
  0x000001fb15101800 VMThread "VM Thread" [stack: 0x0000000759400000,0x0000000759500000] [id=8728]
  0x000001fb15b3e000 WatcherThread [stack: 0x000000075a100000,0x000000075a200000] [id=9752]
  0x000001fb75fbf800 GCTaskThread "GC Thread#0" [stack: 0x0000000758f00000,0x0000000759000000] [id=5512]
  0x000001fb16533000 GCTaskThread "GC Thread#1" [stack: 0x000000075a300000,0x000000075a400000] [id=6004]
  0x000001fb1626f800 GCTaskThread "GC Thread#2" [stack: 0x000000075a400000,0x000000075a500000] [id=9460]
  0x000001fb75fd1000 ConcurrentGCThread "G1 Main Marker" [stack: 0x0000000759000000,0x0000000759100000] [id=5228]
  0x000001fb75fd2000 ConcurrentGCThread "G1 Conc#0" [stack: 0x0000000759100000,0x0000000759200000] [id=1444]
  0x000001fb17167800 ConcurrentGCThread "G1 Conc#1" [stack: 0x000000075a500000,0x000000075a600000] [id=10404]
  0x000001fb14f74800 ConcurrentGCThread "G1 Refine#0" [stack: 0x0000000759200000,0x0000000759300000] [id=9808]
  0x000001fb18e49800 ConcurrentGCThread "G1 Refine#1" [stack: 0x000000075a600000,0x000000075a700000] [id=2472]
  0x000001fb15a30800 ConcurrentGCThread "G1 Refine#2" [stack: 0x000000075aa00000,0x000000075ab00000] [id=10636]
  0x000001fb14f76000 ConcurrentGCThread "G1 Young RemSet Sampling" [stack: 0x0000000759300000,0x0000000759400000] [id=11316]

Threads with active compile tasks:
C2 CompilerThread0     6687 6418  s!   4       jdk.internal.loader.URLClassPath::getLoader (194 bytes)
C2 CompilerThread1     6687 6346   !   4       org.codehaus.plexus.interpolation.StringSearchInterpolator::interpolate (650 bytes)
C2 CompilerThread2     6687 6450   !   4       jdk.internal.loader.URLClassPath$JarLoader::getResource (65 bytes)

VM state:not at safepoint (normal execution)

VM Mutex/Monitor currently owned by a thread: None

Heap address: 0x0000000081600000, size: 2026 MB, Compressed Oops mode: 32-bit
Narrow klass base: 0x0000000800000000, Narrow klass shift: 3
Compressed class space size: 1073741824 Address: 0x0000000800b30000

Heap:
 garbage-first heap   total 112640K, used 60157K [0x0000000081600000, 0x0000000100000000)
  region size 1024K, 18 young (18432K), 1 survivors (1024K)
 Metaspace       used 28682K, capacity 29526K, committed 29692K, reserved 1075200K
  class space    used 3155K, capacity 3500K, committed 3580K, reserved 1048576K
Heap Regions: E=young(eden), S=young(survivor), O=old, HS=humongous(starts), HC=humongous(continues), CS=collection set, F=free, OA=open archive, CA=closed archive, TAMS=top-at-mark-start (previous, next)
|   0|0x0000000081600000, 0x0000000081700000, 0x0000000081700000|100%| O|  |TAMS 0x0000000081700000, 0x0000000081600000| Untracked 
|   1|0x0000000081700000, 0x0000000081800000, 0x0000000081800000|100%| O|  |TAMS 0x0000000081800000, 0x0000000081700000| Untracked 
|   2|0x0000000081800000, 0x0000000081900000, 0x0000000081900000|100%| O|  |TAMS 0x0000000081900000, 0x0000000081800000| Untracked 
|   3|0x0000000081900000, 0x0000000081a00000, 0x0000000081a00000|100%| O|  |TAMS 0x0000000081a00000, 0x0000000081900000| Untracked 
|   4|0x0000000081a00000, 0x0000000081b00000, 0x0000000081b00000|100%| O|  |TAMS 0x0000000081b00000, 0x0000000081a00000| Untracked 
|   5|0x0000000081b00000, 0x0000000081c00000, 0x0000000081c00000|100%| O|  |TAMS 0x0000000081c00000, 0x0000000081b00000| Untracked 
|   6|0x0000000081c00000, 0x0000000081d00000, 0x0000000081d00000|100%| O|  |TAMS 0x0000000081d00000, 0x0000000081c00000| Untracked 
|   7|0x0000000081d00000, 0x0000000081e00000, 0x0000000081e00000|100%| O|  |TAMS 0x0000000081e00000, 0x0000000081d00000| Untracked 
|   8|0x0000000081e00000, 0x0000000081f00000, 0x0000000081f00000|100%| O|  |TAMS 0x0000000081f00000, 0x0000000081e00000| Untracked 
|   9|0x0000000081f00000, 0x0000000082000000, 0x0000000082000000|100%| O|  |TAMS 0x0000000082000000, 0x0000000081f00000| Untracked 
|  10|0x0000000082000000, 0x0000000082100000, 0x0000000082100000|100%| O|  |TAMS 0x0000000082000000, 0x0000000082000000| Untracked 
|  11|0x0000000082100000, 0x0000000082200000, 0x0000000082200000|100%| O|  |TAMS 0x0000000082100000, 0x0000000082100000| Untracked 
|  12|0x0000000082200000, 0x0000000082300000, 0x0000000082300000|100%|HS|  |TAMS 0x0000000082200000, 0x0000000082200000| Complete 
|  13|0x0000000082300000, 0x0000000082300000, 0x0000000082400000|  0%| F|  |TAMS 0x0000000082300000, 0x0000000082300000| Untracked 
|  14|0x0000000082400000, 0x0000000082400000, 0x0000000082500000|  0%| F|  |TAMS 0x0000000082400000, 0x0000000082400000| Untracked 
|  15|0x0000000082500000, 0x0000000082500000, 0x0000000082600000|  0%| F|  |TAMS 0x0000000082500000, 0x0000000082500000| Untracked 
|  16|0x0000000082600000, 0x0000000082600000, 0x0000000082700000|  0%| F|  |TAMS 0x0000000082600000, 0x0000000082600000| Untracked 
|  17|0x0000000082700000, 0x0000000082700000, 0x0000000082800000|  0%| F|  |TAMS 0x0000000082700000, 0x0000000082700000| Untracked 
|  18|0x0000000082800000, 0x0000000082800000, 0x0000000082900000|  0%| F|  |TAMS 0x0000000082800000, 0x0000000082800000| Untracked 
|  19|0x0000000082900000, 0x0000000082900000, 0x0000000082a00000|  0%| F|  |TAMS 0x0000000082900000, 0x0000000082900000| Untracked 
|  20|0x0000000082a00000, 0x0000000082b00000, 0x0000000082b00000|100%| O|  |TAMS 0x0000000082a00000, 0x0000000082a00000| Untracked 
|  21|0x0000000082b00000, 0x0000000082b00000, 0x0000000082c00000|  0%| F|  |TAMS 0x0000000082b00000, 0x0000000082b00000| Untracked 
|  22|0x0000000082c00000, 0x0000000082d00000, 0x0000000082d00000|100%| O|  |TAMS 0x0000000082d00000, 0x0000000082c00000| Untracked 
|  23|0x0000000082d00000, 0x0000000082e00000, 0x0000000082e00000|100%| O|  |TAMS 0x0000000082d00000, 0x0000000082d00000| Untracked 
|  24|0x0000000082e00000, 0x0000000082f00000, 0x0000000082f00000|100%| O|  |TAMS 0x0000000082e00000, 0x0000000082e00000| Untracked 
|  25|0x0000000082f00000, 0x0000000083000000, 0x0000000083000000|100%|HS|  |TAMS 0x0000000082f00000, 0x0000000082f00000| Complete 
|  26|0x0000000083000000, 0x0000000083100000, 0x0000000083100000|100%| O|  |TAMS 0x0000000083100000, 0x0000000083000000| Untracked 
|  27|0x0000000083100000, 0x0000000083200000, 0x0000000083200000|100%| O|  |TAMS 0x0000000083100000, 0x0000000083100000| Untracked 
|  28|0x0000000083200000, 0x0000000083200000, 0x0000000083300000|  0%| F|  |TAMS 0x0000000083200000, 0x0000000083200000| Untracked 
|  29|0x0000000083300000, 0x0000000083400000, 0x0000000083400000|100%| O|  |TAMS 0x0000000083400000, 0x0000000083300000| Untracked 
|  30|0x0000000083400000, 0x0000000083500000, 0x0000000083500000|100%| O|  |TAMS 0x0000000083500000, 0x0000000083400000| Untracked 
|  31|0x0000000083500000, 0x0000000083600000, 0x0000000083600000|100%| O|  |TAMS 0x0000000083600000, 0x0000000083500000| Untracked 
|  32|0x0000000083600000, 0x0000000083700000, 0x0000000083700000|100%| O|  |TAMS 0x0000000083700000, 0x0000000083600000| Untracked 
|  33|0x0000000083700000, 0x0000000083800000, 0x0000000083800000|100%| O|  |TAMS 0x0000000083800000, 0x0000000083700000| Untracked 
|  34|0x0000000083800000, 0x0000000083900000, 0x0000000083900000|100%| O|  |TAMS 0x0000000083900000, 0x0000000083800000| Untracked 
|  35|0x0000000083900000, 0x0000000083a00000, 0x0000000083a00000|100%| O|  |TAMS 0x0000000083a00000, 0x0000000083900000| Untracked 
|  36|0x0000000083a00000, 0x0000000083b00000, 0x0000000083b00000|100%| O|  |TAMS 0x0000000083b00000, 0x0000000083a00000| Untracked 
|  37|0x0000000083b00000, 0x0000000083c00000, 0x0000000083c00000|100%| O|  |TAMS 0x0000000083c00000, 0x0000000083b00000| Untracked 
|  38|0x0000000083c00000, 0x0000000083d00000, 0x0000000083d00000|100%| O|  |TAMS 0x0000000083d00000, 0x0000000083c00000| Untracked 
|  39|0x0000000083d00000, 0x0000000083e00000, 0x0000000083e00000|100%| O|  |TAMS 0x0000000083e00000, 0x0000000083d00000| Untracked 
|  40|0x0000000083e00000, 0x0000000083e00000, 0x0000000083f00000|  0%| F|  |TAMS 0x0000000083e00000, 0x0000000083e00000| Untracked 
|  41|0x0000000083f00000, 0x0000000084000000, 0x0000000084000000|100%| O|  |TAMS 0x0000000084000000, 0x0000000083f00000| Untracked 
|  42|0x0000000084000000, 0x0000000084100000, 0x0000000084100000|100%| O|  |TAMS 0x0000000084000000, 0x0000000084000000| Untracked 
|  43|0x0000000084100000, 0x0000000084200000, 0x0000000084200000|100%| O|  |TAMS 0x0000000084100000, 0x0000000084100000| Untracked 
|  44|0x0000000084200000, 0x0000000084300000, 0x0000000084300000|100%| O|  |TAMS 0x0000000084200000, 0x0000000084200000| Untracked 
|  45|0x0000000084300000, 0x0000000084400000, 0x0000000084400000|100%| O|  |TAMS 0x0000000084300000, 0x0000000084300000| Untracked 
|  46|0x0000000084400000, 0x0000000084500000, 0x0000000084500000|100%| O|  |TAMS 0x0000000084400000, 0x0000000084400000| Untracked 
|  47|0x0000000084500000, 0x0000000084600000, 0x0000000084600000|100%| O|  |TAMS 0x0000000084500000, 0x0000000084500000| Untracked 
|  48|0x0000000084600000, 0x00000000846e4e00, 0x0000000084700000| 89%| O|  |TAMS 0x0000000084600000, 0x0000000084600000| Untracked 
|  49|0x0000000084700000, 0x0000000084700000, 0x0000000084800000|  0%| F|  |TAMS 0x0000000084700000, 0x0000000084700000| Untracked 
|  50|0x0000000084800000, 0x0000000084800000, 0x0000000084900000|  0%| F|  |TAMS 0x0000000084800000, 0x0000000084800000| Untracked 
|  51|0x0000000084900000, 0x0000000084900000, 0x0000000084a00000|  0%| F|  |TAMS 0x0000000084900000, 0x0000000084900000| Untracked 
|  52|0x0000000084a00000, 0x0000000084a00000, 0x0000000084b00000|  0%| F|  |TAMS 0x0000000084a00000, 0x0000000084a00000| Untracked 
|  53|0x0000000084b00000, 0x0000000084b00000, 0x0000000084c00000|  0%| F|  |TAMS 0x0000000084b00000, 0x0000000084b00000| Untracked 
|  54|0x0000000084c00000, 0x0000000084c00000, 0x0000000084d00000|  0%| F|  |TAMS 0x0000000084c00000, 0x0000000084c00000| Untracked 
|  55|0x0000000084d00000, 0x0000000084d00000, 0x0000000084e00000|  0%| F|  |TAMS 0x0000000084d00000, 0x0000000084d00000| Untracked 
|  56|0x0000000084e00000, 0x0000000084e00000, 0x0000000084f00000|  0%| F|  |TAMS 0x0000000084e00000, 0x0000000084e00000| Untracked 
|  57|0x0000000084f00000, 0x0000000084f00000, 0x0000000085000000|  0%| F|  |TAMS 0x0000000084f00000, 0x0000000084f00000| Untracked 
|  58|0x0000000085000000, 0x0000000085000000, 0x0000000085100000|  0%| F|  |TAMS 0x0000000085000000, 0x0000000085000000| Untracked 
|  59|0x0000000085100000, 0x0000000085100000, 0x0000000085200000|  0%| F|  |TAMS 0x0000000085100000, 0x0000000085100000| Untracked 
|  60|0x0000000085200000, 0x0000000085200000, 0x0000000085300000|  0%| F|  |TAMS 0x0000000085200000, 0x0000000085200000| Untracked 
|  61|0x0000000085300000, 0x0000000085300000, 0x0000000085400000|  0%| F|  |TAMS 0x0000000085300000, 0x0000000085300000| Untracked 
|  62|0x0000000085400000, 0x0000000085400000, 0x0000000085500000|  0%| F|  |TAMS 0x0000000085400000, 0x0000000085400000| Untracked 
|  63|0x0000000085500000, 0x0000000085500000, 0x0000000085600000|  0%| F|  |TAMS 0x0000000085500000, 0x0000000085500000| Untracked 
|  64|0x0000000085600000, 0x0000000085600000, 0x0000000085700000|  0%| F|  |TAMS 0x0000000085600000, 0x0000000085600000| Untracked 
|  65|0x0000000085700000, 0x0000000085700000, 0x0000000085800000|  0%| F|  |TAMS 0x0000000085700000, 0x0000000085700000| Untracked 
|  66|0x0000000085800000, 0x0000000085800000, 0x0000000085900000|  0%| F|  |TAMS 0x0000000085800000, 0x0000000085800000| Untracked 
|  67|0x0000000085900000, 0x0000000085900000, 0x0000000085a00000|  0%| F|  |TAMS 0x0000000085900000, 0x0000000085900000| Untracked 
|  68|0x0000000085a00000, 0x0000000085a00000, 0x0000000085b00000|  0%| F|  |TAMS 0x0000000085a00000, 0x0000000085a00000| Untracked 
|  69|0x0000000085b00000, 0x0000000085b00000, 0x0000000085c00000|  0%| F|  |TAMS 0x0000000085b00000, 0x0000000085b00000| Untracked 
|  70|0x0000000085c00000, 0x0000000085c00000, 0x0000000085d00000|  0%| F|  |TAMS 0x0000000085c00000, 0x0000000085c00000| Untracked 
|  71|0x0000000085d00000, 0x0000000085d00000, 0x0000000085e00000|  0%| F|  |TAMS 0x0000000085d00000, 0x0000000085d00000| Untracked 
|  72|0x0000000085e00000, 0x0000000085e00000, 0x0000000085f00000|  0%| F|  |TAMS 0x0000000085e00000, 0x0000000085e00000| Untracked 
|  73|0x0000000085f00000, 0x0000000085f00000, 0x0000000086000000|  0%| F|  |TAMS 0x0000000085f00000, 0x0000000085f00000| Untracked 
|  74|0x0000000086000000, 0x0000000086000000, 0x0000000086100000|  0%| F|  |TAMS 0x0000000086000000, 0x0000000086000000| Untracked 
|  75|0x0000000086100000, 0x0000000086100000, 0x0000000086200000|  0%| F|  |TAMS 0x0000000086100000, 0x0000000086100000| Untracked 
|  76|0x0000000086200000, 0x0000000086200000, 0x0000000086300000|  0%| F|  |TAMS 0x0000000086200000, 0x0000000086200000| Untracked 
|  77|0x0000000086300000, 0x0000000086300000, 0x0000000086400000|  0%| F|  |TAMS 0x0000000086300000, 0x0000000086300000| Untracked 
|  78|0x0000000086400000, 0x0000000086400000, 0x0000000086500000|  0%| F|  |TAMS 0x0000000086400000, 0x0000000086400000| Untracked 
|  79|0x0000000086500000, 0x0000000086500000, 0x0000000086600000|  0%| F|  |TAMS 0x0000000086500000, 0x0000000086500000| Untracked 
|  80|0x0000000086600000, 0x0000000086600000, 0x0000000086700000|  0%| F|  |TAMS 0x0000000086600000, 0x0000000086600000| Untracked 
|  81|0x0000000086700000, 0x0000000086700000, 0x0000000086800000|  0%| F|  |TAMS 0x0000000086700000, 0x0000000086700000| Untracked 
|  82|0x0000000086800000, 0x0000000086800000, 0x0000000086900000|  0%| F|  |TAMS 0x0000000086800000, 0x0000000086800000| Untracked 
|  83|0x0000000086900000, 0x0000000086900000, 0x0000000086a00000|  0%| F|  |TAMS 0x0000000086900000, 0x0000000086900000| Untracked 
|  84|0x0000000086a00000, 0x0000000086a00000, 0x0000000086b00000|  0%| F|  |TAMS 0x0000000086a00000, 0x0000000086a00000| Untracked 
|  85|0x0000000086b00000, 0x0000000086b00000, 0x0000000086c00000|  0%| F|  |TAMS 0x0000000086b00000, 0x0000000086b00000| Untracked 
|  86|0x0000000086c00000, 0x0000000086c00000, 0x0000000086d00000|  0%| F|  |TAMS 0x0000000086c00000, 0x0000000086c00000| Untracked 
|  87|0x0000000086d00000, 0x0000000086d00000, 0x0000000086e00000|  0%| F|  |TAMS 0x0000000086d00000, 0x0000000086d00000| Untracked 
|  88|0x0000000086e00000, 0x0000000086e00000, 0x0000000086f00000|  0%| F|  |TAMS 0x0000000086e00000, 0x0000000086e00000| Untracked 
|  89|0x0000000086f00000, 0x0000000086f80800, 0x0000000087000000| 50%| E|  |TAMS 0x0000000086f00000, 0x0000000086f00000| Complete 
|  90|0x0000000087000000, 0x0000000087100000, 0x0000000087100000|100%| E|CS|TAMS 0x0000000087000000, 0x0000000087000000| Complete 
|  91|0x0000000087100000, 0x0000000087200000, 0x0000000087200000|100%| E|CS|TAMS 0x0000000087100000, 0x0000000087100000| Complete 
|  92|0x0000000087200000, 0x0000000087300000, 0x0000000087300000|100%| E|CS|TAMS 0x0000000087200000, 0x0000000087200000| Complete 
|  93|0x0000000087300000, 0x0000000087400000, 0x0000000087400000|100%| E|CS|TAMS 0x0000000087300000, 0x0000000087300000| Complete 
|  94|0x0000000087400000, 0x0000000087500000, 0x0000000087500000|100%| E|CS|TAMS 0x0000000087400000, 0x0000000087400000| Complete 
|  95|0x0000000087500000, 0x0000000087600000, 0x0000000087600000|100%| E|CS|TAMS 0x0000000087500000, 0x0000000087500000| Complete 
|  96|0x0000000087600000, 0x0000000087700000, 0x0000000087700000|100%| E|CS|TAMS 0x0000000087600000, 0x0000000087600000| Complete 
|  97|0x0000000087700000, 0x0000000087800000, 0x0000000087800000|100%| E|CS|TAMS 0x0000000087700000, 0x0000000087700000| Complete 
|  98|0x0000000087800000, 0x0000000087900000, 0x0000000087900000|100%| E|CS|TAMS 0x0000000087800000, 0x0000000087800000| Complete 
|  99|0x0000000087900000, 0x0000000087a00000, 0x0000000087a00000|100%| E|CS|TAMS 0x0000000087900000, 0x0000000087900000| Complete 
| 100|0x0000000087a00000, 0x0000000087b00000, 0x0000000087b00000|100%| E|CS|TAMS 0x0000000087a00000, 0x0000000087a00000| Complete 
| 101|0x0000000087b00000, 0x0000000087c00000, 0x0000000087c00000|100%| E|CS|TAMS 0x0000000087b00000, 0x0000000087b00000| Complete 
| 102|0x0000000087c00000, 0x0000000087d00000, 0x0000000087d00000|100%| E|CS|TAMS 0x0000000087c00000, 0x0000000087c00000| Complete 
| 103|0x0000000087d00000, 0x0000000087e00000, 0x0000000087e00000|100%| E|CS|TAMS 0x0000000087d00000, 0x0000000087d00000| Complete 
| 153|0x000000008af00000, 0x000000008afda970, 0x000000008b000000| 85%| S|CS|TAMS 0x000000008af00000, 0x000000008af00000| Complete 
|2021|0x00000000ffb00000, 0x00000000ffc00000, 0x00000000ffc00000|100%| E|CS|TAMS 0x00000000ffb00000, 0x00000000ffb00000| Complete 
|2022|0x00000000ffc00000, 0x00000000ffd00000, 0x00000000ffd00000|100%| E|CS|TAMS 0x00000000ffc00000, 0x00000000ffc00000| Complete 
|2023|0x00000000ffd00000, 0x00000000ffe00000, 0x00000000ffe00000|100%| O|  |TAMS 0x00000000ffe00000, 0x00000000ffd00000| Untracked 
|2024|0x00000000ffe00000, 0x00000000fff00000, 0x00000000fff00000|100%| O|  |TAMS 0x00000000fff00000, 0x00000000ffe00000| Untracked 
|2025|0x00000000fff00000, 0x0000000100000000, 0x0000000100000000|100%| O|  |TAMS 0x0000000100000000, 0x00000000fff00000| Untracked 

Card table byte_map: [0x000001fb7ee70000,0x000001fb7f270000] _byte_map_base: 0x000001fb7ea65000

Marking Bits (Prev, Next): (CMBitMap*) 0x000001fb75fc02a8, (CMBitMap*) 0x000001fb75fc02e8
 Prev Bits: [0x000001fb0f000000, 0x000001fb10fa8000)
 Next Bits: [0x000001fb10fb0000, 0x000001fb12f58000)

Polling page: 0x000001fb73f70000

Metaspace:

Usage:
  Non-class:     25.42 MB capacity,    24.93 MB ( 98%) used,   435.94 KB (  2%) free+waste,    62.88 KB ( <1%) overhead. 
      Class:      3.42 MB capacity,     3.08 MB ( 90%) used,   316.39 KB (  9%) free+waste,    28.25 KB ( <1%) overhead. 
       Both:     28.83 MB capacity,    28.01 MB ( 97%) used,   752.33 KB (  3%) free+waste,    91.13 KB ( <1%) overhead. 

Virtual space:
  Non-class space:       26.00 MB reserved,      25.50 MB ( 98%) committed 
      Class space:        1.00 GB reserved,       3.50 MB ( <1%) committed 
             Both:        1.03 GB reserved,      29.00 MB (  3%) committed 

Chunk freelists:
   Non-Class:  22.00 KB
       Class:  20.00 KB
        Both:  42.00 KB

MaxMetaspaceSize: 17179869184.00 GB
CompressedClassSpaceSize: 1.00 GB

CodeHeap 'non-profiled nmethods': size=120000Kb used=3749Kb max_used=3749Kb free=116251Kb
 bounds [0x000001fb07ad0000, 0x000001fb07e80000, 0x000001fb0f000000]
CodeHeap 'profiled nmethods': size=120000Kb used=13252Kb max_used=13252Kb free=106747Kb
 bounds [0x000001fb005a0000, 0x000001fb012a0000, 0x000001fb07ad0000]
CodeHeap 'non-nmethods': size=5760Kb used=1262Kb max_used=1320Kb free=4497Kb
 bounds [0x000001fb00000000, 0x000001fb00270000, 0x000001fb005a0000]
 total_blobs=6313 nmethods=5779 adapters=445
 compilation: enabled
              stopped_count=0, restarted_count=0
 full_count=0

Compilation events (20 events):
Event: 6.522 Thread 0x000001fb15128000 nmethod 6437 0x000001fb01289f90 code [0x000001fb0128a240, 0x000001fb0128b648]
Event: 6.522 Thread 0x000001fb15128000 6434       3       java.util.zip.ZipOutputStream::ensureOpen (18 bytes)
Event: 6.523 Thread 0x000001fb15128000 nmethod 6434 0x000001fb0128bf10 code [0x000001fb0128c0c0, 0x000001fb0128c2e8]
Event: 6.523 Thread 0x000001fb15128000 6443       3       java.io.DataOutputStream::incCount (20 bytes)
Event: 6.523 Thread 0x000001fb15128000 nmethod 6443 0x000001fb0128c390 code [0x000001fb0128c520, 0x000001fb0128c678]
Event: 6.526 Thread 0x000001fb15128000 6444       3       java.util.Arrays::binarySearch (9 bytes)
Event: 6.527 Thread 0x000001fb15128000 nmethod 6444 0x000001fb0128c710 code [0x000001fb0128c8c0, 0x000001fb0128c9e8]
Event: 6.527 Thread 0x000001fb15128000 6445       3       java.util.Arrays::binarySearch0 (72 bytes)
Event: 6.527 Thread 0x000001fb15128000 nmethod 6445 0x000001fb0128ca90 code [0x000001fb0128cc40, 0x000001fb0128ceb8]
Event: 6.532 Thread 0x000001fb15128000 6446       3       java.lang.ProcessEnvironment$CheckedEntry::getKey (5 bytes)
Event: 6.532 Thread 0x000001fb15128000 nmethod 6446 0x000001fb0128d010 code [0x000001fb0128d1c0, 0x000001fb0128d508]
Event: 6.532 Thread 0x000001fb15128000 6448       3       java.lang.ProcessEnvironment$NameComparator::compare (90 bytes)
Event: 6.533 Thread 0x000001fb15128000 nmethod 6448 0x000001fb0128d610 code [0x000001fb0128d920, 0x000001fb0128ec18]
Event: 6.533 Thread 0x000001fb15128000 6447       3       java.lang.ProcessEnvironment$CheckedEntry::getKey (13 bytes)
Event: 6.533 Thread 0x000001fb15128000 nmethod 6447 0x000001fb0128f510 code [0x000001fb0128f6c0, 0x000001fb0128f9a8]
Event: 6.630 Thread 0x000001fb16a4e800 6450   !   4       jdk.internal.loader.URLClassPath$JarLoader::getResource (65 bytes)
Event: 6.636 Thread 0x000001fb15128000 6454  s    1       java.lang.StringBuffer::length (5 bytes)
Event: 6.636 Thread 0x000001fb15128000 nmethod 6454 0x000001fb07e78c90 code [0x000001fb07e78e20, 0x000001fb07e79098]
Event: 6.639 Thread 0x000001fb15128000 6455       3       java.util.Calendar::internalGet (7 bytes)
Event: 6.640 Thread 0x000001fb15128000 nmethod 6455 0x000001fb0128fa90 code [0x000001fb0128fc20, 0x000001fb0128fd78]

GC Heap History (20 events):
Event: 5.042 GC heap before
{Heap before GC invocations=13 (full 0):
 garbage-first heap   total 63488K, used 47050K [0x0000000081600000, 0x0000000100000000)
  region size 1024K, 17 young (17408K), 3 survivors (3072K)
 Metaspace       used 26631K, capacity 27396K, committed 27644K, reserved 1073152K
  class space    used 2982K, capacity 3263K, committed 3324K, reserved 1048576K
}
Event: 5.049 GC heap after
{Heap after GC invocations=14 (full 0):
 garbage-first heap   total 76800K, used 33702K [0x0000000081600000, 0x0000000100000000)
  region size 1024K, 1 young (1024K), 1 survivors (1024K)
 Metaspace       used 26631K, capacity 27396K, committed 27644K, reserved 1073152K
  class space    used 2982K, capacity 3263K, committed 3324K, reserved 1048576K
}
Event: 5.127 GC heap before
{Heap before GC invocations=14 (full 0):
 garbage-first heap   total 76800K, used 58278K [0x0000000081600000, 0x0000000100000000)
  region size 1024K, 25 young (25600K), 1 survivors (1024K)
 Metaspace       used 26636K, capacity 27397K, committed 27644K, reserved 1073152K
  class space    used 2982K, capacity 3263K, committed 3324K, reserved 1048576K
}
Event: 5.129 GC heap after
{Heap after GC invocations=15 (full 0):
 garbage-first heap   total 76800K, used 34554K [0x0000000081600000, 0x0000000100000000)
  region size 1024K, 1 young (1024K), 1 survivors (1024K)
 Metaspace       used 26636K, capacity 27397K, committed 27644K, reserved 1073152K
  class space    used 2982K, capacity 3263K, committed 3324K, reserved 1048576K
}
Event: 5.199 GC heap before
{Heap before GC invocations=15 (full 0):
 garbage-first heap   total 76800K, used 58106K [0x0000000081600000, 0x0000000100000000)
  region size 1024K, 25 young (25600K), 1 survivors (1024K)
 Metaspace       used 26658K, capacity 27397K, committed 27644K, reserved 1073152K
  class space    used 2982K, capacity 3263K, committed 3324K, reserved 1048576K
}
Event: 5.201 GC heap after
{Heap after GC invocations=16 (full 0):
 garbage-first heap   total 76800K, used 35972K [0x0000000081600000, 0x0000000100000000)
  region size 1024K, 4 young (4096K), 4 survivors (4096K)
 Metaspace       used 26658K, capacity 27397K, committed 27644K, reserved 1073152K
  class space    used 2982K, capacity 3263K, committed 3324K, reserved 1048576K
}
Event: 5.416 GC heap before
{Heap before GC invocations=17 (full 0):
 garbage-first heap   total 80896K, used 58500K [0x0000000081600000, 0x0000000100000000)
  region size 1024K, 26 young (26624K), 4 survivors (4096K)
 Metaspace       used 26677K, capacity 27397K, committed 27644K, reserved 1073152K
  class space    used 2982K, capacity 3263K, committed 3324K, reserved 1048576K
}
Event: 5.427 GC heap after
{Heap after GC invocations=18 (full 0):
 garbage-first heap   total 80896K, used 44172K [0x0000000081600000, 0x0000000100000000)
  region size 1024K, 4 young (4096K), 4 survivors (4096K)
 Metaspace       used 26677K, capacity 27397K, committed 27644K, reserved 1073152K
  class space    used 2982K, capacity 3263K, committed 3324K, reserved 1048576K
}
Event: 5.437 GC heap before
{Heap before GC invocations=18 (full 0):
 garbage-first heap   total 80896K, used 44172K [0x0000000081600000, 0x0000000100000000)
  region size 1024K, 5 young (5120K), 4 survivors (4096K)
 Metaspace       used 26677K, capacity 27397K, committed 27644K, reserved 1073152K
  class space    used 2982K, capacity 3263K, committed 3324K, reserved 1048576K
}
Event: 5.450 GC heap after
{Heap after GC invocations=19 (full 0):
 garbage-first heap   total 80896K, used 40509K [0x0000000081600000, 0x0000000100000000)
  region size 1024K, 1 young (1024K), 1 survivors (1024K)
 Metaspace       used 26677K, capacity 27397K, committed 27644K, reserved 1073152K
  class space    used 2982K, capacity 3263K, committed 3324K, reserved 1048576K
}
Event: 5.646 GC heap before
{Heap before GC invocations=19 (full 0):
 garbage-first heap   total 80896K, used 58941K [0x0000000081600000, 0x0000000100000000)
  region size 1024K, 20 young (20480K), 1 survivors (1024K)
 Metaspace       used 26691K, capacity 27397K, committed 27644K, reserved 1073152K
  class space    used 2982K, capacity 3263K, committed 3324K, reserved 1048576K
}
Event: 5.650 GC heap after
{Heap after GC invocations=20 (full 0):
 garbage-first heap   total 80896K, used 44032K [0x0000000081600000, 0x0000000100000000)
  region size 1024K, 3 young (3072K), 3 survivors (3072K)
 Metaspace       used 26691K, capacity 27397K, committed 27644K, reserved 1073152K
  class space    used 2982K, capacity 3263K, committed 3324K, reserved 1048576K
}
Event: 5.794 GC heap before
{Heap before GC invocations=21 (full 0):
 garbage-first heap   total 80896K, used 51200K [0x0000000081600000, 0x0000000100000000)
  region size 1024K, 11 young (11264K), 3 survivors (3072K)
 Metaspace       used 26701K, capacity 27403K, committed 27644K, reserved 1073152K
  class space    used 2983K, capacity 3265K, committed 3324K, reserved 1048576K
}
Event: 5.803 GC heap after
{Heap after GC invocations=22 (full 0):
 garbage-first heap   total 112640K, used 46752K [0x0000000081600000, 0x0000000100000000)
  region size 1024K, 3 young (3072K), 3 survivors (3072K)
 Metaspace       used 26701K, capacity 27403K, committed 27644K, reserved 1073152K
  class space    used 2983K, capacity 3265K, committed 3324K, reserved 1048576K
}
Event: 5.832 GC heap before
{Heap before GC invocations=22 (full 0):
 garbage-first heap   total 112640K, used 84640K [0x0000000081600000, 0x0000000100000000)
  region size 1024K, 40 young (40960K), 3 survivors (3072K)
 Metaspace       used 26701K, capacity 27403K, committed 27644K, reserved 1073152K
  class space    used 2983K, capacity 3265K, committed 3324K, reserved 1048576K
}
Event: 5.835 GC heap after
{Heap after GC invocations=23 (full 0):
 garbage-first heap   total 112640K, used 48527K [0x0000000081600000, 0x0000000100000000)
  region size 1024K, 3 young (3072K), 3 survivors (3072K)
 Metaspace       used 26701K, capacity 27403K, committed 27644K, reserved 1073152K
  class space    used 2983K, capacity 3265K, committed 3324K, reserved 1048576K
}
Event: 6.314 GC heap before
{Heap before GC invocations=24 (full 0):
 garbage-first heap   total 112640K, used 87439K [0x0000000081600000, 0x0000000100000000)
  region size 1024K, 41 young (41984K), 3 survivors (3072K)
 Metaspace       used 27823K, capacity 28721K, committed 28796K, reserved 1075200K
  class space    used 3073K, capacity 3402K, committed 3452K, reserved 1048576K
}
Event: 6.323 GC heap after
{Heap after GC invocations=25 (full 0):
 garbage-first heap   total 112640K, used 52054K [0x0000000081600000, 0x0000000100000000)
  region size 1024K, 6 young (6144K), 6 survivors (6144K)
 Metaspace       used 27823K, capacity 28721K, committed 28796K, reserved 1075200K
  class space    used 3073K, capacity 3402K, committed 3452K, reserved 1048576K
}
Event: 6.338 GC heap before
{Heap before GC invocations=25 (full 0):
 garbage-first heap   total 112640K, used 53078K [0x0000000081600000, 0x0000000100000000)
  region size 1024K, 7 young (7168K), 6 survivors (6144K)
 Metaspace       used 27913K, capacity 28721K, committed 28796K, reserved 1075200K
  class space    used 3084K, capacity 3402K, committed 3452K, reserved 1048576K
}
Event: 6.349 GC heap after
{Heap after GC invocations=26 (full 0):
 garbage-first heap   total 112640K, used 43773K [0x0000000081600000, 0x0000000100000000)
  region size 1024K, 1 young (1024K), 1 survivors (1024K)
 Metaspace       used 27913K, capacity 28721K, committed 28796K, reserved 1075200K
  class space    used 3084K, capacity 3402K, committed 3452K, reserved 1048576K
}

Deoptimization events (20 events):
Event: 6.530 Thread 0x000001fb75f7a800 Uncommon trap: trap_request=0xffffffde fr.pc=0x000001fb07c3e894 relative=0x0000000000000074
Event: 6.530 Thread 0x000001fb75f7a800 Uncommon trap: reason=class_check action=maybe_recompile pc=0x000001fb07c3e894 method=java.util.Collections$UnmodifiableMap$UnmodifiableEntrySet$UnmodifiableEntry.getValue()Ljava/lang/Object; @ 4 c2
Event: 6.530 Thread 0x000001fb75f7a800 DEOPT PACKING pc=0x000001fb07c3e894 sp=0x0000000758efd5b0
Event: 6.530 Thread 0x000001fb75f7a800 DEOPT UNPACKING pc=0x000001fb0004912f sp=0x0000000758efd540 mode 2
Event: 6.628 Thread 0x000001fb16e7b800 Uncommon trap: trap_request=0xffffff45 fr.pc=0x000001fb07df6028 relative=0x0000000000001948
Event: 6.628 Thread 0x000001fb16e7b800 Uncommon trap: reason=unstable_if action=reinterpret pc=0x000001fb07df6028 method=java.io.BufferedReader.readLine(Z)Ljava/lang/String; @ 192 c2
Event: 6.628 Thread 0x000001fb16e7b800 DEOPT PACKING pc=0x000001fb07df6028 sp=0x000000075b1fef40
Event: 6.628 Thread 0x000001fb16e7b800 DEOPT UNPACKING pc=0x000001fb0004912f sp=0x000000075b1fef08 mode 2
Event: 6.630 Thread 0x000001fb16e7a800 Uncommon trap: trap_request=0xffffff45 fr.pc=0x000001fb07d245f0 relative=0x0000000000000850
Event: 6.630 Thread 0x000001fb16e7a800 Uncommon trap: reason=unstable_if action=reinterpret pc=0x000001fb07d245f0 method=java.util.Formatter$Conversion.isGeneral(C)Z @ 1 c2
Event: 6.631 Thread 0x000001fb16e7a800 DEOPT PACKING pc=0x000001fb07d245f0 sp=0x000000075affeac0
Event: 6.631 Thread 0x000001fb16e7a800 DEOPT UNPACKING pc=0x000001fb0004912f sp=0x000000075affe960 mode 2
Event: 6.631 Thread 0x000001fb16e7a800 Uncommon trap: trap_request=0xffffff45 fr.pc=0x000001fb07c39f54 relative=0x0000000000000034
Event: 6.631 Thread 0x000001fb16e7a800 Uncommon trap: reason=unstable_if action=reinterpret pc=0x000001fb07c39f54 method=java.util.Formatter$Conversion.isGeneral(C)Z @ 1 c2
Event: 6.631 Thread 0x000001fb16e7a800 DEOPT PACKING pc=0x000001fb07c39f54 sp=0x000000075affea90
Event: 6.631 Thread 0x000001fb16e7a800 DEOPT UNPACKING pc=0x000001fb0004912f sp=0x000000075affea20 mode 2
Event: 6.631 Thread 0x000001fb16e7a800 Uncommon trap: trap_request=0xffffff45 fr.pc=0x000001fb07e4edbc relative=0x00000000000005dc
Event: 6.631 Thread 0x000001fb16e7a800 Uncommon trap: reason=unstable_if action=reinterpret pc=0x000001fb07e4edbc method=java.util.Formatter$FormatSpecifier.print(Ljava/lang/Object;Ljava/util/Locale;)V @ 18 c2
Event: 6.631 Thread 0x000001fb16e7a800 DEOPT PACKING pc=0x000001fb07e4edbc sp=0x000000075affebf0
Event: 6.631 Thread 0x000001fb16e7a800 DEOPT UNPACKING pc=0x000001fb0004912f sp=0x000000075affebd8 mode 2

Classes unloaded (0 events):
No events

Classes redefined (0 events):
No events

Internal exceptions (20 events):
Event: 5.992 Thread 0x000001fb75f7a800 Exception <a 'sun/nio/fs/WindowsException'{0x0000000087460d90}> (0x0000000087460d90) 
thrown [./open/src/hotspot/share/prims/jni.cpp, line 599]
Event: 5.992 Thread 0x000001fb75f7a800 Exception <a 'sun/nio/fs/WindowsException'{0x0000000087461e08}> (0x0000000087461e08) 
thrown [./open/src/hotspot/share/prims/jni.cpp, line 599]
Event: 5.992 Thread 0x000001fb75f7a800 Exception <a 'sun/nio/fs/WindowsException'{0x00000000874620d8}> (0x00000000874620d8) 
thrown [./open/src/hotspot/share/prims/jni.cpp, line 599]
Event: 5.992 Thread 0x000001fb75f7a800 Exception <a 'sun/nio/fs/WindowsException'{0x0000000087463048}> (0x0000000087463048) 
thrown [./open/src/hotspot/share/prims/jni.cpp, line 599]
Event: 5.992 Thread 0x000001fb75f7a800 Exception <a 'sun/nio/fs/WindowsException'{0x00000000874633e8}> (0x00000000874633e8) 
thrown [./open/src/hotspot/share/prims/jni.cpp, line 599]
Event: 5.994 Thread 0x000001fb75f7a800 Exception <a 'sun/nio/fs/WindowsException'{0x00000000874af2f8}> (0x00000000874af2f8) 
thrown [./open/src/hotspot/share/prims/jni.cpp, line 599]
Event: 5.994 Thread 0x000001fb75f7a800 Exception <a 'sun/nio/fs/WindowsException'{0x00000000874af5d8}> (0x00000000874af5d8) 
thrown [./open/src/hotspot/share/prims/jni.cpp, line 599]
Event: 5.994 Thread 0x000001fb75f7a800 Exception <a 'sun/nio/fs/WindowsException'{0x00000000874b0468}> (0x00000000874b0468) 
thrown [./open/src/hotspot/share/prims/jni.cpp, line 599]
Event: 5.994 Thread 0x000001fb75f7a800 Exception <a 'sun/nio/fs/WindowsException'{0x00000000874b0728}> (0x00000000874b0728) 
thrown [./open/src/hotspot/share/prims/jni.cpp, line 599]
Event: 5.994 Thread 0x000001fb75f7a800 Exception <a 'sun/nio/fs/WindowsException'{0x00000000874b1570}> (0x00000000874b1570) 
thrown [./open/src/hotspot/share/prims/jni.cpp, line 599]
Event: 5.994 Thread 0x000001fb75f7a800 Exception <a 'sun/nio/fs/WindowsException'{0x00000000874b17e0}> (0x00000000874b17e0) 
thrown [./open/src/hotspot/share/prims/jni.cpp, line 599]
Event: 5.995 Thread 0x000001fb75f7a800 Exception <a 'sun/nio/fs/WindowsException'{0x00000000874b2828}> (0x00000000874b2828) 
thrown [./open/src/hotspot/share/prims/jni.cpp, line 599]
Event: 5.995 Thread 0x000001fb75f7a800 Exception <a 'sun/nio/fs/WindowsException'{0x00000000874b2ae8}> (0x00000000874b2ae8) 
thrown [./open/src/hotspot/share/prims/jni.cpp, line 599]
Event: 5.995 Thread 0x000001fb75f7a800 Exception <a 'sun/nio/fs/WindowsException'{0x00000000874b3a38}> (0x00000000874b3a38) 
thrown [./open/src/hotspot/share/prims/jni.cpp, line 599]
Event: 5.995 Thread 0x000001fb75f7a800 Exception <a 'sun/nio/fs/WindowsException'{0x00000000874b3db8}> (0x00000000874b3db8) 
thrown [./open/src/hotspot/share/prims/jni.cpp, line 599]
Event: 5.998 Thread 0x000001fb75f7a800 Exception <a 'sun/nio/fs/WindowsException'{0x00000000874e3898}> (0x00000000874e3898) 
thrown [./open/src/hotspot/share/prims/jni.cpp, line 599]
Event: 6.242 Thread 0x000001fb1aea0800 Exception <a 'java/lang/NoSuchMethodError'{0x00000000864c7478}: 'java.lang.Object java.lang.invoke.DirectMethodHandle$Holder.invokeStaticInit(java.lang.Object, java.lang.Object, long, java.lang.Object)'> (0x00000000864c7478) 
thrown [./open/src/hotspot/share/interpreter/linkResolver.cpp, line 766]
Event: 6.242 Thread 0x000001fb1aea0800 Exception <a 'java/lang/NoSuchMethodError'{0x00000000864cce80}: 'java.lang.Object java.lang.invoke.Invokers$Holder.linkToTargetMethod(java.lang.Object, long, java.lang.Object)'> (0x00000000864cce80) 
thrown [./open/src/hotspot/share/interpreter/linkResolver.cpp, line 766]
Event: 6.243 Thread 0x000001fb75f7a800 Exception <a 'java/lang/NoSuchMethodError'{0x000000008627f9a0}: 'java.lang.String org.apache.maven.execution.MavenExecutionRequest.getFailureBehavior()'> (0x000000008627f9a0) 
thrown [./open/src/hotspot/share/interpreter/linkResolver.cpp, line 861]
Event: 6.540 Thread 0x000001fb75f7a800 Exception <a 'java/lang/NoSuchMethodError'{0x00000000872f5fa8}: 'void java.lang.invoke.DirectMethodHandle$Holder.invokeStatic(java.lang.Object, long)'> (0x00000000872f5fa8) 
thrown [./open/src/hotspot/share/interpreter/linkResolver.cpp, line 766]

Events (20 events):
Event: 6.629 Executing VM operation: HandshakeOneThread
Event: 6.629 Executing VM operation: HandshakeOneThread done
Event: 6.629 Executing VM operation: HandshakeOneThread
Event: 6.629 Executing VM operation: HandshakeOneThread done
Event: 6.629 Executing VM operation: HandshakeOneThread
Event: 6.629 Executing VM operation: HandshakeOneThread done
Event: 6.629 Executing VM operation: HandshakeOneThread
Event: 6.629 Executing VM operation: HandshakeOneThread done
Event: 6.629 Executing VM operation: HandshakeOneThread
Event: 6.629 Executing VM operation: HandshakeOneThread done
Event: 6.629 Executing VM operation: BulkRevokeBias
Event: 6.629 Executing VM operation: BulkRevokeBias done
Event: 6.631 Executing VM operation: HandshakeOneThread
Event: 6.631 Executing VM operation: HandshakeOneThread done
Event: 6.632 loading class java/lang/Throwable$WrappedPrintWriter
Event: 6.632 loading class java/lang/Throwable$PrintStreamOrWriter
Event: 6.632 loading class java/lang/Throwable$PrintStreamOrWriter done
Event: 6.632 loading class java/lang/Throwable$WrappedPrintWriter done
Event: 6.633 Executing VM operation: HandshakeOneThread
Event: 6.633 Executing VM operation: HandshakeOneThread done


Dynamic libraries:
0x00007ff66ba10000 - 0x00007ff66ba1d000 	C:\Users\ty\.jdks\openjdk-14.0.2\bin\java.exe
0x00007fff0a870000 - 0x00007fff0aa65000 	C:\WINDOWS\SYSTEM32\ntdll.dll
0x00007fff0a2b0000 - 0x00007fff0a36d000 	C:\WINDOWS\System32\KERNEL32.DLL
0x00007fff07fb0000 - 0x00007fff08277000 	C:\WINDOWS\System32\KERNELBASE.dll
0x00007fff08420000 - 0x00007fff08520000 	C:\WINDOWS\System32\ucrtbase.dll
0x00007fff03690000 - 0x00007fff036a8000 	C:\Users\ty\.jdks\openjdk-14.0.2\bin\jli.dll
0x00007fff03720000 - 0x00007fff03735000 	C:\Users\ty\.jdks\openjdk-14.0.2\bin\VCRUNTIME140.dll
0x00007fff09f50000 - 0x00007fff0a0f0000 	C:\WINDOWS\System32\USER32.dll
0x00007fff08280000 - 0x00007fff082a2000 	C:\WINDOWS\System32\win32u.dll
0x00007ffef0050000 - 0x00007ffef02eb000 	C:\WINDOWS\WinSxS\amd64_microsoft.windows.common-controls_6595b64144ccf1df_6.0.19041.488_none_ca04af081b815d21\COMCTL32.dll
0x00007fff08cc0000 - 0x00007fff08cea000 	C:\WINDOWS\System32\GDI32.dll
0x00007fff0a0f0000 - 0x00007fff0a18e000 	C:\WINDOWS\System32\msvcrt.dll
0x00007fff08310000 - 0x00007fff08419000 	C:\WINDOWS\System32\gdi32full.dll
0x00007fff086d0000 - 0x00007fff0876d000 	C:\WINDOWS\System32\msvcp_win.dll
0x00007fff09dc0000 - 0x00007fff09df0000 	C:\WINDOWS\System32\IMM32.DLL
0x00007fff035f0000 - 0x00007fff0368b000 	C:\Users\ty\.jdks\openjdk-14.0.2\bin\msvcp140.dll
0x00007ffee8f50000 - 0x00007ffee9a6e000 	C:\Users\ty\.jdks\openjdk-14.0.2\bin\server\jvm.dll
0x00007fff09130000 - 0x00007fff091da000 	C:\WINDOWS\System32\ADVAPI32.dll
0x00007fff09ea0000 - 0x00007fff09f3b000 	C:\WINDOWS\System32\sechost.dll
0x00007fff08a20000 - 0x00007fff08b44000 	C:\WINDOWS\System32\RPCRT4.dll
0x00007fff091e0000 - 0x00007fff091e8000 	C:\WINDOWS\System32\PSAPI.DLL
0x00007fff06e40000 - 0x00007fff06e4a000 	C:\WINDOWS\SYSTEM32\VERSION.dll
0x00007ffee53e0000 - 0x00007ffee5407000 	C:\WINDOWS\SYSTEM32\WINMM.dll
0x00007ffef30f0000 - 0x00007ffef30f9000 	C:\WINDOWS\SYSTEM32\WSOCK32.dll
0x00007fff0a370000 - 0x00007fff0a3db000 	C:\WINDOWS\System32\WS2_32.dll
0x00007fff06e00000 - 0x00007fff06e13000 	C:\WINDOWS\SYSTEM32\kernel.appcore.dll
0x00007fff02fa0000 - 0x00007fff02faa000 	C:\Users\ty\.jdks\openjdk-14.0.2\bin\jimage.dll
0x00007fff05bd0000 - 0x00007fff05db4000 	C:\WINDOWS\SYSTEM32\DBGHELP.DLL
0x00007ffef17a0000 - 0x00007ffef17cc000 	C:\WINDOWS\SYSTEM32\dbgcore.DLL
0x00007fff08550000 - 0x00007fff085cf000 	C:\WINDOWS\System32\bcryptPrimitives.dll
0x00007fff02f90000 - 0x00007fff02f9e000 	C:\Users\ty\.jdks\openjdk-14.0.2\bin\instrument.dll
0x00007fff02f60000 - 0x00007fff02f85000 	C:\Users\ty\.jdks\openjdk-14.0.2\bin\java.dll
0x00007fff02f40000 - 0x00007fff02f56000 	C:\Users\ty\.jdks\openjdk-14.0.2\bin\zip.dll
0x00007fff09200000 - 0x00007fff09941000 	C:\WINDOWS\System32\SHELL32.dll
0x00007fff06660000 - 0x00007fff06df3000 	C:\WINDOWS\SYSTEM32\windows.storage.dll
0x00007fff08cf0000 - 0x00007fff09045000 	C:\WINDOWS\System32\combase.dll
0x00007fff07a20000 - 0x00007fff07a4c000 	C:\WINDOWS\SYSTEM32\Wldp.dll
0x00007fff0a510000 - 0x00007fff0a5be000 	C:\WINDOWS\System32\SHCORE.dll
0x00007fff0a4b0000 - 0x00007fff0a505000 	C:\WINDOWS\System32\shlwapi.dll
0x00007fff07ee0000 - 0x00007fff07f06000 	C:\WINDOWS\SYSTEM32\profapi.dll
0x00007fff02f20000 - 0x00007fff02f39000 	C:\Users\ty\.jdks\openjdk-14.0.2\bin\net.dll
0x00007ffefa610000 - 0x00007ffefa710000 	C:\WINDOWS\SYSTEM32\WINHTTP.dll
0x00007fff077a0000 - 0x00007fff0780a000 	C:\WINDOWS\system32\mswsock.dll
0x00007fff02f00000 - 0x00007fff02f12000 	C:\Users\ty\.jdks\openjdk-14.0.2\bin\nio.dll
0x00007fff02ed0000 - 0x00007fff02eea000 	C:\Program Files\JetBrains\IntelliJ IDEA 2020.2.1.2\bin\breakgen64.dll
0x00007fff026b0000 - 0x00007fff026c0000 	C:\Users\ty\.jdks\openjdk-14.0.2\bin\verify.dll
0x00007fff07970000 - 0x00007fff07988000 	C:\WINDOWS\SYSTEM32\CRYPTSP.dll
0x00007fff070c0000 - 0x00007fff070f4000 	C:\WINDOWS\system32\rsaenh.dll
0x00007fff08520000 - 0x00007fff08547000 	C:\WINDOWS\System32\bcrypt.dll
0x00007fff07e60000 - 0x00007fff07e8e000 	C:\WINDOWS\SYSTEM32\USERENV.dll
0x00007fff07990000 - 0x00007fff0799c000 	C:\WINDOWS\SYSTEM32\CRYPTBASE.dll
0x00007fff07440000 - 0x00007fff0747b000 	C:\WINDOWS\SYSTEM32\IPHLPAPI.DLL
0x00007fff09f40000 - 0x00007fff09f49000 	C:\WINDOWS\System32\NSI.dll
0x00007ffefb660000 - 0x00007ffefb677000 	C:\WINDOWS\SYSTEM32\dhcpcsvc6.DLL
0x00007ffefc1b0000 - 0x00007ffefc1cd000 	C:\WINDOWS\SYSTEM32\dhcpcsvc.DLL
0x00007fff07480000 - 0x00007fff0754b000 	C:\WINDOWS\SYSTEM32\DNSAPI.dll
0x00007fff021b0000 - 0x00007fff021ba000 	C:\Users\ty\AppData\Local\Temp\jansi-1.17.1-7909176162858851567.dll
0x00007fff021a0000 - 0x00007fff021aa000 	C:\Users\ty\AppData\Local\Temp\jansi-1.17.1-8057228879799010325.dll

dbghelp: loaded successfully - version: 4.0.5 - missing functions: none
symbol engine: initialized successfully - sym options: 0x614 - pdb path: .;C:\Users\ty\.jdks\openjdk-14.0.2\bin;C:\WINDOWS\SYSTEM32;C:\WINDOWS\WinSxS\amd64_microsoft.windows.common-controls_6595b64144ccf1df_6.0.19041.488_none_ca04af081b815d21;C:\Users\ty\.jdks\openjdk-14.0.2\bin\server;C:\Program Files\JetBrains\IntelliJ IDEA 2020.2.1.2\bin;C:\Users\ty\AppData\Local\Temp

VM Arguments:
jvm_args: -Dmaven.multiModuleProjectDirectory=C:\Users\ty\rp_07\Backend\SpringBootBackend -Dmaven.home=C:\Users\ty\.m2\wrapper\dists\apache-maven-3.6.3-bin\1iopthnavndlasol9gbrbg6bf2\apache-maven-3.6.3 -Dclassworlds.conf=C:\Users\ty\.m2\wrapper\dists\apache-maven-3.6.3-bin\1iopthnavndlasol9gbrbg6bf2\apache-maven-3.6.3\bin\m2.conf -Dmaven.ext.class.path=C:\Program Files\JetBrains\IntelliJ IDEA 2020.2.1.2\plugins\maven\lib\maven-event-listener.jar -javaagent:C:\Program Files\JetBrains\IntelliJ IDEA 2020.2.1.2\lib\idea_rt.jar=50378:C:\Program Files\JetBrains\IntelliJ IDEA 2020.2.1.2\bin -Dfile.encoding=UTF-8 
java_command: org.codehaus.classworlds.Launcher -Didea.version=2020.2.1 package
java_class_path (initial): C:\Users\ty\.m2\wrapper\dists\apache-maven-3.6.3-bin\1iopthnavndlasol9gbrbg6bf2\apache-maven-3.6.3\boot\plexus-classworlds-2.6.0.jar;C:\Users\ty\.m2\wrapper\dists\apache-maven-3.6.3-bin\1iopthnavndlasol9gbrbg6bf2\apache-maven-3.6.3\boot\plexus-classworlds.license
Launcher Type: SUN_STANDARD

[Global flags]
     intx CICompilerCount                          = 4                                         {product} {ergonomic}
     uint ConcGCThreads                            = 2                                         {product} {ergonomic}
     uint G1ConcRefinementThreads                  = 8                                         {product} {ergonomic}
   size_t G1HeapRegionSize                         = 1048576                                   {product} {ergonomic}
    uintx GCDrainStackTargetSize                   = 64                                        {product} {ergonomic}
   size_t InitialHeapSize                          = 134217728                                 {product} {ergonomic}
   size_t MarkStackSize                            = 4194304                                   {product} {ergonomic}
   size_t MaxHeapSize                              = 2124414976                                {product} {ergonomic}
   size_t MaxNewSize                               = 1274019840                                {product} {ergonomic}
   size_t MinHeapDeltaBytes                        = 1048576                                   {product} {ergonomic}
   size_t MinHeapSize                              = 8388608                                   {product} {ergonomic}
    uintx NonNMethodCodeHeapSize                   = 5839372                                {pd product} {ergonomic}
    uintx NonProfiledCodeHeapSize                  = 122909434                              {pd product} {ergonomic}
    uintx ProfiledCodeHeapSize                     = 122909434                              {pd product} {ergonomic}
    uintx ReservedCodeCacheSize                    = 251658240                              {pd product} {ergonomic}
     bool SegmentedCodeCache                       = true                                      {product} {ergonomic}
   size_t SoftMaxHeapSize                          = 2124414976                             {manageable} {ergonomic}
     bool UseCompressedClassPointers               = true                                 {lp64_product} {ergonomic}
     bool UseCompressedOops                        = true                                 {lp64_product} {ergonomic}
     bool UseG1GC                                  = true                                      {product} {ergonomic}
     bool UseLargePagesIndividualAllocation        = false                                  {pd product} {ergonomic}

Logging:
Log output configuration:
 #0: stdout all=warning uptime,level,tags
 #1: stderr all=off uptime,level,tags

Environment Variables:
JAVA_HOME=C:\Program Files\Java\jdk1.8.0_261
PATH=C:\Program Files (x86)\Common Files\Oracle\Java\javapath;C:\WINDOWS\system32;C:\WINDOWS;C:\WINDOWS\System32\Wbem;C:\WINDOWS\System32\WindowsPowerShell\v1.0\;C:\WINDOWS\System32\OpenSSH\;C:\Program Files\Git\cmd;C:\Program Files\Java\jdk-14.0.2\bin;C:\Users\ty\AppData\Local\Microsoft\WindowsApps;C:\Users\ty\AppData\Local\atom\bin;C:\Users\ty\Documents\coms309\apache-maven-3.6.3\bin
USERNAME=ty
OS=Windows_NT
PROCESSOR_IDENTIFIER=Intel64 Family 6 Model 142 Stepping 10, GenuineIntel



---------------  S Y S T E M  ---------------

OS: Windows 10 , 64 bit Build 19041 (10.0.19041.292)
OS uptime: 0 days 0:27 hours

CPU:total 8 (initial active 8) (4 cores per cpu, 2 threads per core) family 6 model 142 stepping 10, cmov, cx8, fxsr, mmx, sse, sse2, sse3, ssse3, sse4.1, sse4.2, popcnt, avx, avx2, aes, clmul, erms, 3dnowpref, lzcnt, ht, tsc, tscinvbit, bmi1, bmi2, adx, fma

Memory: 4k page, system-wide physical 8103M (1139M free)
TotalPageFile size 9242M (AvailPageFile size 26M)
current process WorkingSet (physical memory assigned to process): 262M, peak: 262M
current process commit charge ("private bytes"): 297M, peak: 302M

vm_info: OpenJDK 64-Bit Server VM (14.0.2+12-46) for windows-amd64 JRE (14.0.2+12-46), built on Jul  9 2020 00:31:16 by "mach5one" with MS VC++ 15.9 (VS2017)

END.
