#
# There is insufficient memory for the Java Runtime Environment to continue.
# Native memory allocation (mmap) failed to map 34603008 bytes for Failed to commit area from 0x0000000086a00000 to 0x0000000088b00000 of length 34603008.
# Possible reasons:
#   The system is out of physical RAM or swap space
#   The process is running with CompressedOops enabled, and the Java Heap may be blocking the growth of the native heap
# Possible solutions:
#   Reduce memory load on the system
#   Increase physical memory or swap space
#   Check if swap backing store is full
#   Decrease Java heap size (-Xmx/-Xms)
#   Decrease number of Java threads
#   Decrease Java thread stack sizes (-Xss)
#   Set larger code cache with -XX:ReservedCodeCacheSize=
#   JVM is running with Unscaled Compressed Oops mode in which the Java heap is
#     placed in the first 4GB address space. The Java Heap base address is the
#     maximum limit for the native heap growth. Please use -XX:HeapBaseMinAddress
#     to set the Java Heap base and to place the Java Heap above 4GB virtual address.
# This output file may be truncated or incomplete.
#
#  Out of Memory Error (./open/src/hotspot/os/windows/os_windows.cpp:3315), pid=2692, tid=3972
#
# JRE version: OpenJDK Runtime Environment (14.0.2+12) (build 14.0.2+12-46)
# Java VM: OpenJDK 64-Bit Server VM (14.0.2+12-46, mixed mode, sharing, tiered, compressed oops, g1 gc, windows-amd64)
# No core dump will be written. Minidumps are not enabled by default on client versions of Windows
#

---------------  S U M M A R Y ------------

Command Line: -Dmaven.multiModuleProjectDirectory=C:\Users\ty\rp_07\Backend\SpringBootBackend -Dmaven.home=C:\Users\ty\.m2\wrapper\dists\apache-maven-3.6.3-bin\1iopthnavndlasol9gbrbg6bf2\apache-maven-3.6.3 -Dclassworlds.conf=C:\Users\ty\.m2\wrapper\dists\apache-maven-3.6.3-bin\1iopthnavndlasol9gbrbg6bf2\apache-maven-3.6.3\bin\m2.conf -Dmaven.ext.class.path=C:\Program Files\JetBrains\IntelliJ IDEA 2020.2.1.2\plugins\maven\lib\maven-event-listener.jar -javaagent:C:\Program Files\JetBrains\IntelliJ IDEA 2020.2.1.2\lib\idea_rt.jar=50336:C:\Program Files\JetBrains\IntelliJ IDEA 2020.2.1.2\bin -Dfile.encoding=UTF-8 org.codehaus.classworlds.Launcher -Didea.version=2020.2.1 package

Host: Intel(R) Core(TM) i5-8250U CPU @ 1.60GHz, 8 cores, 7G,  Windows 10 , 64 bit Build 19041 (10.0.19041.292)
Time: Sun Nov 15 21:45:12 2020 Central Standard Time elapsed time: 16 seconds (0d 0h 0m 16s)

---------------  T H R E A D  ---------------

Current thread (0x000001d6dfc6f000):  VMThread "VM Thread" [stack: 0x0000005b32100000,0x0000005b32200000] [id=3972]

Stack: [0x0000005b32100000,0x0000005b32200000]
[error occurred during error reporting (printing stack bounds), id 0xc0000005, EXCEPTION_ACCESS_VIOLATION (0xc0000005) at pc=0x000001d6c93c10ad]

Native frames: (J=compiled Java code, j=interpreted, Vv=VM code, C=native code)
V  [jvm.dll+0x5f8a9a]
V  [jvm.dll+0x74247a]
V  [jvm.dll+0x743c2f]
V  [jvm.dll+0x7441d5]
V  [jvm.dll+0x74418b]
V  [jvm.dll+0x5f7f6f]
V  [jvm.dll+0x5f8738]
C  [ntdll.dll+0xa111f]
C  [ntdll.dll+0x4b474]
C  [ntdll.dll+0x9fc4e]
C  0x000001d6c93c10ad

VM_Operation (0x0000005b337fed50): G1CollectForAllocation, mode: safepoint, requested by thread 0x000001d6e06d9800


---------------  P R O C E S S  ---------------

Threads class SMR info:
_java_thread_list=0x000001d6e101e960, length=25, elements={
0x000001d6c0c08800, 0x000001d6dfc70000, 0x000001d6dfc72800, 0x000001d6dfc8a800,
0x000001d6dfc8b800, 0x000001d6dfc8c800, 0x000001d6dfc97000, 0x000001d6dfc9d800,
0x000001d6dfcb3800, 0x000001d6e06d8800, 0x000001d6e06da800, 0x000001d6e06dc000,
0x000001d6e06dd000, 0x000001d6e06d8000, 0x000001d6e06d7000, 0x000001d6e06dd800,
0x000001d6e06db000, 0x000001d6e06d9800, 0x000001d6e4e83000, 0x000001d6e4e82000,
0x000001d6e4e83800, 0x000001d6e4e84800, 0x000001d6e4e7f000, 0x000001d6e4dc2000,
0x000001d6e2b65800
}

Java Threads: ( => current thread )
  0x000001d6c0c08800 JavaThread "main" [_thread_in_native, id=1796, stack(0x0000005b31b00000,0x0000005b31c00000)]
  0x000001d6dfc70000 JavaThread "Reference Handler" daemon [_thread_blocked, id=4136, stack(0x0000005b32200000,0x0000005b32300000)]
  0x000001d6dfc72800 JavaThread "Finalizer" daemon [_thread_blocked, id=3652, stack(0x0000005b32300000,0x0000005b32400000)]
  0x000001d6dfc8a800 JavaThread "Signal Dispatcher" daemon [_thread_blocked, id=4480, stack(0x0000005b32400000,0x0000005b32500000)]
  0x000001d6dfc8b800 JavaThread "Attach Listener" daemon [_thread_blocked, id=3320, stack(0x0000005b32500000,0x0000005b32600000)]
  0x000001d6dfc8c800 JavaThread "Service Thread" daemon [_thread_blocked, id=11540, stack(0x0000005b32600000,0x0000005b32700000)]
  0x000001d6dfc97000 JavaThread "C2 CompilerThread0" daemon [_thread_blocked, id=2212, stack(0x0000005b32700000,0x0000005b32800000)]
  0x000001d6dfc9d800 JavaThread "C1 CompilerThread0" daemon [_thread_blocked, id=11324, stack(0x0000005b32800000,0x0000005b32900000)]
  0x000001d6dfcb3800 JavaThread "Sweeper thread" daemon [_thread_blocked, id=6316, stack(0x0000005b32900000,0x0000005b32a00000)]
  0x000001d6e06d8800 JavaThread "Common-Cleaner" daemon [_thread_blocked, id=5184, stack(0x0000005b32a00000,0x0000005b32b00000)]
  0x000001d6e06da800 JavaThread "Monitor Ctrl-Break" daemon [_thread_in_native, id=6788, stack(0x0000005b32c00000,0x0000005b32d00000)]
  0x000001d6e06dc000 JavaThread "Notification Thread" daemon [_thread_blocked, id=11296, stack(0x0000005b32d00000,0x0000005b32e00000)]
  0x000001d6e06dd000 JavaThread "resolver-1" daemon [_thread_blocked, id=2828, stack(0x0000005b33200000,0x0000005b33300000)]
  0x000001d6e06d8000 JavaThread "resolver-2" daemon [_thread_blocked, id=1868, stack(0x0000005b33300000,0x0000005b33400000)]
  0x000001d6e06d7000 JavaThread "resolver-3" daemon [_thread_blocked, id=5696, stack(0x0000005b33400000,0x0000005b33500000)]
  0x000001d6e06dd800 JavaThread "resolver-4" daemon [_thread_blocked, id=3012, stack(0x0000005b32b00000,0x0000005b32c00000)]
  0x000001d6e06db000 JavaThread "resolver-5" daemon [_thread_blocked, id=4332, stack(0x0000005b33500000,0x0000005b33600000)]
  0x000001d6e06d9800 JavaThread "timeout-check-timer" daemon [_thread_blocked, id=8728, stack(0x0000005b33700000,0x0000005b33800000)]
  0x000001d6e4e83000 JavaThread "ping-timer-10s" daemon [_thread_blocked, id=11316, stack(0x0000005b33800000,0x0000005b33900000)]
  0x000001d6e4e82000 JavaThread "ThreadedStreamConsumer" daemon [_thread_blocked, id=7748, stack(0x0000005b33900000,0x0000005b33a00000)]
  0x000001d6e4e83800 JavaThread "Thread-2" [_thread_blocked, id=9808, stack(0x0000005b33a00000,0x0000005b33b00000)]
  0x000001d6e4e84800 JavaThread "Thread-3" [_thread_in_native, id=1416, stack(0x0000005b33b00000,0x0000005b33c00000)]
  0x000001d6e4e7f000 JavaThread "Thread-4" [_thread_in_native, id=1444, stack(0x0000005b33c00000,0x0000005b33d00000)]
  0x000001d6e4dc2000 JavaThread "C2 CompilerThread1" daemon [_thread_blocked, id=7820, stack(0x0000005b33600000,0x0000005b33700000)]
  0x000001d6e2b65800 JavaThread "C2 CompilerThread2" daemon [_thread_blocked, id=11448, stack(0x0000005b33d00000,0x0000005b33e00000)]

Other Threads:
=>0x000001d6dfc6f000 VMThread "VM Thread" [stack: 0x0000005b32100000,0x0000005b32200000] [id=3972]
  0x000001d6e07df000 WatcherThread [stack: 0x0000005b32e00000,0x0000005b32f00000] [id=10540]
  0x000001d6c0c4d800 GCTaskThread "GC Thread#0" [stack: 0x0000005b31c00000,0x0000005b31d00000] [id=1056]
  0x000001d6e1a1d000 GCTaskThread "GC Thread#1" [stack: 0x0000005b33000000,0x0000005b33100000] [id=1196]
  0x000001d6e11de800 GCTaskThread "GC Thread#2" [stack: 0x0000005b33100000,0x0000005b33200000] [id=6744]
  0x000001d6e230a800 GCTaskThread "GC Thread#3" [stack: 0x0000005b33e00000,0x0000005b33f00000] [id=6644]
  0x000001d6e0d65800 GCTaskThread "GC Thread#4" [stack: 0x0000005b33f00000,0x0000005b34000000] [id=11692]
  0x000001d6e2b64000 GCTaskThread "GC Thread#5" [stack: 0x0000005b34000000,0x0000005b34100000] [id=6068]
  0x000001d6e2b65000 GCTaskThread "GC Thread#6" [stack: 0x0000005b34100000,0x0000005b34200000] [id=5228]
  0x000001d6e45b0800 GCTaskThread "GC Thread#7" [stack: 0x0000005b34200000,0x0000005b34300000] [id=5512]
  0x000001d6c0c60800 ConcurrentGCThread "G1 Main Marker" [stack: 0x0000005b31d00000,0x0000005b31e00000] [id=7200]
  0x000001d6c0c61800 ConcurrentGCThread "G1 Conc#0" [stack: 0x0000005b31e00000,0x0000005b31f00000] [id=6340]
  0x000001d6e2ac1800 ConcurrentGCThread "G1 Conc#1" [stack: 0x0000005b32f00000,0x0000005b33000000] [id=5724]
  0x000001d6c0cee800 ConcurrentGCThread "G1 Refine#0" [stack: 0x0000005b31f00000,0x0000005b32000000] [id=11836]
  0x000001d6dfae7800 ConcurrentGCThread "G1 Young RemSet Sampling" [stack: 0x0000005b32000000,0x0000005b32100000] [id=3276]

Threads with active compile tasks:

VM state:at safepoint (normal execution)

VM Mutex/Monitor currently owned by a thread:  ([mutex/lock_event])
[0x000001d6c0c03cc0] Threads_lock - owner thread: 0x000001d6dfc6f000
[0x000001d6c0c02ac0] Heap_lock - owner thread: 0x000001d6e06d9800

Heap address: 0x0000000081600000, size: 2026 MB, Compressed Oops mode: 32-bit
Narrow klass base: 0x0000000800000000, Narrow klass shift: 3
Compressed class space size: 1073741824 Address: 0x0000000800b30000

Heap:
 garbage-first heap   total 125952K, used 42776K [0x0000000081600000, 0x0000000100000000)
  region size 1024K, 1 young (1024K), 1 survivors (1024K)
 Metaspace       used 28830K, capacity 29658K, committed 29948K, reserved 1075200K
  class space    used 3173K, capacity 3501K, committed 3580K, reserved 1048576K
Heap Regions: E=young(eden), S=young(survivor), O=old, HS=humongous(starts), HC=humongous(continues), CS=collection set, F=free, OA=open archive, CA=closed archive, TAMS=top-at-mark-start (previous, next)
|   0|0x0000000081600000, 0x0000000081700000, 0x0000000081700000|100%| O|  |TAMS 0x0000000081700000, 0x0000000081600000| Untracked 
|   1|0x0000000081700000, 0x0000000081800000, 0x0000000081800000|100%| O|  |TAMS 0x0000000081800000, 0x0000000081700000| Untracked 
|   2|0x0000000081800000, 0x0000000081900000, 0x0000000081900000|100%| O|  |TAMS 0x0000000081900000, 0x0000000081800000| Untracked 
|   3|0x0000000081900000, 0x0000000081a00000, 0x0000000081a00000|100%| O|  |TAMS 0x0000000081a00000, 0x0000000081900000| Untracked 
|   4|0x0000000081a00000, 0x0000000081b00000, 0x0000000081b00000|100%| O|  |TAMS 0x0000000081b00000, 0x0000000081a00000| Untracked 
|   5|0x0000000081b00000, 0x0000000081c00000, 0x0000000081c00000|100%| O|  |TAMS 0x0000000081c00000, 0x0000000081b00000| Untracked 
|   6|0x0000000081c00000, 0x0000000081d00000, 0x0000000081d00000|100%| O|  |TAMS 0x0000000081d00000, 0x0000000081c00000| Untracked 
|   7|0x0000000081d00000, 0x0000000081e00000, 0x0000000081e00000|100%| O|  |TAMS 0x0000000081e00000, 0x0000000081d00000| Untracked 
|   8|0x0000000081e00000, 0x0000000081f00000, 0x0000000081f00000|100%| O|  |TAMS 0x0000000081f00000, 0x0000000081e00000| Untracked 
|   9|0x0000000081f00000, 0x0000000082000000, 0x0000000082000000|100%| O|  |TAMS 0x0000000082000000, 0x0000000081f00000| Untracked 
|  10|0x0000000082000000, 0x0000000082100000, 0x0000000082100000|100%| O|  |TAMS 0x0000000082000000, 0x0000000082000000| Untracked 
|  11|0x0000000082100000, 0x0000000082200000, 0x0000000082200000|100%| O|  |TAMS 0x0000000082200000, 0x0000000082100000| Untracked 
|  12|0x0000000082200000, 0x0000000082300000, 0x0000000082300000|100%|HS|  |TAMS 0x0000000082200000, 0x0000000082200000| Complete 
|  13|0x0000000082300000, 0x0000000082400000, 0x0000000082400000|100%| O|  |TAMS 0x0000000082400000, 0x0000000082300000| Untracked 
|  14|0x0000000082400000, 0x0000000082500000, 0x0000000082500000|100%|HS|  |TAMS 0x0000000082400000, 0x0000000082400000| Complete 
|  15|0x0000000082500000, 0x0000000082600000, 0x0000000082600000|100%| O|  |TAMS 0x0000000082500000, 0x0000000082500000| Untracked 
|  16|0x0000000082600000, 0x0000000082700000, 0x0000000082700000|100%| O|  |TAMS 0x0000000082600000, 0x0000000082600000| Untracked 
|  17|0x0000000082700000, 0x00000000827fc800, 0x0000000082800000| 98%| O|  |TAMS 0x0000000082700000, 0x0000000082700000| Untracked 
|  18|0x0000000082800000, 0x0000000082800000, 0x0000000082900000|  0%| F|  |TAMS 0x0000000082800000, 0x0000000082800000| Untracked 
|  19|0x0000000082900000, 0x0000000082a00000, 0x0000000082a00000|100%| O|  |TAMS 0x0000000082900000, 0x0000000082900000| Untracked 
|  20|0x0000000082a00000, 0x0000000082b00000, 0x0000000082b00000|100%| O|  |TAMS 0x0000000082b00000, 0x0000000082a00000| Untracked 
|  21|0x0000000082b00000, 0x0000000082c00000, 0x0000000082c00000|100%| O|  |TAMS 0x0000000082c00000, 0x0000000082b00000| Untracked 
|  22|0x0000000082c00000, 0x0000000082d00000, 0x0000000082d00000|100%| O|  |TAMS 0x0000000082c00000, 0x0000000082c00000| Untracked 
|  23|0x0000000082d00000, 0x0000000082e00000, 0x0000000082e00000|100%| O|  |TAMS 0x0000000082d00000, 0x0000000082d00000| Untracked 
|  24|0x0000000082e00000, 0x0000000082e00000, 0x0000000082f00000|  0%| F|  |TAMS 0x0000000082e00000, 0x0000000082e00000| Untracked 
|  25|0x0000000082f00000, 0x0000000083000000, 0x0000000083000000|100%| O|  |TAMS 0x0000000082f00000, 0x0000000082f00000| Untracked 
|  26|0x0000000083000000, 0x0000000083100000, 0x0000000083100000|100%| O|  |TAMS 0x0000000083000000, 0x0000000083000000| Untracked 
|  27|0x0000000083100000, 0x0000000083100000, 0x0000000083200000|  0%| F|  |TAMS 0x0000000083100000, 0x0000000083100000| Untracked 
|  28|0x0000000083200000, 0x0000000083300000, 0x0000000083300000|100%| O|  |TAMS 0x0000000083200000, 0x0000000083200000| Untracked 
|  29|0x0000000083300000, 0x0000000083400000, 0x0000000083400000|100%| O|  |TAMS 0x0000000083400000, 0x0000000083300000| Untracked 
|  30|0x0000000083400000, 0x0000000083500000, 0x0000000083500000|100%| O|  |TAMS 0x0000000083500000, 0x0000000083400000| Untracked 
|  31|0x0000000083500000, 0x0000000083600000, 0x0000000083600000|100%| O|  |TAMS 0x0000000083600000, 0x0000000083500000| Untracked 
|  32|0x0000000083600000, 0x0000000083700000, 0x0000000083700000|100%| O|  |TAMS 0x0000000083700000, 0x0000000083600000| Untracked 
|  33|0x0000000083700000, 0x0000000083800000, 0x0000000083800000|100%| O|  |TAMS 0x0000000083800000, 0x0000000083700000| Untracked 
|  34|0x0000000083800000, 0x0000000083900000, 0x0000000083900000|100%| O|  |TAMS 0x0000000083900000, 0x0000000083800000| Untracked 
|  35|0x0000000083900000, 0x0000000083a00000, 0x0000000083a00000|100%| O|  |TAMS 0x0000000083a00000, 0x0000000083900000| Untracked 
|  36|0x0000000083a00000, 0x0000000083b00000, 0x0000000083b00000|100%| O|  |TAMS 0x0000000083aec200, 0x0000000083a00000| Untracked 
|  37|0x0000000083b00000, 0x0000000083c00000, 0x0000000083c00000|100%| O|  |TAMS 0x0000000083b00000, 0x0000000083b00000| Untracked 
|  38|0x0000000083c00000, 0x0000000083d00000, 0x0000000083d00000|100%| O|  |TAMS 0x0000000083c00000, 0x0000000083c00000| Untracked 
|  39|0x0000000083d00000, 0x0000000083e00000, 0x0000000083e00000|100%| O|  |TAMS 0x0000000083d00000, 0x0000000083d00000| Untracked 
|  40|0x0000000083e00000, 0x0000000083f00000, 0x0000000083f00000|100%| O|  |TAMS 0x0000000083e00000, 0x0000000083e00000| Untracked 
|  41|0x0000000083f00000, 0x0000000084000000, 0x0000000084000000|100%| O|  |TAMS 0x0000000083f00000, 0x0000000083f00000| Untracked 
|  42|0x0000000084000000, 0x0000000084100000, 0x0000000084100000|100%| O|  |TAMS 0x0000000084000000, 0x0000000084000000| Untracked 
|  43|0x0000000084100000, 0x0000000084100000, 0x0000000084200000|  0%| F|  |TAMS 0x0000000084100000, 0x0000000084100000| Untracked 
|  44|0x0000000084200000, 0x0000000084200000, 0x0000000084300000|  0%| F|  |TAMS 0x0000000084200000, 0x0000000084200000| Untracked 
|  45|0x0000000084300000, 0x0000000084300000, 0x0000000084400000|  0%| F|  |TAMS 0x0000000084300000, 0x0000000084300000| Untracked 
|  46|0x0000000084400000, 0x0000000084400000, 0x0000000084500000|  0%| F|  |TAMS 0x0000000084400000, 0x0000000084400000| Untracked 
|  47|0x0000000084500000, 0x0000000084500000, 0x0000000084600000|  0%| F|  |TAMS 0x0000000084500000, 0x0000000084500000| Untracked 
|  48|0x0000000084600000, 0x0000000084600000, 0x0000000084700000|  0%| F|  |TAMS 0x0000000084600000, 0x0000000084600000| Untracked 
|  49|0x0000000084700000, 0x0000000084700000, 0x0000000084800000|  0%| F|  |TAMS 0x0000000084700000, 0x0000000084700000| Untracked 
|  50|0x0000000084800000, 0x0000000084800000, 0x0000000084900000|  0%| F|  |TAMS 0x0000000084800000, 0x0000000084800000| Untracked 
|  51|0x0000000084900000, 0x0000000084900000, 0x0000000084a00000|  0%| F|  |TAMS 0x0000000084900000, 0x0000000084900000| Untracked 
|  52|0x0000000084a00000, 0x0000000084a00000, 0x0000000084b00000|  0%| F|  |TAMS 0x0000000084a00000, 0x0000000084a00000| Untracked 
|  53|0x0000000084b00000, 0x0000000084b00000, 0x0000000084c00000|  0%| F|  |TAMS 0x0000000084b00000, 0x0000000084b00000| Untracked 
|  54|0x0000000084c00000, 0x0000000084c00000, 0x0000000084d00000|  0%| F|  |TAMS 0x0000000084c00000, 0x0000000084c00000| Untracked 
|  55|0x0000000084d00000, 0x0000000084d00000, 0x0000000084e00000|  0%| F|  |TAMS 0x0000000084d00000, 0x0000000084d00000| Untracked 
|  56|0x0000000084e00000, 0x0000000084e00000, 0x0000000084f00000|  0%| F|  |TAMS 0x0000000084e00000, 0x0000000084e00000| Untracked 
|  57|0x0000000084f00000, 0x0000000084f00000, 0x0000000085000000|  0%| F|  |TAMS 0x0000000084f00000, 0x0000000084f00000| Untracked 
|  58|0x0000000085000000, 0x0000000085000000, 0x0000000085100000|  0%| F|  |TAMS 0x0000000085000000, 0x0000000085000000| Untracked 
|  59|0x0000000085100000, 0x0000000085100000, 0x0000000085200000|  0%| F|  |TAMS 0x0000000085100000, 0x0000000085100000| Untracked 
|  60|0x0000000085200000, 0x00000000852c98c0, 0x0000000085300000| 78%| S|CS|TAMS 0x0000000085200000, 0x0000000085200000| Complete 
|  61|0x0000000085300000, 0x0000000085300000, 0x0000000085400000|  0%| F|  |TAMS 0x0000000085300000, 0x0000000085300000| Untracked 
|  62|0x0000000085400000, 0x0000000085400000, 0x0000000085500000|  0%| F|  |TAMS 0x0000000085400000, 0x0000000085400000| Untracked 
|  63|0x0000000085500000, 0x0000000085500000, 0x0000000085600000|  0%| F|  |TAMS 0x0000000085500000, 0x0000000085500000| Untracked 
|  64|0x0000000085600000, 0x0000000085600000, 0x0000000085700000|  0%| F|  |TAMS 0x0000000085600000, 0x0000000085600000| Untracked 
|  65|0x0000000085700000, 0x0000000085700000, 0x0000000085800000|  0%| F|  |TAMS 0x0000000085700000, 0x0000000085700000| Untracked 
|  66|0x0000000085800000, 0x0000000085800000, 0x0000000085900000|  0%| F|  |TAMS 0x0000000085800000, 0x0000000085800000| Untracked 
|  67|0x0000000085900000, 0x0000000085900000, 0x0000000085a00000|  0%| F|  |TAMS 0x0000000085900000, 0x0000000085900000| Untracked 
|  68|0x0000000085a00000, 0x0000000085a00000, 0x0000000085b00000|  0%| F|  |TAMS 0x0000000085a00000, 0x0000000085a00000| Untracked 
|  69|0x0000000085b00000, 0x0000000085b00000, 0x0000000085c00000|  0%| F|  |TAMS 0x0000000085b00000, 0x0000000085b00000| Untracked 
|  70|0x0000000085c00000, 0x0000000085c00000, 0x0000000085d00000|  0%| F|  |TAMS 0x0000000085c00000, 0x0000000085c00000| Untracked 
|  71|0x0000000085d00000, 0x0000000085d00000, 0x0000000085e00000|  0%| F|  |TAMS 0x0000000085d00000, 0x0000000085d00000| Untracked 
|  72|0x0000000085e00000, 0x0000000085e00000, 0x0000000085f00000|  0%| F|  |TAMS 0x0000000085e00000, 0x0000000085e00000| Untracked 
|  73|0x0000000085f00000, 0x0000000085f00000, 0x0000000086000000|  0%| F|  |TAMS 0x0000000085f00000, 0x0000000085f00000| Untracked 
|  74|0x0000000086000000, 0x0000000086000000, 0x0000000086100000|  0%| F|  |TAMS 0x0000000086000000, 0x0000000086000000| Untracked 
|  75|0x0000000086100000, 0x0000000086100000, 0x0000000086200000|  0%| F|  |TAMS 0x0000000086100000, 0x0000000086100000| Untracked 
|  76|0x0000000086200000, 0x0000000086200000, 0x0000000086300000|  0%| F|  |TAMS 0x0000000086200000, 0x0000000086200000| Untracked 
|  77|0x0000000086300000, 0x0000000086300000, 0x0000000086400000|  0%| F|  |TAMS 0x0000000086300000, 0x0000000086300000| Untracked 
|  78|0x0000000086400000, 0x0000000086400000, 0x0000000086500000|  0%| F|  |TAMS 0x0000000086400000, 0x0000000086400000| Untracked 
|  79|0x0000000086500000, 0x0000000086500000, 0x0000000086600000|  0%| F|  |TAMS 0x0000000086500000, 0x0000000086500000| Untracked 
|  80|0x0000000086600000, 0x0000000086600000, 0x0000000086700000|  0%| F|  |TAMS 0x0000000086600000, 0x0000000086600000| Untracked 
|  81|0x0000000086700000, 0x0000000086700000, 0x0000000086800000|  0%| F|  |TAMS 0x0000000086700000, 0x0000000086700000| Untracked 
|  82|0x0000000086800000, 0x0000000086800000, 0x0000000086900000|  0%| F|  |TAMS 0x0000000086800000, 0x0000000086800000| Untracked 
|  83|0x0000000086900000, 0x0000000086900000, 0x0000000086a00000|  0%| F|  |TAMS 0x0000000086900000, 0x0000000086900000| Untracked 
| 127|0x0000000089500000, 0x0000000089500000, 0x0000000089600000|  0%| F|  |TAMS 0x0000000089500000, 0x0000000089500000| Untracked 
|2021|0x00000000ffb00000, 0x00000000ffb00000, 0x00000000ffc00000|  0%| F|  |TAMS 0x00000000ffb00000, 0x00000000ffb00000| Untracked 
|2022|0x00000000ffc00000, 0x00000000ffc00000, 0x00000000ffd00000|  0%| F|  |TAMS 0x00000000ffc00000, 0x00000000ffc00000| Untracked 
|2023|0x00000000ffd00000, 0x00000000ffe00000, 0x00000000ffe00000|100%| O|  |TAMS 0x00000000ffe00000, 0x00000000ffd00000| Untracked 
|2024|0x00000000ffe00000, 0x00000000ffe00000, 0x00000000fff00000|  0%| F|  |TAMS 0x00000000ffe00000, 0x00000000ffe00000| Untracked 
|2025|0x00000000fff00000, 0x00000000fff00000, 0x0000000100000000|  0%| F|  |TAMS 0x00000000fff00000, 0x00000000fff00000| Untracked 

Card table byte_map: [0x000001d6d8af0000,0x000001d6d8ef0000] _byte_map_base: 0x000001d6d86e5000

Marking Bits (Prev, Next): (CMBitMap*) 0x000001d6c0c4e598, (CMBitMap*) 0x000001d6c0c4e558
 Prev Bits: [0x000001d6db2a0000, 0x000001d6dd248000)
 Next Bits: [0x000001d6d92f0000, 0x000001d6db298000)

Polling page: 0x000001d6c03f0000

Metaspace:

Usage:
  Non-class:     25.54 MB capacity,    25.06 MB ( 98%) used,   436.51 KB (  2%) free+waste,    63.19 KB ( <1%) overhead. 
      Class:      3.42 MB capacity,     3.10 MB ( 91%) used,   299.51 KB (  9%) free+waste,    28.31 KB ( <1%) overhead. 
       Both:     28.96 MB capacity,    28.15 MB ( 97%) used,   736.02 KB (  2%) free+waste,    91.50 KB ( <1%) overhead. 

Virtual space:
  Non-class space:       26.00 MB reserved,      25.75 MB (>99%) committed 
      Class space:        1.00 GB reserved,       3.50 MB ( <1%) committed 
             Both:        1.03 GB reserved,      29.25 MB (  3%) committed 

Chunk freelists:
   Non-Class:  19.00 KB
       Class:  19.00 KB
        Both:  38.00 KB

MaxMetaspaceSize: 17179869184.00 GB
CompressedClassSpaceSize: 1.00 GB

CodeHeap 'non-profiled nmethods': size=120000Kb used=3994Kb max_used=3994Kb free=116005Kb
 bounds [0x000001d6d0e90000, 0x000001d6d1280000, 0x000001d6d83c0000]
CodeHeap 'profiled nmethods': size=120000Kb used=13237Kb max_used=13237Kb free=106762Kb
 bounds [0x000001d6c9960000, 0x000001d6ca650000, 0x000001d6d0e90000]
CodeHeap 'non-nmethods': size=5760Kb used=1259Kb max_used=1308Kb free=4500Kb
 bounds [0x000001d6c93c0000, 0x000001d6c9630000, 0x000001d6c9960000]
 total_blobs=6364 nmethods=5828 adapters=446
 compilation: enabled
              stopped_count=0, restarted_count=0
 full_count=0

Compilation events (20 events):
Event: 16.079 Thread 0x000001d6dfc9d800 nmethod 6500 0x000001d6d1263c90 code [0x000001d6d1263e20, 0x000001d6d1263ef8]
Event: 16.119 Thread 0x000001d6e4dc2000 nmethod 6473 0x000001d6d1263f90 code [0x000001d6d1264320, 0x000001d6d1265560]
Event: 16.119 Thread 0x000001d6e4dc2000 6493       4       sun.nio.cs.UTF_8$Encoder::encodeArrayLoop (489 bytes)
Event: 16.132 Thread 0x000001d6e2b65800 nmethod 6475 0x000001d6d1266010 code [0x000001d6d1266400, 0x000001d6d1267ee8]
Event: 16.132 Thread 0x000001d6e2b65800 6491   !   4       sun.nio.cs.StreamEncoder::write (78 bytes)
Event: 16.140 Thread 0x000001d6e4dc2000 nmethod 6493 0x000001d6d1268e10 code [0x000001d6d1269180, 0x000001d6d1269f90]
Event: 16.140 Thread 0x000001d6e4dc2000 6489       4       sun.nio.cs.StreamEncoder::ensureOpen (18 bytes)
Event: 16.141 Thread 0x000001d6e4dc2000 nmethod 6489 0x000001d6d126a890 code [0x000001d6d126aa20, 0x000001d6d126aab8]
Event: 16.141 Thread 0x000001d6e4dc2000 6484   !   4       java.io.PrintWriter::write (49 bytes)
Event: 16.152 Thread 0x000001d6e2b65800 nmethod 6491 0x000001d6d126ab90 code [0x000001d6d126aec0, 0x000001d6d126bd08]
Event: 16.152 Thread 0x000001d6e2b65800 6496       4       java.io.PrintWriter::ensureOpen (18 bytes)
Event: 16.152 Thread 0x000001d6e2b65800 nmethod 6496 0x000001d6d126c710 code [0x000001d6d126c8a0, 0x000001d6d126c938]
Event: 16.153 Thread 0x000001d6e2b65800 6487       4       java.io.OutputStreamWriter::write (9 bytes)
Event: 16.154 Thread 0x000001d6e2b65800 nmethod 6487 0x000001d6d126ca10 code [0x000001d6d126cba0, 0x000001d6d126cd08]
Event: 16.154 Thread 0x000001d6e2b65800 6488       4       java.io.PrintWriter::append (6 bytes)
Event: 16.159 Thread 0x000001d6e2b65800 nmethod 6488 0x000001d6d126ce10 code [0x000001d6d126cfe0, 0x000001d6d126d528]
Event: 16.159 Thread 0x000001d6e2b65800 6482       4       org.apache.maven.plugin.surefire.report.StatelessXmlReporter::isIllegalEscape (5 bytes)
Event: 16.160 Thread 0x000001d6e2b65800 nmethod 6482 0x000001d6d126d810 code [0x000001d6d126d9a0, 0x000001d6d126da38]
Event: 16.170 Thread 0x000001d6e4dc2000 nmethod 6484 0x000001d6d126db10 code [0x000001d6d126de20, 0x000001d6d126f048]
Event: 16.203 Thread 0x000001d6dfc97000 nmethod 6472 0x000001d6d126fb10 code [0x000001d6d12702e0, 0x000001d6d1274618]

GC Heap History (20 events):
Event: 11.276 GC heap after
{Heap after GC invocations=10 (full 0):
 garbage-first heap   total 76800K, used 32694K [0x0000000081600000, 0x0000000100000000)
  region size 1024K, 4 young (4096K), 4 survivors (4096K)
 Metaspace       used 26530K, capacity 27269K, committed 27388K, reserved 1073152K
  class space    used 2982K, capacity 3263K, committed 3324K, reserved 1048576K
}
Event: 11.456 GC heap before
{Heap before GC invocations=10 (full 0):
 garbage-first heap   total 76800K, used 57270K [0x0000000081600000, 0x0000000100000000)
  region size 1024K, 28 young (28672K), 4 survivors (4096K)
 Metaspace       used 26561K, capacity 27270K, committed 27388K, reserved 1073152K
  class space    used 2982K, capacity 3263K, committed 3324K, reserved 1048576K
}
Event: 11.469 GC heap after
{Heap after GC invocations=11 (full 0):
 garbage-first heap   total 76800K, used 34684K [0x0000000081600000, 0x0000000100000000)
  region size 1024K, 1 young (1024K), 1 survivors (1024K)
 Metaspace       used 26561K, capacity 27270K, committed 27388K, reserved 1073152K
  class space    used 2982K, capacity 3263K, committed 3324K, reserved 1048576K
}
Event: 11.474 GC heap before
{Heap before GC invocations=11 (full 0):
 garbage-first heap   total 76800K, used 58236K [0x0000000081600000, 0x0000000100000000)
  region size 1024K, 25 young (25600K), 1 survivors (1024K)
 Metaspace       used 26561K, capacity 27270K, committed 27388K, reserved 1073152K
  class space    used 2982K, capacity 3263K, committed 3324K, reserved 1048576K
}
Event: 11.475 GC heap after
{Heap after GC invocations=12 (full 0):
 garbage-first heap   total 76800K, used 34529K [0x0000000081600000, 0x0000000100000000)
  region size 1024K, 1 young (1024K), 1 survivors (1024K)
 Metaspace       used 26561K, capacity 27270K, committed 27388K, reserved 1073152K
  class space    used 2982K, capacity 3263K, committed 3324K, reserved 1048576K
}
Event: 11.695 GC heap before
{Heap before GC invocations=13 (full 0):
 garbage-first heap   total 76800K, used 59105K [0x0000000081600000, 0x0000000100000000)
  region size 1024K, 26 young (26624K), 1 survivors (1024K)
 Metaspace       used 26599K, capacity 27340K, committed 27644K, reserved 1073152K
  class space    used 2983K, capacity 3265K, committed 3324K, reserved 1048576K
}
Event: 11.699 GC heap after
{Heap after GC invocations=14 (full 0):
 garbage-first heap   total 76800K, used 39672K [0x0000000081600000, 0x0000000100000000)
  region size 1024K, 4 young (4096K), 4 survivors (4096K)
 Metaspace       used 26599K, capacity 27340K, committed 27644K, reserved 1073152K
  class space    used 2983K, capacity 3265K, committed 3324K, reserved 1048576K
}
Event: 11.757 GC heap before
{Heap before GC invocations=14 (full 0):
 garbage-first heap   total 76800K, used 42744K [0x0000000081600000, 0x0000000100000000)
  region size 1024K, 7 young (7168K), 4 survivors (4096K)
 Metaspace       used 26603K, capacity 27340K, committed 27644K, reserved 1073152K
  class space    used 2983K, capacity 3265K, committed 3324K, reserved 1048576K
}
Event: 11.770 GC heap after
{Heap after GC invocations=15 (full 0):
 garbage-first heap   total 76800K, used 35586K [0x0000000081600000, 0x0000000100000000)
  region size 1024K, 1 young (1024K), 1 survivors (1024K)
 Metaspace       used 26603K, capacity 27340K, committed 27644K, reserved 1073152K
  class space    used 2983K, capacity 3265K, committed 3324K, reserved 1048576K
}
Event: 12.025 GC heap before
{Heap before GC invocations=15 (full 0):
 garbage-first heap   total 76800K, used 57090K [0x0000000081600000, 0x0000000100000000)
  region size 1024K, 23 young (23552K), 1 survivors (1024K)
 Metaspace       used 26614K, capacity 27340K, committed 27644K, reserved 1073152K
  class space    used 2983K, capacity 3265K, committed 3324K, reserved 1048576K
}
Event: 12.034 GC heap after
{Heap after GC invocations=16 (full 0):
 garbage-first heap   total 76800K, used 39915K [0x0000000081600000, 0x0000000100000000)
  region size 1024K, 3 young (3072K), 3 survivors (3072K)
 Metaspace       used 26614K, capacity 27340K, committed 27644K, reserved 1073152K
  class space    used 2983K, capacity 3265K, committed 3324K, reserved 1048576K
}
Event: 12.245 GC heap before
{Heap before GC invocations=17 (full 0):
 garbage-first heap   total 76800K, used 57323K [0x0000000081600000, 0x0000000100000000)
  region size 1024K, 21 young (21504K), 3 survivors (3072K)
 Metaspace       used 26622K, capacity 27340K, committed 27644K, reserved 1073152K
  class space    used 2983K, capacity 3265K, committed 3324K, reserved 1048576K
}
Event: 12.255 GC heap after
{Heap after GC invocations=18 (full 0):
 garbage-first heap   total 92160K, used 44375K [0x0000000081600000, 0x0000000100000000)
  region size 1024K, 3 young (3072K), 3 survivors (3072K)
 Metaspace       used 26622K, capacity 27340K, committed 27644K, reserved 1073152K
  class space    used 2983K, capacity 3265K, committed 3324K, reserved 1048576K
}
Event: 12.256 GC heap before
{Heap before GC invocations=18 (full 0):
 garbage-first heap   total 92160K, used 45399K [0x0000000081600000, 0x0000000100000000)
  region size 1024K, 5 young (5120K), 3 survivors (3072K)
 Metaspace       used 26622K, capacity 27340K, committed 27644K, reserved 1073152K
  class space    used 2983K, capacity 3265K, committed 3324K, reserved 1048576K
}
Event: 12.267 GC heap after
{Heap after GC invocations=19 (full 0):
 garbage-first heap   total 92160K, used 38528K [0x0000000081600000, 0x0000000100000000)
  region size 1024K, 1 young (1024K), 1 survivors (1024K)
 Metaspace       used 26622K, capacity 27340K, committed 27644K, reserved 1073152K
  class space    used 2983K, capacity 3265K, committed 3324K, reserved 1048576K
}
Event: 12.282 GC heap before
{Heap before GC invocations=19 (full 0):
 garbage-first heap   total 92160K, used 65152K [0x0000000081600000, 0x0000000100000000)
  region size 1024K, 28 young (28672K), 1 survivors (1024K)
 Metaspace       used 26622K, capacity 27340K, committed 27644K, reserved 1073152K
  class space    used 2983K, capacity 3265K, committed 3324K, reserved 1048576K
}
Event: 12.288 GC heap after
{Heap after GC invocations=20 (full 0):
 garbage-first heap   total 92160K, used 38628K [0x0000000081600000, 0x0000000100000000)
  region size 1024K, 1 young (1024K), 1 survivors (1024K)
 Metaspace       used 26622K, capacity 27340K, committed 27644K, reserved 1073152K
  class space    used 2983K, capacity 3265K, committed 3324K, reserved 1048576K
}
Event: 13.577 GC heap before
{Heap before GC invocations=20 (full 0):
 garbage-first heap   total 92160K, used 70372K [0x0000000081600000, 0x0000000100000000)
  region size 1024K, 31 young (31744K), 1 survivors (1024K)
 Metaspace       used 27313K, capacity 28134K, committed 28284K, reserved 1075200K
  class space    used 3031K, capacity 3333K, committed 3452K, reserved 1048576K
}
Event: 13.589 GC heap after
{Heap after GC invocations=21 (full 0):
 garbage-first heap   total 92160K, used 41968K [0x0000000081600000, 0x0000000100000000)
  region size 1024K, 4 young (4096K), 4 survivors (4096K)
 Metaspace       used 27313K, capacity 28134K, committed 28284K, reserved 1075200K
  class space    used 3031K, capacity 3333K, committed 3452K, reserved 1048576K
}
Event: 16.523 GC heap before
{Heap before GC invocations=21 (full 0):
 garbage-first heap   total 92160K, used 70640K [0x0000000081600000, 0x0000000100000000)
  region size 1024K, 32 young (32768K), 4 survivors (4096K)
 Metaspace       used 28830K, capacity 29658K, committed 29948K, reserved 1075200K
  class space    used 3173K, capacity 3501K, committed 3580K, reserved 1048576K
}

Deoptimization events (20 events):
Event: 16.059 Thread 0x000001d6e4e82000 Uncommon trap: trap_request=0xffffffc6 fr.pc=0x000001d6d125b044 relative=0x0000000000000704
Event: 16.059 Thread 0x000001d6e4e82000 Uncommon trap: reason=bimorphic_or_optimized_type_check action=maybe_recompile pc=0x000001d6d125b044 method=java.util.Collections$UnmodifiableMap$UnmodifiableEntrySet$1.next()Ljava/util/Map$Entry; @ 8 c2
Event: 16.059 Thread 0x000001d6e4e82000 DEOPT PACKING pc=0x000001d6d125b044 sp=0x0000005b339ff110
Event: 16.059 Thread 0x000001d6e4e82000 DEOPT UNPACKING pc=0x000001d6c940912f sp=0x0000005b339ff080 mode 2
Event: 16.062 Thread 0x000001d6e4e82000 Uncommon trap: trap_request=0xffffff45 fr.pc=0x000001d6d0fcca44 relative=0x00000000000003a4
Event: 16.062 Thread 0x000001d6e4e82000 Uncommon trap: reason=unstable_if action=reinterpret pc=0x000001d6d0fcca44 method=sun.nio.cs.UTF_8$Encoder.encodeArrayLoop(Ljava/nio/CharBuffer;Ljava/nio/ByteBuffer;)Ljava/nio/charset/CoderResult; @ 113 c2
Event: 16.062 Thread 0x000001d6e4e82000 DEOPT PACKING pc=0x000001d6d0fcca44 sp=0x0000005b339fee50
Event: 16.062 Thread 0x000001d6e4e82000 DEOPT UNPACKING pc=0x000001d6c940912f sp=0x0000005b339fedb8 mode 2
Event: 16.062 Thread 0x000001d6e4e82000 Uncommon trap: trap_request=0xffffff45 fr.pc=0x000001d6d1229edc relative=0x000000000000041c
Event: 16.062 Thread 0x000001d6e4e82000 Uncommon trap: reason=unstable_if action=reinterpret pc=0x000001d6d1229edc method=java.nio.charset.CharsetEncoder.encode(Ljava/nio/CharBuffer;Ljava/nio/ByteBuffer;Z)Ljava/nio/charset/CoderResult; @ 94 c2
Event: 16.062 Thread 0x000001d6e4e82000 DEOPT PACKING pc=0x000001d6d1229edc sp=0x0000005b339feeb0
Event: 16.062 Thread 0x000001d6e4e82000 DEOPT UNPACKING pc=0x000001d6c940912f sp=0x0000005b339fed00 mode 2
Event: 16.069 Thread 0x000001d6e4e82000 Uncommon trap: trap_request=0xffffff45 fr.pc=0x000001d6d122d88c relative=0x000000000000018c
Event: 16.069 Thread 0x000001d6e4e82000 Uncommon trap: reason=unstable_if action=reinterpret pc=0x000001d6d122d88c method=java.nio.charset.CharsetEncoder.encode(Ljava/nio/CharBuffer;Ljava/nio/ByteBuffer;Z)Ljava/nio/charset/CoderResult; @ 94 c2
Event: 16.069 Thread 0x000001d6e4e82000 DEOPT PACKING pc=0x000001d6d122d88c sp=0x0000005b339fed80
Event: 16.069 Thread 0x000001d6e4e82000 DEOPT UNPACKING pc=0x000001d6c940912f sp=0x0000005b339feca8 mode 2
Event: 16.073 Thread 0x000001d6e4e82000 Uncommon trap: trap_request=0xffffff45 fr.pc=0x000001d6d0fd0228 relative=0x0000000000000348
Event: 16.073 Thread 0x000001d6e4e82000 Uncommon trap: reason=unstable_if action=reinterpret pc=0x000001d6d0fd0228 method=java.io.BufferedOutputStream.write([BII)V @ 35 c2
Event: 16.073 Thread 0x000001d6e4e82000 DEOPT PACKING pc=0x000001d6d0fd0228 sp=0x0000005b339fec60
Event: 16.073 Thread 0x000001d6e4e82000 DEOPT UNPACKING pc=0x000001d6c940912f sp=0x0000005b339fec28 mode 2

Classes unloaded (0 events):
No events

Classes redefined (0 events):
No events

Internal exceptions (20 events):
Event: 12.513 Thread 0x000001d6c0c08800 Exception <a 'sun/nio/fs/WindowsException'{0x0000000086243eb8}> (0x0000000086243eb8) 
thrown [./open/src/hotspot/share/prims/jni.cpp, line 599]
Event: 12.513 Thread 0x000001d6c0c08800 Exception <a 'sun/nio/fs/WindowsException'{0x0000000086244f30}> (0x0000000086244f30) 
thrown [./open/src/hotspot/share/prims/jni.cpp, line 599]
Event: 12.514 Thread 0x000001d6c0c08800 Exception <a 'sun/nio/fs/WindowsException'{0x0000000086245200}> (0x0000000086245200) 
thrown [./open/src/hotspot/share/prims/jni.cpp, line 599]
Event: 12.514 Thread 0x000001d6c0c08800 Exception <a 'sun/nio/fs/WindowsException'{0x0000000086246170}> (0x0000000086246170) 
thrown [./open/src/hotspot/share/prims/jni.cpp, line 599]
Event: 12.514 Thread 0x000001d6c0c08800 Exception <a 'sun/nio/fs/WindowsException'{0x0000000086246510}> (0x0000000086246510) 
thrown [./open/src/hotspot/share/prims/jni.cpp, line 599]
Event: 12.518 Thread 0x000001d6c0c08800 Exception <a 'sun/nio/fs/WindowsException'{0x0000000086292420}> (0x0000000086292420) 
thrown [./open/src/hotspot/share/prims/jni.cpp, line 599]
Event: 12.518 Thread 0x000001d6c0c08800 Exception <a 'sun/nio/fs/WindowsException'{0x0000000086292700}> (0x0000000086292700) 
thrown [./open/src/hotspot/share/prims/jni.cpp, line 599]
Event: 12.519 Thread 0x000001d6c0c08800 Exception <a 'sun/nio/fs/WindowsException'{0x0000000086293590}> (0x0000000086293590) 
thrown [./open/src/hotspot/share/prims/jni.cpp, line 599]
Event: 12.519 Thread 0x000001d6c0c08800 Exception <a 'sun/nio/fs/WindowsException'{0x0000000086293850}> (0x0000000086293850) 
thrown [./open/src/hotspot/share/prims/jni.cpp, line 599]
Event: 12.519 Thread 0x000001d6c0c08800 Exception <a 'sun/nio/fs/WindowsException'{0x0000000086294698}> (0x0000000086294698) 
thrown [./open/src/hotspot/share/prims/jni.cpp, line 599]
Event: 12.519 Thread 0x000001d6c0c08800 Exception <a 'sun/nio/fs/WindowsException'{0x0000000086294908}> (0x0000000086294908) 
thrown [./open/src/hotspot/share/prims/jni.cpp, line 599]
Event: 12.519 Thread 0x000001d6c0c08800 Exception <a 'sun/nio/fs/WindowsException'{0x0000000086295950}> (0x0000000086295950) 
thrown [./open/src/hotspot/share/prims/jni.cpp, line 599]
Event: 12.519 Thread 0x000001d6c0c08800 Exception <a 'sun/nio/fs/WindowsException'{0x0000000086295c10}> (0x0000000086295c10) 
thrown [./open/src/hotspot/share/prims/jni.cpp, line 599]
Event: 12.519 Thread 0x000001d6c0c08800 Exception <a 'sun/nio/fs/WindowsException'{0x0000000086296b60}> (0x0000000086296b60) 
thrown [./open/src/hotspot/share/prims/jni.cpp, line 599]
Event: 12.519 Thread 0x000001d6c0c08800 Exception <a 'sun/nio/fs/WindowsException'{0x0000000086296ee0}> (0x0000000086296ee0) 
thrown [./open/src/hotspot/share/prims/jni.cpp, line 599]
Event: 12.534 Thread 0x000001d6c0c08800 Exception <a 'sun/nio/fs/WindowsException'{0x00000000862c69c0}> (0x00000000862c69c0) 
thrown [./open/src/hotspot/share/prims/jni.cpp, line 599]
Event: 13.599 Thread 0x000001d6e06db000 Exception <a 'java/lang/NoSuchMethodError'{0x00000000fff1bcd8}: 'java.lang.Object java.lang.invoke.DirectMethodHandle$Holder.invokeStaticInit(java.lang.Object, java.lang.Object, long, java.lang.Object)'> (0x00000000fff1bcd8) 
thrown [./open/src/hotspot/share/interpreter/linkResolver.cpp, line 766]
Event: 13.600 Thread 0x000001d6e06db000 Exception <a 'java/lang/NoSuchMethodError'{0x00000000fff216e0}: 'java.lang.Object java.lang.invoke.Invokers$Holder.linkToTargetMethod(java.lang.Object, long, java.lang.Object)'> (0x00000000fff216e0) 
thrown [./open/src/hotspot/share/interpreter/linkResolver.cpp, line 766]
Event: 13.603 Thread 0x000001d6c0c08800 Exception <a 'java/lang/NoSuchMethodError'{0x00000000fffc9600}: 'java.lang.String org.apache.maven.execution.MavenExecutionRequest.getFailureBehavior()'> (0x00000000fffc9600) 
thrown [./open/src/hotspot/share/interpreter/linkResolver.cpp, line 861]
Event: 14.650 Thread 0x000001d6c0c08800 Exception <a 'java/lang/NoSuchMethodError'{0x0000000085772690}: 'void java.lang.invoke.DirectMethodHandle$Holder.invokeStatic(java.lang.Object, long)'> (0x0000000085772690) 
thrown [./open/src/hotspot/share/interpreter/linkResolver.cpp, line 766]

Events (20 events):
Event: 15.542 Executing VM operation: BulkRevokeBias done
Event: 16.012 loading class java/io/SequenceInputStream
Event: 16.012 loading class java/io/SequenceInputStream done
Event: 16.017 Executing VM operation: HandshakeOneThread
Event: 16.017 Executing VM operation: HandshakeOneThread done
Event: 16.019 Executing VM operation: HandshakeOneThread
Event: 16.019 Executing VM operation: HandshakeOneThread done
Event: 16.053 loading class java/text/DecimalFormat$FastPathData
Event: 16.053 loading class java/text/DecimalFormat$FastPathData done
Event: 16.053 loading class java/text/DecimalFormat$DigitArrays
Event: 16.053 loading class java/text/DecimalFormat$DigitArrays done
Event: 16.065 Thread 0x000001d6e4dc2000 Thread added: 0x000001d6e4dc2000
Event: 16.065 Thread 0x000001d6e2b65800 Thread added: 0x000001d6e2b65800
Event: 16.077 loading class java/io/CharArrayWriter
Event: 16.077 loading class java/io/CharArrayWriter done
Event: 16.078 Executing VM operation: HandshakeOneThread
Event: 16.078 Executing VM operation: HandshakeOneThread done
Event: 16.078 Executing VM operation: HandshakeOneThread
Event: 16.078 Executing VM operation: HandshakeOneThread done
Event: 16.523 Executing VM operation: G1CollectForAllocation


Dynamic libraries:
0x00007ff66ba10000 - 0x00007ff66ba1d000 	C:\Users\ty\.jdks\openjdk-14.0.2\bin\java.exe
0x00007fff0a870000 - 0x00007fff0aa65000 	C:\WINDOWS\SYSTEM32\ntdll.dll
0x00007fff0a2b0000 - 0x00007fff0a36d000 	C:\WINDOWS\System32\KERNEL32.DLL
0x00007fff07fb0000 - 0x00007fff08277000 	C:\WINDOWS\System32\KERNELBASE.dll
0x00007fff08420000 - 0x00007fff08520000 	C:\WINDOWS\System32\ucrtbase.dll
0x00007fff03720000 - 0x00007fff03735000 	C:\Users\ty\.jdks\openjdk-14.0.2\bin\VCRUNTIME140.dll
0x00007fff03690000 - 0x00007fff036a8000 	C:\Users\ty\.jdks\openjdk-14.0.2\bin\jli.dll
0x00007fff09f50000 - 0x00007fff0a0f0000 	C:\WINDOWS\System32\USER32.dll
0x00007fff08280000 - 0x00007fff082a2000 	C:\WINDOWS\System32\win32u.dll
0x00007fff08cc0000 - 0x00007fff08cea000 	C:\WINDOWS\System32\GDI32.dll
0x00007ffef0050000 - 0x00007ffef02eb000 	C:\WINDOWS\WinSxS\amd64_microsoft.windows.common-controls_6595b64144ccf1df_6.0.19041.488_none_ca04af081b815d21\COMCTL32.dll
0x00007fff0a0f0000 - 0x00007fff0a18e000 	C:\WINDOWS\System32\msvcrt.dll
0x00007fff08310000 - 0x00007fff08419000 	C:\WINDOWS\System32\gdi32full.dll
0x00007fff086d0000 - 0x00007fff0876d000 	C:\WINDOWS\System32\msvcp_win.dll
0x00007fff09dc0000 - 0x00007fff09df0000 	C:\WINDOWS\System32\IMM32.DLL
0x00007fff035f0000 - 0x00007fff0368b000 	C:\Users\ty\.jdks\openjdk-14.0.2\bin\msvcp140.dll
0x00007ffee8f50000 - 0x00007ffee9a6e000 	C:\Users\ty\.jdks\openjdk-14.0.2\bin\server\jvm.dll
0x00007fff09130000 - 0x00007fff091da000 	C:\WINDOWS\System32\ADVAPI32.dll
0x00007fff09ea0000 - 0x00007fff09f3b000 	C:\WINDOWS\System32\sechost.dll
0x00007fff08a20000 - 0x00007fff08b44000 	C:\WINDOWS\System32\RPCRT4.dll
0x00007fff091e0000 - 0x00007fff091e8000 	C:\WINDOWS\System32\PSAPI.DLL
0x00007ffef30f0000 - 0x00007ffef30f9000 	C:\WINDOWS\SYSTEM32\WSOCK32.dll
0x00007ffee53e0000 - 0x00007ffee5407000 	C:\WINDOWS\SYSTEM32\WINMM.dll
0x00007fff06e40000 - 0x00007fff06e4a000 	C:\WINDOWS\SYSTEM32\VERSION.dll
0x00007fff0a370000 - 0x00007fff0a3db000 	C:\WINDOWS\System32\WS2_32.dll
0x00007fff06e00000 - 0x00007fff06e13000 	C:\WINDOWS\SYSTEM32\kernel.appcore.dll
0x00007fff02fa0000 - 0x00007fff02faa000 	C:\Users\ty\.jdks\openjdk-14.0.2\bin\jimage.dll
0x00007fff05bd0000 - 0x00007fff05db4000 	C:\WINDOWS\SYSTEM32\DBGHELP.DLL
0x00007ffef17a0000 - 0x00007ffef17cc000 	C:\WINDOWS\SYSTEM32\dbgcore.DLL
0x00007fff08550000 - 0x00007fff085cf000 	C:\WINDOWS\System32\bcryptPrimitives.dll
0x00007fff02f90000 - 0x00007fff02f9e000 	C:\Users\ty\.jdks\openjdk-14.0.2\bin\instrument.dll
0x00007fff02f60000 - 0x00007fff02f85000 	C:\Users\ty\.jdks\openjdk-14.0.2\bin\java.dll
0x00007fff02f40000 - 0x00007fff02f56000 	C:\Users\ty\.jdks\openjdk-14.0.2\bin\zip.dll
0x00007fff09200000 - 0x00007fff09941000 	C:\WINDOWS\System32\SHELL32.dll
0x00007fff06660000 - 0x00007fff06df3000 	C:\WINDOWS\SYSTEM32\windows.storage.dll
0x00007fff08cf0000 - 0x00007fff09045000 	C:\WINDOWS\System32\combase.dll
0x00007fff07a20000 - 0x00007fff07a4c000 	C:\WINDOWS\SYSTEM32\Wldp.dll
0x00007fff0a510000 - 0x00007fff0a5be000 	C:\WINDOWS\System32\SHCORE.dll
0x00007fff0a4b0000 - 0x00007fff0a505000 	C:\WINDOWS\System32\shlwapi.dll
0x00007fff07ee0000 - 0x00007fff07f06000 	C:\WINDOWS\SYSTEM32\profapi.dll
0x00007fff02f20000 - 0x00007fff02f39000 	C:\Users\ty\.jdks\openjdk-14.0.2\bin\net.dll
0x00007ffefa610000 - 0x00007ffefa710000 	C:\WINDOWS\SYSTEM32\WINHTTP.dll
0x00007fff077a0000 - 0x00007fff0780a000 	C:\WINDOWS\system32\mswsock.dll
0x00007fff02f00000 - 0x00007fff02f12000 	C:\Users\ty\.jdks\openjdk-14.0.2\bin\nio.dll
0x00007fff02ed0000 - 0x00007fff02eea000 	C:\Program Files\JetBrains\IntelliJ IDEA 2020.2.1.2\bin\breakgen64.dll
0x00007fff026b0000 - 0x00007fff026c0000 	C:\Users\ty\.jdks\openjdk-14.0.2\bin\verify.dll
0x00007fff07970000 - 0x00007fff07988000 	C:\WINDOWS\SYSTEM32\CRYPTSP.dll
0x00007fff070c0000 - 0x00007fff070f4000 	C:\WINDOWS\system32\rsaenh.dll
0x00007fff08520000 - 0x00007fff08547000 	C:\WINDOWS\System32\bcrypt.dll
0x00007fff07e60000 - 0x00007fff07e8e000 	C:\WINDOWS\SYSTEM32\USERENV.dll
0x00007fff07990000 - 0x00007fff0799c000 	C:\WINDOWS\SYSTEM32\CRYPTBASE.dll
0x00007fff07440000 - 0x00007fff0747b000 	C:\WINDOWS\SYSTEM32\IPHLPAPI.DLL
0x00007fff09f40000 - 0x00007fff09f49000 	C:\WINDOWS\System32\NSI.dll
0x00007ffefb660000 - 0x00007ffefb677000 	C:\WINDOWS\SYSTEM32\dhcpcsvc6.DLL
0x00007ffefc1b0000 - 0x00007ffefc1cd000 	C:\WINDOWS\SYSTEM32\dhcpcsvc.DLL
0x00007fff07480000 - 0x00007fff0754b000 	C:\WINDOWS\SYSTEM32\DNSAPI.dll
0x00007fff02170000 - 0x00007fff0217a000 	C:\Users\ty\AppData\Local\Temp\jansi-1.17.1-11755721962236701980.dll
0x00007ffefe390000 - 0x00007ffefe39a000 	C:\Users\ty\AppData\Local\Temp\jansi-1.17.1-8623257086368248330.dll

dbghelp: loaded successfully - version: 4.0.5 - missing functions: none
symbol engine: initialized successfully - sym options: 0x614 - pdb path: .;C:\Users\ty\.jdks\openjdk-14.0.2\bin;C:\WINDOWS\SYSTEM32;C:\WINDOWS\WinSxS\amd64_microsoft.windows.common-controls_6595b64144ccf1df_6.0.19041.488_none_ca04af081b815d21;C:\Users\ty\.jdks\openjdk-14.0.2\bin\server;C:\Program Files\JetBrains\IntelliJ IDEA 2020.2.1.2\bin;C:\Users\ty\AppData\Local\Temp

VM Arguments:
jvm_args: -Dmaven.multiModuleProjectDirectory=C:\Users\ty\rp_07\Backend\SpringBootBackend -Dmaven.home=C:\Users\ty\.m2\wrapper\dists\apache-maven-3.6.3-bin\1iopthnavndlasol9gbrbg6bf2\apache-maven-3.6.3 -Dclassworlds.conf=C:\Users\ty\.m2\wrapper\dists\apache-maven-3.6.3-bin\1iopthnavndlasol9gbrbg6bf2\apache-maven-3.6.3\bin\m2.conf -Dmaven.ext.class.path=C:\Program Files\JetBrains\IntelliJ IDEA 2020.2.1.2\plugins\maven\lib\maven-event-listener.jar -javaagent:C:\Program Files\JetBrains\IntelliJ IDEA 2020.2.1.2\lib\idea_rt.jar=50336:C:\Program Files\JetBrains\IntelliJ IDEA 2020.2.1.2\bin -Dfile.encoding=UTF-8 
java_command: org.codehaus.classworlds.Launcher -Didea.version=2020.2.1 package
java_class_path (initial): C:\Users\ty\.m2\wrapper\dists\apache-maven-3.6.3-bin\1iopthnavndlasol9gbrbg6bf2\apache-maven-3.6.3\boot\plexus-classworlds-2.6.0.jar;C:\Users\ty\.m2\wrapper\dists\apache-maven-3.6.3-bin\1iopthnavndlasol9gbrbg6bf2\apache-maven-3.6.3\boot\plexus-classworlds.license
Launcher Type: SUN_STANDARD

[Global flags]
     intx CICompilerCount                          = 4                                         {product} {ergonomic}
     uint ConcGCThreads                            = 2                                         {product} {ergonomic}
     uint G1ConcRefinementThreads                  = 8                                         {product} {ergonomic}
   size_t G1HeapRegionSize                         = 1048576                                   {product} {ergonomic}
    uintx GCDrainStackTargetSize                   = 64                                        {product} {ergonomic}
   size_t InitialHeapSize                          = 134217728                                 {product} {ergonomic}
   size_t MarkStackSize                            = 4194304                                   {product} {ergonomic}
   size_t MaxHeapSize                              = 2124414976                                {product} {ergonomic}
   size_t MaxNewSize                               = 1274019840                                {product} {ergonomic}
   size_t MinHeapDeltaBytes                        = 1048576                                   {product} {ergonomic}
   size_t MinHeapSize                              = 8388608                                   {product} {ergonomic}
    uintx NonNMethodCodeHeapSize                   = 5839372                                {pd product} {ergonomic}
    uintx NonProfiledCodeHeapSize                  = 122909434                              {pd product} {ergonomic}
    uintx ProfiledCodeHeapSize                     = 122909434                              {pd product} {ergonomic}
    uintx ReservedCodeCacheSize                    = 251658240                              {pd product} {ergonomic}
     bool SegmentedCodeCache                       = true                                      {product} {ergonomic}
   size_t SoftMaxHeapSize                          = 2124414976                             {manageable} {ergonomic}
     bool UseCompressedClassPointers               = true                                 {lp64_product} {ergonomic}
     bool UseCompressedOops                        = true                                 {lp64_product} {ergonomic}
     bool UseG1GC                                  = true                                      {product} {ergonomic}
     bool UseLargePagesIndividualAllocation        = false                                  {pd product} {ergonomic}

Logging:
Log output configuration:
 #0: stdout all=warning uptime,level,tags
 #1: stderr all=off uptime,level,tags

Environment Variables:
JAVA_HOME=C:\Program Files\Java\jdk1.8.0_261
PATH=C:\Program Files (x86)\Common Files\Oracle\Java\javapath;C:\WINDOWS\system32;C:\WINDOWS;C:\WINDOWS\System32\Wbem;C:\WINDOWS\System32\WindowsPowerShell\v1.0\;C:\WINDOWS\System32\OpenSSH\;C:\Program Files\Git\cmd;C:\Program Files\Java\jdk-14.0.2\bin;C:\Users\ty\AppData\Local\Microsoft\WindowsApps;C:\Users\ty\AppData\Local\atom\bin;C:\Users\ty\Documents\coms309\apache-maven-3.6.3\bin
USERNAME=ty
OS=Windows_NT
PROCESSOR_IDENTIFIER=Intel64 Family 6 Model 142 Stepping 10, GenuineIntel



---------------  S Y S T E M  ---------------

OS: Windows 10 , 64 bit Build 19041 (10.0.19041.292)
OS uptime: 0 days 0:25 hours

CPU:total 8 (initial active 8) (4 cores per cpu, 2 threads per core) family 6 model 142 stepping 10, cmov, cx8, fxsr, mmx, sse, sse2, sse3, ssse3, sse4.1, sse4.2, popcnt, avx, avx2, aes, clmul, erms, 3dnowpref, lzcnt, ht, tsc, tscinvbit, bmi1, bmi2, adx, fma

Memory: 4k page, system-wide physical 8103M (718M free)
TotalPageFile size 9242M (AvailPageFile size 29M)
current process WorkingSet (physical memory assigned to process): 213M, peak: 239M
current process commit charge ("private bytes"): 247M, peak: 282M

vm_info: OpenJDK 64-Bit Server VM (14.0.2+12-46) for windows-amd64 JRE (14.0.2+12-46), built on Jul  9 2020 00:31:16 by "mach5one" with MS VC++ 15.9 (VS2017)

END.
