#
# There is insufficient memory for the Java Runtime Environment to continue.
# Native memory allocation (malloc) failed to allocate 405904 bytes for Chunk::new
# Possible reasons:
#   The system is out of physical RAM or swap space
#   The process is running with CompressedOops enabled, and the Java Heap may be blocking the growth of the native heap
# Possible solutions:
#   Reduce memory load on the system
#   Increase physical memory or swap space
#   Check if swap backing store is full
#   Decrease Java heap size (-Xmx/-Xms)
#   Decrease number of Java threads
#   Decrease Java thread stack sizes (-Xss)
#   Set larger code cache with -XX:ReservedCodeCacheSize=
#   JVM is running with Unscaled Compressed Oops mode in which the Java heap is
#     placed in the first 4GB address space. The Java Heap base address is the
#     maximum limit for the native heap growth. Please use -XX:HeapBaseMinAddress
#     to set the Java Heap base and to place the Java Heap above 4GB virtual address.
# This output file may be truncated or incomplete.
#
#  Out of Memory Error (./open/src/hotspot/share/memory/arena.cpp:195), pid=8096, tid=6716
#
# JRE version: OpenJDK Runtime Environment (14.0.2+12) (build 14.0.2+12-46)
# Java VM: OpenJDK 64-Bit Server VM (14.0.2+12-46, mixed mode, sharing, tiered, compressed oops, g1 gc, windows-amd64)
# No core dump will be written. Minidumps are not enabled by default on client versions of Windows
#

---------------  S U M M A R Y ------------

Command Line: C:\Users\ty\AppData\Local\Temp\surefire11626110157016994722\surefirebooter9227315429144752774.jar C:\Users\ty\AppData\Local\Temp\surefire11626110157016994722 2020-11-15T21-44-20_636-jvmRun1 surefire15407917431391783143tmp surefire_04124889707033813441tmp

Host: Intel(R) Core(TM) i5-8250U CPU @ 1.60GHz, 8 cores, 7G,  Windows 10 , 64 bit Build 19041 (10.0.19041.292)
Time: Sun Nov 15 21:44:21 2020 Central Standard Time elapsed time: 0 seconds (0d 0h 0m 0s)

---------------  T H R E A D  ---------------

Current thread (0x000002c349b49800):  JavaThread "C2 CompilerThread1" daemon [_thread_in_native, id=6716, stack(0x000000e0d1500000,0x000000e0d1600000)]


Current CompileTask:
C2:    417  757  s!   4       jdk.internal.loader.URLClassPath::getLoader (194 bytes)

Stack: [0x000000e0d1500000,0x000000e0d1600000]
Native frames: (J=compiled Java code, j=interpreted, Vv=VM code, C=native code)
V  [jvm.dll+0x5f8a9a]
V  [jvm.dll+0x74247a]
V  [jvm.dll+0x743c2f]
V  [jvm.dll+0x744273]
V  [jvm.dll+0x20d288]
V  [jvm.dll+0xabb07]
V  [jvm.dll+0xac1fc]
V  [jvm.dll+0x31c495]
V  [jvm.dll+0x2e6b38]
V  [jvm.dll+0x2e5f3a]
V  [jvm.dll+0x1e5e16]
V  [jvm.dll+0x1e50b8]
V  [jvm.dll+0x1779cc]
V  [jvm.dll+0x1f4105]
V  [jvm.dll+0x1f22eb]
V  [jvm.dll+0x7070cd]
V  [jvm.dll+0x6ffeda]
V  [jvm.dll+0x5f78f6]
C  [ucrtbase.dll+0x214c2]
C  [KERNEL32.DLL+0x16fd4]
C  [ntdll.dll+0x4cec1]


---------------  P R O C E S S  ---------------

Threads class SMR info:
_java_thread_list=0x000002c34a190400, length=15, elements={
0x000002c327f46800, 0x000002c348f68000, 0x000002c348f6a000, 0x000002c348f87000,
0x000002c348f8a000, 0x000002c348f8c000, 0x000002c348f8d800, 0x000002c3498a1800,
0x000002c3498a4000, 0x000002c3499e8000, 0x000002c349a01000, 0x000002c349a88000,
0x000002c349b49800, 0x000002c349b81800, 0x000002c34aaf1800
}

Java Threads: ( => current thread )
  0x000002c327f46800 JavaThread "main" [_thread_in_Java, id=4288, stack(0x000000e0d0200000,0x000000e0d0300000)]
  0x000002c348f68000 JavaThread "Reference Handler" daemon [_thread_blocked, id=6296, stack(0x000000e0d0900000,0x000000e0d0a00000)]
  0x000002c348f6a000 JavaThread "Finalizer" daemon [_thread_blocked, id=2480, stack(0x000000e0d0a00000,0x000000e0d0b00000)]
  0x000002c348f87000 JavaThread "Signal Dispatcher" daemon [_thread_blocked, id=12024, stack(0x000000e0d0b00000,0x000000e0d0c00000)]
  0x000002c348f8a000 JavaThread "Attach Listener" daemon [_thread_blocked, id=11452, stack(0x000000e0d0c00000,0x000000e0d0d00000)]
  0x000002c348f8c000 JavaThread "Service Thread" daemon [_thread_blocked, id=11240, stack(0x000000e0d0d00000,0x000000e0d0e00000)]
  0x000002c348f8d800 JavaThread "C2 CompilerThread0" daemon [_thread_blocked, id=5152, stack(0x000000e0d0e00000,0x000000e0d0f00000)]
  0x000002c3498a1800 JavaThread "C1 CompilerThread0" daemon [_thread_blocked, id=5032, stack(0x000000e0d0f00000,0x000000e0d1000000)]
  0x000002c3498a4000 JavaThread "Sweeper thread" daemon [_thread_blocked, id=2332, stack(0x000000e0d1000000,0x000000e0d1100000)]
  0x000002c3499e8000 JavaThread "Notification Thread" daemon [_thread_blocked, id=6260, stack(0x000000e0d1100000,0x000000e0d1200000)]
  0x000002c349a01000 JavaThread "Common-Cleaner" daemon [_thread_blocked, id=7220, stack(0x000000e0d1300000,0x000000e0d1400000)]
  0x000002c349a88000 JavaThread "surefire-forkedjvm-command-thread" daemon [_thread_in_native, id=9328, stack(0x000000e0d1400000,0x000000e0d1500000)]
=>0x000002c349b49800 JavaThread "C2 CompilerThread1" daemon [_thread_in_native, id=6716, stack(0x000000e0d1500000,0x000000e0d1600000)]
  0x000002c349b81800 JavaThread "surefire-forkedjvm-ping-30s" daemon [_thread_blocked, id=9612, stack(0x000000e0d1600000,0x000000e0d1700000)]
  0x000002c34aaf1800 JavaThread "C2 CompilerThread2" daemon [_thread_in_native, id=4708, stack(0x000000e0d1900000,0x000000e0d1a00000)]

Other Threads:
  0x000002c348f67000 VMThread "VM Thread" [stack: 0x000000e0d0800000,0x000000e0d0900000] [id=11440]
  0x000002c349a03800 WatcherThread [stack: 0x000000e0d1200000,0x000000e0d1300000] [id=10408]
  0x000002c327f89800 GCTaskThread "GC Thread#0" [stack: 0x000000e0d0300000,0x000000e0d0400000] [id=6256]
  0x000002c349f94800 GCTaskThread "GC Thread#1" [stack: 0x000000e0d1700000,0x000000e0d1800000] [id=11984]
  0x000002c349eaa800 GCTaskThread "GC Thread#2" [stack: 0x000000e0d1800000,0x000000e0d1900000] [id=2736]
  0x000002c327f9c000 ConcurrentGCThread "G1 Main Marker" [stack: 0x000000e0d0400000,0x000000e0d0500000] [id=10808]
  0x000002c327f9e000 ConcurrentGCThread "G1 Conc#0" [stack: 0x000000e0d0500000,0x000000e0d0600000] [id=1204]
  0x000002c348ddc800 ConcurrentGCThread "G1 Refine#0" [stack: 0x000000e0d0600000,0x000000e0d0700000] [id=5212]
  0x000002c348ddd000 ConcurrentGCThread "G1 Young RemSet Sampling" [stack: 0x000000e0d0700000,0x000000e0d0800000] [id=12064]

Threads with active compile tasks:
C2 CompilerThread1      448  757  s!   4       jdk.internal.loader.URLClassPath::getLoader (194 bytes)
C2 CompilerThread2      448  771   !   4       java.util.jar.JarFile::checkForSpecialAttributes (163 bytes)

VM state:not at safepoint (normal execution)

VM Mutex/Monitor currently owned by a thread: None

Heap address: 0x0000000081600000, size: 2026 MB, Compressed Oops mode: 32-bit
Narrow klass base: 0x0000000800000000, Narrow klass shift: 3
Compressed class space size: 1073741824 Address: 0x0000000800b30000

Heap:
 garbage-first heap   total 131072K, used 13027K [0x0000000081600000, 0x0000000100000000)
  region size 1024K, 9 young (9216K), 3 survivors (3072K)
 Metaspace       used 3448K, capacity 5984K, committed 6144K, reserved 1056768K
  class space    used 376K, capacity 646K, committed 768K, reserved 1048576K
Heap Regions: E=young(eden), S=young(survivor), O=old, HS=humongous(starts), HC=humongous(continues), CS=collection set, F=free, OA=open archive, CA=closed archive, TAMS=top-at-mark-start (previous, next)
|   0|0x0000000081600000, 0x0000000081700000, 0x0000000081700000|100%|HS|  |TAMS 0x0000000081600000, 0x0000000081600000| Complete 
|   1|0x0000000081700000, 0x0000000081800000, 0x0000000081800000|100%| O|  |TAMS 0x0000000081700000, 0x0000000081700000| Untracked 
|   2|0x0000000081800000, 0x0000000081900000, 0x0000000081900000|100%| O|  |TAMS 0x0000000081800000, 0x0000000081800000| Untracked 
|   3|0x0000000081900000, 0x0000000081a00000, 0x0000000081a00000|100%| O|  |TAMS 0x0000000081900000, 0x0000000081900000| Untracked 
|   4|0x0000000081a00000, 0x0000000081ab8e00, 0x0000000081b00000| 72%| O|  |TAMS 0x0000000081a00000, 0x0000000081a00000| Untracked 
|   5|0x0000000081b00000, 0x0000000081b00000, 0x0000000081c00000|  0%| F|  |TAMS 0x0000000081b00000, 0x0000000081b00000| Untracked 
|   6|0x0000000081c00000, 0x0000000081c00000, 0x0000000081d00000|  0%| F|  |TAMS 0x0000000081c00000, 0x0000000081c00000| Untracked 
|   7|0x0000000081d00000, 0x0000000081d00000, 0x0000000081e00000|  0%| F|  |TAMS 0x0000000081d00000, 0x0000000081d00000| Untracked 
|   8|0x0000000081e00000, 0x0000000081e00000, 0x0000000081f00000|  0%| F|  |TAMS 0x0000000081e00000, 0x0000000081e00000| Untracked 
|   9|0x0000000081f00000, 0x0000000081f00000, 0x0000000082000000|  0%| F|  |TAMS 0x0000000081f00000, 0x0000000081f00000| Untracked 
|  10|0x0000000082000000, 0x0000000082000000, 0x0000000082100000|  0%| F|  |TAMS 0x0000000082000000, 0x0000000082000000| Untracked 
|  11|0x0000000082100000, 0x0000000082100000, 0x0000000082200000|  0%| F|  |TAMS 0x0000000082100000, 0x0000000082100000| Untracked 
|  12|0x0000000082200000, 0x0000000082200000, 0x0000000082300000|  0%| F|  |TAMS 0x0000000082200000, 0x0000000082200000| Untracked 
|  13|0x0000000082300000, 0x0000000082300000, 0x0000000082400000|  0%| F|  |TAMS 0x0000000082300000, 0x0000000082300000| Untracked 
|  14|0x0000000082400000, 0x0000000082400000, 0x0000000082500000|  0%| F|  |TAMS 0x0000000082400000, 0x0000000082400000| Untracked 
|  15|0x0000000082500000, 0x0000000082500000, 0x0000000082600000|  0%| F|  |TAMS 0x0000000082500000, 0x0000000082500000| Untracked 
|  16|0x0000000082600000, 0x0000000082600000, 0x0000000082700000|  0%| F|  |TAMS 0x0000000082600000, 0x0000000082600000| Untracked 
|  17|0x0000000082700000, 0x0000000082700000, 0x0000000082800000|  0%| F|  |TAMS 0x0000000082700000, 0x0000000082700000| Untracked 
|  18|0x0000000082800000, 0x0000000082800000, 0x0000000082900000|  0%| F|  |TAMS 0x0000000082800000, 0x0000000082800000| Untracked 
|  19|0x0000000082900000, 0x0000000082900000, 0x0000000082a00000|  0%| F|  |TAMS 0x0000000082900000, 0x0000000082900000| Untracked 
|  20|0x0000000082a00000, 0x0000000082a00000, 0x0000000082b00000|  0%| F|  |TAMS 0x0000000082a00000, 0x0000000082a00000| Untracked 
|  21|0x0000000082b00000, 0x0000000082b00000, 0x0000000082c00000|  0%| F|  |TAMS 0x0000000082b00000, 0x0000000082b00000| Untracked 
|  22|0x0000000082c00000, 0x0000000082c00000, 0x0000000082d00000|  0%| F|  |TAMS 0x0000000082c00000, 0x0000000082c00000| Untracked 
|  23|0x0000000082d00000, 0x0000000082d00000, 0x0000000082e00000|  0%| F|  |TAMS 0x0000000082d00000, 0x0000000082d00000| Untracked 
|  24|0x0000000082e00000, 0x0000000082e00000, 0x0000000082f00000|  0%| F|  |TAMS 0x0000000082e00000, 0x0000000082e00000| Untracked 
|  25|0x0000000082f00000, 0x0000000082f00000, 0x0000000083000000|  0%| F|  |TAMS 0x0000000082f00000, 0x0000000082f00000| Untracked 
|  26|0x0000000083000000, 0x0000000083000000, 0x0000000083100000|  0%| F|  |TAMS 0x0000000083000000, 0x0000000083000000| Untracked 
|  27|0x0000000083100000, 0x0000000083100000, 0x0000000083200000|  0%| F|  |TAMS 0x0000000083100000, 0x0000000083100000| Untracked 
|  28|0x0000000083200000, 0x0000000083200000, 0x0000000083300000|  0%| F|  |TAMS 0x0000000083200000, 0x0000000083200000| Untracked 
|  29|0x0000000083300000, 0x0000000083300000, 0x0000000083400000|  0%| F|  |TAMS 0x0000000083300000, 0x0000000083300000| Untracked 
|  30|0x0000000083400000, 0x0000000083400000, 0x0000000083500000|  0%| F|  |TAMS 0x0000000083400000, 0x0000000083400000| Untracked 
|  31|0x0000000083500000, 0x0000000083500000, 0x0000000083600000|  0%| F|  |TAMS 0x0000000083500000, 0x0000000083500000| Untracked 
|  32|0x0000000083600000, 0x0000000083600000, 0x0000000083700000|  0%| F|  |TAMS 0x0000000083600000, 0x0000000083600000| Untracked 
|  33|0x0000000083700000, 0x0000000083700000, 0x0000000083800000|  0%| F|  |TAMS 0x0000000083700000, 0x0000000083700000| Untracked 
|  34|0x0000000083800000, 0x0000000083800000, 0x0000000083900000|  0%| F|  |TAMS 0x0000000083800000, 0x0000000083800000| Untracked 
|  35|0x0000000083900000, 0x0000000083900000, 0x0000000083a00000|  0%| F|  |TAMS 0x0000000083900000, 0x0000000083900000| Untracked 
|  36|0x0000000083a00000, 0x0000000083a00000, 0x0000000083b00000|  0%| F|  |TAMS 0x0000000083a00000, 0x0000000083a00000| Untracked 
|  37|0x0000000083b00000, 0x0000000083b00000, 0x0000000083c00000|  0%| F|  |TAMS 0x0000000083b00000, 0x0000000083b00000| Untracked 
|  38|0x0000000083c00000, 0x0000000083c00000, 0x0000000083d00000|  0%| F|  |TAMS 0x0000000083c00000, 0x0000000083c00000| Untracked 
|  39|0x0000000083d00000, 0x0000000083d00000, 0x0000000083e00000|  0%| F|  |TAMS 0x0000000083d00000, 0x0000000083d00000| Untracked 
|  40|0x0000000083e00000, 0x0000000083e00000, 0x0000000083f00000|  0%| F|  |TAMS 0x0000000083e00000, 0x0000000083e00000| Untracked 
|  41|0x0000000083f00000, 0x0000000083f00000, 0x0000000084000000|  0%| F|  |TAMS 0x0000000083f00000, 0x0000000083f00000| Untracked 
|  42|0x0000000084000000, 0x0000000084000000, 0x0000000084100000|  0%| F|  |TAMS 0x0000000084000000, 0x0000000084000000| Untracked 
|  43|0x0000000084100000, 0x0000000084100000, 0x0000000084200000|  0%| F|  |TAMS 0x0000000084100000, 0x0000000084100000| Untracked 
|  44|0x0000000084200000, 0x0000000084200000, 0x0000000084300000|  0%| F|  |TAMS 0x0000000084200000, 0x0000000084200000| Untracked 
|  45|0x0000000084300000, 0x0000000084300000, 0x0000000084400000|  0%| F|  |TAMS 0x0000000084300000, 0x0000000084300000| Untracked 
|  46|0x0000000084400000, 0x0000000084400000, 0x0000000084500000|  0%| F|  |TAMS 0x0000000084400000, 0x0000000084400000| Untracked 
|  47|0x0000000084500000, 0x0000000084500000, 0x0000000084600000|  0%| F|  |TAMS 0x0000000084500000, 0x0000000084500000| Untracked 
|  48|0x0000000084600000, 0x0000000084600000, 0x0000000084700000|  0%| F|  |TAMS 0x0000000084600000, 0x0000000084600000| Untracked 
|  49|0x0000000084700000, 0x0000000084700000, 0x0000000084800000|  0%| F|  |TAMS 0x0000000084700000, 0x0000000084700000| Untracked 
|  50|0x0000000084800000, 0x0000000084800000, 0x0000000084900000|  0%| F|  |TAMS 0x0000000084800000, 0x0000000084800000| Untracked 
|  51|0x0000000084900000, 0x0000000084900000, 0x0000000084a00000|  0%| F|  |TAMS 0x0000000084900000, 0x0000000084900000| Untracked 
|  52|0x0000000084a00000, 0x0000000084a00000, 0x0000000084b00000|  0%| F|  |TAMS 0x0000000084a00000, 0x0000000084a00000| Untracked 
|  53|0x0000000084b00000, 0x0000000084b00000, 0x0000000084c00000|  0%| F|  |TAMS 0x0000000084b00000, 0x0000000084b00000| Untracked 
|  54|0x0000000084c00000, 0x0000000084c00000, 0x0000000084d00000|  0%| F|  |TAMS 0x0000000084c00000, 0x0000000084c00000| Untracked 
|  55|0x0000000084d00000, 0x0000000084d00000, 0x0000000084e00000|  0%| F|  |TAMS 0x0000000084d00000, 0x0000000084d00000| Untracked 
|  56|0x0000000084e00000, 0x0000000084e00000, 0x0000000084f00000|  0%| F|  |TAMS 0x0000000084e00000, 0x0000000084e00000| Untracked 
|  57|0x0000000084f00000, 0x0000000084f00000, 0x0000000085000000|  0%| F|  |TAMS 0x0000000084f00000, 0x0000000084f00000| Untracked 
|  58|0x0000000085000000, 0x0000000085000000, 0x0000000085100000|  0%| F|  |TAMS 0x0000000085000000, 0x0000000085000000| Untracked 
|  59|0x0000000085100000, 0x0000000085100000, 0x0000000085200000|  0%| F|  |TAMS 0x0000000085100000, 0x0000000085100000| Untracked 
|  60|0x0000000085200000, 0x0000000085200000, 0x0000000085300000|  0%| F|  |TAMS 0x0000000085200000, 0x0000000085200000| Untracked 
|  61|0x0000000085300000, 0x0000000085300000, 0x0000000085400000|  0%| F|  |TAMS 0x0000000085300000, 0x0000000085300000| Untracked 
|  62|0x0000000085400000, 0x0000000085400000, 0x0000000085500000|  0%| F|  |TAMS 0x0000000085400000, 0x0000000085400000| Untracked 
|  63|0x0000000085500000, 0x0000000085500000, 0x0000000085600000|  0%| F|  |TAMS 0x0000000085500000, 0x0000000085500000| Untracked 
|  64|0x0000000085600000, 0x0000000085600000, 0x0000000085700000|  0%| F|  |TAMS 0x0000000085600000, 0x0000000085600000| Untracked 
|  65|0x0000000085700000, 0x0000000085700000, 0x0000000085800000|  0%| F|  |TAMS 0x0000000085700000, 0x0000000085700000| Untracked 
|  66|0x0000000085800000, 0x0000000085800000, 0x0000000085900000|  0%| F|  |TAMS 0x0000000085800000, 0x0000000085800000| Untracked 
|  67|0x0000000085900000, 0x0000000085900000, 0x0000000085a00000|  0%| F|  |TAMS 0x0000000085900000, 0x0000000085900000| Untracked 
|  68|0x0000000085a00000, 0x0000000085a00000, 0x0000000085b00000|  0%| F|  |TAMS 0x0000000085a00000, 0x0000000085a00000| Untracked 
|  69|0x0000000085b00000, 0x0000000085b00000, 0x0000000085c00000|  0%| F|  |TAMS 0x0000000085b00000, 0x0000000085b00000| Untracked 
|  70|0x0000000085c00000, 0x0000000085c00000, 0x0000000085d00000|  0%| F|  |TAMS 0x0000000085c00000, 0x0000000085c00000| Untracked 
|  71|0x0000000085d00000, 0x0000000085d00000, 0x0000000085e00000|  0%| F|  |TAMS 0x0000000085d00000, 0x0000000085d00000| Untracked 
|  72|0x0000000085e00000, 0x0000000085e00000, 0x0000000085f00000|  0%| F|  |TAMS 0x0000000085e00000, 0x0000000085e00000| Untracked 
|  73|0x0000000085f00000, 0x0000000085f00000, 0x0000000086000000|  0%| F|  |TAMS 0x0000000085f00000, 0x0000000085f00000| Untracked 
|  74|0x0000000086000000, 0x0000000086000000, 0x0000000086100000|  0%| F|  |TAMS 0x0000000086000000, 0x0000000086000000| Untracked 
|  75|0x0000000086100000, 0x0000000086100000, 0x0000000086200000|  0%| F|  |TAMS 0x0000000086100000, 0x0000000086100000| Untracked 
|  76|0x0000000086200000, 0x0000000086200000, 0x0000000086300000|  0%| F|  |TAMS 0x0000000086200000, 0x0000000086200000| Untracked 
|  77|0x0000000086300000, 0x0000000086300000, 0x0000000086400000|  0%| F|  |TAMS 0x0000000086300000, 0x0000000086300000| Untracked 
|  78|0x0000000086400000, 0x0000000086400000, 0x0000000086500000|  0%| F|  |TAMS 0x0000000086400000, 0x0000000086400000| Untracked 
|  79|0x0000000086500000, 0x0000000086500000, 0x0000000086600000|  0%| F|  |TAMS 0x0000000086500000, 0x0000000086500000| Untracked 
|  80|0x0000000086600000, 0x0000000086600000, 0x0000000086700000|  0%| F|  |TAMS 0x0000000086600000, 0x0000000086600000| Untracked 
|  81|0x0000000086700000, 0x0000000086700000, 0x0000000086800000|  0%| F|  |TAMS 0x0000000086700000, 0x0000000086700000| Untracked 
|  82|0x0000000086800000, 0x0000000086800000, 0x0000000086900000|  0%| F|  |TAMS 0x0000000086800000, 0x0000000086800000| Untracked 
|  83|0x0000000086900000, 0x0000000086900000, 0x0000000086a00000|  0%| F|  |TAMS 0x0000000086900000, 0x0000000086900000| Untracked 
|  84|0x0000000086a00000, 0x0000000086a00000, 0x0000000086b00000|  0%| F|  |TAMS 0x0000000086a00000, 0x0000000086a00000| Untracked 
|  85|0x0000000086b00000, 0x0000000086b00000, 0x0000000086c00000|  0%| F|  |TAMS 0x0000000086b00000, 0x0000000086b00000| Untracked 
|  86|0x0000000086c00000, 0x0000000086c00000, 0x0000000086d00000|  0%| F|  |TAMS 0x0000000086c00000, 0x0000000086c00000| Untracked 
|  87|0x0000000086d00000, 0x0000000086d00000, 0x0000000086e00000|  0%| F|  |TAMS 0x0000000086d00000, 0x0000000086d00000| Untracked 
|  88|0x0000000086e00000, 0x0000000086e00000, 0x0000000086f00000|  0%| F|  |TAMS 0x0000000086e00000, 0x0000000086e00000| Untracked 
|  89|0x0000000086f00000, 0x0000000086f00000, 0x0000000087000000|  0%| F|  |TAMS 0x0000000086f00000, 0x0000000086f00000| Untracked 
|  90|0x0000000087000000, 0x0000000087000000, 0x0000000087100000|  0%| F|  |TAMS 0x0000000087000000, 0x0000000087000000| Untracked 
|  91|0x0000000087100000, 0x0000000087100000, 0x0000000087200000|  0%| F|  |TAMS 0x0000000087100000, 0x0000000087100000| Untracked 
|  92|0x0000000087200000, 0x0000000087200000, 0x0000000087300000|  0%| F|  |TAMS 0x0000000087200000, 0x0000000087200000| Untracked 
|  93|0x0000000087300000, 0x0000000087300000, 0x0000000087400000|  0%| F|  |TAMS 0x0000000087300000, 0x0000000087300000| Untracked 
|  94|0x0000000087400000, 0x0000000087400000, 0x0000000087500000|  0%| F|  |TAMS 0x0000000087400000, 0x0000000087400000| Untracked 
|  95|0x0000000087500000, 0x0000000087500000, 0x0000000087600000|  0%| F|  |TAMS 0x0000000087500000, 0x0000000087500000| Untracked 
|  96|0x0000000087600000, 0x0000000087600000, 0x0000000087700000|  0%| F|  |TAMS 0x0000000087600000, 0x0000000087600000| Untracked 
|  97|0x0000000087700000, 0x0000000087700000, 0x0000000087800000|  0%| F|  |TAMS 0x0000000087700000, 0x0000000087700000| Untracked 
|  98|0x0000000087800000, 0x0000000087800000, 0x0000000087900000|  0%| F|  |TAMS 0x0000000087800000, 0x0000000087800000| Untracked 
|  99|0x0000000087900000, 0x0000000087900000, 0x0000000087a00000|  0%| F|  |TAMS 0x0000000087900000, 0x0000000087900000| Untracked 
| 100|0x0000000087a00000, 0x0000000087a00000, 0x0000000087b00000|  0%| F|  |TAMS 0x0000000087a00000, 0x0000000087a00000| Untracked 
| 101|0x0000000087b00000, 0x0000000087b00000, 0x0000000087c00000|  0%| F|  |TAMS 0x0000000087b00000, 0x0000000087b00000| Untracked 
| 102|0x0000000087c00000, 0x0000000087d00000, 0x0000000087d00000|100%| S|CS|TAMS 0x0000000087c00000, 0x0000000087c00000| Complete 
| 103|0x0000000087d00000, 0x0000000087e00000, 0x0000000087e00000|100%| S|CS|TAMS 0x0000000087d00000, 0x0000000087d00000| Complete 
| 104|0x0000000087e00000, 0x0000000087f00000, 0x0000000087f00000|100%| S|CS|TAMS 0x0000000087e00000, 0x0000000087e00000| Complete 
| 105|0x0000000087f00000, 0x0000000087f00000, 0x0000000088000000|  0%| F|  |TAMS 0x0000000087f00000, 0x0000000087f00000| Untracked 
| 106|0x0000000088000000, 0x0000000088000000, 0x0000000088100000|  0%| F|  |TAMS 0x0000000088000000, 0x0000000088000000| Untracked 
| 107|0x0000000088100000, 0x0000000088100000, 0x0000000088200000|  0%| F|  |TAMS 0x0000000088100000, 0x0000000088100000| Untracked 
| 108|0x0000000088200000, 0x0000000088200000, 0x0000000088300000|  0%| F|  |TAMS 0x0000000088200000, 0x0000000088200000| Untracked 
| 109|0x0000000088300000, 0x0000000088300000, 0x0000000088400000|  0%| F|  |TAMS 0x0000000088300000, 0x0000000088300000| Untracked 
| 110|0x0000000088400000, 0x0000000088400000, 0x0000000088500000|  0%| F|  |TAMS 0x0000000088400000, 0x0000000088400000| Untracked 
| 111|0x0000000088500000, 0x0000000088500000, 0x0000000088600000|  0%| F|  |TAMS 0x0000000088500000, 0x0000000088500000| Untracked 
| 112|0x0000000088600000, 0x0000000088600000, 0x0000000088700000|  0%| F|  |TAMS 0x0000000088600000, 0x0000000088600000| Untracked 
| 113|0x0000000088700000, 0x0000000088700000, 0x0000000088800000|  0%| F|  |TAMS 0x0000000088700000, 0x0000000088700000| Untracked 
| 114|0x0000000088800000, 0x0000000088800000, 0x0000000088900000|  0%| F|  |TAMS 0x0000000088800000, 0x0000000088800000| Untracked 
| 115|0x0000000088900000, 0x0000000088900000, 0x0000000088a00000|  0%| F|  |TAMS 0x0000000088900000, 0x0000000088900000| Untracked 
| 116|0x0000000088a00000, 0x0000000088a00000, 0x0000000088b00000|  0%| F|  |TAMS 0x0000000088a00000, 0x0000000088a00000| Untracked 
| 117|0x0000000088b00000, 0x0000000088b00000, 0x0000000088c00000|  0%| F|  |TAMS 0x0000000088b00000, 0x0000000088b00000| Untracked 
| 118|0x0000000088c00000, 0x0000000088c00000, 0x0000000088d00000|  0%| F|  |TAMS 0x0000000088c00000, 0x0000000088c00000| Untracked 
| 119|0x0000000088d00000, 0x0000000088d00000, 0x0000000088e00000|  0%| F|  |TAMS 0x0000000088d00000, 0x0000000088d00000| Untracked 
| 120|0x0000000088e00000, 0x0000000088e00000, 0x0000000088f00000|  0%| F|  |TAMS 0x0000000088e00000, 0x0000000088e00000| Untracked 
| 121|0x0000000088f00000, 0x0000000088f00000, 0x0000000089000000|  0%| F|  |TAMS 0x0000000088f00000, 0x0000000088f00000| Untracked 
| 122|0x0000000089000000, 0x0000000089080800, 0x0000000089100000| 50%| E|  |TAMS 0x0000000089000000, 0x0000000089000000| Complete 
| 123|0x0000000089100000, 0x0000000089200000, 0x0000000089200000|100%| E|CS|TAMS 0x0000000089100000, 0x0000000089100000| Complete 
| 124|0x0000000089200000, 0x0000000089300000, 0x0000000089300000|100%| E|CS|TAMS 0x0000000089200000, 0x0000000089200000| Complete 
| 125|0x0000000089300000, 0x0000000089400000, 0x0000000089400000|100%| E|CS|TAMS 0x0000000089300000, 0x0000000089300000| Complete 
| 126|0x0000000089400000, 0x0000000089500000, 0x0000000089500000|100%| E|CS|TAMS 0x0000000089400000, 0x0000000089400000| Complete 
| 127|0x0000000089500000, 0x0000000089600000, 0x0000000089600000|100%| E|CS|TAMS 0x0000000089500000, 0x0000000089500000| Complete 

Card table byte_map: [0x000002c341d20000,0x000002c342120000] _byte_map_base: 0x000002c341915000

Marking Bits (Prev, Next): (CMBitMap*) 0x000002c327f8a3b8, (CMBitMap*) 0x000002c327f8a3f8
 Prev Bits: [0x000002c342520000, 0x000002c3444c8000)
 Next Bits: [0x000002c3444d0000, 0x000002c346478000)

Polling page: 0x000002c327e10000

Metaspace:

Usage:
  Non-class:      5.22 MB capacity,     3.11 MB ( 60%) used,     2.09 MB ( 40%) free+waste,    14.69 KB ( <1%) overhead. 
      Class:    650.00 KB capacity,   402.90 KB ( 62%) used,   238.48 KB ( 37%) free+waste,     8.63 KB (  1%) overhead. 
       Both:      5.85 MB capacity,     3.51 MB ( 60%) used,     2.32 MB ( 40%) free+waste,    23.31 KB ( <1%) overhead. 

Virtual space:
  Non-class space:        8.00 MB reserved,       5.25 MB ( 66%) committed 
      Class space:        1.00 GB reserved,     768.00 KB ( <1%) committed 
             Both:        1.01 GB reserved,       6.00 MB ( <1%) committed 

Chunk freelists:
   Non-Class:  32.00 KB
       Class:  0 bytes
        Both:  32.00 KB

MaxMetaspaceSize: 17179869184.00 GB
CompressedClassSpaceSize: 1.00 GB

CodeHeap 'non-profiled nmethods': size=120000Kb used=301Kb max_used=301Kb free=119698Kb
 bounds [0x000002c339990000, 0x000002c339c00000, 0x000002c340ec0000]
CodeHeap 'profiled nmethods': size=120000Kb used=1467Kb max_used=1467Kb free=118532Kb
 bounds [0x000002c332460000, 0x000002c3326d0000, 0x000002c339990000]
CodeHeap 'non-nmethods': size=5760Kb used=1174Kb max_used=1188Kb free=4585Kb
 bounds [0x000002c331ec0000, 0x000002c332130000, 0x000002c332460000]
 total_blobs=1242 nmethods=812 adapters=343
 compilation: enabled
              stopped_count=0, restarted_count=0
 full_count=0

Compilation events (20 events):
Event: 0.387 Thread 0x000002c3498a1800 nmethod 755 0x000002c33259c990 code [0x000002c33259cbc0, 0x000002c33259d4e8]
Event: 0.388 Thread 0x000002c3498a1800  759       3       sun.net.www.ParseUtil::encodePath (41 bytes)
Event: 0.388 Thread 0x000002c3498a1800 nmethod 759 0x000002c33259d790 code [0x000002c33259d960, 0x000002c33259dba8]
Event: 0.389 Thread 0x000002c3498a1800  761       3       java.io.File::exists (43 bytes)
Event: 0.390 Thread 0x000002c3498a1800 nmethod 761 0x000002c33259dc90 code [0x000002c33259de80, 0x000002c33259e2e8]
Event: 0.390 Thread 0x000002c3498a1800  762   !   3       jdk.internal.loader.URLClassPath$JarLoader::getResource (354 bytes)
Event: 0.392 Thread 0x000002c3498a1800 nmethod 762 0x000002c33259e410 code [0x000002c33259e900, 0x000002c3325a0d78]
Event: 0.392 Thread 0x000002c3498a1800  763       3       java.util.LinkedHashMap::newNode (23 bytes)
Event: 0.393 Thread 0x000002c3498a1800 nmethod 763 0x000002c3325a2290 code [0x000002c3325a2460, 0x000002c3325a2a78]
Event: 0.393 Thread 0x000002c3498a1800  764       3       java.util.LinkedHashMap$Entry::<init> (10 bytes)
Event: 0.393 Thread 0x000002c3498a1800 nmethod 764 0x000002c3325a2c90 code [0x000002c3325a2e40, 0x000002c3325a3138]
Event: 0.393 Thread 0x000002c3498a1800  765       3       java.util.LinkedHashMap::linkNodeLast (33 bytes)
Event: 0.393 Thread 0x000002c3498a1800 nmethod 765 0x000002c3325a3210 code [0x000002c3325a33c0, 0x000002c3325a36b8]
Event: 0.393 Thread 0x000002c3498a1800  766       3       java.util.LinkedHashMap::afterNodeInsertion (40 bytes)
Event: 0.393 Thread 0x000002c3498a1800 nmethod 766 0x000002c3325a3810 code [0x000002c3325a39c0, 0x000002c3325a3bd8]
Event: 0.393 Thread 0x000002c3498a1800  767       3       java.util.jar.Attributes::putValue (13 bytes)
Event: 0.394 Thread 0x000002c3498a1800 nmethod 767 0x000002c3325a3c90 code [0x000002c3325a3ea0, 0x000002c3325a4718]
Event: 0.394 Thread 0x000002c3498a1800  769       3       java.io.WinNTFileSystem::prefixLength (91 bytes)
Event: 0.395 Thread 0x000002c3498a1800 nmethod 769 0x000002c3325a4990 code [0x000002c3325a4ca0, 0x000002c3325a60d8]
Event: 0.396 Thread 0x000002c3498a1800  770       3       java.net.URLStreamHandler::parseURL (1201 bytes)

GC Heap History (2 events):
Event: 0.339 GC heap before
{Heap before GC invocations=0 (full 0):
 garbage-first heap   total 131072K, used 23552K [0x0000000081600000, 0x0000000100000000)
  region size 1024K, 23 young (23552K), 0 survivors (0K)
 Metaspace       used 2713K, capacity 5398K, committed 5760K, reserved 1056768K
  class space    used 275K, capacity 532K, committed 640K, reserved 1048576K
}
Event: 0.343 GC heap after
{Heap after GC invocations=1 (full 0):
 garbage-first heap   total 131072K, used 7907K [0x0000000081600000, 0x0000000100000000)
  region size 1024K, 3 young (3072K), 3 survivors (3072K)
 Metaspace       used 2713K, capacity 5398K, committed 5760K, reserved 1056768K
  class space    used 275K, capacity 532K, committed 640K, reserved 1048576K
}

Deoptimization events (20 events):
Event: 0.195 Thread 0x000002c327f46800 DEOPT PACKING pc=0x000002c3399b64e8 sp=0x000000e0d02fe6e0
Event: 0.195 Thread 0x000002c327f46800 DEOPT UNPACKING pc=0x000002c331f0912f sp=0x000000e0d02fe688 mode 2
Event: 0.237 Thread 0x000002c327f46800 DEOPT PACKING pc=0x000002c3324f2b68 sp=0x000000e0d02fef00
Event: 0.237 Thread 0x000002c327f46800 DEOPT UNPACKING pc=0x000002c331f0964e sp=0x000000e0d02fe358 mode 0
Event: 0.246 Thread 0x000002c327f46800 DEOPT PACKING pc=0x000002c33247b5e2 sp=0x000000e0d02fe9e0
Event: 0.246 Thread 0x000002c327f46800 DEOPT UNPACKING pc=0x000002c331f0964e sp=0x000000e0d02fde70 mode 0
Event: 0.246 Thread 0x000002c327f46800 DEOPT PACKING pc=0x000002c33248bbd0 sp=0x000000e0d02fe7b0
Event: 0.246 Thread 0x000002c327f46800 DEOPT UNPACKING pc=0x000002c331f0964e sp=0x000000e0d02fdc50 mode 0
Event: 0.278 Thread 0x000002c327f46800 DEOPT PACKING pc=0x000002c33251db32 sp=0x000000e0d02fe8b0
Event: 0.278 Thread 0x000002c327f46800 DEOPT UNPACKING pc=0x000002c331f0964e sp=0x000000e0d02fdd18 mode 0
Event: 0.326 Thread 0x000002c327f46800 Uncommon trap: trap_request=0xffffff45 fr.pc=0x000002c3399b6a90 relative=0x0000000000000070
Event: 0.326 Thread 0x000002c327f46800 Uncommon trap: reason=unstable_if action=reinterpret pc=0x000002c3399b6a90 method=java.io.WinNTFileSystem.isSlash(C)Z @ 9 c2
Event: 0.326 Thread 0x000002c327f46800 DEOPT PACKING pc=0x000002c3399b6a90 sp=0x000000e0d02fe130
Event: 0.326 Thread 0x000002c327f46800 DEOPT UNPACKING pc=0x000002c331f0912f sp=0x000000e0d02fe0b8 mode 2
Event: 0.392 Thread 0x000002c327f46800 DEOPT PACKING pc=0x000002c33250fcdf sp=0x000000e0d02fd990
Event: 0.392 Thread 0x000002c327f46800 DEOPT UNPACKING pc=0x000002c331f0964e sp=0x000000e0d02fce08 mode 0
Event: 0.399 Thread 0x000002c327f46800 DEOPT PACKING pc=0x000002c33250fcdf sp=0x000000e0d02fd3d0
Event: 0.399 Thread 0x000002c327f46800 DEOPT UNPACKING pc=0x000002c331f0964e sp=0x000000e0d02fc820 mode 0
Event: 0.406 Thread 0x000002c327f46800 DEOPT PACKING pc=0x000002c33250fcdf sp=0x000000e0d02fd200
Event: 0.406 Thread 0x000002c327f46800 DEOPT UNPACKING pc=0x000002c331f0964e sp=0x000000e0d02fc678 mode 0

Classes unloaded (0 events):
No events

Classes redefined (0 events):
No events

Internal exceptions (8 events):
Event: 0.097 Thread 0x000002c327f46800 Exception <a 'java/lang/NoSuchMethodError'{0x0000000089191028}: 'java.lang.Object java.lang.invoke.DirectMethodHandle$Holder.invokeStaticInit(java.lang.Object, java.lang.Object, java.lang.Object)'> (0x0000000089191028) 
thrown [./open/src/hotspot/share/interpreter/linkResolver.cpp, line 766]
Event: 0.156 Thread 0x000002c349b81800 Exception <a 'java/lang/NoSuchMethodError'{0x0000000088fad360}: 'void java.lang.invoke.DirectMethodHandle$Holder.invokeStatic(java.lang.Object, long)'> (0x0000000088fad360) 
thrown [./open/src/hotspot/share/interpreter/linkResolver.cpp, line 766]
Event: 0.159 Thread 0x000002c349b81800 Exception <a 'java/lang/NoSuchMethodError'{0x0000000088fb81d0}: 'java.lang.Object java.lang.invoke.DirectMethodHandle$Holder.invokeStaticInit(java.lang.Object, java.lang.Object, long, java.lang.Object)'> (0x0000000088fb81d0) 
thrown [./open/src/hotspot/share/interpreter/linkResolver.cpp, line 766]
Event: 0.160 Thread 0x000002c349b81800 Exception <a 'java/lang/NoSuchMethodError'{0x0000000088fbe550}: 'java.lang.Object java.lang.invoke.Invokers$Holder.linkToTargetMethod(java.lang.Object, long, java.lang.Object)'> (0x0000000088fbe550) 
thrown [./open/src/hotspot/share/interpreter/linkResolver.cpp, line 766]
Event: 0.165 Thread 0x000002c349b81800 Exception <a 'java/lang/NoSuchMethodError'{0x0000000088fcfd30}: 'int java.lang.invoke.DirectMethodHandle$Holder.invokeSpecialIFC(java.lang.Object, java.lang.Object, int)'> (0x0000000088fcfd30) 
thrown [./open/src/hotspot/share/interpreter/linkResolver.cpp, line 766]
Event: 0.377 Thread 0x000002c327f46800 Exception <a 'java/lang/NoSuchMethodError'{0x00000000894d04d0}: 'int java.lang.invoke.DirectMethodHandle$Holder.invokeVirtual(java.lang.Object, java.lang.Object)'> (0x00000000894d04d0) 
thrown [./open/src/hotspot/share/interpreter/linkResolver.cpp, line 766]
Event: 0.383 Thread 0x000002c327f46800 Exception <a 'java/lang/NoSuchMethodError'{0x00000000894fa0e8}: 'java.lang.Object java.lang.invoke.DirectMethodHandle$Holder.invokeStaticInit(java.lang.Object, int)'> (0x00000000894fa0e8) 
thrown [./open/src/hotspot/share/interpreter/linkResolver.cpp, line 766]
Event: 0.407 Thread 0x000002c327f46800 Exception <a 'java/lang/NoSuchMethodError'{0x0000000089243128}: 'int java.lang.invoke.DirectMethodHandle$Holder.invokeSpecialIFC(java.lang.Object, java.lang.Object, java.lang.Object, java.lang.Object)'> (0x0000000089243128) 
thrown [./open/src/hotspot/share/interpreter/linkResolver.cpp, line 766]

Events (20 events):
Event: 0.367 loading class java/net/URISyntaxException
Event: 0.367 loading class java/net/URISyntaxException done
Event: 0.378 loading class java/util/stream/MatchOps$MatchKind
Event: 0.378 loading class java/util/stream/MatchOps$MatchKind done
Event: 0.378 loading class java/util/stream/MatchOps
Event: 0.378 loading class java/util/stream/MatchOps done
Event: 0.378 loading class java/util/stream/MatchOps$MatchOp
Event: 0.378 loading class java/util/stream/MatchOps$MatchOp done
Event: 0.378 loading class java/util/stream/MatchOps$BooleanTerminalSink
Event: 0.378 loading class java/util/stream/MatchOps$BooleanTerminalSink done
Event: 0.379 loading class java/util/stream/MatchOps$1MatchSink
Event: 0.379 loading class java/util/stream/MatchOps$1MatchSink done
Event: 0.381 loading class java/io/UnsupportedEncodingException
Event: 0.381 loading class java/io/UnsupportedEncodingException done
Event: 0.382 loading class java/lang/AssertionError
Event: 0.382 loading class java/lang/AssertionError done
Event: 0.384 loading class java/net/URLEncoder
Event: 0.384 loading class java/net/URLEncoder done
Event: 0.384 loading class java/util/BitSet
Event: 0.384 loading class java/util/BitSet done


Dynamic libraries:
0x00007ff66ba10000 - 0x00007ff66ba1d000 	C:\Users\ty\.jdks\openjdk-14.0.2\bin\java.exe
0x00007fff0a870000 - 0x00007fff0aa65000 	C:\WINDOWS\SYSTEM32\ntdll.dll
0x00007fff0a2b0000 - 0x00007fff0a36d000 	C:\WINDOWS\System32\KERNEL32.DLL
0x00007fff07fb0000 - 0x00007fff08277000 	C:\WINDOWS\System32\KERNELBASE.dll
0x00007fff08420000 - 0x00007fff08520000 	C:\WINDOWS\System32\ucrtbase.dll
0x00007fff03690000 - 0x00007fff036a8000 	C:\Users\ty\.jdks\openjdk-14.0.2\bin\jli.dll
0x00007fff03720000 - 0x00007fff03735000 	C:\Users\ty\.jdks\openjdk-14.0.2\bin\VCRUNTIME140.dll
0x00007fff09f50000 - 0x00007fff0a0f0000 	C:\WINDOWS\System32\USER32.dll
0x00007fff08280000 - 0x00007fff082a2000 	C:\WINDOWS\System32\win32u.dll
0x00007ffef0050000 - 0x00007ffef02eb000 	C:\WINDOWS\WinSxS\amd64_microsoft.windows.common-controls_6595b64144ccf1df_6.0.19041.488_none_ca04af081b815d21\COMCTL32.dll
0x00007fff08cc0000 - 0x00007fff08cea000 	C:\WINDOWS\System32\GDI32.dll
0x00007fff0a0f0000 - 0x00007fff0a18e000 	C:\WINDOWS\System32\msvcrt.dll
0x00007fff08310000 - 0x00007fff08419000 	C:\WINDOWS\System32\gdi32full.dll
0x00007fff086d0000 - 0x00007fff0876d000 	C:\WINDOWS\System32\msvcp_win.dll
0x00007fff09dc0000 - 0x00007fff09df0000 	C:\WINDOWS\System32\IMM32.DLL
0x00007fff035f0000 - 0x00007fff0368b000 	C:\Users\ty\.jdks\openjdk-14.0.2\bin\msvcp140.dll
0x00007ffee8f50000 - 0x00007ffee9a6e000 	C:\Users\ty\.jdks\openjdk-14.0.2\bin\server\jvm.dll
0x00007fff09130000 - 0x00007fff091da000 	C:\WINDOWS\System32\ADVAPI32.dll
0x00007fff09ea0000 - 0x00007fff09f3b000 	C:\WINDOWS\System32\sechost.dll
0x00007fff08a20000 - 0x00007fff08b44000 	C:\WINDOWS\System32\RPCRT4.dll
0x00007fff091e0000 - 0x00007fff091e8000 	C:\WINDOWS\System32\PSAPI.DLL
0x00007ffef30f0000 - 0x00007ffef30f9000 	C:\WINDOWS\SYSTEM32\WSOCK32.dll
0x00007fff0a370000 - 0x00007fff0a3db000 	C:\WINDOWS\System32\WS2_32.dll
0x00007fff06e40000 - 0x00007fff06e4a000 	C:\WINDOWS\SYSTEM32\VERSION.dll
0x00007ffee53e0000 - 0x00007ffee5407000 	C:\WINDOWS\SYSTEM32\WINMM.dll
0x00007fff06e00000 - 0x00007fff06e13000 	C:\WINDOWS\SYSTEM32\kernel.appcore.dll
0x00007fff02fa0000 - 0x00007fff02faa000 	C:\Users\ty\.jdks\openjdk-14.0.2\bin\jimage.dll
0x00007fff05bd0000 - 0x00007fff05db4000 	C:\WINDOWS\SYSTEM32\DBGHELP.DLL
0x00007ffef17a0000 - 0x00007ffef17cc000 	C:\WINDOWS\SYSTEM32\dbgcore.DLL
0x00007fff08550000 - 0x00007fff085cf000 	C:\WINDOWS\System32\bcryptPrimitives.dll
0x00007fff02f60000 - 0x00007fff02f85000 	C:\Users\ty\.jdks\openjdk-14.0.2\bin\java.dll
0x00007fff02f40000 - 0x00007fff02f56000 	C:\Users\ty\.jdks\openjdk-14.0.2\bin\zip.dll
0x00007fff09200000 - 0x00007fff09941000 	C:\WINDOWS\System32\SHELL32.dll
0x00007fff06660000 - 0x00007fff06df3000 	C:\WINDOWS\SYSTEM32\windows.storage.dll
0x00007fff08cf0000 - 0x00007fff09045000 	C:\WINDOWS\System32\combase.dll
0x00007fff07a20000 - 0x00007fff07a4c000 	C:\WINDOWS\SYSTEM32\Wldp.dll
0x00007fff0a510000 - 0x00007fff0a5be000 	C:\WINDOWS\System32\SHCORE.dll
0x00007fff0a4b0000 - 0x00007fff0a505000 	C:\WINDOWS\System32\shlwapi.dll
0x00007fff07ee0000 - 0x00007fff07f06000 	C:\WINDOWS\SYSTEM32\profapi.dll
0x00007fff02f20000 - 0x00007fff02f39000 	C:\Users\ty\.jdks\openjdk-14.0.2\bin\net.dll
0x00007ffefa610000 - 0x00007ffefa710000 	C:\WINDOWS\SYSTEM32\WINHTTP.dll
0x00007fff077a0000 - 0x00007fff0780a000 	C:\WINDOWS\system32\mswsock.dll
0x00007fff02f00000 - 0x00007fff02f12000 	C:\Users\ty\.jdks\openjdk-14.0.2\bin\nio.dll
0x00007fff02ec0000 - 0x00007fff02ec9000 	C:\Users\ty\.jdks\openjdk-14.0.2\bin\management.dll
0x00007fff02eb0000 - 0x00007fff02ebb000 	C:\Users\ty\.jdks\openjdk-14.0.2\bin\management_ext.dll
0x00007fff02ef0000 - 0x00007fff02f00000 	C:\Users\ty\.jdks\openjdk-14.0.2\bin\verify.dll

dbghelp: loaded successfully - version: 4.0.5 - missing functions: none
symbol engine: initialized successfully - sym options: 0x614 - pdb path: .;C:\Users\ty\.jdks\openjdk-14.0.2\bin;C:\WINDOWS\SYSTEM32;C:\WINDOWS\WinSxS\amd64_microsoft.windows.common-controls_6595b64144ccf1df_6.0.19041.488_none_ca04af081b815d21;C:\Users\ty\.jdks\openjdk-14.0.2\bin\server

VM Arguments:
java_command: C:\Users\ty\AppData\Local\Temp\surefire11626110157016994722\surefirebooter9227315429144752774.jar C:\Users\ty\AppData\Local\Temp\surefire11626110157016994722 2020-11-15T21-44-20_636-jvmRun1 surefire15407917431391783143tmp surefire_04124889707033813441tmp
java_class_path (initial): C:\Users\ty\AppData\Local\Temp\surefire11626110157016994722\surefirebooter9227315429144752774.jar
Launcher Type: SUN_STANDARD

[Global flags]
     intx CICompilerCount                          = 4                                         {product} {ergonomic}
     uint ConcGCThreads                            = 2                                         {product} {ergonomic}
     uint G1ConcRefinementThreads                  = 8                                         {product} {ergonomic}
   size_t G1HeapRegionSize                         = 1048576                                   {product} {ergonomic}
    uintx GCDrainStackTargetSize                   = 64                                        {product} {ergonomic}
   size_t InitialHeapSize                          = 134217728                                 {product} {ergonomic}
   size_t MarkStackSize                            = 4194304                                   {product} {ergonomic}
   size_t MaxHeapSize                              = 2124414976                                {product} {ergonomic}
   size_t MaxNewSize                               = 1274019840                                {product} {ergonomic}
   size_t MinHeapDeltaBytes                        = 1048576                                   {product} {ergonomic}
   size_t MinHeapSize                              = 8388608                                   {product} {ergonomic}
    uintx NonNMethodCodeHeapSize                   = 5839372                                {pd product} {ergonomic}
    uintx NonProfiledCodeHeapSize                  = 122909434                              {pd product} {ergonomic}
    uintx ProfiledCodeHeapSize                     = 122909434                              {pd product} {ergonomic}
    uintx ReservedCodeCacheSize                    = 251658240                              {pd product} {ergonomic}
     bool SegmentedCodeCache                       = true                                      {product} {ergonomic}
   size_t SoftMaxHeapSize                          = 2124414976                             {manageable} {ergonomic}
     bool UseCompressedClassPointers               = true                                 {lp64_product} {ergonomic}
     bool UseCompressedOops                        = true                                 {lp64_product} {ergonomic}
     bool UseG1GC                                  = true                                      {product} {ergonomic}
     bool UseLargePagesIndividualAllocation        = false                                  {pd product} {ergonomic}

Logging:
Log output configuration:
 #0: stdout all=warning uptime,level,tags
 #1: stderr all=off uptime,level,tags

Environment Variables:
JAVA_HOME=C:\Program Files\Java\jdk1.8.0_261
PATH=C:\Program Files (x86)\Common Files\Oracle\Java\javapath;C:\WINDOWS\system32;C:\WINDOWS;C:\WINDOWS\System32\Wbem;C:\WINDOWS\System32\WindowsPowerShell\v1.0\;C:\WINDOWS\System32\OpenSSH\;C:\Program Files\Git\cmd;C:\Program Files\Java\jdk-14.0.2\bin;C:\Users\ty\AppData\Local\Microsoft\WindowsApps;C:\Users\ty\AppData\Local\atom\bin;C:\Users\ty\Documents\coms309\apache-maven-3.6.3\bin
USERNAME=ty
OS=Windows_NT
PROCESSOR_IDENTIFIER=Intel64 Family 6 Model 142 Stepping 10, GenuineIntel



---------------  S Y S T E M  ---------------

OS: Windows 10 , 64 bit Build 19041 (10.0.19041.292)
OS uptime: 0 days 0:24 hours

CPU:total 8 (initial active 8) (4 cores per cpu, 2 threads per core) family 6 model 142 stepping 10, cmov, cx8, fxsr, mmx, sse, sse2, sse3, ssse3, sse4.1, sse4.2, popcnt, avx, avx2, aes, clmul, erms, 3dnowpref, lzcnt, ht, tsc, tscinvbit, bmi1, bmi2, adx, fma

Memory: 4k page, system-wide physical 8103M (900M free)
TotalPageFile size 9242M (AvailPageFile size 16M)
current process WorkingSet (physical memory assigned to process): 84M, peak: 84M
current process commit charge ("private bytes"): 233M, peak: 233M

vm_info: OpenJDK 64-Bit Server VM (14.0.2+12-46) for windows-amd64 JRE (14.0.2+12-46), built on Jul  9 2020 00:31:16 by "mach5one" with MS VC++ 15.9 (VS2017)

END.
